1 343 1
2 342 1
3 341 1
4 340 1
5 339 1
6 338 1
7 337 1
8 336 1
9 335 1
10 334 1
13 312 1
14 311 1
15 310 1
16 309 1
17 308 1
18 307 1
20 44 1
21 43 1
22 42 1
23 41 1
25 38 1
26 37 1
27 36 1
28 35 1
29 34 1
58 220 1
59 219 1
60 218 1
61 217 1
68 216 1
69 215 1
70 214 1
71 213 1
72 212 1
73 87 1
74 86 1
75 85 1
76 84 1
77 83 1
88 101 1
89 100 1
90 99 1
91 98 1
92 97 1
102 211 1
103 210 1
107 209 1
108 208 1
109 205 1
110 204 1
111 203 1
125 152 1
126 151 1
127 148 1
128 147 1
129 146 1
130 145 1
131 144 1
132 143 1
133 142 1
134 141 1
135 140 1
160 178 1
161 177 1
162 176 1
163 175 1
164 174 1
165 173 1
179 201 1
181 198 1
182 197 1
183 196 1
184 195 1
185 194 1
186 193 1
224 270 1
225 269 1
226 268 1
227 267 1
233 261 1
234 260 1
235 259 1
236 258 1
237 257 1
240 253 1
241 252 1
242 251 1
277 296 1
278 295 1
279 294 1
280 293 1
281 292 1
282 291 1
283 290 1
284 289 1
