1 335
2 335
3 335
4 335
5 335
6 335
7 335
8 335
9 335
10 335
13 151
14 149
15 145
16 140
17 134
18 127
19 119
20 110
21 101
22 92
23 83
24 74
25 66
26 60
27 56
28 54
29 54
34 26
35 26
36 26
37 26
38 26
41 21
42 21
43 21
44 21
58 218
59 218
60 218
61 218
68 214
69 214
70 214
71 214
74 84
75 84
76 84
77 84
83 75
84 75
85 75
86 75
89 98
90 98
91 98
92 98
97 90
98 90
99 90
100 90
103 210
107 204
108 204
109 204
110 204
111 204
125 141
126 141
127 141
128 141
129 141
130 141
131 141
132 141
133 141
134 141
135 141
140 128
141 128
142 128
143 128
144 128
145 128
146 128
147 128
148 128
151 125
152 125
160 174
161 174
162 174
163 174
164 174
165 174
173 162
174 162
175 162
176 162
177 162
181 194
182 194
183 194
184 194
185 194
186 194
193 182
194 182
195 182
196 182
197 182
198 182
201 136
202 136
203 136
204 136
205 136
208 106
209 106
210 106
213 59
214 59
215 59
216 59
217 59
218 59
219 59
220 59
224 268
225 268
226 268
227 268
233 258
234 258
235 258
236 258
237 258
240 252
241 252
242 252
251 241
252 241
253 241
257 234
258 234
259 234
260 234
261 234
267 225
268 225
269 225
270 225
277 290
278 290
279 290
280 290
281 290
282 290
283 290
284 290
289 278
290 278
291 278
292 278
293 278
294 278
295 278
296 278
307 14
308 14
309 14
310 14
311 14
312 14
334 2
335 2
336 2
337 2
338 2
339 2
340 2
341 2
342 2
343 2
