 seedlen = 0 lowscore = 0
Mutation Data Matrix (120 PAMs)
ARNDCQEGHILKMFPSTWYVBZX
matrix constant = 8
Residue identity scores 10
ARNDCQEGHILKMFPSTWYVBZX
matrix constant = 0

100000 sequences to be read in length range 296 -> 492

Calculating peptide table based on length 6
Reading user file of seq.s: final.seq
 user_in = 1
End of user sequences
1 sequences read into 1 blocks, (1 are keyed)


 ****** CYCLE 0 ******
Minimum score held = 20
Top 3 scores held per sequence
Sequences in the range 1<Dij<10 scored
Adjacent sequences scored with bonus of 10
0 pairs collected
0
 npairs = 0
pre_order  npairs = 0
 malloc OK
reorder  malloc OK done
preorder  new block mallock OK
cluster_pairs total list_alloc = 0
pack_lists 0/1 blocks moved

New sequence order is:
* Block 0 <--- 1	USER>SEED:>seq1	  393   rfam

('*' = keyed block)



PARAMETERS for next cycle
 mul_wt = 0 damp = 0 mat_wt = 0
 gap_pen = 20 span = 1 window = 20
 minscore = 999 pepscore = 0 list_limit = 10
 circles = 0 output = 999 outline = 80
score_pairs 

No pairs over cutoff



PARAMETERS for next cycle
 mul_wt = 0 damp = 0 mat_wt = 0
 gap_pen = 20 span = 2 window = 22
 minscore = 990 pepscore = 0 list_limit = 8
 circles = 0 output = 999 outline = 80
score_pairs 

No pairs over cutoff



PARAMETERS for next cycle
 mul_wt = 0 damp = 0 mat_wt = 0
 gap_pen = 20 span = 4 window = 24
 minscore = 990 pepscore = 0 list_limit = 6
 circles = 0 output = 999 outline = 80
score_pairs 

No pairs over cutoff

 nblocks = 1 seedblk = 0 seedseq = 0
picked USER>SEED:>seq1 (-100.000000)
 kept = 1
