 Running at  speed = 1 Data::delay = 0.1
 line = SCALE 0.15
Reading parameters from stem.model
    0     1     2     2     1     0     0     0     0     0 
 9999   150    30     5     5     0     0     0     0     0 
    0     0    30   -10    10     0     0     0     0     0 
    0     0     2     2     5     0     0     0     0     0 
    0     0     1     1     1     0     0     0     0     0 
    0     0    10     0     0     0     0     0     0     0 
    0     1     2     5     0     0     0     0     0     0 
    0     0     0    10     5     0     0     0     0     0 
    0     0    20    50   100     0     0     0     0     0 
    0     0    10    20   100     0     0     0     0     0 
End of parameters

 Read  nmodels = 1
Model 0 is nucleic with  Data::bondPP = 1
 #  line = GROUP 0 1
 # set GROUP  sort = 0 n = 1 level = 0 at[level] = 0 cell->uid = 0
 #  line = INPUT stems.dat
 # Reading file stems.dat
 #  deep = 1
 #  line = GROUP 0 4
 # set GROUP  sort = 0 n = 4 level = 1 at[level] = 0 cell->uid = 1
 #  line = GROUP -1 3    16.1  42.7  61.2     24.6  36.1  49.0
 # set GROUP  sort = -1 n = 3 level = 2 at[level] = 0 cell->uid = 2
 # Axis ends read  v = 0.6375 -0.495 -0.915 cell->ends = -1
 #  line = DOUBL 1 8
 set BPAIR  sort = 1 n = 8 level = 3 at[level] = 0 cell->uid = 6
 #  line = ATOM      1  P     G A   1       9.970  39.895  55.742  1.00  0.00
 # set ATOM  level = 3 at[level] = 0 cell->uid = 6
 #  line = ATOM      2  P     G A   2      12.280  44.787  54.238  1.00  0.00
 # set ATOM  level = 3 at[level] = 1 cell->uid = 7
 #  line = ATOM      3  P     G A   3      16.868  47.860  53.830  1.00  0.00
 # set ATOM  level = 3 at[level] = 2 cell->uid = 8
 #  line = ATOM      4  P     G A   4      22.523  48.046  53.949  1.00  0.00
 # set ATOM  level = 3 at[level] = 3 cell->uid = 9
 #  line = ATOM      5  P     G A   5      27.329  45.026  54.186  1.00  0.00
 # set ATOM  level = 3 at[level] = 4 cell->uid = 10
 #  line = ATOM      6  P     G A   6      30.583  40.337  53.205  1.00  0.00
 # set ATOM  level = 3 at[level] = 5 cell->uid = 11
 #  line = ATOM      7  P     G A   7      30.501  35.396  50.935  1.00  0.00
 # set ATOM  level = 3 at[level] = 6 cell->uid = 12
 #  line = ATOM      8  P     G A   8      33.753  30.739  48.151  1.00  0.00
 # set ATOM  level = 3 at[level] = 7 cell->uid = 13
 #  line = GROUP 0 3
 # EoG  level = 3 cell->uid = 13 moves[level].set = 0
 # End of Cell  cell->level = 3 cell->id = 7 cell->uid = 13 cell->kids = 2 cell->ends = 0
 # Next  cell->uid = 14 last = T have = G
 # set GROUP  sort = 0 n = 3 level = 3 at[level] = 8 cell->uid = 14
 #  line = ATOM      9  P     G A   9      34.331  26.739  44.889  1.00  0.00
 # set ATOM  level = 4 at[level] = 0 cell->uid = 32
 #  line = ATOM     10  P     G A  10      33.855  24.837  39.151  1.00  0.00
 # set ATOM  level = 4 at[level] = 1 cell->uid = 33
 #  line = ATOM     11  P     G A  11      34.721  30.069  36.196  1.00  0.00
 # set ATOM  level = 4 at[level] = 2 cell->uid = 34
 #  line = GROUP 0 4
 # EoG  level = 3 cell->uid = 14 moves[level].set = 0
 # End of Cell  cell->level = 3 cell->id = 8 cell->uid = 14 cell->kids = 3 cell->ends = 0
 # Next  cell->uid = 15 last = T have = G
 # set GROUP  sort = 0 n = 4 level = 3 at[level] = 9 cell->uid = 15
 #  line = ATOM     73  P     G A  73      29.173  31.812  37.758  1.00  0.00
 # set ATOM  level = 4 at[level] = 0 cell->uid = 35
 #  line = ATOM     74  P     G A  74      30.710  37.388  40.683  1.00  0.00
 # set ATOM  level = 4 at[level] = 1 cell->uid = 36
 #  line = ATOM     75  P     G A  75      27.545  41.867  41.944  1.00  0.00
 # set ATOM  level = 4 at[level] = 2 cell->uid = 37
 #  line = ATOM     76  P     G A  76      21.867  42.739  44.070  1.00  0.00
 # set ATOM  level = 4 at[level] = 3 cell->uid = 38
 #  line = DOUBL -1 8
 # EoG  level = 3 cell->uid = 15 moves[level].set = 0
 # End of Cell  cell->level = 3 cell->id = 9 cell->uid = 15 cell->kids = 4 cell->ends = 0
 # Next  cell->uid = 15 last = T have = D
 Complementary strand found 
 #  line = ATOM     77  P     G A  77      17.685  39.811  46.803  1.00  0.00
 # set ATOM  level = 3 at[level] = 7 cell->uid = 13
 #  line = ATOM     78  P     G A  78      16.857  35.379  50.610  1.00  0.00
 # set ATOM  level = 3 at[level] = 6 cell->uid = 12
 #  line = ATOM     79  P     G A  79      18.869  32.888  54.769  1.00  0.00
 # set ATOM  level = 3 at[level] = 5 cell->uid = 11
 #  line = ATOM     80  P     G A  80      18.476  30.206  59.836  1.00  0.00
 # set ATOM  level = 3 at[level] = 4 cell->uid = 10
 #  line = ATOM     81  P     G A  81      21.900  32.499  64.507  1.00  0.00
 # set ATOM  level = 3 at[level] = 3 cell->uid = 9
 #  line = ATOM     82  P     G A  82      23.826  36.905  67.003  1.00  0.00
 # set ATOM  level = 3 at[level] = 2 cell->uid = 8
 #  line = ATOM     83  P     G A  83      23.092  42.379  69.107  1.00  0.00
 # set ATOM  level = 3 at[level] = 1 cell->uid = 7
 #  line = ATOM     84  P     G A  84      19.991  47.077  69.716  1.00  0.00
 # set ATOM  level = 3 at[level] = 0 cell->uid = 6
 #  line = GROUP -1 3    29.6  21.3  34.7     24.2  34.5  20.4
 # EoG  level = 3 cell->uid = 15 moves[level].set = 0
 # End of Cell  cell->level = 3 cell->id = 9 cell->uid = 15 cell->kids = 4 cell->ends = 0
 # EoG  level = 2 cell->uid = 2 moves[level].set = 0
 # End of Cell  cell->level = 2 cell->id = 0 cell->uid = 2 cell->kids = 10 cell->ends = -1
 # Next  cell->uid = 3 last = T have = G
 # set GROUP  sort = -1 n = 3 level = 2 at[level] = 1 cell->uid = 3
 # Axis ends read  v = -0.405 0.99 -1.0725 cell->ends = -1
 #  line = DOUBL 2 5
 set BPAIR  sort = 2 n = 5 level = 3 at[level] = 0 cell->uid = 39
 #  line = ATOM     12  P     G A  12      33.581  29.928  30.498  1.00  0.00
 # set ATOM  level = 3 at[level] = 0 cell->uid = 39
 #  line = ATOM     13  P     G A  13      32.554  27.735  25.642  1.00  0.00
 # set ATOM  level = 3 at[level] = 1 cell->uid = 40
 #  line = ATOM     14  P     G A  14      27.796  26.209  20.942  1.00  0.00
 # set ATOM  level = 3 at[level] = 2 cell->uid = 41
 #  line = ATOM     15  P     G A  15      21.447  26.346  18.891  1.00  0.00
 # set ATOM  level = 3 at[level] = 3 cell->uid = 42
 #  line = ATOM     16  P     G A  16      17.164  29.722  18.442  1.00  0.00
 # set ATOM  level = 3 at[level] = 4 cell->uid = 43
 #  line = GROUP 0 4
 # EoG  level = 3 cell->uid = 43 moves[level].set = 0
 # End of Cell  cell->level = 3 cell->id = 4 cell->uid = 43 cell->kids = 2 cell->ends = 0
 # Next  cell->uid = 44 last = T have = G
 # set GROUP  sort = 0 n = 4 level = 3 at[level] = 5 cell->uid = 44
 #  line = ATOM     17  P     G A  17      14.945  35.343  19.888  1.00  0.00
 # set ATOM  level = 4 at[level] = 0 cell->uid = 56
 #  line = ATOM     18  P     G A  18      20.650  34.967  18.271  1.00  0.00
 # set ATOM  level = 4 at[level] = 1 cell->uid = 57
 #  line = ATOM     19  P     G A  19      26.495  37.280  19.055  1.00  0.00
 # set ATOM  level = 4 at[level] = 2 cell->uid = 58
 #  line = ATOM     20  P     G A  20      25.697  36.548  25.670  1.00  0.00
 # set ATOM  level = 4 at[level] = 3 cell->uid = 59
 #  line = DOUBL -2 5
 # EoG  level = 3 cell->uid = 44 moves[level].set = 0
 # End of Cell  cell->level = 3 cell->id = 5 cell->uid = 44 cell->kids = 4 cell->ends = 0
 # Next  cell->uid = 44 last = T have = D
 Complementary strand found 
 #  line = ATOM     21  P     G A  21      22.726  39.150  29.701  1.00  0.00
 # set ATOM  level = 3 at[level] = 4 cell->uid = 43
 #  line = ATOM     22  P     G A  22      20.278  34.011  34.236  1.00  0.00
 # set ATOM  level = 3 at[level] = 3 cell->uid = 42
 #  line = ATOM     23  P     G A  23      16.162  30.623  34.399  1.00  0.00
 # set ATOM  level = 3 at[level] = 2 cell->uid = 41
 #  line = ATOM     24  P     G A  24      15.522  24.804  32.702  1.00  0.00
 # set ATOM  level = 3 at[level] = 1 cell->uid = 40
 #  line = ATOM     25  P     G A  25      17.619  19.630  31.173  1.00  0.00
 # set ATOM  level = 3 at[level] = 0 cell->uid = 39
 #  line = GROUP 0 4
 # EoG  level = 3 cell->uid = 44 moves[level].set = 0
 # End of Cell  cell->level = 3 cell->id = 5 cell->uid = 44 cell->kids = 4 cell->ends = 0
 # Next  cell->uid = 45 last = T have = G
 # set GROUP  sort = 0 n = 4 level = 3 at[level] = 6 cell->uid = 45
 #  line = ATOM     26  P     G A  26      21.439  15.710  30.833  1.00  0.00
 # set ATOM  level = 4 at[level] = 0 cell->uid = 60
 #  line = ATOM     27  P     G A  27      26.693  14.393  33.704  1.00  0.00
 # set ATOM  level = 4 at[level] = 1 cell->uid = 61
 #  line = ATOM     28  P     G A  28      29.803  15.444  38.383  1.00  0.00
 # set ATOM  level = 4 at[level] = 2 cell->uid = 62
 #  line = ATOM     29  P     G A  29      30.842  18.360  43.595  1.00  0.00
 # set ATOM  level = 4 at[level] = 3 cell->uid = 63
 #  line = GROUP -1 4    20.0  20.3  49.0     17.4  10.7  63.9
 # EoG  level = 3 cell->uid = 45 moves[level].set = 0
 # End of Cell  cell->level = 3 cell->id = 6 cell->uid = 45 cell->kids = 4 cell->ends = 0
 # EoG  level = 2 cell->uid = 3 moves[level].set = 0
 # End of Cell  cell->level = 2 cell->id = 1 cell->uid = 3 cell->kids = 7 cell->ends = -1
 # Next  cell->uid = 4 last = T have = G
 # set GROUP  sort = -1 n = 4 level = 2 at[level] = 2 cell->uid = 4
 # Axis ends read  v = -0.195 -0.72 1.1175 cell->ends = -1
 #  line = GROUP 0 2
 # set GROUP  sort = 0 n = 2 level = 3 at[level] = 0 cell->uid = 64
 #  line = ATOM     30  P     G A  30      29.510  21.009  48.488  1.00  0.00
 # set ATOM  level = 4 at[level] = 0 cell->uid = 68
 #  line = ATOM     31  P     G A  31      25.830  23.604  53.597  1.00  0.00
 # set ATOM  level = 4 at[level] = 1 cell->uid = 69
 #  line = DOUBL 4 6
 # EoG  level = 3 cell->uid = 64 moves[level].set = 0
 # End of Cell  cell->level = 3 cell->id = 0 cell->uid = 64 cell->kids = 2 cell->ends = 0
 # Next  cell->uid = 65 last = T have = D
 set BPAIR  sort = 4 n = 6 level = 3 at[level] = 1 cell->uid = 65
 #  line = ATOM     32  P     G A  32      19.939  25.805  51.674  1.00  0.00
 # set ATOM  level = 3 at[level] = 1 cell->uid = 65
 #  line = ATOM     33  P     G A  33      16.148  26.878  54.666  1.00  0.00
 # set ATOM  level = 3 at[level] = 2 cell->uid = 66
 #  line = ATOM     34  P     G A  34      11.380  23.622  55.333  1.00  0.00
 # set ATOM  level = 3 at[level] = 3 cell->uid = 67
 #  line = ATOM     35  P     G A  35       9.963  17.928  55.119  1.00  0.00
 # set ATOM  level = 3 at[level] = 4 cell->uid = 70
 #  line = ATOM     36  P     G A  36      11.387  12.242  55.801  1.00  0.00
 # set ATOM  level = 3 at[level] = 5 cell->uid = 71
 #  line = ATOM     37  P     G A  37      13.908   8.255  58.162  1.00  0.00
 # set ATOM  level = 3 at[level] = 6 cell->uid = 72
 #  line = GROUP 0 1
 # EoG  level = 3 cell->uid = 72 moves[level].set = 0
 # End of Cell  cell->level = 3 cell->id = 6 cell->uid = 72 cell->kids = 2 cell->ends = 0
 # Next  cell->uid = 73 last = T have = G
 # set GROUP  sort = 0 n = 1 level = 3 at[level] = 7 cell->uid = 73
*NB* chain of one at level 4
 #  line = ATOM     62  P     G A  62      16.948  19.630  62.375  1.00  0.00
 # set ATOM  level = 4 at[level] = 0 cell->uid = 87
 #  line = DOUBL -4 6
 # EoG  level = 3 cell->uid = 73 moves[level].set = 0
 # End of Cell  cell->level = 3 cell->id = 7 cell->uid = 73 cell->kids = 1 cell->ends = 0
 # Next  cell->uid = 73 last = T have = D
 Complementary strand found 
 #  line = ATOM     63  P     G A  63      21.346  21.842  59.293  1.00  0.00
 # set ATOM  level = 3 at[level] = 6 cell->uid = 72
 #  line = ATOM     64  P     G A  64      27.858  20.142  57.101  1.00  0.00
 # set ATOM  level = 3 at[level] = 5 cell->uid = 71
 #  line = ATOM     65  P     G A  65      28.072  15.420  54.651  1.00  0.00
 # set ATOM  level = 3 at[level] = 4 cell->uid = 70
 #  line = ATOM     66  P     G A  66      25.508  12.817  50.348  1.00  0.00
 # set ATOM  level = 3 at[level] = 3 cell->uid = 67
 #  line = ATOM     67  P     G A  67      22.464  12.355  45.724  1.00  0.00
 # set ATOM  level = 3 at[level] = 2 cell->uid = 66
 #  line = ATOM     68  P     G A  68      18.096  15.973  42.018  1.00  0.00
 # set ATOM  level = 3 at[level] = 1 cell->uid = 65
 #  line = GROUP 0 4
 # EoG  level = 3 cell->uid = 73 moves[level].set = 0
 # End of Cell  cell->level = 3 cell->id = 7 cell->uid = 73 cell->kids = 1 cell->ends = 0
 # Next  cell->uid = 74 last = T have = G
 # set GROUP  sort = 0 n = 4 level = 3 at[level] = 8 cell->uid = 74
 #  line = ATOM     69  P     G A  69      14.743  19.349  40.633  1.00  0.00
 # set ATOM  level = 4 at[level] = 0 cell->uid = 88
 #  line = ATOM     70  P     G A  70      13.829  24.955  40.716  1.00  0.00
 # set ATOM  level = 4 at[level] = 1 cell->uid = 89
 #  line = ATOM     71  P     G A  71      17.877  28.992  40.648  1.00  0.00
 # set ATOM  level = 4 at[level] = 2 cell->uid = 90
 #  line = ATOM     72  P     G A  72      23.461  31.025  39.737  1.00  0.00
 # set ATOM  level = 4 at[level] = 3 cell->uid = 91
 #  line = GROUP -1 2    13.3   4.0  69.2     15.9 -12.7  76.2
 # EoG  level = 3 cell->uid = 74 moves[level].set = 0
 # End of Cell  cell->level = 3 cell->id = 8 cell->uid = 74 cell->kids = 4 cell->ends = 0
 # EoG  level = 2 cell->uid = 4 moves[level].set = 0
 # End of Cell  cell->level = 2 cell->id = 2 cell->uid = 4 cell->kids = 9 cell->ends = -1
 # Next  cell->uid = 5 last = T have = G
 # set GROUP  sort = -1 n = 2 level = 2 at[level] = 3 cell->uid = 5
 # Axis ends read  v = 0.195 -1.2525 0.525 cell->ends = -1
 #  line = DOUBL 5 10
 set BPAIR  sort = 5 n = 10 level = 3 at[level] = 0 cell->uid = 92
 #  line = ATOM     38  P     G A  38      18.128   5.318  62.633  1.00  0.00
 # set ATOM  level = 3 at[level] = 0 cell->uid = 92
 #  line = ATOM     39  P     G A  39      20.480   3.831  67.153  1.00  0.00
 # set ATOM  level = 3 at[level] = 1 cell->uid = 93
 #  line = ATOM     40  P     G A  40      20.095   3.565  73.223  1.00  0.00
 # set ATOM  level = 3 at[level] = 2 cell->uid = 94
 #  line = ATOM     41  P     G A  41      15.758   4.482  76.967  1.00  0.00
 # set ATOM  level = 3 at[level] = 3 cell->uid = 95
 #  line = ATOM     42  P     G A  42      10.182   3.426  78.062  1.00  0.00
 # set ATOM  level = 3 at[level] = 4 cell->uid = 96
 #  line = ATOM     43  P     G A  43       5.760   0.526  77.012  1.00  0.00
 # set ATOM  level = 3 at[level] = 5 cell->uid = 97
 #  line = ATOM     44  P     G A  44       4.399  -5.196  74.222  1.00  0.00
 # set ATOM  level = 3 at[level] = 6 cell->uid = 98
 #  line = ATOM     45  P     G A  45       3.991 -10.037  71.000  1.00  0.00
 # set ATOM  level = 3 at[level] = 7 cell->uid = 99
 #  line = ATOM     46  P     G A  46       6.761 -14.880  69.123  1.00  0.00
 # set ATOM  level = 3 at[level] = 8 cell->uid = 100
 #  line = ATOM     47  P     G A  47      11.394 -18.294  69.809  1.00  0.00
 # set ATOM  level = 3 at[level] = 9 cell->uid = 101
 #  line = GROUP 0 4
 # EoG  level = 3 cell->uid = 101 moves[level].set = 0
 # End of Cell  cell->level = 3 cell->id = 9 cell->uid = 101 cell->kids = 2 cell->ends = 0
 # Next  cell->uid = 102 last = T have = G
 # set GROUP  sort = 0 n = 4 level = 3 at[level] = 10 cell->uid = 102
 #  line = ATOM     48  P     G A  48      15.778 -20.165  73.056  1.00  0.00
 # set ATOM  level = 4 at[level] = 0 cell->uid = 123
 #  line = ATOM     49  P     G A  49      17.481 -20.252  78.444  1.00  0.00
 # set ATOM  level = 4 at[level] = 1 cell->uid = 124
 #  line = ATOM     50  P     G A  50      19.159 -15.181  81.528  1.00  0.00
 # set ATOM  level = 4 at[level] = 2 cell->uid = 125
 #  line = ATOM     51  P     G A  51      16.771  -9.316  81.152  1.00  0.00
 # set ATOM  level = 4 at[level] = 3 cell->uid = 126
 #  line = DOUBL -5 10
 # EoG  level = 3 cell->uid = 102 moves[level].set = 0
 # End of Cell  cell->level = 3 cell->id = 10 cell->uid = 102 cell->kids = 4 cell->ends = 0
 # Next  cell->uid = 102 last = T have = D
 Complementary strand found 
 #  line = ATOM     52  P     G A  52      17.935  -3.903  79.106  1.00  0.00
 # set ATOM  level = 3 at[level] = 9 cell->uid = 101
 #  line = ATOM     53  P     G A  53      21.380  -5.001  74.394  1.00  0.00
 # set ATOM  level = 3 at[level] = 8 cell->uid = 100
 #  line = ATOM     54  P     G A  54      22.122  -6.122  68.890  1.00  0.00
 # set ATOM  level = 3 at[level] = 7 cell->uid = 99
 #  line = ATOM     55  P     G A  55      19.622  -5.825  63.800  1.00  0.00
 # set ATOM  level = 3 at[level] = 6 cell->uid = 98
 #  line = ATOM     56  P     G A  56      15.249  -4.041  60.460  1.00  0.00
 # set ATOM  level = 3 at[level] = 5 cell->uid = 97
 #  line = ATOM     57  P     G A  57      10.148  -0.867  59.868  1.00  0.00
 # set ATOM  level = 3 at[level] = 4 cell->uid = 96
 #  line = ATOM     58  P     G A  58       6.799   3.583  61.096  1.00  0.00
 # set ATOM  level = 3 at[level] = 3 cell->uid = 95
 #  line = ATOM     59  P     G A  59       5.869   8.691  63.510  1.00  0.00
 # set ATOM  level = 3 at[level] = 2 cell->uid = 94
 #  line = ATOM     60  P     G A  60       8.360  13.204  65.480  1.00  0.00
 # set ATOM  level = 3 at[level] = 1 cell->uid = 93
 #  line = ATOM     61  P     G A  61      13.568  15.228  64.268  1.00  0.00
 # set ATOM  level = 3 at[level] = 0 cell->uid = 92
 #  line = TER
 # teratoms zeroed by TER command
  #  line = REBOND pdbid  11 12
 #  line = REBOND pdbid  29 30
 #  line = REBOND pdbid  40 41
 #  line = REBOND pdbid  72 73
 #  line = REBOND pdbid  60 61
 #  line = RETERM pdbid   1 84
 # EoF 
 # Moved back to previous file 
 #  line = LINKS pdbid pairs.dat
 # Linking by PDB resid numbers
 # reading: pairs.dat
 # Cell 52 linked to cell 53  (0 9998)  PDBids = 15 to 22   dist = 2.578900
 # Cell 113 linked to cell 114  (0 9995)  PDBids = 43 to 56   dist = 2.942706
 # Cell 46 linked to cell 47  (0 9989)  PDBids = 12 to 25   dist = 2.851145
 # Cell 50 linked to cell 51  (0 9981)  PDBids = 14 to 23   dist = 2.749235
 # Cell 111 linked to cell 112  (0 9970)  PDBids = 42 to 57   dist = 2.804047
 # Cell 115 linked to cell 116  (0 9957)  PDBids = 44 to 55   dist = 2.768926
 # Cell 109 linked to cell 110  (0 9941)  PDBids = 41 to 58   dist = 2.737081
 # Cell 117 linked to cell 118  (0 9924)  PDBids = 45 to 54   dist = 2.800273
 # Cell 48 linked to cell 49  (0 9904)  PDBids = 13 to 24   dist = 2.800317
 # Cell 119 linked to cell 120  (0 9881)  PDBids = 46 to 53   dist = 2.762173
 # Cell 16 linked to cell 17  (0 9857)  PDBids = 1 to 84   dist = 2.795295
 # Cell 18 linked to cell 19  (0 9830)  PDBids = 2 to 83   dist = 2.781216
 # Cell 61 linked to cell 91  (0 9800)  PDBids = 27 to 72   dist = 2.697775
 # Cell 22 linked to cell 23  (0 9769)  PDBids = 4 to 81   dist = 2.820514
 # Cell 107 linked to cell 108  (0 9735)  PDBids = 40 to 59   dist = 2.695819
 # Cell 33 linked to cell 60  (0 9699)  PDBids = 10 to 26   dist = 2.626706
 # Cell 20 linked to cell 21  (0 9661)  PDBids = 3 to 82   dist = 2.773798
 # Cell 79 linked to cell 80  (0 9621)  PDBids = 34 to 66   dist = 2.770735
 # Cell 24 linked to cell 25  (0 9579)  PDBids = 5 to 80   dist = 2.724599
 # Cell 81 linked to cell 82  (0 9535)  PDBids = 35 to 65   dist = 2.743176
 # Cell 54 linked to cell 55  (0 9488)  PDBids = 16 to 21   dist = 2.355469
 # Cell 85 linked to cell 86  (0 9440)  PDBids = 37 to 63   dist = 2.329638
 # Cell 105 linked to cell 106  (0 9389)  PDBids = 39 to 60   dist = 2.311881
 # Cell 83 linked to cell 84  (0 9337)  PDBids = 36 to 64   dist = 2.747064
 # Cell 30 linked to cell 31  (0 9283)  PDBids = 8 to 77   dist = 2.775198
 # Cell 34 linked to cell 35  (0 9226)  PDBids = 11 to 73   dist = 0.903222
 # Cell 61 linked to cell 81  (0 9168)  PDBids = 27 to 35   dist = 4.110633
 # Cell 24 linked to cell 81  (0 9108)  PDBids = 5 to 35   dist = 4.829791
 # EoF 
 #  line = END
 # EoG  level = 3 cell->uid = 102 moves[level].set = 0
 # End of Cell  cell->level = 3 cell->id = 10 cell->uid = 102 cell->kids = 4 cell->ends = 0
 # EoG  level = 2 cell->uid = 5 moves[level].set = 0
 # End of Cell  cell->level = 2 cell->id = 3 cell->uid = 5 cell->kids = 11 cell->ends = -1
 # EoG  level = 1 cell->uid = 1 moves[level].set = 0
 # End of Cell  cell->level = 1 cell->id = 0 cell->uid = 1 cell->kids = 4 cell->ends = 0
 # all groups complete
  # End
  # End of Cell  cell->level = 0 cell->id = 0 cell->uid = 0 cell->kids = 1 cell->ends = 0
 # End of World
  N  k = 8 j = 2 seg[j] = 8 nk = 9 jun->resn = 9 sej->resn = 8
 jun->sis->resn = 8 sej->bro->resn = 9
 C  k = 9 j = 3 seg[j] = 16 ck = 15 sej->resn = 77 sen->resn = 76
 sej->sis->resn = 76 sen->bro->resn = 77
 N  k = 5 j = 2 seg[j] = 28 nk = 29 jun->resn = 17 sej->resn = 16
 jun->sis->resn = 16 sej->bro->resn = 17
 C  k = 5 j = 3 seg[j] = 33 ck = 32 sej->resn = 21 sen->resn = 20
 sej->sis->resn = 20 sen->bro->resn = 21
 N  k = 6 j = 1 seg[j] = 37 nk = 38 jun->resn = 26 sej->resn = 25
 jun->sis->resn = 25 sej->bro->resn = 26
 C  k = 0 j = 0 seg[j] = 44 ck = 43 sej->resn = 32 sen->resn = 31
 sej->sis->resn = 31 sen->bro->resn = 32
 N  k = 7 j = 2 seg[j] = 49 nk = 50 jun->resn = 62 sej->resn = 37
 jun->sis->resn = 37 sej->bro->resn = 62
 N  k = 7 j = 3 seg[j] = 51 nk = 50 sej->resn = 63 jun->resn = 62
 sej->sis->resn = 62 jun->bro->resn = 63
 C  k = 7 j = 2 seg[j] = 49 ck = 50 sen->resn = 62 sej->resn = 37
 sen->sis->resn = 37 sej->bro->resn = 62
 C  k = 7 j = 3 seg[j] = 51 ck = 50 sej->resn = 63 sen->resn = 62
 sej->sis->resn = 62 sen->bro->resn = 63
 N  k = 8 j = 1 seg[j] = 56 nk = 57 jun->resn = 69 sej->resn = 68
 jun->sis->resn = 68 sej->bro->resn = 69
 N  k = 10 j = 2 seg[j] = 70 nk = 71 jun->resn = 48 sej->resn = 47
 jun->sis->resn = 47 sej->bro->resn = 48
 C  k = 10 j = 3 seg[j] = 75 ck = 74 sej->resn = 52 sen->resn = 51
 sej->sis->resn = 51 sen->bro->resn = 52
*NB* chain of one at level 4
 nrelinks = 6
 # NB end of low chain in chained parent 
 # NB end of low chain in chained parent 
 Data::focus = 0 0 0
 Cell::total = 126
Data structures all setup
 Cell::total = 126
 Data::depth = 4
 Data::shrink = 0
 #  uid = 0 atom = 0 btom = 0 ctom = 0 level = 0 kids = 1 type = 0 sort = 0 xyz = 1.81047 2.17305 6.16988 nbonds = 0 nlinks = 0 model = 0
 # 	 uid = 1 atom = 0 btom = 0 ctom = 0 level = 1 kids = 4 type = 1 sort = 0 xyz = 1.81047 2.17305 6.16988 nbonds = 0 nlinks = 0 model = 0
 # 		 uid = 2 atom = 0 btom = 0 ctom = 0 level = 2 kids = 10 type = 2 sort = 1 xyz = 2.26 5.02281 6.59889 nbonds = 1 nlinks = 2 model = 0
 # 			 uid = 6 atom = 0 btom = 0 ctom = 0 level = 3 kids = 2 type = 2 sort = 1 xyz = 1.27736 5.64668 7.50899 nbonds = 1 nlinks = 2 model = 0
 # 				 uid = 16 atom = 1 btom = 1 ctom = 1 resn = 1 level = 4 kids = 0 type = 1 sort = 1 xyz = 0.525789 5.10803 6.46094 nbonds = 1 nlinks = 5 model = 0
 # 				 uid = 17 atom = 23 btom = 23 ctom = 23 resn = 84 level = 4 kids = 0 type = 1 sort = 1 xyz = 2.02894 6.18533 8.55704 nbonds = 1 nlinks = 5 model = 0
 # 			 uid = 7 atom = 0 btom = 0 ctom = 0 level = 3 kids = 2 type = 2 sort = 1 xyz = 1.68319 5.66123 7.35052 nbonds = 1 nlinks = 2 model = 0
 # 				 uid = 18 atom = 2 btom = 2 ctom = 2 resn = 2 level = 4 kids = 0 type = 1 sort = 1 xyz = 0.872289 5.84183 6.23534 nbonds = 1 nlinks = 5 model = 0
 # 				 uid = 19 atom = 22 btom = 22 ctom = 22 resn = 83 level = 4 kids = 0 type = 1 sort = 1 xyz = 2.49409 5.48063 8.46569 nbonds = 1 nlinks = 5 model = 0
 # 			 uid = 8 atom = 0 btom = 0 ctom = 0 level = 3 kids = 2 type = 2 sort = 1 xyz = 2.08234 5.48115 7.16212 nbonds = 1 nlinks = 2 model = 0
 # 				 uid = 20 atom = 3 btom = 3 ctom = 3 resn = 3 level = 4 kids = 0 type = 1 sort = 1 xyz = 1.56049 6.30278 6.17414 nbonds = 1 nlinks = 5 model = 0
 # 				 uid = 21 atom = 21 btom = 21 ctom = 21 resn = 82 level = 4 kids = 0 type = 1 sort = 1 xyz = 2.60419 4.65953 8.15009 nbonds = 1 nlinks = 5 model = 0
 # 			 uid = 9 atom = 0 btom = 0 ctom = 0 level = 3 kids = 2 type = 2 sort = 1 xyz = 2.36201 5.16465 6.98384 nbonds = 1 nlinks = 2 model = 0
 # 				 uid = 22 atom = 4 btom = 4 ctom = 4 resn = 4 level = 4 kids = 0 type = 1 sort = 1 xyz = 2.40874 6.33068 6.19199 nbonds = 1 nlinks = 5 model = 0
 # 				 uid = 23 atom = 20 btom = 20 ctom = 20 resn = 81 level = 4 kids = 0 type = 1 sort = 1 xyz = 2.31529 3.99863 7.77569 nbonds = 1 nlinks = 5 model = 0
 # 			 uid = 10 atom = 0 btom = 0 ctom = 0 level = 3 kids = 2 type = 2 sort = 1 xyz = 2.46566 4.76618 6.65129 nbonds = 1 nlinks = 2 model = 0
 # 				 uid = 24 atom = 5 btom = 5 ctom = 5 resn = 5 level = 4 kids = 0 type = 1 sort = 1 xyz = 3.12964 5.87768 6.22754 nbonds = 1 nlinks = 5 model = 0
 # 				 uid = 25 atom = 19 btom = 19 ctom = 19 resn = 80 level = 4 kids = 0 type = 1 sort = 1 xyz = 1.80169 3.65468 7.07504 nbonds = 1 nlinks = 5 model = 0
 # 			 uid = 11 atom = 0 btom = 0 ctom = 0 level = 3 kids = 2 type = 2 sort = 1 xyz = 2.73919 4.61565 6.19769 nbonds = 1 nlinks = 2 model = 0
 # 				 uid = 26 atom = 6 btom = 6 ctom = 6 resn = 6 level = 4 kids = 0 type = 1 sort = 1 xyz = 3.61774 5.17433 6.08039 nbonds = 1 nlinks = 5 model = 0
 # 				 uid = 27 atom = 18 btom = 18 ctom = 18 resn = 79 level = 4 kids = 0 type = 1 sort = 1 xyz = 1.86064 4.05698 6.31499 nbonds = 1 nlinks = 5 model = 0
 # 			 uid = 12 atom = 0 btom = 0 ctom = 0 level = 3 kids = 2 type = 2 sort = 1 xyz = 2.58214 4.4319 5.71552 nbonds = 1 nlinks = 2 model = 0
 # 				 uid = 28 atom = 7 btom = 7 ctom = 7 resn = 7 level = 4 kids = 0 type = 1 sort = 1 xyz = 3.60544 4.43318 5.73989 nbonds = 1 nlinks = 5 model = 0
 # 				 uid = 29 atom = 17 btom = 17 ctom = 17 resn = 78 level = 4 kids = 0 type = 1 sort = 1 xyz = 1.55884 4.43063 5.69114 nbonds = 1 nlinks = 5 model = 0
 # 			 uid = 13 atom = 0 btom = 0 ctom = 0 level = 3 kids = 2 type = 2 sort = 1 xyz = 2.88814 4.41503 5.22119 nbonds = 1 nlinks = 2 model = 0
 # 				 uid = 30 atom = 8 btom = 8 ctom = 8 resn = 8 level = 4 kids = 0 type = 1 sort = 1 xyz = 4.09324 3.73463 5.32229 nbonds = 1 nlinks = 5 model = 0
 # 				 uid = 31 atom = 16 btom = 16 ctom = 16 resn = 77 level = 4 kids = 0 type = 1 sort = 1 xyz = 1.68304 5.09543 5.12009 nbonds = 1 nlinks = 5 model = 0
 # 			 uid = 14 atom = 0 btom = 0 ctom = 0 level = 3 kids = 3 type = 2 sort = 0 xyz = 4.17564 3.20603 4.11144 nbonds = 1 nlinks = 2 model = 0
 # 				 uid = 32 atom = 9 btom = 9 ctom = 9 resn = 9 level = 4 kids = 0 type = 1 sort = 0 xyz = 4.17994 3.13463 4.83299 nbonds = 1 nlinks = 5 model = 0
 # 				 uid = 33 atom = 10 btom = 10 ctom = 10 resn = 10 level = 4 kids = 0 type = 1 sort = 0 xyz = 4.10854 2.84933 3.97229 nbonds = 1 nlinks = 5 model = 0
 # 				 uid = 34 atom = 11 btom = 11 ctom = 11 resn = 11 level = 4 kids = 0 type = 1 sort = 0 xyz = 4.23844 3.63413 3.52904 nbonds = 1 nlinks = 5 model = 0
 # 			 uid = 15 atom = 0 btom = 0 ctom = 0 level = 3 kids = 4 type = 2 sort = 0 xyz = 3.12885 4.8915 4.2667 nbonds = 1 nlinks = 2 model = 0
 # 				 uid = 35 atom = 12 btom = 12 ctom = 12 resn = 73 level = 4 kids = 0 type = 1 sort = 0 xyz = 3.40624 3.89558 3.76334 nbonds = 1 nlinks = 5 model = 0
 # 				 uid = 36 atom = 13 btom = 13 ctom = 13 resn = 74 level = 4 kids = 0 type = 1 sort = 0 xyz = 3.63679 4.73198 4.20209 nbonds = 1 nlinks = 5 model = 0
 # 				 uid = 37 atom = 14 btom = 14 ctom = 14 resn = 75 level = 4 kids = 0 type = 1 sort = 0 xyz = 3.16204 5.40383 4.39124 nbonds = 1 nlinks = 5 model = 0
 # 				 uid = 38 atom = 15 btom = 15 ctom = 15 resn = 76 level = 4 kids = 0 type = 1 sort = 0 xyz = 2.31034 5.53463 4.71014 nbonds = 1 nlinks = 5 model = 0
 # 		 uid = 3 atom = 0 btom = 0 ctom = 0 level = 2 kids = 7 type = 2 sort = 1 xyz = 2.40302 3.44615 2.24903 nbonds = 1 nlinks = 2 model = 0
 # 			 uid = 39 atom = 0 btom = 0 ctom = 0 level = 3 kids = 2 type = 2 sort = 2 xyz = 2.87029 2.84063 2.72496 nbonds = 1 nlinks = 2 model = 0
 # 				 uid = 46 atom = 24 btom = 24 ctom = 24 resn = 12 level = 4 kids = 0 type = 1 sort = 2 xyz = 4.06744 3.61298 2.67434 nbonds = 1 nlinks = 5 model = 0
 # 				 uid = 47 atom = 37 btom = 37 ctom = 37 resn = 25 level = 4 kids = 0 type = 1 sort = 2 xyz = 1.67314 2.06828 2.77559 nbonds = 1 nlinks = 5 model = 0
 # 			 uid = 40 atom = 0 btom = 0 ctom = 0 level = 3 kids = 2 type = 2 sort = 2 xyz = 2.63599 3.0642 2.47544 nbonds = 1 nlinks = 2 model = 0
 # 				 uid = 48 atom = 25 btom = 25 ctom = 25 resn = 13 level = 4 kids = 0 type = 1 sort = 2 xyz = 3.91339 3.28403 1.94594 nbonds = 1 nlinks = 5 model = 0
 # 				 uid = 49 atom = 36 btom = 36 ctom = 36 resn = 24 level = 4 kids = 0 type = 1 sort = 2 xyz = 1.35859 2.84438 3.00494 nbonds = 1 nlinks = 5 model = 0
 # 			 uid = 41 atom = 0 btom = 0 ctom = 0 level = 3 kids = 2 type = 2 sort = 2 xyz = 2.32714 3.38618 2.25021 nbonds = 1 nlinks = 2 model = 0
 # 				 uid = 50 atom = 26 btom = 26 ctom = 26 resn = 14 level = 4 kids = 0 type = 1 sort = 2 xyz = 3.19969 3.05513 1.24094 nbonds = 1 nlinks = 5 model = 0
 # 				 uid = 51 atom = 35 btom = 35 ctom = 35 resn = 23 level = 4 kids = 0 type = 1 sort = 2 xyz = 1.45459 3.71723 3.25949 nbonds = 1 nlinks = 5 model = 0
 # 			 uid = 42 atom = 0 btom = 0 ctom = 0 level = 3 kids = 2 type = 2 sort = 2 xyz = 2.15966 3.65055 2.08417 nbonds = 1 nlinks = 2 model = 0
 # 				 uid = 52 atom = 27 btom = 27 ctom = 27 resn = 15 level = 4 kids = 0 type = 1 sort = 2 xyz = 2.24734 3.07568 0.93329 nbonds = 1 nlinks = 5 model = 0
 # 				 uid = 53 atom = 34 btom = 34 ctom = 34 resn = 22 level = 4 kids = 0 type = 1 sort = 2 xyz = 2.07199 4.22543 3.23504 nbonds = 1 nlinks = 5 model = 0
 # 			 uid = 43 atom = 0 btom = 0 ctom = 0 level = 3 kids = 2 type = 2 sort = 2 xyz = 2.02204 4.28918 1.71036 nbonds = 1 nlinks = 2 model = 0
 # 				 uid = 54 atom = 28 btom = 28 ctom = 28 resn = 16 level = 4 kids = 0 type = 1 sort = 2 xyz = 1.60489 3.58208 0.86594 nbonds = 1 nlinks = 5 model = 0
 # 				 uid = 55 atom = 33 btom = 33 ctom = 33 resn = 21 level = 4 kids = 0 type = 1 sort = 2 xyz = 2.43919 4.99628 2.55479 nbonds = 1 nlinks = 5 model = 0
 # 			 uid = 44 atom = 0 btom = 0 ctom = 0 level = 3 kids = 4 type = 2 sort = 0 xyz = 2.3223 4.52895 1.20779 nbonds = 1 nlinks = 2 model = 0
 # 				 uid = 56 atom = 29 btom = 29 ctom = 29 resn = 17 level = 4 kids = 0 type = 1 sort = 0 xyz = 1.27204 4.42523 1.08284 nbonds = 1 nlinks = 5 model = 0
 # 				 uid = 57 atom = 30 btom = 30 ctom = 30 resn = 18 level = 4 kids = 0 type = 1 sort = 0 xyz = 2.12779 4.36883 0.84029 nbonds = 1 nlinks = 5 model = 0
 # 				 uid = 58 atom = 31 btom = 31 ctom = 31 resn = 19 level = 4 kids = 0 type = 1 sort = 0 xyz = 3.00454 4.71578 0.95789 nbonds = 1 nlinks = 5 model = 0
 # 				 uid = 59 atom = 32 btom = 32 ctom = 32 resn = 20 level = 4 kids = 0 type = 1 sort = 0 xyz = 2.88484 4.60598 1.95014 nbonds = 1 nlinks = 5 model = 0
 # 			 uid = 45 atom = 0 btom = 0 ctom = 0 level = 3 kids = 4 type = 2 sort = 0 xyz = 3.10943 1.52029 3.59395 nbonds = 1 nlinks = 2 model = 0
 # 				 uid = 60 atom = 38 btom = 38 ctom = 38 resn = 26 level = 4 kids = 0 type = 1 sort = 0 xyz = 2.24614 1.48028 2.72459 nbonds = 1 nlinks = 5 model = 0
 # 				 uid = 61 atom = 39 btom = 39 ctom = 39 resn = 27 level = 4 kids = 0 type = 1 sort = 0 xyz = 3.03424 1.28273 3.15524 nbonds = 1 nlinks = 5 model = 0
 # 				 uid = 62 atom = 40 btom = 40 ctom = 40 resn = 28 level = 4 kids = 0 type = 1 sort = 0 xyz = 3.50074 1.44038 3.85709 nbonds = 1 nlinks = 5 model = 0
 # 				 uid = 63 atom = 41 btom = 41 ctom = 41 resn = 29 level = 4 kids = 0 type = 1 sort = 0 xyz = 3.65659 1.87778 4.63889 nbonds = 1 nlinks = 5 model = 0
 # 		 uid = 4 atom = 0 btom = 0 ctom = 0 level = 2 kids = 9 type = 2 sort = 1 xyz = 1.85615 1.78976 6.09826 nbonds = 1 nlinks = 2 model = 0
 # 			 uid = 64 atom = 0 btom = 0 ctom = 0 level = 3 kids = 2 type = 2 sort = 0 xyz = 3.18079 2.46975 5.75602 nbonds = 1 nlinks = 2 model = 0
 # 				 uid = 68 atom = 42 btom = 42 ctom = 42 resn = 30 level = 4 kids = 0 type = 1 sort = 0 xyz = 3.45679 2.27513 5.37284 nbonds = 1 nlinks = 5 model = 0
 # 				 uid = 69 atom = 43 btom = 43 ctom = 43 resn = 31 level = 4 kids = 0 type = 1 sort = 0 xyz = 2.90479 2.66438 6.13919 nbonds = 1 nlinks = 5 model = 0
 # 			 uid = 65 atom = 0 btom = 0 ctom = 0 level = 3 kids = 2 type = 2 sort = 4 xyz = 1.88291 2.25713 5.12654 nbonds = 1 nlinks = 2 model = 0
 # 				 uid = 75 atom = 44 btom = 44 ctom = 44 resn = 32 level = 4 kids = 0 type = 1 sort = 4 xyz = 2.02114 2.99453 5.85074 nbonds = 1 nlinks = 5 model = 0
 # 				 uid = 76 atom = 56 btom = 56 ctom = 56 resn = 68 level = 4 kids = 0 type = 1 sort = 4 xyz = 1.74469 1.51973 4.40234 nbonds = 1 nlinks = 5 model = 0
 # 			 uid = 66 atom = 0 btom = 0 ctom = 0 level = 3 kids = 2 type = 2 sort = 4 xyz = 1.92619 2.06625 5.62889 nbonds = 1 nlinks = 2 model = 0
 # 				 uid = 77 atom = 45 btom = 45 ctom = 45 resn = 33 level = 4 kids = 0 type = 1 sort = 4 xyz = 1.45249 3.15548 6.29954 nbonds = 1 nlinks = 5 model = 0
 # 				 uid = 78 atom = 55 btom = 55 ctom = 55 resn = 67 level = 4 kids = 0 type = 1 sort = 4 xyz = 2.39989 0.977027 4.95824 nbonds = 1 nlinks = 5 model = 0
 # 			 uid = 67 atom = 0 btom = 0 ctom = 0 level = 3 kids = 2 type = 2 sort = 4 xyz = 1.79689 1.8567 6.02572 nbonds = 1 nlinks = 2 model = 0
 # 				 uid = 79 atom = 46 btom = 46 ctom = 46 resn = 34 level = 4 kids = 0 type = 1 sort = 4 xyz = 0.737289 2.66708 6.39959 nbonds = 1 nlinks = 5 model = 0
 # 				 uid = 80 atom = 54 btom = 54 ctom = 54 resn = 66 level = 4 kids = 0 type = 1 sort = 4 xyz = 2.85649 1.04633 5.65184 nbonds = 1 nlinks = 5 model = 0
 # 			 uid = 70 atom = 0 btom = 0 ctom = 0 level = 3 kids = 2 type = 2 sort = 4 xyz = 1.88291 1.62488 6.33239 nbonds = 1 nlinks = 2 model = 0
 # 				 uid = 81 atom = 47 btom = 47 ctom = 47 resn = 35 level = 4 kids = 0 type = 1 sort = 4 xyz = 0.524739 1.81298 6.36749 nbonds = 1 nlinks = 5 model = 0
 # 				 uid = 82 atom = 53 btom = 53 ctom = 53 resn = 65 level = 4 kids = 0 type = 1 sort = 4 xyz = 3.24109 1.43678 6.29729 nbonds = 1 nlinks = 5 model = 0
 # 			 uid = 71 atom = 0 btom = 0 ctom = 0 level = 3 kids = 2 type = 2 sort = 4 xyz = 1.97366 1.55258 6.56729 nbonds = 1 nlinks = 2 model = 0
 # 				 uid = 83 atom = 48 btom = 48 ctom = 48 resn = 36 level = 4 kids = 0 type = 1 sort = 4 xyz = 0.738339 0.960077 6.46979 nbonds = 1 nlinks = 5 model = 0
 # 				 uid = 84 atom = 52 btom = 52 ctom = 52 resn = 64 level = 4 kids = 0 type = 1 sort = 4 xyz = 3.20899 2.14508 6.66479 nbonds = 1 nlinks = 5 model = 0
 # 			 uid = 72 atom = 0 btom = 0 ctom = 0 level = 3 kids = 2 type = 2 sort = 4 xyz = 1.67434 1.38105 6.90877 nbonds = 1 nlinks = 2 model = 0
 # 				 uid = 85 atom = 49 btom = 49 ctom = 49 resn = 37 level = 4 kids = 0 type = 1 sort = 4 xyz = 1.11649 0.362027 6.82394 nbonds = 1 nlinks = 5 model = 0
 # 				 uid = 86 atom = 51 btom = 51 ctom = 51 resn = 63 level = 4 kids = 0 type = 1 sort = 4 xyz = 2.23219 2.40008 6.99359 nbonds = 1 nlinks = 5 model = 0
 # 			 uid = 73 atom = 0 btom = 0 ctom = 0 level = 3 kids = 1 type = 2 sort = 0 xyz = 1.57249 2.06828 7.45589 nbonds = 1 nlinks = 2 model = 0
 # 				 uid = 87 atom = 50 btom = 50 ctom = 50 resn = 62 level = 4 kids = 0 type = 1 sort = 0 xyz = 1.57249 2.06828 7.45589 nbonds = 1 nlinks = 5 model = 0
 # 			 uid = 74 atom = 0 btom = 0 ctom = 0 level = 3 kids = 4 type = 2 sort = 0 xyz = 1.65191 3.03581 4.16467 nbonds = 1 nlinks = 2 model = 0
 # 				 uid = 88 atom = 57 btom = 57 ctom = 57 resn = 69 level = 4 kids = 0 type = 1 sort = 0 xyz = 1.24174 2.02613 4.19459 nbonds = 1 nlinks = 5 model = 0
 # 				 uid = 89 atom = 58 btom = 58 ctom = 58 resn = 70 level = 4 kids = 0 type = 1 sort = 0 xyz = 1.10464 2.86703 4.20704 nbonds = 1 nlinks = 5 model = 0
 # 				 uid = 90 atom = 59 btom = 59 ctom = 59 resn = 71 level = 4 kids = 0 type = 1 sort = 0 xyz = 1.71184 3.47258 4.19684 nbonds = 1 nlinks = 5 model = 0
 # 				 uid = 91 atom = 60 btom = 60 ctom = 60 resn = 72 level = 4 kids = 0 type = 1 sort = 0 xyz = 2.54944 3.77753 4.06019 nbonds = 1 nlinks = 5 model = 0
 # 		 uid = 5 atom = 0 btom = 0 ctom = 0 level = 2 kids = 11 type = 2 sort = 1 xyz = 0.965289 -0.968563 8.45021 nbonds = 1 nlinks = 2 model = 0
 # 			 uid = 92 atom = 0 btom = 0 ctom = 0 level = 3 kids = 2 type = 2 sort = 5 xyz = 1.40749 0.664727 7.61721 nbonds = 1 nlinks = 2 model = 0
 # 				 uid = 103 atom = 61 btom = 61 ctom = 61 resn = 38 level = 4 kids = 0 type = 1 sort = 5 xyz = 1.74949 -0.0785229 7.49459 nbonds = 1 nlinks = 5 model = 0
 # 				 uid = 104 atom = 84 btom = 84 ctom = 84 resn = 61 level = 4 kids = 0 type = 1 sort = 5 xyz = 1.06549 1.40798 7.73984 nbonds = 1 nlinks = 5 model = 0
 # 			 uid = 93 atom = 0 btom = 0 ctom = 0 level = 3 kids = 2 type = 2 sort = 5 xyz = 1.19329 0.401402 8.04712 nbonds = 1 nlinks = 2 model = 0
 # 				 uid = 105 atom = 62 btom = 62 ctom = 62 resn = 39 level = 4 kids = 0 type = 1 sort = 5 xyz = 2.10229 -0.301573 8.17259 nbonds = 1 nlinks = 5 model = 0
 # 				 uid = 106 atom = 83 btom = 83 ctom = 83 resn = 60 level = 4 kids = 0 type = 1 sort = 5 xyz = 0.284289 1.10438 7.92164 nbonds = 1 nlinks = 5 model = 0
 # 			 uid = 94 atom = 0 btom = 0 ctom = 0 level = 3 kids = 2 type = 2 sort = 5 xyz = 0.977589 0.0429771 8.35461 nbonds = 1 nlinks = 2 model = 0
 # 				 uid = 107 atom = 63 btom = 63 ctom = 63 resn = 40 level = 4 kids = 0 type = 1 sort = 5 xyz = 2.04454 -0.341473 9.08309 nbonds = 1 nlinks = 5 model = 0
 # 				 uid = 108 atom = 82 btom = 82 ctom = 82 resn = 59 level = 4 kids = 0 type = 1 sort = 5 xyz = -0.0893608 0.427427 7.62614 nbonds = 1 nlinks = 5 model = 0
 # 			 uid = 95 atom = 0 btom = 0 ctom = 0 level = 3 kids = 2 type = 2 sort = 5 xyz = 0.722064 -0.271348 8.45436 nbonds = 1 nlinks = 2 model = 0
 # 				 uid = 109 atom = 64 btom = 64 ctom = 64 resn = 41 level = 4 kids = 0 type = 1 sort = 5 xyz = 1.39399 -0.203923 9.64469 nbonds = 1 nlinks = 5 model = 0
 # 				 uid = 110 atom = 81 btom = 81 ctom = 81 resn = 58 level = 4 kids = 0 type = 1 sort = 5 xyz = 0.0501392 -0.338773 7.26404 nbonds = 1 nlinks = 5 model = 0
 # 			 uid = 96 atom = 0 btom = 0 ctom = 0 level = 3 kids = 2 type = 2 sort = 5 xyz = 0.555039 -0.684298 8.44439 nbonds = 1 nlinks = 2 model = 0
 # 				 uid = 111 atom = 65 btom = 65 ctom = 65 resn = 42 level = 4 kids = 0 type = 1 sort = 5 xyz = 0.557589 -0.362323 9.80894 nbonds = 1 nlinks = 5 model = 0
 # 				 uid = 112 atom = 80 btom = 80 ctom = 80 resn = 57 level = 4 kids = 0 type = 1 sort = 5 xyz = 0.552489 -1.00627 7.07984 nbonds = 1 nlinks = 5 model = 0
 # 			 uid = 97 atom = 0 btom = 0 ctom = 0 level = 3 kids = 2 type = 2 sort = 5 xyz = 0.605964 -1.13985 8.41004 nbonds = 1 nlinks = 2 model = 0
 # 				 uid = 113 atom = 66 btom = 66 ctom = 66 resn = 43 level = 4 kids = 0 type = 1 sort = 5 xyz = -0.105711 -0.797323 9.65144 nbonds = 1 nlinks = 5 model = 0
 # 				 uid = 114 atom = 79 btom = 79 ctom = 79 resn = 56 level = 4 kids = 0 type = 1 sort = 5 xyz = 1.31764 -1.48237 7.16864 nbonds = 1 nlinks = 5 model = 0
 # 			 uid = 98 atom = 0 btom = 0 ctom = 0 level = 3 kids = 2 type = 2 sort = 5 xyz = 0.831864 -1.7028 8.45129 nbonds = 1 nlinks = 2 model = 0
 # 				 uid = 115 atom = 67 btom = 67 ctom = 67 resn = 44 level = 4 kids = 0 type = 1 sort = 5 xyz = -0.309861 -1.65562 9.23294 nbonds = 1 nlinks = 5 model = 0
 # 				 uid = 116 atom = 78 btom = 78 ctom = 78 resn = 55 level = 4 kids = 0 type = 1 sort = 5 xyz = 1.97359 -1.74997 7.66964 nbonds = 1 nlinks = 5 model = 0
 # 			 uid = 99 atom = 0 btom = 0 ctom = 0 level = 3 kids = 2 type = 2 sort = 5 xyz = 0.988764 -2.08815 8.59139 nbonds = 1 nlinks = 2 model = 0
 # 				 uid = 117 atom = 68 btom = 68 ctom = 68 resn = 45 level = 4 kids = 0 type = 1 sort = 5 xyz = -0.371061 -2.38177 8.74964 nbonds = 1 nlinks = 5 model = 0
 # 				 uid = 118 atom = 77 btom = 77 ctom = 77 resn = 54 level = 4 kids = 0 type = 1 sort = 5 xyz = 2.34859 -1.79452 8.43314 nbonds = 1 nlinks = 5 model = 0
 # 			 uid = 100 atom = 0 btom = 0 ctom = 0 level = 3 kids = 2 type = 2 sort = 5 xyz = 1.14086 -2.3673 8.86341 nbonds = 1 nlinks = 2 model = 0
 # 				 uid = 119 atom = 69 btom = 69 ctom = 69 resn = 46 level = 4 kids = 0 type = 1 sort = 5 xyz = 0.0444392 -3.10822 8.46809 nbonds = 1 nlinks = 5 model = 0
 # 				 uid = 120 atom = 76 btom = 76 ctom = 76 resn = 53 level = 4 kids = 0 type = 1 sort = 5 xyz = 2.23729 -1.62637 9.25874 nbonds = 1 nlinks = 5 model = 0
 # 			 uid = 101 atom = 0 btom = 0 ctom = 0 level = 3 kids = 2 type = 2 sort = 5 xyz = 1.22996 -2.541 9.26826 nbonds = 1 nlinks = 2 model = 0
 # 				 uid = 121 atom = 70 btom = 70 ctom = 70 resn = 47 level = 4 kids = 0 type = 1 sort = 5 xyz = 0.739389 -3.62032 8.57099 nbonds = 1 nlinks = 5 model = 0
 # 				 uid = 122 atom = 75 btom = 75 ctom = 75 resn = 52 level = 4 kids = 0 type = 1 sort = 5 xyz = 1.72054 -1.46167 9.96554 nbonds = 1 nlinks = 5 model = 0
 # 			 uid = 102 atom = 0 btom = 0 ctom = 0 level = 3 kids = 4 type = 2 sort = 0 xyz = 1.62488 -3.3105 9.88139 nbonds = 1 nlinks = 2 model = 0
 # 				 uid = 123 atom = 71 btom = 71 ctom = 71 resn = 48 level = 4 kids = 0 type = 1 sort = 0 xyz = 1.39699 -3.90097 9.05804 nbonds = 1 nlinks = 5 model = 0
 # 				 uid = 124 atom = 72 btom = 72 ctom = 72 resn = 49 level = 4 kids = 0 type = 1 sort = 0 xyz = 1.65244 -3.91402 9.86624 nbonds = 1 nlinks = 5 model = 0
 # 				 uid = 125 atom = 73 btom = 73 ctom = 73 resn = 50 level = 4 kid