 Running at  speed = 1 Data::delay = 0.1
 line = SCALE 0.15
Reading parameters from stem.model
    0     1     2     2     1     0     0     0     0     0 
 9999   150    30     5     5     0     0     0     0     0 
    0     0    30   -10    10     0     0     0     0     0 
    0     0     2     2     5     0     0     0     0     0 
    0     0     1     1     1     0     0     0     0     0 
    0     0    10     0     0     0     0     0     0     0 
    0     1     2     5     0     0     0     0     0     0 
    0     0     0    10     5     0     0     0     0     0 
    0     0    20    50   100     0     0     0     0     0 
    0     0    10    20   100     0     0     0     0     0 
End of parameters

 Read  nmodels = 1
Model 0 is nucleic with  Data::bondPP = 1
 #  line = GROUP 0 1
 # set GROUP  sort = 0 n = 1 level = 0 at[level] = 0 cell->uid = 0
 #  line = INPUT stems.dat
 # Reading file stems.dat
 #  deep = 1
 #  line = GROUP 0 5
 # set GROUP  sort = 0 n = 5 level = 1 at[level] = 0 cell->uid = 1
 #  line = GROUP -1 3    16.7   3.7  11.8     18.6  -7.1   7.1
 # set GROUP  sort = -1 n = 3 level = 2 at[level] = 0 cell->uid = 2
 # Axis ends read  v = 0.1425 -0.81 -0.3525 cell->ends = -1
 #  line = DOUBL 1 6
 set BPAIR  sort = 1 n = 6 level = 3 at[level] = 0 cell->uid = 7
 #  line = ATOM      1  P     G A   1      25.434   2.525  12.024  1.00  0.00
 # set ATOM  level = 3 at[level] = 0 cell->uid = 7
 #  line = ATOM      2  P     G A   2      23.041  -0.080  17.079  1.00  0.00
 # set ATOM  level = 3 at[level] = 1 cell->uid = 8
 #  line = ATOM      3  P     G A   3      18.226  -2.547  18.969  1.00  0.00
 # set ATOM  level = 3 at[level] = 2 cell->uid = 9
 #  line = ATOM      4  P     G A   4      13.185  -6.208  17.201  1.00  0.00
 # set ATOM  level = 3 at[level] = 3 cell->uid = 10
 #  line = ATOM      5  P     G A   5      10.561  -9.206  13.450  1.00  0.00
 # set ATOM  level = 3 at[level] = 4 cell->uid = 11
 #  line = ATOM      6  P     G A   6      10.176 -11.905   7.941  1.00  0.00
 # set ATOM  level = 3 at[level] = 5 cell->uid = 12
 #  line = GROUP 0 10
 # EoG  level = 3 cell->uid = 12 moves[level].set = 0
 # End of Cell  cell->level = 3 cell->id = 5 cell->uid = 12 cell->kids = 2 cell->ends = 0
 # Next  cell->uid = 13 last = T have = G
 # set GROUP  sort = 0 n = 10 level = 3 at[level] = 6 cell->uid = 13
 #  line = ATOM      7  P     G A   7      12.602 -14.024   3.783  1.00  0.00
 # set ATOM  level = 4 at[level] = 0 cell->uid = 27
 #  line = ATOM      8  P     G A   8      17.736 -16.696   3.000  1.00  0.00
 # set ATOM  level = 4 at[level] = 1 cell->uid = 28
 #  line = ATOM      9  P     G A   9      22.581 -19.119   3.960  1.00  0.00
 # set ATOM  level = 4 at[level] = 2 cell->uid = 29
 #  line = ATOM     10  P     G A  10      28.072 -21.554   5.942  1.00  0.00
 # set ATOM  level = 4 at[level] = 3 cell->uid = 30
 #  line = ATOM     11  P     G A  11      33.539 -18.447   5.840  1.00  0.00
 # set ATOM  level = 4 at[level] = 4 cell->uid = 31
 #  line = ATOM     12  P     G A  12      39.578 -14.394   5.961  1.00  0.00
 # set ATOM  level = 4 at[level] = 5 cell->uid = 32
 #  line = ATOM     13  P     G A  13      40.135  -8.089   7.818  1.00  0.00
 # set ATOM  level = 4 at[level] = 6 cell->uid = 33
 #  line = ATOM     14  P     G A  14      42.241  -1.876   9.073  1.00  0.00
 # set ATOM  level = 4 at[level] = 7 cell->uid = 34
 #  line = ATOM     15  P     G A  15      38.098  -1.471   9.517  1.00  0.00
 # set ATOM  level = 4 at[level] = 8 cell->uid = 35
 #  line = ATOM     16  P     G A  16      32.213  -2.744   8.899  1.00  0.00
 # set ATOM  level = 4 at[level] = 9 cell->uid = 36
 #  line = DOUBL -1 6
 # EoG  level = 3 cell->uid = 13 moves[level].set = 0
 # End of Cell  cell->level = 3 cell->id = 6 cell->uid = 13 cell->kids = 10 cell->ends = 0
 # Next  cell->uid = 13 last = T have = D
 Complementary strand found 
 #  line = ATOM     17  P     G A  17      27.555  -4.950   5.086  1.00  0.00
 # set ATOM  level = 3 at[level] = 5 cell->uid = 12
 #  line = ATOM     18  P     G A  18      22.529  -1.370   1.759  1.00  0.00
 # set ATOM  level = 3 at[level] = 4 cell->uid = 11
 #  line = ATOM     19  P     G A  19      17.612   0.727   0.654  1.00  0.00
 # set ATOM  level = 3 at[level] = 3 cell->uid = 10
 #  line = ATOM     20  P     G A  20      12.112   3.465   2.673  1.00  0.00
 # set ATOM  level = 3 at[level] = 2 cell->uid = 9
 #  line = ATOM     21  P     G A  21       8.444   5.193   6.727  1.00  0.00
 # set ATOM  level = 3 at[level] = 1 cell->uid = 8
 #  line = ATOM     22  P     G A  22       7.469   7.528  12.666  1.00  0.00
 # set ATOM  level = 3 at[level] = 0 cell->uid = 7
 #  line = GROUP 0 4
 # EoG  level = 3 cell->uid = 13 moves[level].set = 0
 # End of Cell  cell->level = 3 cell->id = 6 cell->uid = 13 cell->kids = 10 cell->ends = 0
 # Next  cell->uid = 14 last = T have = G
 # set GROUP  sort = 0 n = 4 level = 3 at[level] = 7 cell->uid = 14
 #  line = ATOM     23  P     G A  23      11.352  10.961  16.748  1.00  0.00
 # set ATOM  level = 4 at[level] = 0 cell->uid = 37
 #  line = ATOM     24  P     G A  24      15.960  13.054  19.222  1.00  0.00
 # set ATOM  level = 4 at[level] = 1 cell->uid = 38
 #  line = ATOM     25  P     G A  25      21.258  15.954  19.314  1.00  0.00
 # set ATOM  level = 4 at[level] = 2 cell->uid = 39
 #  line = ATOM     26  P     G A  26      24.984  19.316  16.769  1.00  0.00
 # set ATOM  level = 4 at[level] = 3 cell->uid = 40
 #  line = GROUP -1 4    29.4  37.9   8.0     26.6  41.5  10.0
 # EoG  level = 3 cell->uid = 14 moves[level].set = 0
 # End of Cell  cell->level = 3 cell->id = 7 cell->uid = 14 cell->kids = 4 cell->ends = 0
 # EoG  level = 2 cell->uid = 2 moves[level].set = 0
 # End of Cell  cell->level = 2 cell->id = 0 cell->uid = 2 cell->kids = 8 cell->ends = -1
 # Next  cell->uid = 3 last = T have = G
 # set GROUP  sort = -1 n = 4 level = 2 at[level] = 1 cell->uid = 3
 # Axis ends read  v = -0.21 0.27 0.15 cell->ends = -1
 #  line = GROUP 0 2
 # set GROUP  sort = 0 n = 2 level = 3 at[level] = 0 cell->uid = 41
 #  line = ATOM     27  P     G A  27      26.760  23.458  13.419  1.00  0.00
 # set ATOM  level = 4 at[level] = 0 cell->uid = 45
 #  line = ATOM     28  P     G A  28      24.197  27.828  11.164  1.00  0.00
 # set ATOM  level = 4 at[level] = 1 cell->uid = 46
 #  line = DOUBL 2 3
 # EoG  level = 3 cell->uid = 41 moves[level].set = 0
 # End of Cell  cell->level = 3 cell->id = 0 cell->uid = 41 cell->kids = 2 cell->ends = 0
 # Next  cell->uid = 42 last = T have = D
 set BPAIR  sort = 2 n = 3 level = 3 at[level] = 1 cell->uid = 42
 #  line = ATOM     29  P     G A  29      28.901  30.812  14.069  1.00  0.00
 # set ATOM  level = 3 at[level] = 1 cell->uid = 42
 #  line = ATOM     30  P     G A  30      31.308  34.163  16.409  1.00  0.00
 # set ATOM  level = 3 at[level] = 2 cell->uid = 43
 #  line = ATOM     31  P     G A  31      31.883  41.110  17.250  1.00  0.00
 # set ATOM  level = 3 at[level] = 3 cell->uid = 44
 #  line = GROUP 0 11
 # EoG  level = 3 cell->uid = 44 moves[level].set = 0
 # End of Cell  cell->level = 3 cell->id = 3 cell->uid = 44 cell->kids = 2 cell->ends = 0
 # Next  cell->uid = 47 last = T have = G
 # set GROUP  sort = 0 n = 11 level = 3 at[level] = 4 cell->uid = 47
 #  line = ATOM     32  P     G A  32      31.129  46.630  16.544  1.00  0.00
 # set ATOM  level = 4 at[level] = 0 cell->uid = 55
 #  line = ATOM     33  P     G A  33      27.143  50.519  16.178  1.00  0.00
 # set ATOM  level = 4 at[level] = 1 cell->uid = 56
 #  line = ATOM     34  P     G A  34      20.985  52.637  16.567  1.00  0.00
 # set ATOM  level = 4 at[level] = 2 cell->uid = 57
 #  line = ATOM     35  P     G A  35      15.828  55.451  16.202  1.00  0.00
 # set ATOM  level = 4 at[level] = 3 cell->uid = 58
 #  line = ATOM     36  P     G A  36      10.376  53.865  17.414  1.00  0.00
 # set ATOM  level = 4 at[level] = 4 cell->uid = 59
 #  line = ATOM     37  P     G A  37       5.113  51.948  15.252  1.00  0.00
 # set ATOM  level = 4 at[level] = 5 cell->uid = 60
 #  line = ATOM     38  P     G A  38       2.146  49.600  10.638  1.00  0.00
 # set ATOM  level = 4 at[level] = 6 cell->uid = 61
 #  line = ATOM     39  P     G A  39       1.579  47.434   4.995  1.00  0.00
 # set ATOM  level = 4 at[level] = 7 cell->uid = 62
 #  line = ATOM     40  P     G A  40       4.333  44.382   0.989  1.00  0.00
 # set ATOM  level = 4 at[level] = 8 cell->uid = 63
 #  line = ATOM     41  P     G A  41       9.345  40.653  -0.001  1.00  0.00
 # set ATOM  level = 4 at[level] = 9 cell->uid = 64
 #  line = ATOM     42  P     G A  42      15.693  40.069   2.406  1.00  0.00
 # set ATOM  level = 4 at[level] = 10 cell->uid = 65
 #  line = DOUBL -2 3
 # EoG  level = 3 cell->uid = 47 moves[level].set = 0
 # End of Cell  cell->level = 3 cell->id = 4 cell->uid = 47 cell->kids = 11 cell->ends = 0
 # Next  cell->uid = 47 last = T have = D
 Complementary strand found 
 #  line = ATOM     43  P     G A  43      20.720  42.867   3.343  1.00  0.00
 # set ATOM  level = 3 at[level] = 3 cell->uid = 44
 #  line = ATOM     44  P     G A  44      25.595  45.067   1.978  1.00  0.00
 # set ATOM  level = 3 at[level] = 2 cell->uid = 43
 #  line = ATOM     45  P     G A  45      30.543  44.081   1.397  1.00  0.00
 # set ATOM  level = 3 at[level] = 1 cell->uid = 42
 #  line = GROUP 0 10
 # EoG  level = 3 cell->uid = 47 moves[level].set = 0
 # End of Cell  cell->level = 3 cell->id = 4 cell->uid = 47 cell->kids = 11 cell->ends = 0
 # Next  cell->uid = 48 last = T have = G
 # set GROUP  sort = 0 n = 10 level = 3 at[level] = 5 cell->uid = 48
 #  line = ATOM     46  P     G A  46      35.958  39.675   2.033  1.00  0.00
 # set ATOM  level = 4 at[level] = 0 cell->uid = 66
 #  line = ATOM     47  P     G A  47      38.486  34.963   2.931  1.00  0.00
 # set ATOM  level = 4 at[level] = 1 cell->uid = 67
 #  line = ATOM     48  P     G A  48      38.978  28.982   2.796  1.00  0.00
 # set ATOM  level = 4 at[level] = 2 cell->uid = 68
 #  line = ATOM     49  P     G A  49      35.448  23.398   1.715  1.00  0.00
 # set ATOM  level = 4 at[level] = 3 cell->uid = 69
 #  line = ATOM     50  P     G A  50      28.526  23.498   0.863  1.00  0.00
 # set ATOM  level = 4 at[level] = 4 cell->uid = 70
 #  line = ATOM     51  P     G A  51      27.423  25.281   6.932  1.00  0.00
 # set ATOM  level = 4 at[level] = 5 cell->uid = 71
 #  line = ATOM     52  P     G A  52      23.496  29.025   3.619  1.00  0.00
 # set ATOM  level = 4 at[level] = 6 cell->uid = 72
 #  line = ATOM     53  P     G A  53      19.565  27.800   0.155  1.00  0.00
 # set ATOM  level = 4 at[level] = 7 cell->uid = 73
 #  line = ATOM     54  P     G A  54      14.197  27.708   0.882  1.00  0.00
 # set ATOM  level = 4 at[level] = 8 cell->uid = 74
 #  line = ATOM     55  P     G A  55       9.824  28.909   4.329  1.00  0.00
 # set ATOM  level = 4 at[level] = 9 cell->uid = 75
 #  line = GROUP -1 3    16.2  63.1   9.3     15.1  77.6   6.1
 # EoG  level = 3 cell->uid = 48 moves[level].set = 0
 # End of Cell  cell->level = 3 cell->id = 5 cell->uid = 48 cell->kids = 10 cell->ends = 0
 # EoG  level = 2 cell->uid = 3 moves[level].set = 0
 # End of Cell  cell->level = 2 cell->id = 1 cell->uid = 3 cell->kids = 6 cell->ends = -1
 # Next  cell->uid = 4 last = T have = G
 # set GROUP  sort = -1 n = 3 level = 2 at[level] = 2 cell->uid = 4
 # Axis ends read  v = -0.0825 1.0875 -0.24 cell->ends = -1
 #  line = GROUP 0 8
 # set GROUP  sort = 0 n = 8 level = 3 at[level] = 0 cell->uid = 76
 #  line = ATOM     56  P     G A  56       7.596  32.051   9.028  1.00  0.00
 # set ATOM  level = 4 at[level] = 0 cell->uid = 79
 #  line = ATOM     57  P     G A  57       8.048  35.947  13.915  1.00  0.00
 # set ATOM  level = 4 at[level] = 1 cell->uid = 80
 #  line = ATOM     58  P     G A  58      10.806  41.212  15.896  1.00  0.00
 # set ATOM  level = 4 at[level] = 2 cell->uid = 81
 #  line = ATOM     59  P     G A  59      13.308  45.667  14.807  1.00  0.00
 # set ATOM  level = 4 at[level] = 3 cell->uid = 82
 #  line = ATOM     60  P     G A  60      17.284  50.629  11.846  1.00  0.00
 # set ATOM  level = 4 at[level] = 4 cell->uid = 83
 #  line = ATOM     61  P     G A  61      19.161  52.425   6.823  1.00  0.00
 # set ATOM  level = 4 at[level] = 5 cell->uid = 84
 #  line = ATOM     62  P     G A  62      17.297  54.896   2.025  1.00  0.00
 # set ATOM  level = 4 at[level] = 6 cell->uid = 85
 #  line = ATOM     63  P     G A  63      12.537  58.040  -0.383  1.00  0.00
 # set ATOM  level = 4 at[level] = 7 cell->uid = 86
 #  line = DOUBL 3 9
 # EoG  level = 3 cell->uid = 76 moves[level].set = 0
 # End of Cell  cell->level = 3 cell->id = 0 cell->uid = 76 cell->kids = 8 cell->ends = 0
 # Next  cell->uid = 77 last = T have = D
 set BPAIR  sort = 3 n = 9 level = 3 at[level] = 1 cell->uid = 77
 #  line = ATOM     64  P     G A  64       7.789  60.921   0.355  1.00  0.00
 # set ATOM  level = 3 at[level] = 1 cell->uid = 77
 #  line = ATOM     65  P     G A  65       4.218  64.288   4.228  1.00  0.00
 # set ATOM  level = 3 at[level] = 2 cell->uid = 78
 #  line = ATOM     66  P     G A  66       3.855  66.715   9.817  1.00  0.00
 # set ATOM  level = 3 at[level] = 3 cell->uid = 87
 #  line = ATOM     67  P     G A  67       5.936  68.698  14.597  1.00  0.00
 # set ATOM  level = 3 at[level] = 4 cell->uid = 88
 #  line = ATOM     68  P     G A  68      10.761  71.119  17.147  1.00  0.00
 # set ATOM  level = 3 at[level] = 5 cell->uid = 89
 #  line = ATOM     69  P     G A  69      17.034  73.080  15.954  1.00  0.00
 # set ATOM  level = 3 at[level] = 6 cell->uid = 90
 #  line = ATOM     70  P     G A  70      22.311  74.581  13.911  1.00  0.00
 # set ATOM  level = 3 at[level] = 7 cell->uid = 91
 #  line = ATOM     71  P     G A  71      25.001  77.588   9.796  1.00  0.00
 # set ATOM  level = 3 at[level] = 8 cell->uid = 92
 #  line = ATOM     72  P     G A  72      24.204  81.668   5.497  1.00  0.00
 # set ATOM  level = 3 at[level] = 9 cell->uid = 93
 #  line = GROUP 0 5
 # EoG  level = 3 cell->uid = 93 moves[level].set = 0
 # End of Cell  cell->level = 3 cell->id = 9 cell->uid = 93 cell->kids = 2 cell->ends = 0
 # Next  cell->uid = 94 last = T have = G
 # set GROUP  sort = 0 n = 5 level = 3 at[level] = 10 cell->uid = 94
 #  line = ATOM     73  P     G A  73      24.458  83.708  10.975  1.00  0.00
 # set ATOM  level = 4 at[level] = 0 cell->uid = 113
 #  line = ATOM     74  P     G A  74      23.187  81.375  16.461  1.00  0.00
 # set ATOM  level = 4 at[level] = 1 cell->uid = 114
 #  line = ATOM     75  P     G A  75      16.899  82.246  17.167  1.00  0.00
 # set ATOM  level = 4 at[level] = 2 cell->uid = 115
 #  line = ATOM     76  P     G A  76      11.000  82.049  15.715  1.00  0.00
 # set ATOM  level = 4 at[level] = 3 cell->uid = 116
 #  line = ATOM     77  P     G A  77       6.799  79.628  11.412  1.00  0.00
 # set ATOM  level = 4 at[level] = 4 cell->uid = 117
 #  line = DOUBL -3 9
 # EoG  level = 3 cell->uid = 94 moves[level].set = 0
 # End of Cell  cell->level = 3 cell->id = 10 cell->uid = 94 cell->kids = 5 cell->ends = 0
 # Next  cell->uid = 94 last = T have = D
 Complementary strand found 
 #  line = ATOM     78  P     G A  78       5.643  77.238   5.913  1.00  0.00
 # set ATOM  level = 3 at[level] = 9 cell->uid = 93
 #  line = ATOM     79  P     G A  79       8.235  74.891   0.754  1.00  0.00
 # set ATOM  level = 3 at[level] = 8 cell->uid = 92
 #  line = ATOM     80  P     G A  80      12.620  71.988  -1.902  1.00  0.00
 # set ATOM  level = 3 at[level] = 7 cell->uid = 91
 #  line = ATOM     81  P     G A  81      16.571  68.771  -2.307  1.00  0.00
 # set ATOM  level = 3 at[level] = 6 cell->uid = 90
 #  line = ATOM     82  P     G A  82      20.053  64.303   0.984  1.00  0.00
 # set ATOM  level = 3 at[level] = 5 cell->uid = 89
 #  line = ATOM     83  P     G A  83      21.500  61.597   6.420  1.00  0.00
 # set ATOM  level = 3 at[level] = 4 cell->uid = 88
 #  line = ATOM     84  P     G A  84      20.676  59.259  11.623  1.00  0.00
 # set ATOM  level = 3 at[level] = 3 cell->uid = 87
 #  line = ATOM     85  P     G A  85      18.907  59.108  18.139  1.00  0.00
 # set ATOM  level = 3 at[level] = 2 cell->uid = 78
 #  line = ATOM     86  P     G A  86      24.830  61.539  19.036  1.00  0.00
 # set ATOM  level = 3 at[level] = 1 cell->uid = 77
 #  line = GROUP -1 5    32.0  71.9   4.8     36.2  54.6  10.1
 # EoG  level = 3 cell->uid = 94 moves[level].set = 0
 # End of Cell  cell->level = 3 cell->id = 10 cell->uid = 94 cell->kids = 5 cell->ends = 0
 # EoG  level = 2 cell->uid = 4 moves[level].set = 0
 # End of Cell  cell->level = 2 cell->id = 2 cell->uid = 4 cell->kids = 11 cell->ends = -1
 # Next  cell->uid = 5 last = T have = G
 # set GROUP  sort = -1 n = 5 level = 2 at[level] = 3 cell->uid = 5
 # Axis ends read  v = 0.315 -1.2975 0.3975 cell->ends = -1
 #  line = GROUP 0 2
 # set GROUP  sort = 0 n = 2 level = 3 at[level] = 0 cell->uid = 118
 #  line = ATOM     87  P     G A  87      27.085  63.654  12.430  1.00  0.00
 # set ATOM  level = 4 at[level] = 0 cell->uid = 123
 #  line = ATOM     88  P     G A  88      25.918  68.595   8.465  1.00  0.00
 # set ATOM  level = 4 at[level] = 1 cell->uid = 124
 #  line = DOUBL 4 8
 # EoG  level = 3 cell->uid = 118 moves[level].set = 0
 # End of Cell  cell->level = 3 cell->id = 0 cell->uid = 118 cell->kids = 2 cell->ends = 0
 # Next  cell->uid = 119 last = T have = D
 set BPAIR  sort = 4 n = 8 level = 3 at[level] = 1 cell->uid = 119
 #  line = ATOM     89  P     G A  89      25.681  66.266   2.868  1.00  0.00
 # set ATOM  level = 3 at[level] = 1 cell->uid = 119
 #  line = ATOM     90  P     G A  90      30.016  64.618  -0.983  1.00  0.00
 # set ATOM  level = 3 at[level] = 2 cell->uid = 120
 #  line = ATOM     91  P     G A  91      35.640  63.708  -2.584  1.00  0.00
 # set ATOM  level = 3 at[level] = 3 cell->uid = 121
 #  line = ATOM     92  P     G A  92      40.371  62.709  -1.337  1.00  0.00
 # set ATOM  level = 3 at[level] = 4 cell->uid = 122
 #  line = ATOM     93  P     G A  93      45.676  61.729   2.937  1.00  0.00
 # set ATOM  level = 3 at[level] = 5 cell->uid = 125
 #  line = ATOM     94  P     G A  94      46.875  58.594   8.276  1.00  0.00
 # set ATOM  level = 3 at[level] = 6 cell->uid = 126
 #  line = ATOM     95  P     G A  95      45.900  54.344  13.573  1.00  0.00
 # set ATOM  level = 3 at[level] = 7 cell->uid = 127
 #  line = ATOM     96  P     G A  96      43.077  51.528  16.957  1.00  0.00
 # set ATOM  level = 3 at[level] = 8 cell->uid = 128
 #  line = GROUP 0 3
 # EoG  level = 3 cell->uid = 128 moves[level].set = 0
 # End of Cell  cell->level = 3 cell->id = 8 cell->uid = 128 cell->kids = 2 cell->ends = 0
 # Next  cell->uid = 129 last = T have = G
 # set GROUP  sort = 0 n = 3 level = 3 at[level] = 9 cell->uid = 129
 #  line = ATOM     97  P     G A  97      38.441  47.942  16.022  1.00  0.00
 # set ATOM  level = 4 at[level] = 0 cell->uid = 148
 #  line = ATOM     98  P     G A  98      42.106  44.582  15.562  1.00  0.00
 # set ATOM  level = 4 at[level] = 1 cell->uid = 149
 #  line = ATOM     99  P     G A  99      40.233  38.497  17.420  1.00  0.00
 # set ATOM  level = 4 at[level] = 2 cell->uid = 150
 #  line = GROUP 0 3
 # EoG  level = 3 cell->uid = 129 moves[level].set = 0
 # End of Cell  cell->level = 3 cell->id = 9 cell->uid = 129 cell->kids = 3 cell->ends = 0
 # Next  cell->uid = 130 last = T have = G
 # set GROUP  sort = 0 n = 3 level = 3 at[level] = 10 cell->uid = 130
 #  line = ATOM    123  P     G A 123      44.399  43.106   6.076  1.00  0.00
 # set ATOM  level = 4 at[level] = 0 cell->uid = 151
 #  line = ATOM    124  P     G A 124      39.670  46.669   4.283  1.00  0.00
 # set ATOM  level = 4 at[level] = 1 cell->uid = 152
 #  line = ATOM    125  P     G A 125      34.934  49.973   2.867  1.00  0.00
 # set ATOM  level = 4 at[level] = 2 cell->uid = 153
 #  line = DOUBL -4 8
 # EoG  level = 3 cell->uid = 130 moves[level].set = 0
 # End of Cell  cell->level = 3 cell->id = 10 cell->uid = 130 cell->kids = 3 cell->ends = 0
 # Next  cell->uid = 130 last = T have = D
 Complementary strand found 
 #  line = ATOM    126  P     G A 126      30.393  53.403   4.551  1.00  0.00
 # set ATOM  level = 3 at[level] = 8 cell->uid = 128
 #  line = ATOM    127  P     G A 127      28.862  56.700   9.309  1.00  0.00
 # set ATOM  level = 3 at[level] = 7 cell->uid = 127
 #  line = ATOM    128  P     G A 128      29.943  59.976  14.054  1.00  0.00
 # set ATOM  level = 3 at[level] = 6 cell->uid = 126
 #  line = ATOM    129  P     G A 129      32.516  63.680  17.089  1.00  0.00
 # set ATOM  level = 3 at[level] = 5 cell->uid = 125
 #  line = ATOM    130  P     G A 130      37.400  68.306  15.985  1.00  0.00
 # set ATOM  level = 3 at[level] = 4 cell->uid = 122
 #  line = ATOM    131  P     G A 131      40.956  71.947  12.685  1.00  0.00
 # set ATOM  level = 3 at[level] = 3 cell->uid = 121
 #  line = ATOM    132  P     G A 132      42.263  75.324   8.601  1.00  0.00
 # set ATOM  level = 3 at[level] = 2 cell->uid = 120
 #  line = ATOM    133  P     G A 133      41.451  78.168   3.304  1.00  0.00
 # set ATOM  level = 3 at[level] = 1 cell->uid = 119
 #  line = GROUP 0 5
 # EoG  level = 3 cell->uid = 130 moves[level].set = 0
 # End of Cell  cell->level = 3 cell->id = 10 cell->uid = 130 cell->kids = 3 cell->ends = 0
 # Next  cell->uid = 131 last = T have = G
 # set GROUP  sort = 0 n = 5 level = 3 at[level] = 11 cell->uid = 131
 #  line = ATOM    134  P     G A 134      36.946  79.495  -0.182  1.00  0.00
 # set ATOM  level = 4 at[level] = 0 cell->uid = 154
 #  line = ATOM    135  P     G A 135      30.294  79.913  -1.333  1.00  0.00
 # set ATOM  level = 4 at[level] = 1 cell->uid = 155
 #  line = ATOM    136  P     G A 136      25.427  81.045  -0.816  1.00  0.00
 # set ATOM  level = 4 at[level] = 2 cell->uid = 156
 #  line = ATOM    137  P     G A 137      21.575  84.678  -1.640  1.00  0.00
 # set ATOM  level = 4 at[level] = 3 cell->uid = 157
 #  line = ATOM    138  P     G A 138      16.705  89.254   0.053  1.00  0.00
 # set ATOM  level = 4 at[level] = 4 cell->uid = 158
 #  line = GROUP -1 4    43.5  28.8  16.8     35.4  14.9  19.9
 # EoG  level = 3 cell->uid = 131 moves[level].set = 0
 # End of Cell  cell->level = 3 cell->id = 11 cell->uid = 131 cell->kids = 5 cell->ends = 0
 # EoG  level = 2 cell->uid = 5 moves[level].set = 0
 # End of Cell  cell->level = 2 cell->id = 3 cell->uid = 5 cell->kids = 12 cell->ends = -1
 # Next  cell->uid = 6 last = T have = G
 # set GROUP  sort = -1 n = 4 level = 2 at[level] = 4 cell->uid = 6
 # Axis ends read  v = -0.6075 -1.0425 0.2325 cell->ends = -1
 #  line = GROUP 0 2
 # set GROUP  sort = 0 n = 2 level = 3 at[level] = 0 cell->uid = 159
 #  line = ATOM    100  P     G A 100      38.265  32.601  17.459  1.00  0.00
 # set ATOM  level = 4 at[level] = 0 cell->uid = 163
 #  line = ATOM    101  P     G A 101      37.684  27.234  13.555  1.00  0.00
 # set ATOM  level = 4 at[level] = 1 cell->uid = 164
 #  line = DOUBL 5 7
 # EoG  level = 3 cell->uid = 159 moves[level].set = 0
 # End of Cell  cell->level = 3 cell->id = 0 cell->uid = 159 cell->kids = 2 cell->ends = 0
 # Next  cell->uid = 160 last = T have = D
 set BPAIR  sort = 5 n = 7 level = 3 at[level] = 1 cell->uid = 160
 #  line = ATOM    102  P     G A 102      39.445  24.463   9.045  1.00  0.00
 # set ATOM  level = 3 at[level] = 1 cell->uid = 160
 #  line = ATOM    103  P     G A 103      44.351  22.709   8.372  1.00  0.00
 # set ATOM  level = 3 at[level] = 2 cell->uid = 161
 #  line = ATOM    104  P     G A 104      48.094  19.993  11.879  1.00  0.00
 # set ATOM  level = 3 at[level] = 3 cell->uid = 162
 #  line = ATOM    105  P     G A 105      49.454  17.875  17.752  1.00  0.00
 # set ATOM  level = 3 at[level] = 4 cell->uid = 165
 #  line = ATOM    106  P     G A 106      47.706  15.872  23.999  1.00  0.00
 # set ATOM  level = 3 at[level] = 5 cell->uid = 166
 #  line = ATOM    107  P     G A 107      42.367  13.340  27.175  1.00  0.00
 # set ATOM  level = 3 at[level] = 6 cell->uid = 167
 #  line = ATOM    108  P     G A 108      37.529  11.972  29.193  1.00  0.00
 # set ATOM  level = 3 at[level] = 7 cell->uid = 168
 #  line = GROUP 0 4
 # EoG  level = 3 cell->uid = 168 moves[level].set = 0
 # End of Cell  cell->level = 3 cell->id = 7 cell->uid = 168 cell->kids = 2 cell->ends = 0
 # Next  cell->uid = 169 last = T have = G
 # set GROUP  sort = 0 n = 4 level = 3 at[level] = 8 cell->uid = 169
 #  line = ATOM    109  P     G A 109      32.230   9.568  28.395  1.00  0.00
 # set ATOM  level = 4 at[level] = 0 cell->uid = 185
 #  line = ATOM    110  P     G A 110      29.631   6.026  24.970  1.00  0.00
 # set ATOM  level = 4 at[level] = 1 cell->uid = 186
 #  line = ATOM    111  P     G A 111      33.225   6.499  20.126  1.00  0.00
 # set ATOM  level = 4 at[level] = 2 cell->uid = 187
 #  line = ATOM    112  P     G A 112      33.036   9.845  14.748  1.00  0.00
 # set ATOM  level = 4 at[level] = 3 cell->uid = 188
 #  line = DOUBL -5 7
 # EoG  level = 3 cell->uid = 169 moves[level].set = 0
 # End of Cell  cell->level = 3 cell->id = 8 cell->uid = 169 cell->kids = 4 cell->ends = 0
 # Next  cell->uid = 169 last = T have = D
 Complementary strand found 
 #  line = ATOM    113  P     G A 113      31.288  14.332  11.465  1.00  0.00
 # set ATOM  level = 3 at[level] = 7 cell->uid = 168
 #  line = ATOM    114  P     G A 114      30.623  19.905  15.595  1.00  0.00
 # set ATOM  level = 3 at[level] = 6 cell->uid = 167
 #  line = ATOM    115  P     G A 115      30.418  23.436  20.193  1.00  0.00
 # set ATOM  level = 3 at[level] = 5 cell->uid = 166
 #  line = ATOM    116  P     G A 116      32.870  26.646  24.298  1.00  0.00
 # set ATOM  level = 3 at[level] = 4 cell->uid = 165
 #  line = ATOM    117  P     G A 117      38.382  29.040  25.875  1.00  0.00
 # set ATOM  level = 3 at[level] = 3 cell->uid = 162
 #  line = ATOM    118  P     G A 118      44.095  30.287  25.704  1.00  0.00
 # set ATOM  level = 3 at[level] = 2 cell->uid = 161
 #  line = ATOM    119  P     G A 119      48.800  31.593  22.856  1.00  0.00
 # set ATOM  level = 3 at[level] = 1 cell->uid = 160
 #  line = GROUP 0 3
 # EoG  level = 3 cell->uid = 169 moves[level].set = 0
 # End of Cell  cell->level = 3 cell->id = 8 cell->uid = 169 cell->kids = 4 cell->ends = 0
 # Next  cell->uid = 170 last = T have = G
 # set GROUP  sort = 0 n = 3 level = 3 at[level] = 9 cell->uid = 170
 #  line = ATOM    120  P     G A 120      51.349  33.765  19.153  1.00  0.00
 # set ATOM  level = 4 at[level] = 0 cell->uid = 189
 #  line = ATOM    121  P     G A 121      50.503  37.716  15.137  1.00  0.00
 # set ATOM  level = 4 at[level] = 1 cell->uid = 190
 #  line = ATOM    122  P     G A 122      48.165  40.938  10.103  1.00  0.00
 # set ATOM  level = 4 at[level] = 2 cell->uid = 191
 #  line = TER
 # teratoms zeroed by TER command
  #  line = REBOND pdbid 99 100
 #  line = REBOND pdbid 55 56 
 #  line = REBOND pdbid 122 123
 #  line = RETERM pdbid 1 138
 # EoF 
 # Moved back to previous file 
 #  line = LINKS pdbid pairs.dat
 # Linking by PDB resid numbers
 # reading: pairs.dat
 # Cell 138 linked to cell 139  (0 9999)  PDBids = 92 to 130   dist = 2.766697
 # Cell 15 linked to cell 16  (0 9997)  PDBids = 1 to 22   dist = 2.798951
 # Cell 136 linked to cell 137  (0 9993)  PDBids = 91 to 131   dist = 2.721925
 # Cell 140 linked to cell 141  (0 9988)  PDBids = 93 to 129   dist = 2.913520
 # Cell 59 linked to cell 95  (0 9982)  PDBids = 36 to 64   dist = 2.796159
 # Cell 177 linked to cell 178  (0 9974)  PDBids = 105 to 116   dist = 2.980472
 # Cell 58 linked to cell 97  (0 9965)  PDBids = 35 to 65   dist = 2.831233
 # Cell 132 linked to cell 133  (0 9954)  PDBids = 89 to 133   dist = 2.964315
 # Cell 134 linked to cell 135  (0 9942)  PDBids = 90 to 132   dist = 2.832025
 # Cell 175 linked to cell 176  (0 9929)  PDBids = 104 to 117   dist = 2.893326
 # Cell 17 linked to cell 18  (0 9914)  PDBids = 2 to 21   dist = 2.798378
 # Cell 179 linked to cell 180  (0 9898)  PDBids = 106 to 115   dist = 2.887548
 # Cell 19 linked to cell 20  (0 9880)  PDBids = 3 to 20   dist = 2.762138
 # Cell 142 linked to cell 143  (0 9862)  PDBids = 94 to 128   dist = 2.691603
 # Cell 60 linked to cell 86  (0 9841)  PDBids = 37 to 63   dist = 2.752332
 # Cell 181 linked to cell 182  (0 9820)  PDBids = 107 to 114   dist = 2.662731
 # Cell 183 linked to cell 184  (0 9797)  PDBids = 108 to 113   dist = 2.841309
 # Cell 105 linked to cell 106  (0 9772)  PDBids = 69 to 81   dist = 2.815233
 # Cell 173 linked to cell 174  (0 9747)  PDBids = 103 to 118   dist = 2.837697
 # Cell 62 linked to cell 84  (0 9720)  PDBids = 39 to 61   dist = 2.755179
 # Cell 107 linked to cell 108  (0 9692)  PDBids = 70 to 80   dist = 2.809009
 # Cell 21 linked to cell 22  (0 9662)  PDBids = 4 to 19   dist = 2.771941
 # Cell 99 linked to cell 100  (0 9631)  PDBids = 66 to 84   dist = 2.773173
 # Cell 61 linked to cell 85  (0 9599)  PDBids = 38 to 62   dist = 2.732242
 # Cell 171 linked to cell 172  (0 9566)  PDBids = 102 to 119   dist = 2.721153
 # Cell 25 linked to cell 26  (0 9531)  PDBids = 6 to 17   dist = 2.840323
 # Cell 109 linked to cell 110  (0 9496)  PDBids = 71 to 79   dist = 2.885816
 # Cell 37 linked to cell 187  (0 9459)  PDBids = 23 to 111   dist = 3.386641
 # Cell 101 linked to cell 102  (0 9421)  PDBids = 67 to 83   dist = 2.844174
 # Cell 23 linked to cell 24  (0 9381)  PDBids = 5 to 18   dist = 2.771209
 # Cell 103 linked to cell 104  (0 9341)  PDBids = 68 to 82   dist = 2.977572
 # Cell 144 linked to cell 145  (0 9299)  PDBids = 95 to 127   dist = 2.658117
 # Cell 40 linked to cell 73  (0 9256)  PDBids = 26 to 53   dist = 2.913897
 # Cell 117 linked to cell 158  (0 9167)  PDBids = 77 to 138   dist = 2.682508
 # Cell 146 linked to cell 147  (0 9121)  PDBids = 96 to 126   dist = 2.676180
 # Cell 164 linked to cell 189  (0 9074)  PDBids = 101 to 120   dist = 2.422042
 # Cell 40 linked to cell 70  (0 9026)  PDBids = 26 to 50   dist = 2.523550
 # Cell 112 linked to cell 157  (0 8977)  PDBids = 78 to 137   dist = 2.870571
 # Cell 104 linked to cell 156  (0 8927)  PDBids = 82 to 136   dist = 2.651288
 # Cell 57 linked to cell 136  (0 8876)  PDBids = 34 to 91   dist = 3.980223
 # Cell 148 linked to cell 152  (0 8824)  PDBids = 97 to 124   dist = 1.780741
 # Cell 27 linked to cell 26  (0 8771)  PDBids = 7 to 17   dist = 2.630897
 # Cell 116 linked to cell 158  (0 8717)  PDBids = 76 to 138   dist = 2.723883
 # Cell 148 linked to cell 147  (0 8662)  PDBids = 97 to 126   dist = 2.255876
 # EoF 
 #  line = END
 # EoG  level = 3 cell->uid = 170 moves[level].set = 0
 # End of Cell  cell->level = 3 cell->id = 9 cell->uid = 170 cell->kids = 3 cell->ends = 0
 # EoG  level = 2 cell->uid = 6 moves[level].set = 0
 # End of Cell  cell->level = 2 cell->id = 4 cell->uid = 6 cell->kids = 10 cell->ends = -1
 # EoG  level = 1 cell->uid = 1 moves[level].set = 0
 # End of Cell  cell->level = 1 cell->id = 0 cell->uid = 1 cell->kids = 5 cell->ends = 0
 # all groups complete
  # End
  # End of Cell  cell->level = 0 cell->id = 0 cell->uid = 0 cell->kids = 1 cell->ends = 0
 # End of World
  N  k = 6 j = 2 seg[j] = 6 nk = 7 jun->resn = 7 sej->resn = 6
 jun->sis->resn = 6 sej->bro->resn = 7
 C  k = 6 j = 3 seg[j] = 17 ck = 16 sej->resn = 17 sen->resn = 16
 sej->sis->resn = 16 sen->bro->resn = 17
 N  k = 7 j = 1 seg[j] = 22 nk = 23 jun->resn = 23 sej->resn = 22
 jun->sis->resn = 22 sej->bro->resn = 23
 C  k = 0 j = 0 seg[j] = 29 ck = 28 sej->resn = 29 sen->resn = 28
 sej->sis->resn = 28 sen->bro->resn = 29
 N  k = 4 j = 2 seg[j] = 31 nk = 32 jun->resn = 32 sej->resn = 31
 jun->sis->resn = 31 sej->bro->resn = 32
 C  k = 4 j = 3 seg[j] = 43 ck = 42 sej->resn = 43 sen->resn = 42
 sej->sis->resn = 42 sen->bro->resn = 43
 N  k = 5 j = 1 seg[j] = 45 nk = 46 jun->resn = 46 sej->resn = 45
 jun->sis->resn = 45 sej->bro->resn = 46
 C  k = 0 j = 0 seg[j] = 64 ck = 63 sej->resn = 64 sen->resn = 63
 sej->sis->resn = 63 sen->bro->resn = 64
 N  k = 10 j = 2 seg[j] = 72 nk = 73 jun->resn = 73 sej->resn = 72
 jun->sis->resn = 72 sej->bro->resn = 73
 C  k = 10 j = 3 seg[j] = 78 ck = 77 sej->resn = 78 sen->resn = 77
 sej->sis->resn = 77 sen->bro->resn = 78
 C  k = 0 j = 0 seg[j] = 89 ck = 88 sej->resn = 89 sen->resn = 88
 sej->sis->resn = 88 sen->bro->resn = 89
 N  k = 9 j = 2 seg[j] = 96 nk = 97 jun->resn = 97 sej->resn = 96
 jun->sis->resn = 96 sej->bro->resn = 97
 C  k = 10 j = 3 seg[j] = 103 ck = 102 sej->resn = 126 sen->resn = 125
 sej->sis->resn = 125 sen->bro->resn = 126
 N  k = 11 j = 1 seg[j] = 110 nk = 111 jun->resn = 134 sej->resn = 133
 jun->sis->resn = 133 sej->bro->resn = 134
 C  k = 0 j = 0 seg[j] = 118 ck = 117 sej->resn = 102 sen->resn = 101
 sej->sis->resn = 101 sen->bro->resn = 102
 N  k = 8 j = 2 seg[j] = 124 nk = 125 jun->resn = 109 sej->resn = 108
 jun->sis->resn = 108 sej->bro->resn = 109
 C  k = 8 j = 3 seg[j] = 129 ck = 128 sej->resn = 113 sen->resn = 112
 sej->sis->resn = 112 sen->bro->resn = 113
 N  k = 9 j = 1 seg[j] = 135 nk = 136 jun->resn = 120 sej->resn = 119
 jun->sis->resn = 119 sej->bro->resn = 120
 nrelinks = 4
 # NB end of low chain in chained parent 
 # NB end of low chain in chained parent 
 Data::focus = 0 0 0
 Cell::total = 191
angle1pi(s,c) out of range: s = -nan, c = -nan
Data structures all setup
 Cell::total = 191
 Data::depth = 4
 Data::shrink = 0
 #  uid = 0 atom = 0 btom = 0 ctom = 0 level = 0 kids = 1 type = 0 sort = 0 xyz = 2.66643 4.22286 0.989105 nbonds = 0 nlinks = 0 model = 0
 # 	 uid = 1 atom = 0 btom = 0 ctom = 0 level = 1 kids = 5 type = 1 sort = 0 xyz = 2.66643 4.22286 0.989105 nbonds = 0 nlinks = 0 model = 0
 # 		 uid = 2 atom = 0 btom = 0 ctom = 0 level = 2 kids = 8 type = 2 sort = 1 xyz = 0.927073 -2.1847 0.805595 nbonds = 1 nlinks = 2 model = 0
 # 			 uid = 7 atom = 0 btom = 0 ctom = 0 level = 3 kids = 2 type = 2 sort = 1 xyz = 0.940498 -1.22037 1.20448 nbonds = 1 nlinks = 2 model = 0
 # 				 uid = 15 atom = 1 btom = 1 ctom = 1 resn = 1 level = 4 kids = 0 type = 1 sort = 1 xyz = 2.28787 -1.5956 1.15633 nbonds = 1 nlinks = 5 model = 0
 # 				 uid = 16 atom = 22 btom = 22 ctom = 22 resn = 22 level = 4 kids = 0 type = 1 sort = 1 xyz = -0.406877 -0.845149 1.25263 nbonds = 1 nlinks = 5 model = 0
 # 			 uid = 8 atom = 0 btom = 0 ctom = 0 level = 3 kids = 2 type = 2 sort = 1 xyz = 0.834148 -1.59087 1.13818 nbonds = 1 nlinks = 2 model = 0
 # 				 uid = 17 atom = 2 btom = 2 ctom = 2 resn = 2 level = 4 kids = 0 type = 1 sort = 1 xyz = 1.92892 -1.98635 1.91458 nbonds = 1 nlinks = 5 model = 0
 # 				 uid = 18 atom = 21 btom = 21 ctom = 21 resn = 21 level = 4 kids = 0 type = 1 sort = 1 xyz = -0.260627 -1.1954 0.361782 nbonds = 1 nlinks = 5 model = 0
 # 			 uid = 9 atom = 0 btom = 0 ctom = 0 level = 3 kids = 2 type = 2 sort = 1 xyz = 0.748123 -1.9055 0.975882 nbonds = 1 nlinks = 2 model = 0
 # 				 uid = 19 atom = 3 btom = 3 ctom = 3 resn = 3 level = 4 kids = 0 type = 1 sort = 1 xyz = 1.20667 -2.3564 2.19808 nbonds = 1 nlinks = 5 model = 0
 # 				 uid = 20 atom = 20 btom = 20 ctom = 20 resn = 20 level = 4 kids = 0 type = 1 sort = 1 xyz = 0.289573 -1.4546 -0.246318 nbonds = 1 nlinks = 5 model = 0
 # 			 uid = 10 atom = 0 btom = 0 ctom = 0 level = 3 kids = 2 type = 2 sort = 1 xyz = 0.782548 -2.38542 0.691857 nbonds = 1 nlinks = 2 model = 0
 # 				 uid = 21 atom = 4 btom = 4 ctom = 4 resn = 4 level = 4 kids = 0 type = 1 sort = 1 xyz = 0.450523 -2.90555 1.93288 nbonds = 1 nlinks = 5 model = 0
 # 				 uid = 22 atom = 19 btom = 19 ctom = 19 resn = 19 level = 4 kids = 0 type = 1 sort = 1 xyz = 1.11457 -1.8653 -0.549168 nbonds = 1 nlinks = 5 model = 0
 # 			 uid = 11 atom = 0 btom = 0 ctom = 0 level = 3 kids = 2 type = 2 sort = 1 xyz = 0.954523 -2.76755 0.493407 nbonds = 1 nlinks = 2 model = 0
 # 				 uid = 23 atom = 5 btom = 5 ctom = 5 resn = 5 level = 4 kids = 0 type = 1 sort = 1 xyz = 0.056923 -3.35525 1.37023 nbonds = 1 nlinks = 5 model = 0
 # 				 uid = 24 atom = 18 btom = 18 ctom = 18 resn = 18 level = 4 kids = 0 type = 1 sort = 1 xyz = 1.85212 -2.17985 -0.383418 nbonds = 1 nlinks = 5 model = 0
 # 			 uid = 12 atom = 0 btom = 0 ctom = 0 level = 3 kids = 2 type = 2 sort = 1 xyz = 1.3026 -3.23847 0.329757 nbonds = 1 nlinks = 2 model = 0
 # 				 uid = 25 atom = 6 btom = 6 ctom = 6 resn = 6 level = 4 kids = 0 type = 1 sort = 1 xyz = -0.000827074 -3.7601 0.543882 nbonds = 1 nlinks = 5 model = 0
 # 				 uid = 26 atom = 17 btom = 17 ctom = 17 resn = 17 level = 4 kids = 0 type = 1 sort = 1 xyz = 2.60602 -2.71685 0.115632 nbonds = 1 nlinks = 5 model = 0
 # 			 uid = 13 atom = 0 btom = 0 ctom = 0 level = 3 kids = 10 type = 2 sort = 0 xyz = 3.0747 -3.75056 0.309627 nbonds = 1 nlinks = 2 model = 0
 # 				 uid = 27 atom = 7 btom = 7 ctom = 7 resn = 7 level = 4 kids = 0 type = 1 sort = 0 xyz = 0.363073 -4.07795 -0.079818 nbonds = 1 nlinks = 5 model = 0
 # 				 uid = 28 atom = 8 btom = 8 ctom = 8 resn = 8 level = 4 kids = 0 type = 1 sort = 0 xyz = 1.13317 -4.47875 -0.197268 nbonds = 1 nlinks = 5 model = 0
 # 				 uid = 29 atom = 9 btom = 9 ctom = 9 resn = 9 level = 4 kids = 0 type = 1 sort = 0 xyz = 1.85992 -4.8422 -0.053268 nbonds = 1 nlinks = 5 model = 0
 # 				 uid = 30 atom = 10 btom = 10 ctom = 10 resn = 10 level = 4 kids = 0 type = 1 sort = 0 xyz = 2.68357 -5.20745 0.244032 nbonds = 1 nlinks = 5 model = 0
 # 				 uid = 31 atom = 11 btom = 11 ctom = 11 resn = 11 level = 4 kids = 0 type = 1 sort = 0 xyz = 3.50362 -4.7414 0.228732 nbonds = 1 nlinks = 5 model = 0
 # 				 uid = 32 atom = 12 btom = 12 ctom = 12 resn = 12 level = 4 kids = 0 type = 1 sort = 0 xyz = 4.40947 -4.13345 0.246882 nbonds = 1 nlinks = 5 model = 0
 # 				 uid = 33 atom = 13 btom = 13 ctom = 13 resn = 13 level = 4 kids = 0 type = 1 sort = 0 xyz = 4.49302 -3.1877 0.525432 nbonds = 1 nlinks = 5 model = 0
 # 				 uid = 34 atom = 14 btom = 14 ctom = 14 resn = 14 level = 4 kids = 0 type = 1 sort = 0 xyz = 4.80892 -2.25575 0.713682 nbonds = 1 nlinks = 5 model = 0
 # 				 uid = 35 atom = 15 btom = 15 ctom = 15 resn = 15 level = 4 kids = 0 type = 1 sort = 0 xyz = 4.18747 -2.195 0.780282 nbonds = 1 nlinks = 5 model = 0
 # 				 uid = 36 atom = 16 btom = 16 ctom = 16 resn = 16 level = 4 kids = 0 type = 1 sort = 0 xyz = 3.30472 -2.38595 0.687582 nbonds = 1 nlinks = 5 model = 0
 # 			 uid = 14 atom = 0 btom = 0 ctom = 0 level = 3 kids = 4 type = 2 sort = 0 xyz = 1.23105 0.248838 2.05472 nbonds = 1 nlinks = 2 model = 0
 # 				 uid = 37 atom = 23 btom = 23 ctom = 23 resn = 23 level = 4 kids = 0 type = 1 sort = 0 xyz = 0.175573 -0.330199 1.86493 nbonds = 1 nlinks = 5 model = 0
 # 				 uid = 38 atom = 24 btom = 24 ctom = 24 resn = 24 level = 4 kids = 0 type = 1 sort = 0 xyz = 0.866773 -0.0162493 2.23603 nbonds = 1 nlinks = 5 model = 0
 # 				 uid = 39 atom = 25 btom = 25 ctom = 25 resn = 25 level = 4 kids = 0 type = 1 sort = 0 xyz = 1.66147 0.418751 2.24983 nbonds = 1 nlinks = 5 model = 0
 # 				 uid = 40 atom = 26 btom = 26 ctom = 26 resn = 26 level = 4 kids = 0 type = 1 sort = 0 xyz = 2.22037 0.923051 1.86808 nbonds = 1 nlinks = 5 model = 0
 # 		 uid = 3 atom = 0 btom = 0 ctom = 0 level = 2 kids = 6 type = 2 sort = 1 xyz = 2.69652 3.97815 0.713882 nbonds = 1 nlinks = 2 model = 0
 # 			 uid = 41 atom = 0 btom = 0 ctom = 0 level = 3 kids = 2 type = 2 sort = 0 xyz = 2.29455 1.8721 1.19646 nbonds = 1 nlinks = 2 model = 0
 # 				 uid = 45 atom = 27 btom = 27 ctom = 27 resn = 27 level = 4 kids = 0 type = 1 sort = 0 xyz = 2.48677 1.54435 1.36558 nbonds = 1 nlinks = 5 model = 0
 # 				 uid = 46 atom = 28 btom = 28 ctom = 28 resn = 28 level = 4 kids = 0 type = 1 sort = 0 xyz = 2.10232 2.19985 1.02733 nbonds = 1 nlinks = 5 model = 0
 # 			 uid = 42 atom = 0 btom = 0 ctom = 0 level = 3 kids = 2 type = 2 sort = 2 xyz = 2.93107 3.64263 0.512682 nbonds = 1 nlinks = 2 model = 0
 # 				 uid = 49 atom = 29 btom = 29 ctom = 29 resn = 29 level = 4 kids = 0 type = 1 sort = 2 xyz = 2.80792 2.64745 1.46308 nbonds = 1 nlinks = 5 model = 0
 # 				 uid = 50 atom = 45 btom = 45 ctom = 45 resn = 45 level = 4 kids = 0 type = 1 sort = 2 xyz = 3.05422 4.6378 -0.437718 nbonds = 1 nlinks = 5 model = 0
 # 			 uid = 43 atom = 0 btom = 0 ctom = 0 level = 3 kids = 2 type = 2 sort = 2 xyz = 2.7405 3.9679 0.731757 nbonds = 1 nlinks = 2 model = 0
 # 				 uid = 51 atom = 30 btom = 30 ctom = 30 resn = 30 level = 4 kids = 0 type = 1 sort = 2 xyz = 3.16897 3.1501 1.81408 nbonds = 1 nlinks = 5 model = 0
 # 				 uid = 52 atom = 44 btom = 44 ctom = 44 resn = 44 level = 4 kids = 0 type = 1 sort = 2 xyz = 2.31202 4.7857 -0.350568 nbonds = 1 nlinks = 5 model = 0
 # 			 uid = 44 atom = 0 btom = 0 ctom = 0 level = 3 kids = 2 type = 2 sort = 2 xyz = 2.418 4.32393 0.897207 nbonds = 1 nlinks = 2 model = 0
 # 				 uid = 53 atom = 31 btom = 31 ctom = 31 resn = 31 level = 4 kids = 0 type = 1 sort = 2 xyz = 3.25522 4.19215 1.94023 nbonds = 1 nlinks = 5 model = 0
 # 				 uid = 54 atom = 43 btom = 43 ctom = 43 resn = 43 level = 4 kids = 0 type = 1 sort = 2 xyz = 1.58077 4.4557 -0.145818 nbonds = 1 nlinks = 5 model = 0
 # 			 uid = 47 atom = 0 btom = 0 ctom = 0 level = 3 kids = 11 type = 2 sort = 0 xyz = 0.431909 5.2964 0.950696 nbonds = 1 nlinks = 2 model = 0
 # 				 uid = 55 atom = 32 btom = 32 ctom = 32 resn = 32 level = 4 kids = 0 type = 1 sort = 0 xyz = 3.14212 5.02015 1.83433 nbonds = 1 nlinks = 5 model = 0
 # 				 uid = 56 atom = 33 btom = 33 ctom = 33 resn = 33 level = 4 kids = 0 type = 1 sort = 0 xyz = 2.54422 5.6035 1.77943 nbonds = 1 nlinks = 5 model = 0
 # 				 uid = 57 atom = 34 btom = 34 ctom = 34 resn = 34 level = 4 kids = 0 type = 1 sort = 0 xyz = 1.62052 5.9212 1.83778 nbonds = 1 nlinks = 5 model = 0
 # 				 uid = 58 atom = 35 btom = 35 ctom = 35 resn = 35 level = 4 kids = 0 type = 1 sort = 0 xyz = 0.846973 6.3433 1.78303 nbonds = 1 nlinks = 5 model = 0
 # 				 uid = 59 atom = 36 btom = 36 ctom = 36 resn = 36 level = 4 kids = 0 type = 1 sort = 0 xyz = 0.0291731 6.1054 1.96483 nbonds = 1 nlinks = 5 model = 0
 # 				 uid = 60 atom = 37 btom = 37 ctom = 37 resn = 37 level = 4 kids = 0 type = 1 sort = 0 xyz = -0.760277 5.81785 1.64053 nbonds = 1 nlinks = 5 model = 0
 # 				 uid = 61 atom = 38 btom = 38 ctom = 38 resn = 38 level = 4 kids = 0 type = 1 sort = 0 xyz = -1.20533 5.46565 0.948432 nbonds = 1 nlinks = 5 model = 0
 # 				 uid = 62 atom = 39 btom = 39 ctom = 39 resn = 39 level = 4 kids = 0 type = 1 sort = 0 xyz = -1.29038 5.14075 0.101982 nbonds = 1 nlinks = 5 model = 0
 # 				 uid = 63 atom = 40 btom = 40 ctom = 40 resn = 40 level = 4 kids = 0 type = 1 sort = 0 xyz = -0.877277 4.68295 -0.498918 nbonds = 1 nlinks = 5 model = 0
 # 				 uid = 64 atom = 41 btom = 41 ctom = 41 resn = 41 level = 4 kids = 0 type = 1 sort = 0 xyz = -0.125477 4.1236 -0.647418 nbonds = 1 nlinks = 5 model = 0
 # 				 uid = 65 atom = 42 btom = 42 ctom = 42 resn = 42 level = 4 kids = 0 type = 1 sort = 0 xyz = 0.826723 4.036 -0.286368 nbonds = 1 nlinks = 5 model = 0
 # 			 uid = 48 atom = 0 btom = 0 ctom = 0 level = 3 kids = 10 type = 2 sort = 0 xyz = 2.55129 2.36424 -0.253443 nbonds = 1 nlinks = 2 model = 0
 # 				 uid = 66 atom = 46 btom = 46 ctom = 46 resn = 46 level = 4 kids = 0 type = 1 sort = 0 xyz = 3.86647 3.9769 -0.342318 nbonds = 1 nlinks = 5 model = 0
 # 				 uid = 67 atom = 47 btom = 47 ctom = 47 resn = 47 level = 4 kids = 0 type = 1 sort = 0 xyz = 4.24567 3.2701 -0.207618 nbonds = 1 nlinks = 5 model = 0
 # 				 uid = 68 atom = 48 btom = 48 ctom = 48 resn = 48 level = 4 kids = 0 type = 1 sort = 0 xyz = 4.31947 2.37295 -0.227868 nbonds = 1 nlinks = 5 model = 0
 # 				 uid = 69 atom = 49 btom = 49 ctom = 49 resn = 49 level = 4 kids = 0 type = 1 sort = 0 xyz = 3.78997 1.53535 -0.390018 nbonds = 1 nlinks = 5 model = 0
 # 				 uid = 70 atom = 50 btom = 50 ctom = 50 resn = 50 level = 4 kids = 0 type = 1 sort = 0 xyz = 2.75167 1.55035 -0.517818 nbonds = 1 nlinks = 5 model = 0
 # 				 uid = 71 atom = 51 btom = 51 ctom = 51 resn = 51 level = 4 kids = 0 type = 1 sort = 0 xyz = 2.58622 1.8178 0.392532 nbonds = 1 nlinks = 5 model = 0
 # 				 uid = 72 atom = 52 btom = 52 ctom = 52 resn = 52 level = 4 kids = 0 type = 1 sort = 0 xyz = 1.99717 2.3794 -0.104418 nbonds = 1 nlinks = 5 model = 0
 # 				 uid = 73 atom = 53 btom = 53 ctom = 53 resn = 53 level = 4 kids = 0 type = 1 sort = 0 xyz = 1.40752 2.19565 -0.624018 nbonds = 1 nlinks = 5 model = 0
 # 				 uid = 74 atom = 54 btom = 54 ctom = 54 resn = 54 level = 4 kids = 0 type = 1 sort = 0 xyz = 0.602323 2.18185 -0.514968 nbonds = 1 nlinks = 5 model = 0
 # 				 uid = 75 atom = 55 btom = 55 ctom = 55 resn = 55 level = 4 kids = 0 type = 1 sort = 0 xyz = -0.0536269 2.362 0.00208205 nbonds = 1 nlinks = 5 model = 0
 # 		 uid = 4 atom = 0 btom = 0 ctom = 0 level = 2 kids = 11 type = 2 sort = 1 xyz = 0.723973 8.33692 0.602415 nbonds = 1 nlinks = 2 model = 0
 # 			 uid = 76 atom = 0 btom = 0 ctom = 0 level = 3 kids = 8 type = 2 sort = 0 xyz = 0.460967 4.97941 0.739426 nbonds = 1 nlinks = 2 model = 0
 # 				 uid = 79 atom = 56 btom = 56 ctom = 56 resn = 56 level = 4 kids = 0 type = 1 sort = 0 xyz = -0.387827 2.8333 0.706932 nbonds = 1 nlinks = 5 model = 0
 # 				 uid = 80 atom = 57 btom = 57 ctom = 57 resn = 57 level = 4 kids = 0 type = 1 sort = 0 xyz = -0.320027 3.4177 1.43998 nbonds = 1 nlinks = 5 model = 0
 # 				 uid = 81 atom = 58 btom = 58 ctom = 58 resn = 58 level = 4 kids = 0 type = 1 sort = 0 xyz = 0.093673 4.20745 1.73713 nbonds = 1 nlinks = 5 model = 0
 # 				 uid = 82 atom = 59 btom = 59 ctom = 59 resn = 59 level = 4 kids = 0 type = 1 sort = 0 xyz = 0.468973 4.8757 1.57378 nbonds = 1 nlinks = 5 model = 0
 # 				 uid = 83 atom = 60 btom = 60 ctom = 60 resn = 60 level = 4 kids = 0 type = 1 sort = 0 xyz = 1.06537 5.62 1.12963 nbonds = 1 nlinks = 5 model = 0
 # 				 uid = 84 atom = 61 btom = 61 ctom = 61 resn = 61 level = 4 kids = 0 type = 1 sort = 0 xyz = 1.34692 5.8894 0.376182 nbonds = 1 nlinks = 5 model = 0
 # 				 uid = 85 atom = 62 btom = 62 ctom = 62 resn = 62 level = 4 kids = 0 type = 1 sort = 0 xyz = 1.06732 6.26005 -0.343518 nbonds = 1 nlinks = 5 model = 0
 # 				 uid = 86 atom = 63 btom = 63 ctom = 63 resn = 63 level = 4 kids = 0 type = 1 sort = 0 xyz = 0.353323 6.73165 -0.704718 nbonds = 1 nlinks = 5 model = 0
 # 			 uid = 77 atom = 0 btom = 0 ctom = 0 level = 3 kids = 2 type = 2 sort = 3 xyz = 0.919198 7.21015 0.807057 nbonds = 1 nlinks = 2 model = 0
 # 				 uid = 95 atom = 64 btom = 64 ctom = 64 resn = 64 level = 4 kids = 0 type = 1 sort = 3 xyz = -0.358877 7.1638 -0.594018 nbonds = 1 nlinks = 5 model = 0
 # 				 uid = 96 atom = 86 btom = 86 ctom = 86 resn = 86 level = 4 kids = 0 type = 1 sort = 3 xyz = 2.19727 7.2565 2.20813 nbonds = 1 nlinks = 5 model = 0
 # 			 uid = 78 atom = 0 btom = 0 ctom = 0 level = 3 kids = 2 type = 2 sort = 3 xyz = 0.207148 7.28035 1.03026 nbonds = 1 nlinks = 2 model = 0
 # 				 uid = 97 atom = 65 btom = 65 ctom = 65 resn = 65 level = 4 kids = 0 type = 1 sort = 3 xyz = -0.894527 7.66885 -0.013068 nbonds = 1 nlinks = 5 model = 0
 # 				 uid = 98 atom = 85 btom = 85 ctom = 85 resn = 85 level = 4 kids = 0 type = 1 sort = 3 xyz = 1.30882 6.89185 2.07358 nbonds = 1 nlinks = 5 model = 0
 # 			 uid = 87 atom = 0 btom = 0 ctom = 0 level = 3 kids = 2 type = 2 sort = 3 xyz = 0.312598 7.4737 0.960732 nbonds = 1 nlinks = 2 model = 0
 # 				 uid = 99 atom = 66 btom = 66 ctom = 66 resn = 66 level = 4 kids = 0 type = 1 sort = 3 xyz = -0.948977 8.0329 0.825282 nbonds = 1 nlinks = 5 model = 0
 # 				 uid = 100 atom = 84 btom = 84 ctom = 84 resn = 84 level = 4 kids = 0 type = 1 sort = 3 xyz = 1.57417 6.9145 1.09618 nbonds = 1 nlinks = 5 model = 0
 # 			 uid = 88 atom = 0 btom = 0 ctom = 0 level = 3 kids = 2 type = 2 sort = 3 xyz = 0.530473 7.79778 0.929007 nbonds = 1 nlinks = 2 model = 0
 # 				 uid = 101 atom = 67 btom = 67 ctom = 67 resn = 67 level = 4 kids = 0 type = 1 sort = 3 xyz = -0.636827 8.33035 1.54228 nbonds = 1 nlinks = 5 model = 0
 # 				 uid = 102 atom = 83 btom = 83 ctom = 83 resn = 83 level = 4 kids = 0 type = 1 sort = 3 xyz = 1.69777 7.2652 0.315732 nbonds = 1 nlinks = 5 model = 0
 # 			 uid = 89 atom = 0 btom = 0 ctom = 0 level = 3 kids = 2 type = 2 sort = 3 xyz = 0.783823 8.1823 0.712557 nbonds = 1 nlinks = 2 model = 0
 # 				 uid = 103 atom = 68 btom = 68 ctom = 68 resn = 68 level = 4 kids = 0 type = 1 sort = 3 xyz = 0.086923 8.6935 1.92478 nbonds = 1 nlinks = 5 model = 0
 # 				 uid = 104 atom = 82 btom = 82 ctom = 82 resn = 82 level = 4 kids = 0 type = 1 sort = 3 xyz = 1.48072 7.6711 -0.499668 nbonds = 1 nlinks = 5 model = 0
 # 			 uid = 90 atom = 0 btom = 0 ctom = 0 level = 3 kids = 2 type = 2 sort = 3 xyz = 0.993148 8.66448 0.376257 nbonds = 1 nlinks = 2 model = 0
 # 				 uid = 105 atom = 69 btom = 69 ctom = 69 resn = 69 level = 4 kids = 0 type = 1 sort = 3 xyz = 1.02787 8.98765 1.74583 nbonds = 1 nlinks = 5 model = 0
 # 				 uid = 106 atom = 81 btom = 81 ctom = 81 resn = 81 level = 4 kids = 0 type = 1 sort = 3 xyz = 0.958423 8.3413 -0.993318 nbonds = 1 nlinks = 5 model = 0
 # 			 uid = 91 atom = 0 btom = 0 ctom = 0 level = 3 kids = 2 type = 2 sort = 3 xyz = 1.0926 9.01833 0.253407 nbonds = 1 nlinks = 2 model = 0
 # 				 uid = 107 atom = 70 btom = 70 ctom = 70 resn = 70 level = 4 kids = 0 type = 1 sort = 3 xyz = 1.81942 9.2128 1.43938 nbonds = 1 nlinks = 5 model = 0
 # 				 uid = 108 atom = 80 btom = 80 ctom = 80 resn = 80 level = 4 kids = 0 type = 1 sort = 3 xyz = 0.365773 8.82385 -0.932568 nbonds = 1 nlinks = 5 model = 0
 # 			 uid = 92 atom = 0 btom = 0 ctom = 0 level = 3 kids = 2 type = 2 sort = 3 xyz = 0.965473 9.46158 0.143982 nbonds = 1 nlinks = 2 model = 0
 # 				 uid = 109 atom = 71 btom = 71 ctom = 71 resn = 71 level = 4 kids = 0 type = 1 sort = 3 xyz = 2.22292 9.66385 0.822132 nbonds = 1 nlinks = 5 model = 0
 # 				 uid = 110 atom = 79 btom = 79 ctom = 79 resn = 79 level = 4 kids = 0 type = 1 sort = 3 xyz = -0.291977 9.2593 -0.534168 nbonds = 1 nlinks = 5 model = 0
 # 			 uid = 93 atom = 0 btom = 0 ctom = 0 level = 3 kids = 2 type = 2 sort = 3 xyz = 0.711298 9.9436 0.208482 nbonds = 1 nlinks = 2 model = 0
 # 				 uid = 111 atom = 72 btom = 72 ctom = 72 resn = 72 level = 4 kids = 0 type = 1 sort = 3 xyz = 2.10337 10.2759 0.177282 nbonds = 1 nlinks = 5 model = 0
 # 				 uid = 112 atom = 78 btom = 78 ctom = 78 resn = 78 level = 4 kids = 0 type = 1 sort = 3 xyz = -0.680777 9.61135 0.239682 nbonds = 1 nlinks = 5 model = 0
 # 			 uid = 94 atom = 0 btom = 0 ctom = 0 level = 3 kids = 5 type = 2 sort = 0 xyz = 0.943063 10.2958 1.50463 nbonds = 1 nlinks = 2 model = 0
 # 				 uid = 113 atom = 73 btom = 73 ctom = 73 resn = 73 level = 4 kids = 0 type = 1 sort = 0 xyz = 2.14147 10.5819 0.998982 nbonds = 1 nlinks = 5 model = 0
 # 				 uid = 114 atom = 74 btom = 74 ctom = 74 resn = 74 level = 4 kids = 0 type = 1 sort = 0 xyz = 1.95082 10.2319 1.82188 nbonds = 1 nlinks = 5 model = 0
 # 				 uid = 115 atom = 75 btom = 75 ctom = 75 resn = 75 level = 4 kids = 0 type = 1 sort = 0 xyz = 1.00762 10.3626 1.92778 nbonds = 1 nlinks = 5 model = 0
 # 				 uid = 116 atom = 76 btom = 76 ctom = 76 resn = 76 level = 4 kids = 0 type = 1 sort = 0 xyz = 0.122773 10.333 1.70998 nbonds = 1 nlinks = 5 model = 0
 # 				 uid = 117 atom = 77 btom = 77 ctom = 77 resn = 77 level = 4 kids = 0 type = 1 sort = 0 xyz = -0.507377 9.96985 1.06453 nbonds = 1 nlinks = 5 model = 0
 # 		 uid = 5 atom = 0 btom = 0 ctom = 0 level = 2 kids = 12 type = 2 sort = 1 xyz = 4.06984 7.50378 0.527279 nbonds = 1 nlinks = 2 model = 0
 # 			 uid = 118 atom = 0 btom = 0 ctom = 0 level = 3 kids = 2 type = 2 sort = 0 xyz = 2.448 7.94433 0.919857 nbonds = 1 nlinks = 2 model = 0
 # 				 uid = 123 atom = 87 btom = 87 ctom = 87 resn = 87 level = 4 kids = 0 type = 1 sort = 0 xyz = 2.53552 7.57375 1.21723 nbonds = 1 nlinks = 5 model = 0
 # 				 uid = 124 atom = 88 btom = 88 ctom = 88 resn = 88 level = 4 kids = 0 type = 1 sort = 0 xyz = 2.36047 8.3149 0.622482 nbonds = 1 nlinks = 5 model = 0
 # 			 uid = 119 atom = 0 btom = 0 ctom = 0 level = 3 kids = 2 type = 2 sort = 4 xyz = 3.50767 8.8582 -0.184368 nbonds = 1 nlinks = 2 model = 0
 # 				 uid = 132 atom = 89 btom = 89 ctom = 89 resn = 89 level = 4 kids = 0 type = 1 sort = 4 xyz = 2.32492 7.96555 -0.217068 nbonds = 1 nlinks = 5 model = 0
 # 				 uid = 133 atom = 110 btom = 110 ctom = 110 resn = 133 level = 4 kids = 0 type = 1 sort = 4 xyz = 4.69042 9.75085 -0.151668 nbonds = 1 nlinks = 5 model = 0
 # 			 uid = 120 atom = 0 btom = 0 ctom = 0 level = 3 kids = 2 type = 2 sort = 4 xyz = 3.8937 8.5213 -0.075918 nbonds = 1 nlinks = 2 model = 0
 # 				 uid = 134 atom = 90 btom = 90 ctom = 90 resn = 90 level = 4 kids = 0 type = 1 sort = 4 xyz = 2.97517 7.71835 -0.794718 nbonds = 1 nlinks = 5 model = 0
 # 				 uid = 135 atom = 109 btom = 109 ctom = 109 resn = 132 level = 4 kids = 0 type = 1 sort = 4 xyz = 4.81222 9.32425 0.642882 nbonds = 1 nlinks = 5 model = 0
 # 			 uid = 121 atom = 0 btom = 0 ctom = 0 level = 3 kids = 2 type = 2 sort = 4 xyz = 4.21747 8.19978 0.110307 nbonds = 1 nlinks = 2 model = 0
 # 				 uid = 136 atom = 91 btom = 91 ctom = 91 resn = 91 level = 4 kids = 0 type = 1 sort = 4 xyz = 3.81877 7.58185 -1.03487 nbonds = 1 nlinks = 5 model = 0
 # 				 uid = 137 atom = 108 btom = 108 ctom = 108 resn = 131 level = 4 kids = 0 type = 1 sort = 4 xyz = 4.61617 8.8177 1.25548 nbonds = 1 nlinks = 5 model = 0
 # 			 uid = 122 atom = 0 btom = 0 ctom = 0 level = 3 kids = 2 type = 2 sort = 4 xyz = 4.3056 7.85178 0.451332 nbonds = 1 nlinks = 2 model = 0
 # 				 uid = 138 atom = 92 btom = 92 ctom = 92 resn = 92 level = 4 kids = 0 type = 1 sort = 4 xyz = 4.52842 7.432 -0.847818 nbonds = 1 nlinks = 5 model = 0
 # 				 uid = 139 atom = 107 btom = 107 ctom = 107 resn = 130 level = 4 kids = 0 type = 1 sort = 4 xyz = 4.08277 8.27155 1.75048 nbonds = 1 nlinks = 5 model = 0
 # 			 uid = 125 atom = 0 btom = 0 ctom = 0 level = 3 kids = 2 type = 2 sort = 4 xyz = 4.33717 7.43133 0.854682 nbonds = 1 nlinks = 2 model = 0
 # 				 uid = 140 atom = 93 btom = 93 ctom = 93 resn = 93 level = 4 kids = 0 type = 1 sort = 4 xyz = 5.32417 7.285 -0.206718 nbonds = 1 nlinks = 5 model = 0
 # 				 uid = 141 atom = 106 btom = 106 ctom = 106 resn = 129 level = 4 kids = 0 type = 1 sort = 4 xyz = 3.35017 7.57765 1.91608 nbonds = 1 nlinks = 5 model = 0
 # 			 uid = 126 atom = 0 btom = 0 ctom = 0 level = 3 kids = 2 type = 2 sort = 4 xyz = 4.23412 6.9184 1.02748 nbonds = 1 nlinks = 2 model = 0
 # 				 uid = 142 atom = 94 btom = 94 ctom = 94 resn = 94 level = 4 kids = 0 type = 1 sort = 4 xyz = 5.50402 6.81475 0.594132 nbonds = 1 nlinks = 5 model = 0
 # 				 uid = 143 atom = 105 btom = 105 ctom = 105 resn = 128 level = 4 kids = 0 type = 1 sort = 4 xyz = 2.96422 7.02205 1.46083 nbonds = 1 nlinks = 5 model = 0
 # 			 uid = 127 atom = 0 btom = 0 ctom = 0 level = 3 kids = 2 type = 2 sort = 4 xyz = 4.07992 6.35395 1.06888 nbonds = 1 nlinks = 2 model = 0
 # 				 uid = 144 atom = 95 btom = 95 ctom = 95 resn = 95 level = 4 kids = 0 type = 1 sort = 4 xyz = 5.35777 6.17725 1.38868 nbonds = 1 nlinks = 5 model = 0
 # 				 uid = 145 atom = 104 btom = 104 ctom = 104 resn = 127 level = 4 kids = 0 type = 1 sort = 4 xyz = 2.80207 6.53065 0.749082 nbonds = 1 nlinks = 5 model = 0
 # 			 uid = 128 atom = 0 btom = 0 ctom = 0 level = 3 kids = 2 type = 2 sort = 4 xyz = 3.98302 5.89548 0.965832 nbonds = 1 nlinks = 2 model = 0
 # 				 uid = 146 atom = 96 btom = 96 ctom = 96 resn = 96 level = 4 kids = 0 type = 1 sort = 4 xyz = 4.93432 5.75485 1.89628 nbonds = 1 nlinks = 5 model = 0
 # 				 uid = 147 atom = 103 btom = 103 ctom = 103 resn = 126 level = 4 kids = 0 type = 1 sort = 4 xyz = 3.03172 6.0361 0.035382 nbonds = 1 nlinks = 5 model = 0
 # 			 uid = 129 atom = 0 btom = 0 ctom = 0 level = 3 kids = 3 type = 2 sort = 0 xyz = 4.51177 4.5767 1.80293 nbonds = 1 nlinks = 2 model = 0
 # 				 uid = 148 atom = 97 btom = 97 ctom = 97 resn = 97 level = 4 kids = 0 type = 1 sort = 0 xyz = 4.23892 5.21695 1.75603 nbonds = 1 nlinks = 5 model = 0
 # 				 uid = 149 atom = 98 btom = 98 ctom = 98 resn = 98 level = 4 kids = 0 type = 1 sort = 0 xyz = 4.78867 4.71295 1.68703 nbonds = 1 nlinks = 5 model = 0
 # 				 uid = 150 atom = 99 btom = 99 ctom = 99 resn = 99 level = 4 kids = 0 type = 1 sort = 0 xyz = 4.50772 3.8002 1.96573 nbonds = 1 nlinks = 5 model = 0
 # 			 uid = 130 atom = 0 btom = 0 ctom = 0 level = 3 kids = 3 type = 2 sort = 0 xyz = 4.42292 5.01305 0.0140321 nbonds = 1 nlinks = 2 model = 0
 # 				 uid = 151 atom = 100 btom = 100 ctom = 100 resn = 123 level = 4 kids = 0 type = 1 sort = 0 xyz = 5.13262 4.49155 0.264132 nbonds = 1 nlinks = 5 model = 0
 # 				 uid = 152 atom = 101 btom = 101 ctom = 101 resn = 124 level = 4 kids = 0 type = 1 sort = 0 xyz = 4.42327 5.026 -0.00481796 nbonds = 1 nlinks = 5 model = 0
 # 				 uid = 153 atom = 102 btom = 102 ctom = 102 resn = 125 level = 4 kids = 0 type = 1 sort = 0 xyz = 3.71287 5.5216 -0.217218 nbonds = 1 nlinks = 5 model = 0
 # 			 uid = 131 atom = 0 btom = 0 ctom = 0 level = 3 kids = 5 type = 2 sort = 0 xyz = 2.40118 10.4572 -0.764808 nbonds = 1 nlinks = 2 model = 0
 # 				 uid = 154 atom = 111 btom = 111 ctom = 111 resn = 134 level = 4 kids = 0 type = 1 sort = 0 xyz = 4.01467 9.9499 -0.674568 nbonds = 1 nlinks = 5 model = 0
 # 				 uid = 155 atom = 112 btom = 112 ctom = 112 resn = 135 level = 4 kids = 0 type = 1 sort = 0 xyz = 3.01687 10.0126 -0.847218 nbonds = 1 nlinks = 5 model = 0
 # 				 uid = 156 atom = 113 btom = 113 ctom = 113 resn = 136 level = 4 kids = 0 type = 1 sort = 0 xyz = 2.28682 10.1824 -0.769668 nbonds = 1 nlinks = 5 model = 0
 # 				 uid = 157 atom = 114 btom = 114 ctom = 114 resn = 137 level = 4 kids = 0 type = 1 sort = 0 xyz = 1.70902 10.7274 -0.893268 nbonds = 1 nlinks = 5 model = 0
 # 				 uid = 158 atom = 115 btom = 115 ctom = 115 resn = 138 level = 4 kids = 0 type = 1 sort = 0 xyz = 0.978523 11.4138 -0.639318 nbonds = 1 nlinks = 5 model = 0
 # 		 uid = 6 atom = 0 btom = 0 ctom = 0 level = 2 kids = 10 type = 2 sort = 1 xyz = 4.53087 1.25561 2.28203 nbonds = 1 nlinks = 2 model = 0
 # 			 uid = 159 atom = 0 btom = 0 ctom = 0 level = 3 kids = 2 type = 2 sort = 0 xyz = 4.16895 2.51328 1.67878 nbonds = 1 nlinks = 2 model = 0
 # 				 uid = 163 atom = 116 btom = 116 ctom = 116 resn = 100 level = 4 kids = 0 type = 1 sort = 0 xyz = 4.21252 2.9158 1.97158 nbonds = 1 nlinks = 5 model = 0
 # 				 uid = 164 atom = 117 btom = 117 ctom = 117 resn = 101 level = 4 kids = 0 type = 1 sort = 0 xyz = 4.12537 2.11075 1.38598 nbonds = 1 nlinks = 5 model = 0
 # 			 uid = 160 atom = 0 btom = 0 ctom = 0 level = 3 kids = 2 type = 2 sort = 5 xyz = 5.09115 2.22985 1.74531 nbonds = 1 nlinks = 2 model = 0
 # 				 uid = 171 atom = 118 btom = 118 ctom = 118 resn = 102 level = 4 kids = 0 type = 1 sort = 5 xyz = 4.38952 1.6951 0.709482 nbonds = 1 nlinks = 5 model = 0
 # 				 uid = 172 atom = 135 btom = 135 ctom = 135 resn = 119 level = 4 kids = 0 type = 1 sort = 5 xyz = 5.79277 2.7646 2.78113 nbonds = 1 nlinks = 5 model = 0
 # 			 uid = 161 atom = 0 btom = 0 ctom = 0 level = 3 kids = 2 type = 2 sort = 5 xyz = 5.10622 2.00035 1.90843 nbonds = 1 nlinks = 2 model = 0
 # 				 uid = 173 atom = 119 btom = 119 ctom = 119 resn = 103 level = 4 kids = 0 type = 1 sort = 5 xyz = 5.12542 1.432 0.608532 nbonds = 1 nlinks = 5 model = 0
 # 				 uid = 174 atom = 134 btom = 134 ctom = 134 resn = 118 level = 4 kids = 0 type = 1 sort = 5 xyz = 5.08702 2.5687 3.20833 nbonds = 1 nlinks = 5 model = 0
 # 			 uid = 162 atom = 0 btom = 0 ctom = 0 level = 3 kids = 2 type = 2 sort = 5 xyz = 4.95847 1.70313 2.18428 nbonds = 1 nlinks = 2 model = 0
 # 				 uid = 175 atom = 120 btom = 120 ctom = 120 resn = 104 level = 4 kids = 0 type = 1 sort = 5 xyz = 5.68687 1.0246 1.13458 nbonds = 1 nlinks = 5 model = 0
 # 				 uid = 176 atom = 133 btom = 133 ctom = 133 resn = 117 level = 4 kids = 0 type = 1 sort = 5 xyz = 4.23007 2.38165 3.23398 nbonds = 1 nlinks = 5 model = 0
 # 			 uid = 165 atom = 0 btom = 0 ctom = 0 level = 3 kids = 2 type = 2 sort = 5 xyz = 4.64707 1.36473 2.50648 nbonds = 1 nlinks = 2 model = 0
 # 				 uid = 177 atom = 121 btom = 121 ctom = 121 resn = 105 level = 4 kids = 0 type = 1 sort = 5 xyz = 5.89087 0.706901 2.01553 nbonds = 1 nlinks = 5 model = 0
 # 				 uid = 178 atom = 132 btom = 132 ctom = 132 resn = 116 level = 4 kids = 0 type = 1 sort = 5 xyz = 3.40327 2.02255 2.99743 nbonds = 1 nlinks = 5 model = 0
 # 			 uid = 166 atom = 0 btom = 0 ctom = 0 level = 3 kids = 2 type = 2 sort = 5 xyz = 4.33207 0.973751 2.66713 nbonds = 1 nlinks = 2 model = 0
 # 				 uid = 179 atom = 122 btom = 122 ctom = 122 resn = 106 level = 4 kids = 0 type = 1 sort = 5 xyz = 5.62867 0.406451 2.95258 nbonds = 1 nlinks = 5 model = 0
 # 				 uid = 180 atom = 131 btom = 131 ctom = 131 resn = 115 level = 4 kids = 0 type = 1 sort = 5 xyz = 3.03547 1.54105 2.38168 nbonds = 1 nlinks = 5 model = 0
 # 			 uid = 167 atom = 0 btom = 0 ctom = 0 level = 3 kids = 2 type = 2 sort = 5 xyz = 3.94702 0.519026 2.56048 nbonds = 1 nlinks = 2 model = 0
 # 				 uid = 181 atom = 123 btom = 123 ctom = 123 resn = 107 level = 4 kids = 0 type = 1 sort = 5 xyz = 4.82782 0.0266508 3.42898 nbonds = 1 nlinks = 5 model = 0
 # 				 uid = 182 atom = 130 btom = 130 ctom = 130 resn = 114 level = 4 kids = 0 type = 1 sort = 5 xyz = 3.06622 1.0114 1.69198 nbonds = 1 nlinks = 5 model = 0
 # 			 uid = 168 atom = 0 btom = 0 ctom = 0 level = 3 kids = 2 type = 2 sort = 5 xyz = 3.63405 -0.0015493 2.40208 nbonds = 1 nlinks = 2 model = 0
 # 				 uid = 183 atom = 124 btom = 124 ctom = 124 resn = 108 level = 4 kids = 0 type = 1 sort = 5 xyz = 4.10212 -0.178549 3.73168 nbonds = 1 nlinks = 5 model = 0
 # 				 uid = 184 atom = 129 btom = 129 ctom = 129 resn = 113 level = 4 kids = 0 type = 1 sort = 5 xyz = 3.16597 0.175451 1.07248 nbonds = 1 nlinks = 5 model = 0
 # 			 uid = 169 atom = 0 btom = 0 ctom = 0 level = 3 kids = 4 type = 2 sort = 0 xyz = 3.27735 -0.776674 2.66169 nbonds = 1 nlinks = 2 model = 0
 # 				 uid = 185 atom = 125 btom = 125 ctom = 125 resn = 109 level = 4 kids = 0 type = 1 sort = 0 xyz = 3.30727 -0.539149 3.61198 nbonds = 1 nlinks = 5 model = 0
 # 				 uid = 186 atom = 126 btom = 126 ctom = 126 resn = 110 level = 4 kids = 0 type = 1 sort = 0 xyz = 2.91742 -1.07045 3.09823 nbonds = 1 nlinks = 5 model = 0
 # 				 uid = 187 atom = 127 btom = 127 ctom = 127 resn = 111 level = 4 kids = 0 type = 1 sort = 0 xyz = 3.45652 -0.999499 2.37163 nbonds = 1 nlinks = 5 model = 0
 # 				 uid = 188 atom = 128 btom = 128 ctom = 128 resn = 112 level = 4 kids = 0 type = 1 sort = 0 xyz = 3.42817 -0.497599 1.56493 nbonds = 1 nlinks = 5 model = 0
 # 			 uid = 170 atom = 0 btom = 0 ctom = 0 level = 3 kids = 3 type = 2 sort = 0 xyz = 5.97362 3.6466 1.57238 nbonds = 1 nlinks = 2 model = 0
 # 				 uid = 189 atom = 136 btom = 136 ctom = 136 resn = 120 level = 4 kids = 0 type = 1 sort = 0 xyz = 6.17512 3.0904 2.22568 nbonds = 1 nlinks = 5 model = 0
 # 				 uid = 190 atom = 137 btom = 137 ctom = 137 resn = 121 level = 4 kids = 0 type = 1 sort = 0 xyz = 6.04822 3.68305 1.62328 nbonds = 1 nlinks = 5 model = 0
 # 				 uid = 191 atom = 138 btom = 138 ctom = 138 resn = 122 level = 4 kids = 0 type = 1 sort = 0 xyz = 5.69752 4.16635 0.868182 nbonds = 1 nlinks = 5 model = 0
 Reset  Cell::world->xyz = 0 0 0
Pre-sorting XYZ lists
Rough sort done
Sorting X
Sorting Y
Sorting Z
XYZ lists sorted
 No viewing 
Starting sorter 
Starting mover
Starting bumper 
Starting linker 
Starting fixers 
Starting looker 
Starting driver
 world->idata[i] = 992
 world->idata[i] = 501
 world->idata[i] = 1011
 world->idata[i] = 1013
 world->idata[i] = 9891
