using 40 pairs and 10 models


move = 0
Running with 24 true pairs
Running with 40 pred pairs
Running with 40 grem pairs
Unsmoothed
  3.666
  3.265
  2.482
Smoothed1x
  3.241
  2.788
  2.010
Smoothed2x
  3.062
  2.601
  1.828

move = 2
Running with 24 true pairs
Running with 40 pred pairs
Running with 40 grem pairs
Unsmoothed
  5.800
  5.615
  4.605
Smoothed1x
  5.327
  5.113
  4.129
Smoothed2x
  5.084
  4.862
  3.894

move = 4
Running with 24 true pairs
Running with 40 pred pairs
Running with 40 grem pairs
Unsmoothed
  8.594
  7.545
  5.571
Smoothed1x
  8.172
  7.077
  5.083
Smoothed2x
  7.923
  6.817
  4.819

move = 6
Running with 24 true pairs
Running with 40 pred pairs
Running with 40 grem pairs
Unsmoothed
 10.192
  9.647
  6.689
Smoothed1x
  9.704
  9.115
  6.179
Smoothed2x
  9.394
  8.787
  5.873

move = 8
Running with 24 true pairs
Running with 40 pred pairs
Running with 40 grem pairs
Unsmoothed
 11.636
 12.610
  6.250
Smoothed1x
 11.158
 12.143
  5.734
Smoothed2x
 10.853
 11.854
  5.448

move = 10
Running with 24 true pairs
Running with 40 pred pairs
Running with 40 grem pairs
Unsmoothed
 11.488
 11.108
  6.797
Smoothed1x
 11.051
 10.582
  6.251
Smoothed2x
 10.772
 10.252
  5.925
