 Running at  speed = 1 Data::delay = 0.1
 line = SCALE 0.15
Reading parameters from stem.model
    0     1     2     2     1     0     0     0     0     0 
 9999   150    30     5     5     0     0     0     0     0 
    0     0    30   -10    10     0     0     0     0     0 
    0     0     2     2     5     0     0     0     0     0 
    0     0     1     1     1     0     0     0     0     0 
    0     0     0     0     0     0     0     0     0     0 
    0     1     2     5     0     0     0     0     0     0 
    0     0     0    10     5     0     0     0     0     0 
    0     0    20    50   100     0     0     0     0     0 
    0     0    10    20   100     0     0     0     0     0 
End of parameters

 Read  nmodels = 1
Model 0 is nucleic with  Data::bondPP = 1
 #  line = GROUP 0 1
 # set GROUP  sort = 0 n = 1 level = 0 at[level] = 0 cell->uid = 0
 #  line = INPUT stems.dat
 # Reading file stems.dat
 #  deep = 1
 #  line = GROUP 0 6
 # set GROUP  sort = 0 n = 6 level = 1 at[level] = 0 cell->uid = 1
 #  line = GROUP -1 3    -7.4  29.9  14.9      9.9  30.8  13.9
 # set GROUP  sort = -1 n = 3 level = 2 at[level] = 0 cell->uid = 2
 # Axis ends read  v = 1.2975 0.0675 -0.075 cell->ends = -1
 #  line = DOUBL 1 8
 set BPAIR  sort = 1 n = 8 level = 3 at[level] = 0 cell->uid = 8
 #  line = ATOM      1  P     G A   1      -5.724  37.531  17.242  1.00  0.00
 # set ATOM  level = 3 at[level] = 0 cell->uid = 8
 #  line = ATOM      2  P     G A   2      -4.003  32.903  21.851  1.00  0.00
 # set ATOM  level = 3 at[level] = 1 cell->uid = 9
 #  line = ATOM      3  P     G A   3      -3.147  27.381  23.375  1.00  0.00
 # set ATOM  level = 3 at[level] = 2 cell->uid = 10
 #  line = ATOM      4  P     G A   4      -1.286  22.358  21.954  1.00  0.00
 # set ATOM  level = 3 at[level] = 3 cell->uid = 11
 #  line = ATOM      5  P     G A   5       2.000  19.404  17.624  1.00  0.00
 # set ATOM  level = 3 at[level] = 4 cell->uid = 12
 #  line = ATOM      6  P     G A   6       6.054  19.892  12.580  1.00  0.00
 # set ATOM  level = 3 at[level] = 5 cell->uid = 13
 #  line = ATOM      7  P     G A   7       9.765  21.243   8.742  1.00  0.00
 # set ATOM  level = 3 at[level] = 6 cell->uid = 14
 #  line = ATOM      8  P     G A   8      13.906  25.392   5.814  1.00  0.00
 # set ATOM  level = 3 at[level] = 7 cell->uid = 15
 #  line = GROUP 0 4
 # EoG  level = 3 cell->uid = 15 moves[level].set = 0
 # End of Cell  cell->level = 3 cell->id = 7 cell->uid = 15 cell->kids = 2 cell->ends = 0
 # Next  cell->uid = 16 last = T have = G
 # set GROUP  sort = 0 n = 4 level = 3 at[level] = 8 cell->uid = 16
 #  line = ATOM      9  P     G A   9      16.917  29.993   6.607  1.00  0.00
 # set ATOM  level = 4 at[level] = 0 cell->uid = 34
 #  line = ATOM     10  P     G A  10      20.152  32.747  10.191  1.00  0.00
 # set ATOM  level = 4 at[level] = 1 cell->uid = 35
 #  line = ATOM     11  P     G A  11      25.292  35.159   7.492  1.00  0.00
 # set ATOM  level = 4 at[level] = 2 cell->uid = 36
 #  line = ATOM     12  P     G A  12      29.322  38.333   4.632  1.00  0.00
 # set ATOM  level = 4 at[level] = 3 cell->uid = 37
 #  line = GROUP 0 6
 # EoG  level = 3 cell->uid = 16 moves[level].set = 0
 # End of Cell  cell->level = 3 cell->id = 8 cell->uid = 16 cell->kids = 4 cell->ends = 0
 # Next  cell->uid = 17 last = T have = G
 # set GROUP  sort = 0 n = 6 level = 3 at[level] = 9 cell->uid = 17
 #  line = ATOM     99  P     G A  99      27.545  21.041  18.803  1.00  0.00
 # set ATOM  level = 4 at[level] = 0 cell->uid = 38
 #  line = ATOM    100  P     G A 100      27.482  22.517  12.127  1.00  0.00
 # set ATOM  level = 4 at[level] = 1 cell->uid = 39
 #  line = ATOM    101  P     G A 101      21.417  22.293  12.567  1.00  0.00
 # set ATOM  level = 4 at[level] = 2 cell->uid = 40
 #  line = ATOM    102  P     G A 102      18.227  22.893  17.079  1.00  0.00
 # set ATOM  level = 4 at[level] = 3 cell->uid = 41
 #  line = ATOM    103  P     G A 103      15.135  26.096  20.438  1.00  0.00
 # set ATOM  level = 4 at[level] = 4 cell->uid = 42
 #  line = ATOM    104  P     G A 104      12.592  31.681  21.626  1.00  0.00
 # set ATOM  level = 4 at[level] = 5 cell->uid = 43
 #  line = DOUBL -1 8
 # EoG  level = 3 cell->uid = 17 moves[level].set = 0
 # End of Cell  cell->level = 3 cell->id = 9 cell->uid = 17 cell->kids = 6 cell->ends = 0
 # Next  cell->uid = 17 last = T have = D
 Complementary strand found 
 #  line = ATOM    105  P     G A 105      10.179  36.512  21.632  1.00  0.00
 # set ATOM  level = 3 at[level] = 7 cell->uid = 15
 #  line = ATOM    106  P     G A 106       7.109  38.270  15.772  1.00  0.00
 # set ATOM  level = 3 at[level] = 6 cell->uid = 14
 #  line = ATOM    107  P     G A 107       4.808  37.929  10.281  1.00  0.00
 # set ATOM  level = 3 at[level] = 5 cell->uid = 13
 #  line = ATOM    108  P     G A 108       1.430  34.811   6.438  1.00  0.00
 # set ATOM  level = 3 at[level] = 4 cell->uid = 12
 #  line = ATOM    109  P     G A 109      -1.885  29.595   4.910  1.00  0.00
 # set ATOM  level = 3 at[level] = 3 cell->uid = 11
 #  line = ATOM    110  P     G A 110      -5.330  25.288   5.664  1.00  0.00
 # set ATOM  level = 3 at[level] = 2 cell->uid = 10
 #  line = ATOM    111  P     G A 111      -9.341  21.812   8.227  1.00  0.00
 # set ATOM  level = 3 at[level] = 1 cell->uid = 9
 #  line = ATOM    112  P     G A 112     -13.316  22.087  12.907  1.00  0.00
 # set ATOM  level = 3 at[level] = 0 cell->uid = 8
 #  line = GROUP -1 3    46.1  46.4   6.8     49.0  44.5   9.0
 # EoG  level = 3 cell->uid = 17 moves[level].set = 0
 # End of Cell  cell->level = 3 cell->id = 9 cell->uid = 17 cell->kids = 6 cell->ends = 0
 # EoG  level = 2 cell->uid = 2 moves[level].set = 0
 # End of Cell  cell->level = 2 cell->id = 0 cell->uid = 2 cell->kids = 10 cell->ends = -1
 # Next  cell->uid = 3 last = T have = G
 # set GROUP  sort = -1 n = 3 level = 2 at[level] = 1 cell->uid = 3
 # Axis ends read  v = 0.2175 -0.1425 0.165 cell->ends = -1
 #  line = GROUP 0 2
 # set GROUP  sort = 0 n = 2 level = 3 at[level] = 0 cell->uid = 44
 #  line = ATOM     13  P     G A  13      35.158  40.191   4.144  1.00  0.00
 # set ATOM  level = 4 at[level] = 0 cell->uid = 47
 #  line = ATOM     14  P     G A  14      40.817  39.838   2.945  1.00  0.00
 # set ATOM  level = 4 at[level] = 1 cell->uid = 48
 #  line = DOUBL 2 3
 # EoG  level = 3 cell->uid = 44 moves[level].set = 0
 # End of Cell  cell->level = 3 cell->id = 0 cell->uid = 44 cell->kids = 2 cell->ends = 0
 # Next  cell->uid = 45 last = T have = D
 set BPAIR  sort = 2 n = 3 level = 3 at[level] = 1 cell->uid = 45
 #  line = ATOM     15  P     G A  15      44.383  41.651  -1.106  1.00  0.00
 # set ATOM  level = 3 at[level] = 1 cell->uid = 45
 #  line = ATOM     16  P     G A  16      49.363  44.400  -1.065  1.00  0.00
 # set ATOM  level = 3 at[level] = 2 cell->uid = 46
 #  line = ATOM     17  P     G A  17      54.146  46.127   1.838  1.00  0.00
 # set ATOM  level = 3 at[level] = 3 cell->uid = 49
 #  line = GROUP 0 7
 # EoG  level = 3 cell->uid = 49 moves[level].set = 0
 # End of Cell  cell->level = 3 cell->id = 3 cell->uid = 49 cell->kids = 2 cell->ends = 0
 # Next  cell->uid = 50 last = T have = G
 # set GROUP  sort = 0 n = 7 level = 3 at[level] = 4 cell->uid = 50
 #  line = ATOM     18  P     G A  18      57.999  45.955   6.121  1.00  0.00
 # set ATOM  level = 4 at[level] = 0 cell->uid = 57
 #  line = ATOM     19  P     G A  19      60.790  43.049   9.970  1.00  0.00
 # set ATOM  level = 4 at[level] = 1 cell->uid = 58
 #  line = ATOM     20  P     G A  20      61.980  37.999  11.274  1.00  0.00
 # set ATOM  level = 4 at[level] = 2 cell->uid = 59
 #  line = ATOM     21  P     G A  21      57.812  35.394   8.852  1.00  0.00
 # set ATOM  level = 4 at[level] = 3 cell->uid = 60
 #  line = ATOM     22  P     G A  22      52.012  34.121   9.486  1.00  0.00
 # set ATOM  level = 4 at[level] = 4 cell->uid = 61
 #  line = ATOM     23  P     G A  23      46.834  34.573   9.970  1.00  0.00
 # set ATOM  level = 4 at[level] = 5 cell->uid = 62
 #  line = ATOM     24  P     G A  24      45.195  40.183  11.093  1.00  0.00
 # set ATOM  level = 4 at[level] = 6 cell->uid = 63
 #  line = DOUBL -2 3
 # EoG  level = 3 cell->uid = 50 moves[level].set = 0
 # End of Cell  cell->level = 3 cell->id = 4 cell->uid = 50 cell->kids = 7 cell->ends = 0
 # Next  cell->uid = 50 last = T have = D
 Complementary strand found 
 #  line = ATOM     25  P     G A  25      44.645  42.442  16.784  1.00  0.00
 # set ATOM  level = 3 at[level] = 3 cell->uid = 49
 #  line = ATOM     26  P     G A  26      47.014  47.144  17.062  1.00  0.00
 # set ATOM  level = 3 at[level] = 2 cell->uid = 46
 #  line = ATOM     27  P     G A  27      47.176  51.653  14.246  1.00  0.00
 # set ATOM  level = 3 at[level] = 1 cell->uid = 45
 #  line = GROUP -1 4    41.4  47.6  13.9     41.5  42.7  12.0
 # EoG  level = 3 cell->uid = 50 moves[level].set = 0
 # End of Cell  cell->level = 3 cell->id = 4 cell->uid = 50 cell->kids = 7 cell->ends = 0
 # EoG  level = 2 cell->uid = 3 moves[level].set = 0
 # End of Cell  cell->level = 2 cell->id = 1 cell->uid = 3 cell->kids = 5 cell->ends = -1
 # Next  cell->uid = 4 last = T have = G
 # set GROUP  sort = -1 n = 4 level = 2 at[level] = 2 cell->uid = 4
 # Axis ends read  v = 0.00749989 -0.3675 -0.1425 cell->ends = -1
 #  line = DOUBL 3 3
 set BPAIR  sort = 3 n = 3 level = 3 at[level] = 0 cell->uid = 64
 #  line = ATOM     28  P     G A  28      44.661  54.820  10.076  1.00  0.00
 # set ATOM  level = 3 at[level] = 0 cell->uid = 64
 #  line = ATOM     29  P     G A  29      39.756  53.226   5.808  1.00  0.00
 # set ATOM  level = 3 at[level] = 1 cell->uid = 65
 #  line = ATOM     30  P     G A  30      35.401  50.188   3.572  1.00  0.00
 # set ATOM  level = 3 at[level] = 2 cell->uid = 66
 #  line = GROUP 0 2
 # EoG  level = 3 cell->uid = 66 moves[level].set = 0
 # End of Cell  cell->level = 3 cell->id = 2 cell->uid = 66 cell->kids = 2 cell->ends = 0
 # Next  cell->uid = 67 last = T have = G
 # set GROUP  sort = 0 n = 2 level = 3 at[level] = 3 cell->uid = 67
 #  line = ATOM     31  P     G A  31      30.360  47.008   4.434  1.00  0.00
 # set ATOM  level = 4 at[level] = 0 cell->uid = 76
 #  line = ATOM     32  P     G A  32      25.715  45.116   6.667  1.00  0.00
 # set ATOM  level = 4 at[level] = 1 cell->uid = 77
 #  line = GROUP 0 6
 # EoG  level = 3 cell->uid = 67 moves[level].set = 0
 # End of Cell  cell->level = 3 cell->id = 3 cell->uid = 67 cell->kids = 2 cell->ends = 0
 # Next  cell->uid = 68 last = T have = G
 # set GROUP  sort = 0 n = 6 level = 3 at[level] = 4 cell->uid = 68
 #  line = ATOM     85  P     G A  85      33.347  40.750  21.983  1.00  0.00
 # set ATOM  level = 4 at[level] = 0 cell->uid = 78
 #  line = ATOM     86  P     G A  86      34.981  37.295  26.113  1.00  0.00
 # set ATOM  level = 4 at[level] = 1 cell->uid = 79
 #  line = ATOM     87  P     G A  87      37.587  32.254  27.260  1.00  0.00
 # set ATOM  level = 4 at[level] = 2 cell->uid = 80
 #  line = ATOM     88  P     G A  88      41.543  28.653  25.348  1.00  0.00
 # set ATOM  level = 4 at[level] = 3 cell->uid = 81
 #  line = ATOM     89  P     G A  89      45.777  27.223  22.283  1.00  0.00
 # set ATOM  level = 4 at[level] = 4 cell->uid = 82
 #  line = ATOM     90  P     G A  90      50.210  29.863  19.189  1.00  0.00
 # set ATOM  level = 4 at[level] = 5 cell->uid = 83
 #  line = DOUBL -3 3
 # EoG  level = 3 cell->uid = 68 moves[level].set = 0
 # End of Cell  cell->level = 3 cell->id = 4 cell->uid = 68 cell->kids = 6 cell->ends = 0
 # Next  cell->uid = 68 last = T have = D
 Complementary strand found 
 #  line = ATOM     91  P     G A  91      47.704  34.053  19.978  1.00  0.00
 # set ATOM  level = 3 at[level] = 2 cell->uid = 66
 #  line = ATOM     92  P     G A  92      42.445  38.285  21.288  1.00  0.00
 # set ATOM  level = 3 at[level] = 1 cell->uid = 65
 #  line = ATOM     93  P     G A  93      38.215  41.583  18.180  1.00  0.00
 # set ATOM  level = 3 at[level] = 0 cell->uid = 64
 #  line = GROUP 0 5
 # EoG  level = 3 cell->uid = 68 moves[level].set = 0
 # End of Cell  cell->level = 3 cell->id = 4 cell->uid = 68 cell->kids = 6 cell->ends = 0
 # Next  cell->uid = 69 last = T have = G
 # set GROUP  sort = 0 n = 5 level = 3 at[level] = 5 cell->uid = 69
 #  line = ATOM     94  P     G A  94      35.902  37.838  15.395  1.00  0.00
 # set ATOM  level = 4 at[level] = 0 cell->uid = 84
 #  line = ATOM     95  P     G A  95      34.745  35.070   9.621  1.00  0.00
 # set ATOM  level = 4 at[level] = 1 cell->uid = 85
 #  line = ATOM     96  P     G A  96      36.050  29.865   9.327  1.00  0.00
 # set ATOM  level = 4 at[level] = 2 cell->uid = 86
 #  line = ATOM     97  P     G A  97      34.811  25.276  11.846  1.00  0.00
 # set ATOM  level = 4 at[level] = 3 cell->uid = 87
 #  line = ATOM     98  P     G A  98      31.881  22.459  15.621  1.00  0.00
 # set ATOM  level = 4 at[level] = 4 cell->uid = 88
 #  line = GROUP -1 3    17.6  44.2  20.0     15.0  49.0  19.3
 # EoG  level = 3 cell->uid = 69 moves[level].set = 0
 # End of Cell  cell->level = 3 cell->id = 5 cell->uid = 69 cell->kids = 5 cell->ends = 0
 # EoG  level = 2 cell->uid = 4 moves[level].set = 0
 # End of Cell  cell->level = 2 cell->id = 2 cell->uid = 4 cell->kids = 6 cell->ends = -1
 # Next  cell->uid = 5 last = T have = G
 # set GROUP  sort = -1 n = 3 level = 2 at[level] = 3 cell->uid = 5
 # Axis ends read  v = -0.195 0.36 -0.0525001 cell->ends = -1
 #  line = DOUBL 4 4
 set BPAIR  sort = 4 n = 4 level = 3 at[level] = 0 cell->uid = 89
 #  line = ATOM     33  P     G A  33      21.143  43.938  11.844  1.00  0.00
 # set ATOM  level = 3 at[level] = 0 cell->uid = 89
 #  line = ATOM     34  P     G A  34      16.504  40.872  11.575  1.00  0.00
 # set ATOM  level = 3 at[level] = 1 cell->uid = 90
 #  line = ATOM     35  P     G A  35      11.380  41.838  13.940  1.00  0.00
 # set ATOM  level = 3 at[level] = 2 cell->uid = 91
 #  line = ATOM     36  P     G A  36       7.520  45.543  15.692  1.00  0.00
 # set ATOM  level = 3 at[level] = 3 cell->uid = 92
 #  line = GROUP 0 6
 # EoG  level = 3 cell->uid = 92 moves[level].set = 0
 # End of Cell  cell->level = 3 cell->id = 3 cell->uid = 92 cell->kids = 2 cell->ends = 0
 # Next  cell->uid = 93 last = T have = G
 # set GROUP  sort = 0 n = 6 level = 3 at[level] = 4 cell->uid = 93
 #  line = ATOM     37  P     G A  37       5.589  50.630  16.334  1.00  0.00
 # set ATOM  level = 4 at[level] = 0 cell->uid = 103
 #  line = ATOM     38  P     G A  38       5.305  55.877  15.374  1.00  0.00
 # set ATOM  level = 4 at[level] = 1 cell->uid = 104
 #  line = ATOM     39  P     G A  39       9.823  54.611  12.549  1.00  0.00
 # set ATOM  level = 4 at[level] = 2 cell->uid = 105
 #  line = ATOM     40  P     G A  40      15.218  51.106  10.697  1.00  0.00
 # set ATOM  level = 4 at[level] = 3 cell->uid = 106
 #  line = ATOM     41  P     G A  41      21.141  50.588  12.345  1.00  0.00
 # set ATOM  level = 4 at[level] = 4 cell->uid = 107
 #  line = ATOM     42  P     G A  42      20.763  50.673  17.555  1.00  0.00
 # set ATOM  level = 4 at[level] = 5 cell->uid = 108
 #  line = DOUBL -4 4
 # EoG  level = 3 cell->uid = 93 moves[level].set = 0
 # End of Cell  cell->level = 3 cell->id = 4 cell->uid = 93 cell->kids = 6 cell->ends = 0
 # Next  cell->uid = 93 last = T have = D
 Complementary strand found 
 #  line = ATOM     43  P     G A  43      21.815  53.715  22.730  1.00  0.00
 # set ATOM  level = 3 at[level] = 3 cell->uid = 92
 #  line = ATOM     44  P     G A  44      18.251  53.143  26.409  1.00  0.00
 # set ATOM  level = 3 at[level] = 2 cell->uid = 91
 #  line = ATOM     45  P     G A  45      15.102  49.308  28.822  1.00  0.00
 # set ATOM  level = 3 at[level] = 1 cell->uid = 90
 #  line = ATOM     46  P     G A  46      14.799  43.148  28.221  1.00  0.00
 # set ATOM  level = 3 at[level] = 0 cell->uid = 89
 #  line = GROUP 0 3
 # EoG  level = 3 cell->uid = 93 moves[level].set = 0
 # End of Cell  cell->level = 3 cell->id = 4 cell->uid = 93 cell->kids = 6 cell->ends = 0
 # Next  cell->uid = 94 last = T have = G
 # set GROUP  sort = 0 n = 3 level = 3 at[level] = 5 cell->uid = 94
 #  line = ATOM     47  P     G A  47      15.922  37.780  26.963  1.00  0.00
 # set ATOM  level = 4 at[level] = 0 cell->uid = 109
 #  line = ATOM     48  P     G A  48      19.153  33.180  25.480  1.00  0.00
 # set ATOM  level = 4 at[level] = 1 cell->uid = 110
 #  line = ATOM     49  P     G A  49      23.831  30.002  24.912  1.00  0.00
 # set ATOM  level = 4 at[level] = 2 cell->uid = 111
 #  line = GROUP -1 3    22.7  34.3  33.2     18.7  30.8  35.8
 # EoG  level = 3 cell->uid = 94 moves[level].set = 0
 # End of Cell  cell->level = 3 cell->id = 5 cell->uid = 94 cell->kids = 3 cell->ends = 0
 # EoG  level = 2 cell->uid = 5 moves[level].set = 0
 # End of Cell  cell->level = 2 cell->id = 3 cell->uid = 5 cell->kids = 6 cell->ends = -1
 # Next  cell->uid = 6 last = T have = G
 # set GROUP  sort = -1 n = 3 level = 2 at[level] = 4 cell->uid = 6
 # Axis ends read  v = -0.3 -0.2625 0.195 cell->ends = -1
 #  line = DOUBL 5 3
 set BPAIR  sort = 5 n = 3 level = 3 at[level] = 0 cell->uid = 112
 #  line = ATOM     50  P     G A  50      28.214  28.782  27.953  1.00  0.00
 # set ATOM  level = 3 at[level] = 0 cell->uid = 112
 #  line = ATOM     51  P     G A  51      29.247  28.418  33.515  1.00  0.00
 # set ATOM  level = 3 at[level] = 1 cell->uid = 113
 #  line = ATOM     52  P     G A  52      27.228  28.281  38.961  1.00  0.00
 # set ATOM  level = 3 at[level] = 2 cell->uid = 114
 #  line = GROUP 0 4
 # EoG  level = 3 cell->uid = 114 moves[level].set = 0
 # End of Cell  cell->level = 3 cell->id = 2 cell->uid = 114 cell->kids = 2 cell->ends = 0
 # Next  cell->uid = 115 last = T have = G
 # set GROUP  sort = 0 n = 4 level = 3 at[level] = 3 cell->uid = 115
 #  line = ATOM     53  P     G A  53      22.509  26.926  42.308  1.00  0.00
 # set ATOM  level = 4 at[level] = 0 cell->uid = 123
 #  line = ATOM     54  P     G A  54      17.692  24.344  43.012  1.00  0.00
 # set ATOM  level = 4 at[level] = 1 cell->uid = 124
 #  line = ATOM     55  P     G A  55      15.122  24.136  37.683  1.00  0.00
 # set ATOM  level = 4 at[level] = 2 cell->uid = 125
 #  line = ATOM     56  P     G A  56      10.989  27.602  34.369  1.00  0.00
 # set ATOM  level = 4 at[level] = 3 cell->uid = 126
 #  line = DOUBL -5 3
 # EoG  level = 3 cell->uid = 115 moves[level].set = 0
 # End of Cell  cell->level = 3 cell->id = 3 cell->uid = 115 cell->kids = 4 cell->ends = 0
 # Next  cell->uid = 115 last = T have = D
 Complementary strand found 
 #  line = ATOM     57  P     G A  57       9.110  32.537  33.345  1.00  0.00
 # set ATOM  level = 3 at[level] = 2 cell->uid = 114
 #  line = ATOM     58  P     G A  58      13.908  37.746  34.991  1.00  0.00
 # set ATOM  level = 3 at[level] = 1 cell->uid = 113
 #  line = ATOM     59  P     G A  59      18.196  40.737  37.695  1.00  0.00
 # set ATOM  level = 3 at[level] = 0 cell->uid = 112
 #  line = GROUP 0 4
 # EoG  level = 3 cell->uid = 115 moves[level].set = 0
 # End of Cell  cell->level = 3 cell->id = 3 cell->uid = 115 cell->kids = 4 cell->ends = 0
 # Next  cell->uid = 116 last = T have = G
 # set GROUP  sort = 0 n = 4 level = 3 at[level] = 4 cell->uid = 116
 #  line = ATOM     60  P     G A  60      23.079  42.827  37.317  1.00  0.00
 # set ATOM  level = 4 at[level] = 0 cell->uid = 127
 #  line = ATOM     61  P     G A  61      26.707  44.186  33.189  1.00  0.00
 # set ATOM  level = 4 at[level] = 1 cell->uid = 128
 #  line = ATOM     62  P     G A  62      27.019  45.370  28.306  1.00  0.00
 # set ATOM  level = 4 at[level] = 2 cell->uid = 129
 #  line = ATOM     63  P     G A  63      29.151  50.774  26.786  1.00  0.00
 # set ATOM  level = 4 at[level] = 3 cell->uid = 130
 #  line = GROUP -1 3    30.0  60.2  15.2     20.9  64.7  11.6
 # EoG  level = 3 cell->uid = 116 moves[level].set = 0
 # End of Cell  cell->level = 3 cell->id = 4 cell->uid = 116 cell->kids = 4 cell->ends = 0
 # EoG  level = 2 cell->uid = 6 moves[level].set = 0
 # End of Cell  cell->level = 2 cell->id = 4 cell->uid = 6 cell->kids = 5 cell->ends = -1
 # Next  cell->uid = 7 last = T have = G
 # set GROUP  sort = -1 n = 3 level = 2 at[level] = 5 cell->uid = 7
 # Axis ends read  v = -0.6825 0.3375 -0.27 cell->ends = -1
 #  line = DOUBL 6 5
 set BPAIR  sort = 6 n = 5 level = 3 at[level] = 0 cell->uid = 131
 #  line = ATOM     64  P     G A  64      28.702  56.039  23.937  1.00  0.00
 # set ATOM  level = 3 at[level] = 0 cell->uid = 131
 #  line = ATOM     65  P     G A  65      25.739  60.600  23.272  1.00  0.00
 # set ATOM  level = 3 at[level] = 1 cell->uid = 132
 #  line = ATOM     66  P     G A  66      24.387  66.836  20.607  1.00  0.00
 # set ATOM  level = 3 at[level] = 2 cell->uid = 133
 #  line = ATOM     67  P     G A  67      23.648  71.379  17.176  1.00  0.00
 # set ATOM  level = 3 at[level] = 3 cell->uid = 134
 #  line = ATOM     68  P     G A  68      20.880  73.729  12.436  1.00  0.00
 # set ATOM  level = 3 at[level] = 4 cell->uid = 135
 #  line = GROUP 0 7
 # EoG  level = 3 cell->uid = 135 moves[level].set = 0
 # End of Cell  cell->level = 3 cell->id = 4 cell->uid = 135 cell->kids = 2 cell->ends = 0
 # Next  cell->uid = 136 last = T have = G
 # set GROUP  sort = 0 n = 7 level = 3 at[level] = 5 cell->uid = 136
 #  line = ATOM     69  P     G A  69      16.771  73.826   8.798  1.00  0.00
 # set ATOM  level = 4 at[level] = 0 cell->uid = 148
 #  line = ATOM     70  P     G A  70      11.357  72.972   7.483  1.00  0.00
 # set ATOM  level = 4 at[level] = 1 cell->uid = 149
 #  line = ATOM     71  P     G A  71       6.006  71.515   9.753  1.00  0.00
 # set ATOM  level = 4 at[level] = 2 cell->uid = 150
 #  line = ATOM     72  P     G A  72       8.347  69.516  14.744  1.00  0.00
 # set ATOM  level = 4 at[level] = 3 cell->uid = 151
 #  line = ATOM     73  P     G A  73      11.020  64.781  17.517  1.00  0.00
 # set ATOM  level = 4 at[level] = 4 cell->uid = 152
 #  line = ATOM     74  P     G A  74      14.500  60.990  18.406  1.00  0.00
 # set ATOM  level = 4 at[level] = 5 cell->uid = 153
 #  line = ATOM     75  P     G A  75      18.774  60.416  14.721  1.00  0.00
 # set ATOM  level = 4 at[level] = 6 cell->uid = 154
 #  line = DOUBL -6 5
 # EoG  level = 3 cell->uid = 136 moves[level].set = 0
 # End of Cell  cell->level = 3 cell->id = 5 cell->uid = 136 cell->kids = 7 cell->ends = 0
 # Next  cell->uid = 136 last = T have = D
 Complementary strand found 
 #  line = ATOM     76  P     G A  76      18.593  56.862   9.977  1.00  0.00
 # set ATOM  level = 3 at[level] = 4 cell->uid = 135
 #  line = ATOM     77  P     G A  77      19.506  58.579   4.859  1.00  0.00
 # set ATOM  level = 3 at[level] = 3 cell->uid = 134
 #  line = ATOM     78  P     G A  78      23.459  61.737   2.682  1.00  0.00
 # set ATOM  level = 3 at[level] = 2 cell->uid = 133
 #  line = ATOM     79  P     G A  79      28.748  63.439   3.802  1.00  0.00
 # set ATOM  level = 3 at[level] = 1 cell->uid = 132
 #  line = ATOM     80  P     G A  80      33.598  63.255   7.295  1.00  0.00
 # set ATOM  level = 3 at[level] = 0 cell->uid = 131
 #  line = GROUP 0 4
 # EoG  level = 3 cell->uid = 136 moves[level].set = 0
 # End of Cell  cell->level = 3 cell->id = 5 cell->uid = 136 cell->kids = 7 cell->ends = 0
 # Next  cell->uid = 137 last = T have = G
 # set GROUP  sort = 0 n = 4 level = 3 at[level] = 6 cell->uid = 137
 #  line = ATOM     81  P     G A  81      36.545  61.126  12.349  1.00  0.00
 # set ATOM  level = 4 at[level] = 0 cell->uid = 155
 #  line = ATOM     82  P     G A  82      36.552  56.666  16.913  1.00  0.00
 # set ATOM  level = 4 at[level] = 1 cell->uid = 156
 #  line = ATOM     83  P     G A  83      35.259  52.034  20.664  1.00  0.00
 # set ATOM  level = 4 at[level] = 2 cell->uid = 157
 #  line = ATOM     84  P     G A  84      33.964  46.804  22.445  1.00  0.00
 # set ATOM  level = 4 at[level] = 3 cell->uid = 158
 #  line = TER
 # teratoms zeroed by TER command
  #  line = REBOND pdbid 12 13
 #  line = REBOND pdbid 32 33
 #  line = REBOND pdbid 98 99
 #  line = REBOND pdbid 84 85
 #  line = RETERM pdbid 1 112
 # EoF 
 # Moved back to previous file 
 #  line = LINKS pdbid pairs.dat
 # Linking by PDB resid numbers
 # reading: pairs.dat
 # Cell 138 linked to cell 139  (0 9999)  PDBids = 64 to 80   dist = 2.818235
 # Cell 140 linked to cell 141  (0 9996)  PDBids = 65 to 79   dist = 2.985697
 # Cell 142 linked to cell 143  (0 9992)  PDBids = 66 to 78   dist = 2.798884
 # Cell 51 linked to cell 52  (0 9985)  PDBids = 15 to 27   dist = 2.780163
 # Cell 108 linked to cell 155  (0 9977)  PDBids = 42 to 81   dist = 2.944891
 # Cell 80 linked to cell 86  (0 9967)  PDBids = 87 to 96   dist = 2.723490
 # Cell 26 linked to cell 27  (0 9956)  PDBids = 5 to 108   dist = 2.857203
 # Cell 97 linked to cell 98  (0 9943)  PDBids = 34 to 45   dist = 2.887610
 # Cell 24 linked to cell 25  (0 9927)  PDBids = 4 to 109   dist = 2.778974
 # Cell 22 linked to cell 23  (0 9911)  PDBids = 3 to 110   dist = 2.695103
 # Cell 144 linked to cell 145  (0 9892)  PDBids = 67 to 77   dist = 2.736029
 # Cell 48 linked to cell 70  (0 9872)  PDBids = 14 to 28   dist = 2.554795
 # Cell 99 linked to cell 100  (0 9850)  PDBids = 35 to 44   dist = 2.726906
 # Cell 119 linked to cell 120  (0 9826)  PDBids = 51 to 58   dist = 2.701979
 # Cell 76 linked to cell 158  (0 9801)  PDBids = 31 to 84   dist = 2.755376
 # Cell 117 linked to cell 118  (0 9774)  PDBids = 50 to 59   dist = 2.758487
 # Cell 53 linked to cell 54  (0 9745)  PDBids = 16 to 26   dist = 2.772508
 # Cell 32 linked to cell 33  (0 9714)  PDBids = 8 to 105   dist = 2.953721
 # Cell 28 linked to cell 29  (0 9682)  PDBids = 6 to 107   dist = 2.733835
 # Cell 20 linked to cell 21  (0 9649)  PDBids = 2 to 111   dist = 2.754116
 # Cell 30 linked to cell 31  (0 9613)  PDBids = 7 to 106   dist = 2.791749
 # Cell 34 linked to cell 42  (0 9577)  PDBids = 9 to 103   dist = 2.171939
 # Cell 47 linked to cell 70  (0 9538)  PDBids = 13 to 28   dist = 2.763842
 # Cell 35 linked to cell 109  (0 9498)  PDBids = 10 to 47   dist = 2.702182
 # Cell 111 linked to cell 128  (0 9457)  PDBids = 49 to 61   dist = 2.500847
 # Cell 95 linked to cell 96  (0 9414)  PDBids = 33 to 46   dist = 2.637087
 # Cell 79 linked to cell 87  (0 9369)  PDBids = 86 to 97   dist = 2.798345
 # Cell 18 linked to cell 19  (0 9323)  PDBids = 1 to 112   dist = 2.662015
 # Cell 146 linked to cell 147  (0 9276)  PDBids = 68 to 76   dist = 2.579706
 # Cell 107 linked to cell 156  (0 9227)  PDBids = 41 to 82   dist = 2.577677
 # Cell 111 linked to cell 127  (0 9177)  PDBids = 49 to 60   dist = 2.678792
 # Cell 74 linked to cell 42  (0 9126)  PDBids = 30 to 103   dist = 5.357326
 # EoF 
 #  line = END
 # EoG  level = 3 cell->uid = 137 moves[level].set = 0
 # End of Cell  cell->level = 3 cell->id = 6 cell->uid = 137 cell->kids = 4 cell->ends = 0
 # EoG  level = 2 cell->uid = 7 moves[level].set = 0
 # End of Cell  cell->level = 2 cell->id = 5 cell->uid = 7 cell->kids = 7 cell->ends = -1
 # EoG  level = 1 cell->uid = 1 moves[level].set = 0
 # End of Cell  cell->level = 1 cell->id = 0 cell->uid = 1 cell->kids = 6 cell->ends = 0
 # all groups complete
  # End
  # End of Cell  cell->level = 0 cell->id = 0 cell->uid = 0 cell->kids = 1 cell->ends = 0
 # End of World
  N  k = 8 j = 2 seg[j] = 8 nk = 9 jun->resn = 9 sej->resn = 8
 jun->sis->resn = 8 sej->bro->resn = 9
 C  k = 9 j = 3 seg[j] = 19 ck = 18 sej->resn = 105 sen->resn = 104
 sej->sis->resn = 104 sen->bro->resn = 105
 C  k = 0 j = 0 seg[j] = 29 ck = 28 sej->resn = 15 sen->resn = 14
 sej->sis->resn = 14 sen->bro->resn = 15
 N  k = 4 j = 2 seg[j] = 31 nk = 32 jun->resn = 18 sej->resn = 17
 jun->sis->resn = 17 sej->bro->resn = 18
 C  k = 4 j = 3 seg[j] = 39 ck = 38 sej->resn = 25 sen->resn = 24
 sej->sis->resn = 24 sen->bro->resn = 25
 N  k = 3 j = 2 seg[j] = 44 nk = 45 jun->resn = 31 sej->resn = 30
 jun->sis->resn = 30 sej->bro->resn = 31
 C  k = 4 j = 3 seg[j] = 53 ck = 52 sej->resn = 91 sen->resn = 90
 sej->sis->resn = 90 sen->bro->resn = 91
 N  k = 5 j = 1 seg[j] = 55 nk = 56 jun->resn = 94 sej->resn = 93
 jun->sis->resn = 93 sej->bro->resn = 94
 N  k = 4 j = 2 seg[j] = 64 nk = 65 jun->resn = 37 sej->resn = 36
 jun->sis->resn = 36 sej->bro->resn = 37
 C  k = 4 j = 3 seg[j] = 71 ck = 70 sej->resn = 43 sen->resn = 42
 sej->sis->resn = 42 sen->bro->resn = 43
 N  k = 5 j = 1 seg[j] = 74 nk = 75 jun->resn = 47 sej->resn = 46
 jun->sis->resn = 46 sej->bro->resn = 47
 N  k = 3 j = 2 seg[j] = 80 nk = 81 jun->resn = 53 sej->resn = 52
 jun->sis->resn = 52 sej->bro->resn = 53
 C  k = 3 j = 3 seg[j] = 85 ck = 84 sej->resn = 57 sen->resn = 56
 sej->sis->resn = 56 sen->bro->resn = 57
 N  k = 4 j = 1 seg[j] = 87 nk = 88 jun->resn = 60 sej->resn = 59
 jun->sis->resn = 59 sej->bro->resn = 60
 N  k = 5 j = 2 seg[j] = 96 nk = 97 jun->resn = 69 sej->resn = 68
 jun->sis->resn = 68 sej->bro->resn = 69
 C  k = 5 j = 3 seg[j] = 104 ck = 103 sej->resn = 76 sen->resn = 75
 sej->sis->resn = 75 sen->bro->resn = 76
 N  k = 6 j = 1 seg[j] = 108 nk = 109 jun->resn = 81 sej->resn = 80
 jun->sis->resn = 80 sej->bro->resn = 81
 nrelinks = 5
 # NB end of low chain in chained parent 
 # NB end of low chain in chained parent 
 Data::focus = 0 0 0
 Cell::total = 158
Data structures all setup
 Cell::total = 158
 Data::depth = 4
 Data::shrink = 0
 #  uid = 0 atom = 0 btom = 0 ctom = 0 level = 0 kids = 1 type = 0 sort = 0 xyz = 1.52267 3.73837 1.34495 nbonds = 0 nlinks = 0 model = 0
 # 	 uid = 1 atom = 0 btom = 0 ctom = 0 level = 1 kids = 6 type = 1 sort = 0 xyz = 1.52267 3.73837 1.34495 nbonds = 0 nlinks = 0 model = 0
 # 		 uid = 2 atom = 0 btom = 0 ctom = 0 level = 2 kids = 10 type = 2 sort = 1 xyz = -1.7668 1.54805 0.91318 nbonds = 1 nlinks = 2 model = 0
 # 			 uid = 8 atom = 0 btom = 0 ctom = 0 level = 3 kids = 2 type = 2 sort = 1 xyz = -3.29998 1.77808 1.15861 nbonds = 1 nlinks = 2 model = 0
 # 				 uid = 18 atom = 1 btom = 1 ctom = 1 resn = 1 level = 4 kids = 0 type = 1 sort = 1 xyz = -2.73058 2.93638 1.48373 nbonds = 1 nlinks = 5 model = 0
 # 				 uid = 19 atom = 26 btom = 26 ctom = 26 resn = 112 level = 4 kids = 0 type = 1 sort = 1 xyz = -3.86938 0.619776 0.833483 nbonds = 1 nlinks = 5 model = 0
 # 			 uid = 9 atom = 0 btom = 0 ctom = 0 level = 3 kids = 2 type = 2 sort = 1 xyz = -2.87278 1.41035 1.15328 nbonds = 1 nlinks = 2 model = 0
 # 				 uid = 20 atom = 2 btom = 2 ctom = 2 resn = 2 level = 4 kids = 0 type = 1 sort = 1 xyz = -2.47243 2.24218 2.17508 nbonds = 1 nlinks = 5 model = 0
 # 				 uid = 21 atom = 25 btom = 25 ctom = 25 resn = 111 level = 4 kids = 0 type = 1 sort = 1 xyz = -3.27313 0.578527 0.131483 nbonds = 1 nlinks = 5 model = 0
 # 			 uid = 10 atom = 0 btom = 0 ctom = 0 level = 3 kids = 2 type = 2 sort = 1 xyz = -2.50776 1.2569 1.07536 nbonds = 1 nlinks = 2 model = 0
 # 				 uid = 22 atom = 3 btom = 3 ctom = 3 resn = 3 level = 4 kids = 0 type = 1 sort = 1 xyz = -2.34403 1.41388 2.40368 nbonds = 1 nlinks = 5 model = 0
 # 				 uid = 23 atom = 24 btom = 24 ctom = 24 resn = 110 level = 4 kids = 0 type = 1 sort = 1 xyz = -2.67148 1.09993 -0.252967 nbonds = 1 nlinks = 5 model = 0
 # 			 uid = 11 atom = 0 btom = 0 ctom = 0 level = 3 kids = 2 type = 2 sort = 1 xyz = -2.10981 1.2032 0.912233 nbonds = 1 nlinks = 2 model = 0
 # 				 uid = 24 atom = 4 btom = 4 ctom = 4 resn = 4 level = 4 kids = 0 type = 1 sort = 1 xyz = -2.06488 0.660427 2.19053 nbonds = 1 nlinks = 5 model = 0
 # 				 uid = 25 atom = 23 btom = 23 ctom = 23 resn = 109 level = 4 kids = 0 type = 1 sort = 1 xyz = -2.15473 1.74598 -0.366067 nbonds = 1 nlinks = 5 model = 0
 # 			 uid = 12 atom = 0 btom = 0 ctom = 0 level = 3 kids = 2 type = 2 sort = 1 xyz = -1.61473 1.37285 0.702083 nbonds = 1 nlinks = 2 model = 0
 # 				 uid = 26 atom = 5 btom = 5 ctom = 5 resn = 5 level = 4 kids = 0 type = 1 sort = 1 xyz = -1.57198 0.217326 1.54103 nbonds = 1 nlinks = 5 model = 0
 # 				 uid = 27 atom = 22 btom = 22 ctom = 22 resn = 108 level = 4 kids = 0 type = 1 sort = 1 xyz = -1.65748 2.52838 -0.136867 nbonds = 1 nlinks = 5 model = 0
 # 			 uid = 13 atom = 0 btom = 0 ctom = 0 level = 3 kids = 2 type = 2 sort = 1 xyz = -1.05733 1.6433 0.612008 nbonds = 1 nlinks = 2 model = 0
 # 				 uid = 28 atom = 6 btom = 6 ctom = 6 resn = 6 level = 4 kids = 0 type = 1 sort = 1 xyz = -0.963883 0.290527 0.784433 nbonds = 1 nlinks = 5 model = 0
 # 				 uid = 29 atom = 21 btom = 21 ctom = 21 resn = 107 level = 4 kids = 0 type = 1 sort = 1 xyz = -1.15078 2.99608 0.439583 nbonds = 1 nlinks = 5 model = 0
 # 			 uid = 14 atom = 0 btom = 0 ctom = 0 level = 3 kids = 2 type = 2 sort = 1 xyz = -0.606433 1.7702 0.735983 nbonds = 1 nlinks = 2 model = 0
 # 				 uid = 30 atom = 7 btom = 7 ctom = 7 resn = 7 level = 4 kids = 0 type = 1 sort = 1 xyz = -0.407233 0.493177 0.208733 nbonds = 1 nlinks = 5 model = 0
 # 				 uid = 31 atom = 20 btom = 20 ctom = 20 resn = 106 level = 4 kids = 0 type = 1 sort = 1 xyz = -0.805633 3.04723 1.26323 nbonds = 1 nlinks = 5 model = 0
 # 			 uid = 15 atom = 0 btom = 0 ctom = 0 level = 3 kids = 2 type = 2 sort = 1 xyz = -0.065608 1.94953 0.955883 nbonds = 1 nlinks = 2 model = 0
 # 				 uid = 32 atom = 8 btom = 8 ctom = 8 resn = 8 level = 4 kids = 0 type = 1 sort = 1 xyz = 0.213917 1.11553 -0.230467 nbonds = 1 nlinks = 5 model = 0
 # 				 uid = 33 atom = 19 btom = 19 ctom = 19 resn = 105 level = 4 kids = 0 type = 1 sort = 1 xyz = -0.345133 2.78353 2.14223 nbonds = 1 nlinks = 5 model = 0
 # 			 uid = 16 atom = 0 btom = 0 ctom = 0 level = 3 kids = 4 type = 2 sort = 0 xyz = 1.56613 2.41543 -0.0179919 nbonds = 1 nlinks = 2 model = 0
 # 				 uid = 34 atom = 9 btom = 9 ctom = 9 resn = 9 level = 4 kids = 0 type = 1 sort = 0 xyz = 0.665567 1.80568 -0.111517 nbonds = 1 nlinks = 5 model = 0
 # 				 uid = 35 atom = 10 btom = 10 ctom = 10 resn = 10 level = 4 kids = 0 type = 1 sort = 0 xyz = 1.15082 2.21878 0.426083 nbonds = 1 nlinks = 5 model = 0
 # 				 uid = 36 atom = 11 btom = 11 ctom = 11 resn = 11 level = 4 kids = 0 type = 1 sort = 0 xyz = 1.92182 2.58058 0.0212331 nbonds = 1 nlinks = 5 model = 0
 # 				 uid = 37 atom = 12 btom = 12 ctom = 12 resn = 12 level = 4 kids = 0 type = 1 sort = 0 xyz = 2.52632 3.05668 -0.407767 nbonds = 1 nlinks = 5 model = 0
 # 			 uid = 17 atom = 0 btom = 0 ctom = 0 level = 3 kids = 6 type = 2 sort = 0 xyz = 1.18797 0.969752 1.46343 nbonds = 1 nlinks = 2 model = 0
 # 				 uid = 38 atom = 13 btom = 13 ctom = 13 resn = 99 level = 4 kids = 0 type = 1 sort = 0 xyz = 2.25977 0.462877 1.71788 nbonds = 1 nlinks = 5 model = 0
 # 				 uid = 39 atom = 14 btom = 14 ctom = 14 resn = 100 level = 4 kids = 0 type = 1 sort = 0 xyz = 2.25032 0.684277 0.716483 nbonds = 1 nlinks = 5 model = 0
 # 				 uid = 40 atom = 15 btom = 15 ctom = 15 resn = 101 level = 4 kids = 0 type = 1 sort = 0 xyz = 1.34057 0.650676 0.782483 nbonds = 1 nlinks = 5 model = 0
 # 				 uid = 41 atom = 16 btom = 16 ctom = 16 resn = 102 level = 4 kids = 0 type = 1 sort = 0 xyz = 0.862067 0.740677 1.45928 nbonds = 1 nlinks = 5 model = 0
 # 				 uid = 42 atom = 17 btom = 17 ctom = 17 resn = 103 level = 4 kids = 0 type = 1 sort = 0 xyz = 0.398267 1.22113 1.96313 nbonds = 1 nlinks = 5 model = 0
 # 				 uid = 43 atom = 18 btom = 18 ctom = 18 resn = 104 level = 4 kids = 0 type = 1 sort = 0 xyz = 0.016817 2.05888 2.14133 nbonds = 1 nlinks = 5 model = 0
 # 		 uid = 3 atom = 0 btom = 0 ctom = 0 level = 2 kids = 5 type = 2 sort = 1 xyz = 5.29619 4.14215 0.0914081 nbonds = 1 nlinks = 2 model = 0
 # 			 uid = 44 atom = 0 btom = 0 ctom = 0 level = 3 kids = 2 type = 2 sort = 0 xyz = 3.82614 3.3089 -0.570892 nbonds = 1 nlinks = 2 model = 0
 # 				 uid = 47 atom = 27 btom = 27 ctom = 27 resn = 13 level = 4 kids = 0 type = 1 sort = 0 xyz = 3.40172 3.33538 -0.480967 nbonds = 1 nlinks = 5 model = 0
 # 				 uid = 48 atom = 28 btom = 28 ctom = 28 resn = 14 level = 4 kids = 0 type = 1 sort = 0 xyz = 4.25057 3.28243 -0.660817 nbonds = 1 nlinks = 5 model = 0
 # 			 uid = 45 atom = 0 btom = 0 ctom = 0 level = 3 kids = 2 type = 2 sort = 2 xyz = 4.99494 4.30453 -0.117067 nbonds = 1 nlinks = 2 model = 0
 # 				 uid = 51 atom = 29 btom = 29 ctom = 29 resn = 15 level = 4 kids = 0 type = 1 sort = 2 xyz = 4.78547 3.55438 -1.26847 nbonds = 1 nlinks = 5 model = 0
 # 				 uid = 52 atom = 41 btom = 41 ctom = 41 resn = 27 level = 4 kids = 0 type = 1 sort = 2 xyz = 5.20442 5.05468 1.03433 nbonds = 1 nlinks = 5 model = 0
 # 			 uid = 46 atom = 0 btom = 0 ctom = 0 level = 3 kids = 2 type = 2 sort = 2 xyz = 5.35629 4.17253 0.0972081 nbonds = 1 nlinks = 2 model = 0
 # 				 uid = 53 atom = 30 btom = 30 ctom = 30 resn = 16 level = 4 kids = 0 type = 1 sort = 2 xyz = 5.53247 3.96673 -1.26232 nbonds = 1 nlinks = 5 model = 0
 # 				 uid = 54 atom = 40 btom = 40 ctom = 40 resn = 26 level = 4 kids = 0 type = 1 sort = 2 xyz = 5.18012 4.37833 1.45673 nbonds = 1 nlinks = 5 model = 0
 # 			 uid = 49 atom = 0 btom = 0 ctom = 0 level = 3 kids = 2 type = 2 sort = 2 xyz = 5.53734 3.9494 0.294083 nbonds = 1 nlinks = 2 model = 0
 # 				 uid = 55 atom = 31 btom = 31 ctom = 31 resn = 17 level = 4 kids = 0 type = 1 sort = 2 xyz = 6.24992 4.22578 -0.826867 nbonds = 1 nlinks = 5 model = 0
 # 				 uid = 56 atom = 39 btom = 39 ctom = 39 resn = 25 level = 4 kids = 0 type = 1 sort = 2 xyz = 4.82477 3.67303 1.41503 nbonds = 1 nlinks = 5 model = 0
 # 			 uid = 50 atom = 0 btom = 0 ctom = 0 level = 3 kids = 7 type = 2 sort = 0 xyz = 6.32706 3.11974 0.328133 nbonds = 1 nlinks = 2 model = 0
 # 				 uid = 57 atom = 32 btom = 32 ctom = 32 resn = 18 level = 4 kids = 0 type = 1 sort = 0 xyz = 6.82787 4.19998 -0.184417 nbonds = 1 nlinks = 5 model = 0
 # 				 uid = 58 atom = 33 btom = 33 ctom = 33 resn = 19 level = 4 kids = 0 type = 1 sort = 0 xyz = 7.24652 3.76408 0.392933 nbonds = 1 nlinks = 5 model = 0
 # 				 uid = 59 atom = 34 btom = 34 ctom = 34 resn = 20 level = 4 kids = 0 type = 1 sort = 0 xyz = 7.42502 3.00658 0.588533 nbonds = 1 nlinks = 5 model = 0
 # 				 uid = 60 atom = 35 btom = 35 ctom = 35 resn = 21 level = 4 kids = 0 type = 1 sort = 0 xyz = 6.79982 2.61583 0.225233 nbonds = 1 nlinks = 5 model = 0
 # 				 uid = 61 atom = 36 btom = 36 ctom = 36 resn = 22 level = 4 kids = 0 type = 1 sort = 0 xyz = 5.92982 2.42488 0.320333 nbonds = 1 nlinks = 5 model = 0
 # 				 uid = 62 atom = 37 btom = 37 ctom = 37 resn = 23 level = 4 kids = 0 type = 1 sort = 0 xyz = 5.15312 2.49268 0.392933 nbonds = 1 nlinks = 5 model = 0
 # 				 uid = 63 atom = 38 btom = 38 ctom = 38 resn = 24 level = 4 kids = 0 type = 1 sort = 0 xyz = 4.90727 3.33418 0.561383 nbonds = 1 nlinks = 5 model = 0
 # 		 uid = 4 atom = 0 btom = 0 ctom = 0 level = 2 kids = 6 type = 2 sort = 1 xyz = 4.33257 4.1106 0.869983 nbonds = 1 nlinks = 2 model = 0
 # 			 uid = 64 atom = 0 btom = 0 ctom = 0 level = 3 kids = 2 type = 2 sort = 3 xyz = 4.34372 4.53695 1.01663 nbonds = 1 nlinks = 2 model = 0
 # 				 uid = 70 atom = 42 btom = 42 ctom = 42 resn = 28 level = 4 kids = 0 type = 1 sort = 3 xyz = 4.82717 5.52973 0.408833 nbonds = 1 nlinks = 5 model = 0
 # 				 uid = 71 atom = 55 btom = 55 ctom = 55 resn = 93 level = 4 kids = 0 type = 1 sort = 3 xyz = 3.86027 3.54418 1.62443 nbonds = 1 nlinks = 5 model = 0
 # 			 uid = 65 atom = 0 btom = 0 ctom = 0 level = 3 kids = 2 type = 2 sort = 3 xyz = 4.29309 4.17005 0.929633 nbonds = 1 nlinks = 2 model = 0
 # 				 uid = 72 atom = 43 btom = 43 ctom = 43 resn = 29 level = 4 kids = 0 type = 1 sort = 3 xyz = 4.09142 5.29063 -0.231367 nbonds = 1 nlinks = 5 model = 0
 # 				 uid = 73 atom = 54 btom = 54 ctom = 54 resn = 92 level = 4 kids = 0 type = 1 sort = 3 xyz = 4.49477 3.04948 2.09063 nbonds = 1 nlinks = 5 model = 0
 # 			 uid = 66 atom = 0 btom = 0 ctom = 0 level = 3 kids = 2 type = 2 sort = 3 xyz = 4.36089 3.6248 0.663683 nbonds = 1 nlinks = 2 model = 0
 # 				 uid = 74 atom = 44 btom = 44 ctom = 44 resn = 30 level = 4 kids = 0 type = 1 sort = 3 xyz = 3.43817 4.83493 -0.566767 nbonds = 1 nlinks = 5 model = 0
 # 				 uid = 75 atom = 53 btom = 53 ctom = 53 resn = 91 level = 4 kids = 0 type = 1 sort = 3 xyz = 5.28362 2.41468 1.89413 nbonds = 1 nlinks = 5 model = 0
 # 			 uid = 67 atom = 0 btom = 0 ctom = 0 level = 3 kids = 2 type = 2 sort = 0 xyz = 2.33364 4.21603 -0.269992 nbonds = 1 nlinks = 2 model = 0
 # 				 uid = 76 atom = 45 btom = 45 ctom = 45 resn = 31 level = 4 kids = 0 type = 1 sort = 0 xyz = 2.68202 4.35793 -0.437467 nbonds = 1 nlinks = 5 model = 0
 # 				 uid = 77 atom = 46 btom = 46 ctom = 46 resn = 32 level = 4 kids = 0 type = 1 sort = 0 xyz = 1.98527 4.07413 -0.102517 nbonds = 1 nlinks = 5 model = 0
 # 			 uid = 68 atom = 0 btom = 0 ctom = 0 level = 3 kids = 6 type = 2 sort = 0 xyz = 4.21414 2.20768 2.45183 nbonds = 1 nlinks = 2 model = 0
 # 				 uid = 78 atom = 47 btom = 47 ctom = 47 resn = 85 level = 4 kids = 0 type = 1 sort = 0 xyz = 3.13007 3.41923 2.19488 nbonds = 1 nlinks = 5 model = 0
 # 				 uid = 79 atom = 48 btom = 48 ctom = 48 resn = 86 level = 4 kids = 0 type = 1 sort = 0 xyz = 3.37517 2.90098 2.81438 nbonds = 1 nlinks = 5 model = 0
 # 				 uid = 80 atom = 49 btom = 49 ctom = 49 resn = 87 level = 4 kids = 0 type = 1 sort = 0 xyz = 3.76607 2.14483 2.98643 nbonds = 1 nlinks = 5 model = 0
 # 				 uid = 81 atom = 50 btom = 50 ctom = 50 resn = 88 level = 4 kids = 0 type = 1 sort = 0 xyz = 4.35947 1.60468 2.69963 nbonds = 1 nlinks = 5 model = 0
 # 				 uid = 82 atom = 51 btom = 51 ctom = 51 resn = 89 level = 4 kids = 0 type = 1 sort = 0 xyz = 4.99457 1.39018 2.23988 nbonds = 1 nlinks = 5 model = 0
 # 				 uid = 83 atom = 52 btom = 52 ctom = 52 resn = 90 level = 4 kids = 0 type = 1 sort = 0 xyz = 5.65952 1.78618 1.77578 nbonds = 1 nlinks = 5 model = 0
 # 			 uid = 69 atom = 0 btom = 0 ctom = 0 level = 3 kids = 5 type = 2 sort = 0 xyz = 3.32969 1.82197 0.751733 nbonds = 1 nlinks = 2 model = 0
 # 				 uid = 84 atom = 56 btom = 56 ctom = 56 resn = 94 level = 4 kids = 0 type = 1 sort = 0 xyz = 3.51332 2.98243 1.20668 nbonds = 1 nlinks = 5 model = 0
 # 				 uid = 85 atom = 57 btom = 57 ctom = 57 resn = 95 level = 4 kids = 0 type = 1 sort = 0 xyz = 3.33977 2.56723 0.340583 nbonds = 1 nlinks = 5 model = 0
 # 				 uid = 86 atom = 58 btom = 58 ctom = 58 resn = 96 level = 4 kids = 0 type = 1 sort = 0 xyz = 3.53552 1.78648 0.296483 nbonds = 1 nlinks = 5 model = 0
 # 				 uid = 87 atom = 59 btom = 59 ctom = 59 resn = 97 level = 4 kids = 0 type = 1 sort = 0 xyz = 3.34967 1.09813 0.674333 nbonds = 1 nlinks = 5 model = 0
 # 				 uid = 88 atom = 60 btom = 60 ctom = 60 resn = 98 level = 4 kids = 0 type = 1 sort = 0 xyz = 2.91017 0.675576 1.24058 nbonds = 1 nlinks = 5 model = 0
 # 		 uid = 5 atom = 0 btom = 0 ctom = 0 level = 2 kids = 6 type = 2 sort = 1 xyz = 0.500154 4.27245 1.88305 nbonds = 1 nlinks = 2 model = 0
 # 			 uid = 89 atom = 0 btom = 0 ctom = 0 level = 3 kids = 2 type = 2 sort = 4 xyz = 0.823667 3.83818 1.90231 nbonds = 1 nlinks = 2 model = 0
 # 				 uid = 95 atom = 61 btom = 61 ctom = 61 resn = 33 level = 4 kids = 0 type = 1 sort = 4 xyz = 1.29947 3.89743 0.674033 nbonds = 1 nlinks = 5 model = 0
 # 				 uid = 96 atom = 74 btom = 74 ctom = 74 resn = 46 level = 4 kids = 0 type = 1 sort = 4 xyz = 0.347867 3.77893 3.13058 nbonds = 1 nlinks = 5 model = 0
 # 			 uid = 90 atom = 0 btom = 0 ctom = 0 level = 3 kids = 2 type = 2 sort = 4 xyz = 0.498467 4.07023 1.92721 nbonds = 1 nlinks = 2 model = 0
 # 				 uid = 97 atom = 62 btom = 62 ctom = 62 resn = 34 level = 4 kids = 0 type = 1 sort = 4 xyz = 0.603617 3.43753 0.633683 nbonds = 1 nlinks = 5 model = 0
 # 				 uid = 98 atom = 73 btom = 73 ctom = 73 resn = 45 level = 4 kids = 0 type = 1 sort = 4 xyz = 0.393317 4.70293 3.22073 nbonds = 1 nlinks = 5 model = 0
 # 			 uid = 91 atom = 0 btom = 0 ctom = 0 level = 3 kids = 2 type = 2 sort = 4 xyz = 0.350342 4.4303 1.92361 nbonds = 1 nlinks = 2 model = 0
 # 				 uid = 99 atom = 63 btom = 63 ctom = 63 resn = 35 level = 4 kids = 0 type = 1 sort = 4 xyz = -0.164983 3.58243 0.988433 nbonds = 1 nlinks = 5 model = 0
 # 				 uid = 100 atom = 72 btom = 72 ctom = 72 resn = 44 level = 4 kids = 0 type = 1 sort = 4 xyz = 0.865667 5.27818 2.85878 nbonds = 1 nlinks = 5 model = 0
 # 			 uid = 92 atom = 0 btom = 0 ctom = 0 level = 3 kids = 2 type = 2 sort = 4 xyz = 0.328142 4.75108 1.77908 nbonds = 1 nlinks = 2 model = 0
 # 				 uid = 101 atom = 64 btom = 64 ctom = 64 resn = 36 level = 4 kids = 0 type = 1 sort = 4 xyz = -0.743983 4.13818 1.25123 nbonds = 1 nlinks = 5 model = 0
 # 				 uid = 102 atom = 71 btom = 71 ctom = 71 resn = 43 level = 4 kids = 0 type = 1 sort = 4 xyz = 1.40027 5.36398 2.30693 nbonds = 1 nlinks = 5 model = 0
 # 			 uid = 93 atom = 0 btom = 0 ctom = 0 level = 3 kids = 6 type = 2 sort = 0 xyz = 0.0739921 5.14385 1.01878 nbonds = 1 nlinks = 2 model = 0
 # 				 uid = 103 atom = 65 btom = 65 ctom = 65 resn = 37 level = 4 kids = 0 type = 1 sort = 0 xyz = -1.03363 4.90123 1.34753 nbonds = 1 nlinks = 5 model = 0
 # 				 uid = 104 atom = 66 btom = 66 ctom = 66 resn = 38 level = 4 kids = 0 type = 1 sort = 0 xyz = -1.07623 5.68828 1.20353 nbonds = 1 nlinks = 5 model = 0
 # 				 uid = 105 atom = 67 btom = 67 ctom = 67 resn = 39 level = 4 kids = 0 type = 1 sort = 0 xyz = -0.398533 5.49838 0.779783 nbonds = 1 nlinks = 5 model = 0
 # 				 uid = 106 atom = 68 btom = 68 ctom = 68 resn = 40 level = 4 kids = 0 type = 1 sort = 0 xyz = 0.410717 4.97263 0.501983 nbonds = 1 nlinks = 5 model = 0
 # 				 uid = 107 atom = 69 btom = 69 ctom = 69 resn = 41 level = 4 kids = 0 type = 1 sort = 0 xyz = 1.29917 4.89493 0.749183 nbonds = 1 nlinks = 5 model = 0
 # 				 uid = 108 atom = 70 btom = 70 ctom = 70 resn = 42 level = 4 kids = 0 type = 1 sort = 0 xyz = 1.24247 4.90768 1.53068 nbonds = 1 nlinks = 5 model = 0
 # 			 uid = 94 atom = 0 btom = 0 ctom = 0 level = 3 kids = 3 type = 2 sort = 0 xyz = 1.07332 2.35483 2.76518 nbonds = 1 nlinks = 2 model = 0
 # 				 uid = 109 atom = 75 btom = 75 ctom = 75 resn = 47 level = 4 kids = 0 type = 1 sort = 0 xyz = 0.516317 2.97373 2.94188 nbonds = 1 nlinks = 5 model = 0
 # 				 uid = 110 atom = 76 btom = 76 ctom = 76 resn = 48 level = 4 kids = 0 type = 1 sort = 0 xyz = 1.00097 2.28373 2.71943 nbonds = 1 nlinks = 5 model = 0
 # 				 uid = 111 atom = 77 btom = 77 ctom = 77 resn = 49 level = 4 kids = 0 type = 1 sort = 0 xyz = 1.70267 1.80703 2.63423 nbonds = 1 nlinks = 5 model = 0
 # 		 uid = 6 atom = 0 btom = 0 ctom = 0 level = 2 kids = 5 type = 2 sort = 1 xyz = 1.27559 2.21925 4.05893 nbonds = 1 nlinks = 2 model = 0
 # 			 uid = 112 atom = 0 btom = 0 ctom = 0 level = 3 kids = 2 type = 2 sort = 5 xyz = 1.60877 2.52065 3.82103 nbonds = 1 nlinks = 2 model = 0
 # 				 uid = 117 atom = 78 btom = 78 ctom = 78 resn = 50 level = 4 kids = 0 type = 1 sort = 5 xyz = 2.36012 1.62403 3.09038 nbonds = 1 nlinks = 5 model = 0
 # 				 uid = 118 atom = 87 btom = 87 ctom = 87 resn = 59 level = 4 kids = 0 type = 1 sort = 5 xyz = 0.857417 3.41728 4.55168 nbonds = 1 nlinks = 5 model = 0
 # 			 uid = 113 atom = 0 btom = 0 ctom = 0 level = 3 kids = 2 type = 2 sort = 5 xyz = 1.36464 2.26903 4.03538 nbonds = 1 nlinks = 2 model = 0
 # 				 uid = 119 atom = 79 btom = 79 ctom = 79 resn = 51 level = 4 kids = 0 type = 1 sort = 5 xyz = 2.51507 1.56943 3.92468 nbonds = 1 nlinks = 5 model = 0
 # 				 uid = 120 atom = 86 btom = 86 ctom = 86 resn = 58 level = 4 kids = 0 type = 1 sort = 5 xyz = 0.214217 2.96863 4.14608 nbonds = 1 nlinks = 5 model = 0
 # 			 uid = 114 atom = 0 btom = 0 ctom = 0 level = 3 kids = 2 type = 2 sort = 5 xyz = 0.853367 1.86808 4.32038 nbonds = 1 nlinks = 2 model = 0
 # 				 uid = 121 atom = 80 btom = 80 ctom = 80 resn = 52 level = 4 kids = 0 type = 1 sort = 5 xyz = 2.21222 1.54888 4.74158 nbonds = 1 nlinks = 5 model = 0
 # 				 uid = 122 atom = 85 btom = 85 ctom = 85 resn = 57 level = 4 kids = 0 type = 1 sort = 5 xyz = -0.505483 2.18728 3.89918 nbonds = 1 nlinks = 5 model = 0
 # 			 uid = 115 atom = 0 btom = 0 ctom = 0 level = 3 kids = 4 type = 2 sort = 0 xyz = 0.614717 1.16953 4.79888 nbonds = 1 nlinks = 2 model = 0
 # 				 uid = 123 atom = 81 btom = 81 ctom = 81 resn = 53 level = 4 kids = 0 type = 1 sort = 0 xyz = 1.50437 1.34563 5.24363 nbonds = 1 nlinks = 5 model = 0
 # 				 uid = 124 atom = 82 btom = 82 ctom = 82 resn = 54 level = 4 kids = 0 type = 1 sort = 0 xyz = 0.781817 0.958327 5.34923 nbonds = 1 nlinks = 5 model = 0
 # 				 uid = 125 atom = 83 btom = 83 ctom = 83 resn = 55 level = 4 kids = 0 type = 1 sort = 0 xyz = 0.396317 0.927127 4.54988 nbonds = 1 nlinks = 5 model = 0
 # 				 uid = 126 atom = 84 btom = 84 ctom = 84 resn = 56 level = 4 kids = 0 type = 1 sort = 0 xyz = -0.223633 1.44703 4.05278 nbonds = 1 nlinks = 5 model = 0
 # 			 uid = 116 atom = 0 btom = 0 ctom = 0 level = 3 kids = 4 type = 2 sort = 0 xyz = 2.10137 4.17511 3.60736 nbonds = 1 nlinks = 2 model = 0
 # 				 uid = 127 atom = 88 btom = 88 ctom = 88 resn = 60 level = 4 kids = 0 type = 1 sort = 0 xyz = 1.58987 3.73078 4.49498 nbonds = 1 nlinks = 5 model = 0
 # 				 uid = 128 atom = 89 btom = 89 ctom = 89 resn = 61 level = 4 kids = 0 type = 1 sort = 0 xyz = 2.13407 3.93463 3.87578 nbonds = 1 nlinks = 5 model = 0
 # 				 uid = 129 atom = 90 btom = 90 ctom = 90 resn = 62 level = 4 kids = 0 type = 1 sort = 0 xyz = 2.18087 4.11223 3.14333 nbonds = 1 nlinks = 5 model = 0
 # 				 uid = 130 atom = 91 btom = 91 ctom = 91 resn = 63 level = 4 kids = 0 type = 1 sort = 0 xyz = 2.50067 4.92283 2.91533 nbonds = 1 nlinks = 5 model = 0
 # 		 uid = 7 atom = 0 btom = 0 ctom = 0 level = 2 kids = 7 type = 2 sort = 1 xyz = 1.83692 6.79355 0.788078 nbonds = 1 nlinks = 2 model = 0
 # 			 uid = 131 atom = 0 btom = 0 ctom = 0 level = 3 kids = 2 type = 2 sort = 6 xyz = 2.80052 6.25378 1.23983 nbonds = 1 nlinks = 2 model = 0
 # 				 uid = 138 atom = 92 btom = 92 ctom = 92 resn = 64 level = 4 kids = 0 type = 1 sort = 6 xyz = 2.43332 5.71258 2.48798 nbonds = 1 nlinks = 5 model = 0
 # 				 uid = 139 atom = 108 btom = 108 ctom = 108 resn = 80 level = 4 kids = 0 type = 1 sort = 6 xyz = 3.16772 6.79498 -0.00831687 nbonds = 1 nlinks = 5 model = 0
 # 			 uid = 132 atom = 0 btom = 0 ctom = 0 level = 3 kids = 2 type = 2 sort = 6 xyz = 2.21454 6.60965 0.927983 nbonds = 1 nlinks = 2 model = 0
 # 				 uid = 140 atom = 93 btom = 93 ctom = 93 resn = 65 level = 4 kids = 0 type = 1 sort = 6 xyz = 1.98887 6.39673 2.38823 nbonds = 1 nlinks = 5 model = 0
 # 				 uid = 141 atom = 107 btom = 107 ctom = 107 resn = 79 level = 4 kids = 0 type = 1 sort = 6 xyz = 2.44022 6.82258 -0.532267 nbonds = 1 nlinks = 5 model = 0
 # 			 uid = 133 atom = 0 btom = 0 ctom = 0 level = 3 kids = 2 type = 2 sort = 6 xyz = 1.71647 6.9497 0.644108 nbonds = 1 nlinks = 2 model = 0
 # 				 uid = 142 atom = 94 btom = 94 ctom = 94 resn = 66 level = 4 kids = 0 type = 1 sort = 6 xyz = 1.78607 7.33213 1.98848 nbonds = 1 nlinks = 5 model = 0
 # 				 uid = 143 atom = 106 btom = 106 ctom = 106 resn = 78 level = 4 kids = 0 type = 1 sort = 6 xyz = 1.64687 6.56728 -0.700267 nbonds = 1 nlinks = 5 model = 0
 # 			 uid = 134 atom = 0 btom = 0 ctom = 0 level = 3 kids = 2 type = 2 sort = 6 xyz = 1.36457 7.05358 0.550058 nbonds = 1 nlinks = 2 model = 0
 # 				 uid = 144 atom = 95 btom = 95 ctom = 95 resn = 67 level = 4 kids = 0 type = 1 sort = 6 xyz = 1.67522 8.01358 1.47383 nbonds = 1 nlinks = 5 model = 0
 # 				 uid = 145 atom = 105 btom = 105 ctom = 105 resn = 77 level = 4 kids = 0 type = 1 sort = 6 xyz = 1.05392 6.09358 -0.373717 nbonds = 1 nlinks = 5 model = 0
 # 			 uid = 135 atom = 0 btom = 0 ctom = 0 level = 3 kids = 2 type = 2 sort = 6 xyz = 1.08849 7.10105 0.578408 nbonds = 1 nlinks = 2 model = 0
 # 				 uid = 146 atom = 96 btom = 96 ctom = 96 resn = 68 level = 4 kids = 0 type = 1 sort = 6 xyz = 1.26002 8.36608 0.762833 nbonds = 1 nlinks = 5 model = 0
 # 				 uid = 147 atom = 104 btom = 104 ctom = 104 resn = 76 level = 4 kids = 0 type = 1 sort = 6 xyz = 0.916967 5.83603 0.393983 nbonds = 1 nlinks = 5 model = 0
 # 			 uid = 136 atom = 0 btom = 0 ctom = 0 level = 3 kids = 7 type = 2 sort = 0 xyz = -0.0125187 7.46421 0.856476 nbonds = 1 nlinks = 2 model = 0
 # 				 uid = 148 atom = 97 btom = 97 ctom = 97 resn = 69 level = 4 kids = 0 type = 1 sort = 0 xyz = 0.643667 8.38063 0.217133 nbonds = 1 nlinks = 5 model = 0
 # 				 uid = 149 atom = 98 btom = 98 ctom = 98 resn = 70 level = 4 kids = 0 type = 1 sort = 0 xyz = -0.168433 8.25253 0.019883 nbonds = 1 nlinks = 5 model = 0
 # 				 uid = 150 atom = 99 btom = 99 ctom = 99 resn = 71 level = 4 kids = 0 type = 1 sort = 0 xyz = -0.971083 8.03398 0.360383 nbonds = 1 nlinks = 5 model = 0
 # 				 uid = 151 atom = 100 btom = 100 ctom = 100 resn = 72 level = 4 kids = 0 type = 1 sort = 0 xyz = -0.619933 7.73413 1.10903 nbonds = 1 nlinks = 5 model = 0
 # 				 uid = 152 atom = 101 btom = 101 ctom = 101 resn = 73 level = 4 kids = 0 type = 1 sort = 0 xyz = -0.218983 7.02388 1.52498 nbonds = 1 nlinks = 5 model = 0
 # 				 uid = 153 atom = 102 btom = 102 ctom = 102 resn = 74 level = 4 kids = 0 type = 1 sort = 0 xyz = 0.303017 6.45523 1.65833 nbonds = 1 nlinks = 5 model = 0
 # 				 uid = 154 atom = 103 btom = 103 ctom = 103 resn = 75 level = 4 kids = 0 type = 1 sort = 0 xyz = 0.944117 6.36913 1.10558 nbonds = 1 nlinks = 5 model = 0
 # 			 uid = 137 atom = 0 btom = 0 ctom = 0 level = 3 kids = 4 type = 2 sort = 0 xyz = 3.46502 5.43035 1.61135 nbonds = 1 nlinks = 2 model = 0
 # 				 uid = 155 atom = 109 btom = 109 ctom = 109 resn = 81 level = 4 kids = 0 type = 1 sort = 0 xyz = 3.60977 6.47563 0.