 len = 169 cut = 1.000000 gap = 6.000000 inbox = 0
 i = 0 ends[0][i] = 6 ends[1][i] = 7
 i = 1 ends[0][i] = 11 ends[1][i] = 12
 i = 2 ends[0][i] = 30 ends[1][i] = 31
 i = 3 ends[0][i] = 37 ends[1][i] = 39
 i = 4 ends[0][i] = 43 ends[1][i] = 48
 i = 5 ends[0][i] = 55 ends[1][i] = 59
 i = 6 ends[0][i] = 63 ends[1][i] = 64
 i = 7 ends[0][i] = 69 ends[1][i] = 71
 i = 8 ends[0][i] = 78 ends[1][i] = 81
 i = 9 ends[0][i] = 84 ends[1][i] = 93
 i = 10 ends[0][i] = 101 ends[1][i] = 110
 i = 11 ends[0][i] = 116 ends[1][i] = 121
 i = 12 ends[0][i] = 124 ends[1][i] = 127
 i = 13 ends[0][i] = 129 ends[1][i] = 138
 i = 14 ends[0][i] = 144 ends[1][i] = 147
 i = 15 ends[0][i] = 149 ends[1][i] = 151
 i = 16 ends[0][i] = 159 ends[1][i] = 163
 n = 30
 id = 4 m = 36 w = 5 am = 31 pm = 41 seg1 = 0 seg2 = 17 segs = 17
     k = 0 ak = 5 pk = 6 a = 11 b = 2 boxsum = 0.000000 ss = 2
     k = 1 ak = 10 pk = 11 a = 11 b = 2 boxsum = 0.000000 ss = 2
     k = 2 ak = 29 pk = 30 a = 11 b = 2 boxsum = 0.000000 ss = 2
     k = 4 ak = 42 pk = 47 a = 11 b = 6 boxsum = 0.000000 ss = 10
     k = 5 ak = 54 pk = 58 a = 11 b = 5 boxsum = 0.000000 ss = 8
     k = 6 ak = 62 pk = 63 a = 11 b = 2 boxsum = 0.000000 ss = 2
     k = 7 ak = 68 pk = 70 a = 11 b = 3 boxsum = 0.000000 ss = 4
     k = 8 ak = 77 pk = 80 a = 11 b = 4 boxsum = 0.000000 ss = 6
     k = 9 ak = 83 pk = 92 a = 11 b = 10 boxsum = 0.000000 ss = 18
     k = 10 ak = 100 pk = 109 a = 11 b = 10 boxsum = 0.000000 ss = 18
     k = 11 ak = 115 pk = 120 a = 11 b = 6 boxsum = 0.000000 ss = 10
     k = 12 ak = 123 pk = 126 a = 11 b = 4 boxsum = 0.000000 ss = 6
     k = 13 ak = 128 pk = 137 a = 11 b = 10 boxsum = 0.000000 ss = 18
     k = 14 ak = 143 pk = 146 a = 11 b = 4 boxsum = 0.000000 ss = 6
     k = 15 ak = 148 pk = 150 a = 11 b = 3 boxsum = 0.000000 ss = 4
     k = 16 ak = 158 pk = 162 a = 11 b = 5 boxsum = 2.000000 ss = 8
  0  0  0  0  0
  0  0  0  0  0
  0  0  0  0  0
  0  0  0  0  0
  0  0  0  0  0
  0100  0  0  0
100  0  0  0  0
  0  0  0  0  0
  0  0  0  0  0
  0  0  0  0  0
  0  0  0  0  0

 bias = -0.703441 pack = 0.000000

 am = 31 pm = 41 maxa = 11 maxb = 5 consum = 0.703441 conmax = 0.703441 condif = 0.100492

 id = 4 m = 37 w = 4 am = 33 pm = 41 seg1 = 0 seg2 = 17 segs = 17
     k = 0 ak = 5 pk = 6 a = 9 b = 2 boxsum = 0.000000 ss = 2
     k = 1 ak = 10 pk = 11 a = 9 b = 2 boxsum = 0.000000 ss = 2
     k = 2 ak = 29 pk = 30 a = 9 b = 2 boxsum = 0.000000 ss = 2
     k = 4 ak = 42 pk = 47 a = 9 b = 6 boxsum = 0.000000 ss = 10
     k = 5 ak = 54 pk = 58 a = 9 b = 5 boxsum = 0.000000 ss = 8
     k = 6 ak = 62 pk = 63 a = 9 b = 2 boxsum = 0.000000 ss = 2
     k = 7 ak = 68 pk = 70 a = 9 b = 3 boxsum = 0.000000 ss = 4
     k = 8 ak = 77 pk = 80 a = 9 b = 4 boxsum = 0.000000 ss = 6
     k = 9 ak = 83 pk = 92 a = 9 b = 10 boxsum = 0.000000 ss = 18
     k = 10 ak = 100 pk = 109 a = 9 b = 10 boxsum = 0.000000 ss = 18
     k = 11 ak = 115 pk = 120 a = 9 b = 6 boxsum = 0.000000 ss = 10
     k = 12 ak = 123 pk = 126 a = 9 b = 4 boxsum = 0.000000 ss = 6
     k = 13 ak = 128 pk = 137 a = 9 b = 10 boxsum = 0.000000 ss = 18
     k = 14 ak = 143 pk = 146 a = 9 b = 4 boxsum = 0.000000 ss = 6
     k = 15 ak = 148 pk = 150 a = 9 b = 3 boxsum = 0.000000 ss = 4
     k = 16 ak = 158 pk = 162 a = 9 b = 5 boxsum = 2.000000 ss = 8
  0  0  0  0  0
  0  0  0  0  0
  0  0  0  0  0
  0100  0  0  0
100  0  0  0  0
  0  0  0  0  0
  0  0  0  0  0
  0  0  0  0  0
  0  0  0  0  0

 bias = -0.703335 pack = 0.000000

 am = 33 pm = 41 maxa = 9 maxb = 5 consum = 0.703335 conmax = 0.703335 condif = 0.140667

 id = 4 m = 37 w = 5 am = 32 pm = 42 seg1 = 0 seg2 = 17 segs = 17
     k = 0 ak = 5 pk = 6 a = 11 b = 2 boxsum = 0.000000 ss = 2
     k = 1 ak = 10 pk = 11 a = 11 b = 2 boxsum = 0.000000 ss = 2
     k = 2 ak = 29 pk = 30 a = 11 b = 2 boxsum = 0.000000 ss = 2
     k = 5 ak = 54 pk = 58 a = 11 b = 5 boxsum = 1.000000 ss = 8
  0  0  0  0  0
  0  0  0  0  0
  0  0  0  0  0
  0  0  0  0  0
  0  0  0  0  0
  0  0  0  0  0
  0  0  0  0  0
  0  0  0  0  0
  0  0  0  0  0
  0  0  0  0  0
  0  0  0  0100

 bias = 0.000000 pack = 0.000000

     k = 6 ak = 62 pk = 63 a = 11 b = 2 boxsum = 0.000000 ss = 2
     k = 7 ak = 68 pk = 70 a = 11 b = 3 boxsum = 0.000000 ss = 4
     k = 8 ak = 77 pk = 80 a = 11 b = 4 boxsum = 0.000000 ss = 6
     k = 9 ak = 83 pk = 92 a = 11 b = 10 boxsum = 0.000000 ss = 18
     k = 10 ak = 100 pk = 109 a = 11 b = 10 boxsum = 0.000000 ss = 18
     k = 11 ak = 115 pk = 120 a = 11 b = 6 boxsum = 0.000000 ss = 10
     k = 12 ak = 123 pk = 126 a = 11 b = 4 boxsum = 0.000000 ss = 6
     k = 13 ak = 128 pk = 137 a = 11 b = 10 boxsum = 0.000000 ss = 18
     k = 14 ak = 143 pk = 146 a = 11 b = 4 boxsum = 0.000000 ss = 6
     k = 15 ak = 148 pk = 150 a = 11 b = 3 boxsum = 0.000000 ss = 4
     k = 16 ak = 158 pk = 162 a = 11 b = 5 boxsum = 2.000000 ss = 8
  0  0  0  0  0
  0  0  0  0  0
  0  0  0  0  0
  0  0  0  0  0
  0100  0  0  0
100  0  0  0  0
  0  0  0  0  0
  0  0  0  0  0
  0  0  0  0  0
  0  0  0  0  0
  0  0  0  0  0

 bias = -0.703335 pack = 0.000000

 am = 32 pm = 42 maxa = 11 maxb = 5 consum = 0.703335 conmax = 0.703335 condif = 0.100476

 id = 4 m = 38 w = 3 am = 35 pm = 41 seg1 = 0 seg2 = 17 segs = 17
     k = 0 ak = 5 pk = 6 a = 7 b = 2 boxsum = 0.000000 ss = 2
     k = 1 ak = 10 pk = 11 a = 7 b = 2 boxsum = 0.000000 ss = 2
     k = 2 ak = 29 pk = 30 a = 7 b = 2 boxsum = 0.000000 ss = 2
     k = 4 ak = 42 pk = 47 a = 7 b = 6 boxsum = 0.000000 ss = 10
     k = 5 ak = 54 pk = 58 a = 7 b = 5 boxsum = 0.000000 ss = 8
     k = 6 ak = 62 pk = 63 a = 7 b = 2 boxsum = 0.000000 ss = 2
     k = 7 ak = 68 pk = 70 a = 7 b = 3 boxsum = 0.000000 ss = 4
     k = 8 ak = 77 pk = 80 a = 7 b = 4 boxsum = 0.000000 ss = 6
     k = 9 ak = 83 pk = 92 a = 7 b = 10 boxsum = 0.000000 ss = 18
     k = 10 ak = 100 pk = 109 a = 7 b = 10 boxsum = 0.000000 ss = 18
     k = 11 ak = 115 pk = 120 a = 7 b = 6 boxsum = 0.000000 ss = 10
     k = 12 ak = 123 pk = 126 a = 7 b = 4 boxsum = 0.000000 ss = 6
     k = 13 ak = 128 pk = 137 a = 7 b = 10 boxsum = 0.000000 ss = 18
     k = 14 ak = 143 pk = 146 a = 7 b = 4 boxsum = 0.000000 ss = 6
     k = 15 ak = 148 pk = 150 a = 7 b = 3 boxsum = 0.000000 ss = 4
     k = 16 ak = 158 pk = 162 a = 7 b = 5 boxsum = 2.000000 ss = 8
  0  0  0  0  0
  0100  0  0  0
100  0  0  0  0
  0  0  0  0  0
  0  0  0  0  0
  0  0  0  0  0
  0  0  0  0  0

 bias = -0.703300 pack = 0.000000

 am = 35 pm = 41 maxa = 7 maxb = 5 consum = 0.703300 conmax = 0.703300 condif = 0.234433

 id = 4 m = 38 w = 4 am = 34 pm = 42 seg1 = 0 seg2 = 17 segs = 17
     k = 0 ak = 5 pk = 6 a = 9 b = 2 boxsum = 0.000000 ss = 2
     k = 1 ak = 10 pk = 11 a = 9 b = 2 boxsum = 0.000000 ss = 2
     k = 2 ak = 29 pk = 30 a = 9 b = 2 boxsum = 0.000000 ss = 2
     k = 5 ak = 54 pk = 58 a = 9 b = 5 boxsum = 1.000000 ss = 8
  0  0  0  0  0
  0  0  0  0  0
  0  0  0  0  0
  0  0  0  0  0
  0  0  0  0  0
  0  0  0  0  0
  0  0  0  0  0
  0  0  0  0  0
  0  0  0  0100

 bias = 0.000000 pack = 0.000000

     k = 6 ak = 62 pk = 63 a = 9 b = 2 boxsum = 0.000000 ss = 2
     k = 7 ak = 68 pk = 70 a = 9 b = 3 boxsum = 0.000000 ss = 4
     k = 8 ak = 77 pk = 80 a = 9 b = 4 boxsum = 0.000000 ss = 6
     k = 9 ak = 83 pk = 92 a = 9 b = 10 boxsum = 0.000000 ss = 18
     k = 10 ak = 100 pk = 109 a = 9 b = 10 boxsum = 0.000000 ss = 18
     k = 11 ak = 115 pk = 120 a = 9 b = 6 boxsum = 0.000000 ss = 10
     k = 12 ak = 123 pk = 126 a = 9 b = 4 boxsum = 0.000000 ss = 6
     k = 13 ak = 128 pk = 137 a = 9 b = 10 boxsum = 0.000000 ss = 18
     k = 14 ak = 143 pk = 146 a = 9 b = 4 boxsum = 0.000000 ss = 6
     k = 15 ak = 148 pk = 150 a = 9 b = 3 boxsum = 0.000000 ss = 4
     k = 16 ak = 158 pk = 162 a = 9 b = 5 boxsum = 2.000000 ss = 8
  0  0  0  0  0
  0  0  0  0  0
  0100  0  0  0
100  0  0  0  0
  0  0  0  0  0
  0  0  0  0  0
  0  0  0  0  0
  0  0  0  0  0
  0  0  0  0  0

 bias = -0.703300 pack = 0.000000

 am = 34 pm = 42 maxa = 9 maxb = 5 consum = 0.703300 conmax = 0.703300 condif = 0.140660

 id = 4 m = 39 w = 2 am = 37 pm = 41 seg1 = 0 seg2 = 17 segs = 17
     k = 0 ak = 5 pk = 6 a = 5 b = 2 boxsum = 0.000000 ss = 2
     k = 1 ak = 10 pk = 11 a = 5 b = 2 boxsum = 0.000000 ss = 2
     k = 2 ak = 29 pk = 30 a = 5 b = 2 boxsum = 0.000000 ss = 2
     k = 4 ak = 42 pk = 47 a = 5 b = 6 boxsum = 0.000000 ss = 10
     k = 5 ak = 54 pk = 58 a = 5 b = 5 boxsum = 0.000000 ss = 8
     k = 6 ak = 62 pk = 63 a = 5 b = 2 boxsum = 0.000000 ss = 2
     k = 7 ak = 68 pk = 70 a = 5 b = 3 boxsum = 0.000000 ss = 4
     k = 8 ak = 77 pk = 80 a = 5 b = 4 boxsum = 0.000000 ss = 6
     k = 9 ak = 83 pk = 92 a = 5 b = 10 boxsum = 0.000000 ss = 18
     k = 10 ak = 100 pk = 109 a = 5 b = 10 boxsum = 0.000000 ss = 18
     k = 11 ak = 115 pk = 120 a = 5 b = 6 boxsum = 0.000000 ss = 10
     k = 12 ak = 123 pk = 126 a = 5 b = 4 boxsum = 0.000000 ss = 6
     k = 13 ak = 128 pk = 137 a = 5 b = 10 boxsum = 0.000000 ss = 18
     k = 14 ak = 143 pk = 146 a = 5 b = 4 boxsum = 0.000000 ss = 6
     k = 15 ak = 148 pk = 150 a = 5 b = 3 boxsum = 0.000000 ss = 4
     k = 16 ak = 158 pk = 162 a = 5 b = 5 boxsum = 1.000000 ss = 8
100  0  0  0  0
  0  0  0  0  0
  0  0  0  0  0
  0  0  0  0  0
  0  0  0  0  0

 bias = 0.000000 pack = 0.000000

 am = 37 pm = 41 maxa = -1 maxb = -1 consum = 0.000000 conmax = 0.000000 condif = 0.000000

 id = 4 m = 39 w = 3 am = 36 pm = 42 seg1 = 0 seg2 = 17 segs = 17
     k = 0 ak = 5 pk = 6 a = 7 b = 2 boxsum = 0.000000 ss = 2
     k = 1 ak = 10 pk = 11 a = 7 b = 2 boxsum = 0.000000 ss = 2
     k = 2 ak = 29 pk = 30 a = 7 b = 2 boxsum = 0.000000 ss = 2
     k = 5 ak = 54 pk = 58 a = 7 b = 5 boxsum = 1.000000 ss = 8
  0  0  0  0  0
  0  0  0  0  0
  0  0  0  0  0
  0  0  0  0  0
  0  0  0  0  0
  0  0  0  0  0
  0  0  0  0100

 bias = 0.000000 pack = 0.000000

     k = 6 ak = 62 pk = 63 a = 7 b = 2 boxsum = 0.000000 ss = 2
     k = 7 ak = 68 pk = 70 a = 7 b = 3 boxsum = 0.000000 ss = 4
     k = 8 ak = 77 pk = 80 a = 7 b = 4 boxsum = 0.000000 ss = 6
     k = 9 ak = 83 pk = 92 a = 7 b = 10 boxsum = 0.000000 ss = 18
     k = 10 ak = 100 pk = 109 a = 7 b = 10 boxsum = 0.000000 ss = 18
     k = 11 ak = 115 pk = 120 a = 7 b = 6 boxsum = 0.000000 ss = 10
     k = 12 ak = 123 pk = 126 a = 7 b = 4 boxsum = 0.000000 ss = 6
     k = 13 ak = 128 pk = 137 a = 7 b = 10 boxsum = 0.000000 ss = 18
     k = 14 ak = 143 pk = 146 a = 7 b = 4 boxsum = 0.000000 ss = 6
     k = 15 ak = 148 pk = 150 a = 7 b = 3 boxsum = 0.000000 ss = 4
     k = 16 ak = 158 pk = 162 a = 7 b = 5 boxsum = 2.000000 ss = 8
  0100  0  0  0
100  0  0  0  0
  0  0  0  0  0
  0  0  0  0  0
  0  0  0  0  0
  0  0  0  0  0
  0  0  0  0  0

 bias = -0.703335 pack = 0.000000

 am = 36 pm = 42 maxa = 7 maxb = 5 consum = 0.703335 conmax = 0.703335 condif = 0.234445

 id = 4 m = 40 w = 2 am = 38 pm = 42 seg1 = 0 seg2 = 17 segs = 17
     k = 0 ak = 5 pk = 6 a = 5 b = 2 boxsum = 0.000000 ss = 1
     k = 1 ak = 10 pk = 11 a = 5 b = 2 boxsum = 0.000000 ss = 1
     k = 2 ak = 29 pk = 30 a = 5 b = 2 boxsum = 0.000000 ss = 1
     k = 5 ak = 54 pk = 58 a = 5 b = 5 boxsum = 1.000000 ss = 4
  0  0  0  0  0
  0  0  0  0  0
  0  0  0  0  0
  0  0  0  0  0
  0  0  0  0100

 bias = 0.000000 pack = 0.000000

     k = 6 ak = 62 pk = 63 a = 5 b = 2 boxsum = 0.000000 ss = 1
     k = 7 ak = 68 pk = 70 a = 5 b = 3 boxsum = 0.000000 ss = 2
     k = 8 ak = 77 pk = 80 a = 5 b = 4 boxsum = 0.000000 ss = 3
     k = 9 ak = 83 pk = 92 a = 5 b = 10 boxsum = 0.000000 ss = 9
     k = 10 ak = 100 pk = 109 a = 5 b = 10 boxsum = 0.000000 ss = 9
     k = 11 ak = 115 pk = 120 a = 5 b = 6 boxsum = 0.000000 ss = 5
     k = 12 ak = 123 pk = 126 a = 5 b = 4 boxsum = 0.000000 ss = 3
     k = 13 ak = 128 pk = 137 a = 5 b = 10 boxsum = 0.000000 ss = 9
     k = 14 ak = 143 pk = 146 a = 5 b = 4 boxsum = 0.000000 ss = 3
     k = 15 ak = 148 pk = 150 a = 5 b = 3 boxsum = 0.000000 ss = 2
     k = 16 ak = 158 pk = 162 a = 5 b = 5 boxsum = 0.000000 ss = 4
 am = 38 pm = 42 maxa = -1 maxb = -1 consum = 0.000000 conmax = 0.000000 condif = 0.000000

 id = 5 m = 41 w = 2 am = 39 pm = 43 seg1 = 0 seg2 = 17 segs = 17
     k = 0 ak = 5 pk = 6 a = 5 b = 2 boxsum = 0.000000 ss = 1
     k = 1 ak = 10 pk = 11 a = 5 b = 2 boxsum = 0.000000 ss = 1
     k = 2 ak = 29 pk = 30 a = 5 b = 2 boxsum = 0.000000 ss = 1
     k = 3 ak = 36 pk = 38 a = 5 b = 3 boxsum = 0.000000 ss = 2
     k = 5 ak = 54 pk = 58 a = 5 b = 5 boxsum = 2.000000 ss = 4
  0  0  0  0  0
  0  0  0  0  0
  0  0  0  0  0
  0  0  0  0100
  0  0  0100  0

 bias = -0.703300 pack = 0.000000

     k = 6 ak = 62 pk = 63 a = 5 b = 2 boxsum = 0.000000 ss = 1
     k = 7 ak = 68 pk = 70 a = 5 b = 3 boxsum = 0.000000 ss = 2
     k = 8 ak = 77 pk = 80 a = 5 b = 4 boxsum = 0.000000 ss = 3
     k = 9 ak = 83 pk = 92 a = 5 b = 10 boxsum = 0.000000 ss = 9
     k = 10 ak = 100 pk = 109 a = 5 b = 10 boxsum = 0.000000 ss = 9
     k = 11 ak = 115 pk = 120 a = 5 b = 6 boxsum = 0.000000 ss = 5
     k = 12 ak = 123 pk = 126 a = 5 b = 4 boxsum = 0.000000 ss = 3
     k = 13 ak = 128 pk = 137 a = 5 b = 10 boxsum = 0.000000 ss = 9
     k = 14 ak = 143 pk = 146 a = 5 b = 4 boxsum = 0.000000 ss = 3
     k = 15 ak = 148 pk = 150 a = 5 b = 3 boxsum = 0.000000 ss = 2
     k = 16 ak = 158 pk = 162 a = 5 b = 5 boxsum = 0.000000 ss = 4
 am = 39 pm = 43 maxa = 5 maxb = 5 consum = 0.703300 conmax = 0.703300 condif = 0.703300

 id = 5 m = 42 w = 3 am = 39 pm = 45 seg1 = 0 seg2 = 17 segs = 17
     k = 0 ak = 5 pk = 6 a = 7 b = 2 boxsum = 0.000000 ss = 3
     k = 1 ak = 10 pk = 11 a = 7 b = 2 boxsum = 0.000000 ss = 3
     k = 2 ak = 29 pk = 30 a = 7 b = 2 boxsum = 0.000000 ss = 3
     k = 3 ak = 36 pk = 38 a = 7 b = 3 boxsum = 0.000000 ss = 6
     k = 5 ak = 54 pk = 58 a = 7 b = 5 boxsum = 4.000000 ss = 12
  0  0  0  0  0
  0  0  0  0  0
  0  0  0  0  0
  0  0  0  0100
  0  0  0100  0
  0  0100  0  0
  0100  0  0  0

 bias = -1.577394 pack = 0.000000

     k = 6 ak = 62 pk = 63 a = 7 b = 2 boxsum = 0.000000 ss = 3
     k = 7 ak = 68 pk = 70 a = 7 b = 3 boxsum = 0.000000 ss = 6
     k = 8 ak = 77 pk = 80 a = 7 b = 4 boxsum = 0.000000 ss = 9
     k = 9 ak = 83 pk = 92 a = 7 b = 10 boxsum = 0.000000 ss = 27
     k = 10 ak = 100 pk = 109 a = 7 b = 10 boxsum = 0.000000 ss = 27
     k = 11 ak = 115 pk = 120 a = 7 b = 6 boxsum = 0.000000 ss = 15
     k = 12 ak = 123 pk = 126 a = 7 b = 4 boxsum = 0.000000 ss = 9
     k = 13 ak = 128 pk = 137 a = 7 b = 10 boxsum = 0.000000 ss = 27
     k = 14 ak = 143 pk = 146 a = 7 b = 4 boxsum = 0.000000 ss = 9
     k = 15 ak = 148 pk = 150 a = 7 b = 3 boxsum = 0.000000 ss = 6
     k = 16 ak = 158 pk = 162 a = 7 b = 5 boxsum = 0.000000 ss = 12
 am = 39 pm = 45 maxa = 7 maxb = 5 consum = 1.577394 conmax = 1.577394 condif = 0.525798

 id = 5 m = 43 w = 4 am = 39 pm = 47 seg1 = 0 seg2 = 17 segs = 17
     k = 0 ak = 5 pk = 6 a = 9 b = 2 boxsum = 0.000000 ss = 5
     k = 1 ak = 10 pk = 11 a = 9 b = 2 boxsum = 0.000000 ss = 5
     k = 2 ak = 29 pk = 30 a = 9 b = 2 boxsum = 0.000000 ss = 5
     k = 3 ak = 36 pk = 38 a = 9 b = 3 boxsum = 0.000000 ss = 10
     k = 5 ak = 54 pk = 58 a = 9 b = 5 boxsum = 5.000000 ss = 20
  0  0  0  0  0
  0  0  0  0  0
  0  0  0  0  0
  0  0  0  0100
  0  0  0100  0
  0  0100  0  0
  0100  0  0  0
100  0  0  0  0
  0  0  0  0  0

 bias = -1.996504 pack = 0.000000

     k = 6 ak = 62 pk = 63 a = 9 b = 2 boxsum = 0.000000 ss = 5
     k = 7 ak = 68 pk = 70 a = 9 b = 3 boxsum = 0.000000 ss = 10
     k = 8 ak = 77 pk = 80 a = 9 b = 4 boxsum = 0.000000 ss = 15
     k = 9 ak = 83 pk = 92 a = 9 b = 10 boxsum = 0.000000 ss = 45
     k = 10 ak = 100 pk = 109 a = 9 b = 10 boxsum = 0.000000 ss = 45
     k = 11 ak = 115 pk = 120 a = 9 b = 6 boxsum = 0.000000 ss = 25
     k = 12 ak = 123 pk = 126 a = 9 b = 4 boxsum = 0.000000 ss = 15
     k = 13 ak = 128 pk = 137 a = 9 b = 10 boxsum = 0.000000 ss = 45
     k = 14 ak = 143 pk = 146 a = 9 b = 4 boxsum = 0.000000 ss = 15
     k = 15 ak = 148 pk = 150 a = 9 b = 3 boxsum = 0.000000 ss = 10
     k = 16 ak = 158 pk = 162 a = 9 b = 5 boxsum = 0.000000 ss = 20
 am = 39 pm = 47 maxa = 9 maxb = 5 consum = 1.996504 conmax = 1.996504 condif = 0.399301

 id = 5 m = 44 w = 5 am = 39 pm = 49 seg1 = 0 seg2 = 17 segs = 17
     k = 0 ak = 5 pk = 6 a = 11 b = 2 boxsum = 0.000000 ss = 5
     k = 1 ak = 10 pk = 11 a = 11 b = 2 boxsum = 0.000000 ss = 5
     k = 2 ak = 29 pk = 30 a = 11 b = 2 boxsum = 0.000000 ss = 5
     k = 3 ak = 36 pk = 38 a = 11 b = 3 boxsum = 0.000000 ss = 10
     k = 5 ak = 54 pk = 58 a = 11 b = 5 boxsum = 5.000000 ss = 20
  0  0  0  0  0
  0  0  0  0  0
  0  0  0  0  0
  0  0  0  0100
  0  0  0100  0
  0  0100  0  0
  0100  0  0  0
100  0  0  0  0
  0  0  0  0  0
  0  0  0  0  0
  0  0  0  0  0

 bias = -1.995762 pack = 0.000000

     k = 6 ak = 62 pk = 63 a = 11 b = 2 boxsum = 0.000000 ss = 5
     k = 7 ak = 68 pk = 70 a = 11 b = 3 boxsum = 0.000000 ss = 10
     k = 8 ak = 77 pk = 80 a = 11 b = 4 boxsum = 0.000000 ss = 15
     k = 9 ak = 83 pk = 92 a = 11 b = 10 boxsum = 0.000000 ss = 45
     k = 10 ak = 100 pk = 109 a = 11 b = 10 boxsum = 0.000000 ss = 45
     k = 11 ak = 115 pk = 120 a = 11 b = 6 boxsum = 0.000000 ss = 25
     k = 12 ak = 123 pk = 126 a = 11 b = 4 boxsum = 0.000000 ss = 15
     k = 13 ak = 128 pk = 137 a = 11 b = 10 boxsum = 0.000000 ss = 45
     k = 14 ak = 143 pk = 146 a = 11 b = 4 boxsum = 0.000000 ss = 15
     k = 15 ak = 148 pk = 150 a = 11 b = 3 boxsum = 0.000000 ss = 10
     k = 16 ak = 158 pk = 162 a = 11 b = 5 boxsum = 0.000000 ss = 20
 am = 39 pm = 49 maxa = 11 maxb = 5 consum = 1.995762 conmax = 1.995762 condif = 0.285109

 id = 5 m = 45 w = 6 am = 39 pm = 51 seg1 = 0 seg2 = 17 segs = 17
     k = 0 ak = 5 pk = 6 a = 13 b = 2 boxsum = 0.000000 ss = 5
     k = 1 ak = 10 pk = 11 a = 13 b = 2 boxsum = 0.000000 ss = 5
     k = 2 ak = 29 pk = 30 a = 13 b = 2 boxsum = 0.000000 ss = 5
     k = 3 ak = 36 pk = 38 a = 13 b = 3 boxsum = 0.000000 ss = 10
     k = 5 ak = 54 pk = 58 a = 13 b = 5 boxsum = 5.000000 ss = 20
  0  0  0  0  0
  0  0  0  0  0
  0  0  0  0  0
  0  0  0  0100
  0  0  0100  0
  0  0100  0  0
  0100  0  0  0
100  0  0  0  0
  0  0  0  0  0
  0  0  0  0  0
  0  0  0  0  0
  0  0  0  0  0
  0  0  0  0  0

 bias = -1.996516 pack = 0.000000

     k = 6 ak = 62 pk = 63 a = 13 b = 2 boxsum = 0.000000 ss = 5
     k = 7 ak = 68 pk = 70 a = 13 b = 3 boxsum = 0.000000 ss = 10
     k = 8 ak = 77 pk = 80 a = 13 b = 4 boxsum = 0.000000 ss = 15
     k = 9 ak = 83 pk = 92 a = 13 b = 10 boxsum = 0.000000 ss = 45
     k = 10 ak = 100 pk = 109 a = 13 b = 10 boxsum = 0.000000 ss = 45
     k = 11 ak = 115 pk = 120 a = 13 b = 6 boxsum = 0.000000 ss = 25
     k = 12 ak = 123 pk = 126 a = 13 b = 4 boxsum = 0.000000 ss = 15
     k = 13 ak = 128 pk = 137 a = 13 b = 10 boxsum = 0.000000 ss = 45
     k = 14 ak = 143 pk = 146 a = 13 b = 4 boxsum = 0.000000 ss = 15
     k = 15 ak = 148 pk = 150 a = 13 b = 3 boxsum = 0.000000 ss = 10
     k = 16 ak = 158 pk = 162 a = 13 b = 5 boxsum = 0.000000 ss = 20
 am = 39 pm = 51 maxa = 13 maxb = 5 consum = 1.996516 conmax = 1.996516 condif = 0.221835

 id = 5 m = 46 w = 7 am = 39 pm = 53 seg1 = 0 seg2 = 17 segs = 17
     k = 0 ak = 5 pk = 6 a = 15 b = 2 boxsum = 0.000000 ss = 5
     k = 1 ak = 10 pk = 11 a = 15 b = 2 boxsum = 0.000000 ss = 5
     k = 2 ak = 29 pk = 30 a = 15 b = 2 boxsum = 0.000000 ss = 5
     k = 3 ak = 36 pk = 38 a = 15 b = 3 boxsum = 0.000000 ss = 10
     k = 5 ak = 54 pk = 58 a = 15 b = 5 boxsum = 5.000000 ss = 20
  0  0  0  0  0
  0  0  0  0  0
  0  0  0  0  0
  0  0  0  0100
  0  0  0100  0
  0  0100  0  0
  0100  0  0  0
100  0  0  0  0
  0  0  0  0  0
  0  0  0  0  0
  0  0  0  0  0
  0  0  0  0  0
  0  0  0  0  0
  0  0  0  0  0
  0  0  0  0  0

 bias = -1.998775 pack = 0.000000

     k = 6 ak = 62 pk = 63 a = 15 b = 2 boxsum = 0.000000 ss = 5
     k = 7 ak = 68 pk = 70 a = 15 b = 3 boxsum = 0.000000 ss = 10
     k = 8 ak = 77 pk = 80 a = 15 b = 4 boxsum = 0.000000 ss = 15
     k = 9 ak = 83 pk = 92 a = 15 b = 10 boxsum = 0.000000 ss = 45
     k = 10 ak = 100 pk = 109 a = 15 b = 10 boxsum = 0.000000 ss = 45
     k = 11 ak = 115 pk = 120 a = 15 b = 6 boxsum = 0.000000 ss = 25
     k = 12 ak = 123 pk = 126 a = 15 b = 4 boxsum = 0.000000 ss = 15
     k = 13 ak = 128 pk = 137 a = 15 b = 10 boxsum = 0.000000 ss = 45
     k = 14 ak = 143 pk = 146 a = 15 b = 4 boxsum = 0.000000 ss = 15
     k = 15 ak = 148 pk = 150 a = 15 b = 3 boxsum = 0.000000 ss = 10
     k = 16 ak = 158 pk = 162 a = 15 b = 5 boxsum = 0.000000 ss = 20
 am = 39 pm = 53 maxa = 15 maxb = 5 consum = 1.998775 conmax = 1.998775 condif = 0.181707

  1 |        0  0  0  0  0  0  0  0  0  0  0  0  0  0  0  0  0  0  0
  2 |        0  0  0  0  0  0  0  0  0  0  0  0  0  0  0  0  0  0  0
  3 |        0  0  0  0  0  0  0  0  0  0  0  0  0  0  0  0  0  0  0
  4 |        0  0  0  0  0  0  0  0  0  0  0  0  0  0  0  0  0  0  0
  5 |        0  0  0  0  0  0  0  0  0  0  0  0  0  0  0  0  0  0  0
  6 |        0  0  0  0 -6  0  0  0  0  0  0  0  0  0  0  0  0  0  0
  7 | 162  1  0  0  0  0 -7 -9  0  0  0  0  0  0  0  0  0  0  0  0  0
  8 |        0  0  0 -1 -7 -9-11  0  0  0  0  0  0  0  0  0  0  0  0
  9 |        0  0 -1 -1 -7 -9-11-13  0  0  0  0  0  0  0  0  0  0  0
 10 |        0  0 -1 -1 -7 -9-11-13-14  0  0  0  0  0  0  0  0  0  0
 11 |        0  0  0 -1 -7 -9-11-13-14-15  0  0  0  0  0  0  0  0  0
 12 | 30  2  0  0  0  0 -7 -9-11-13-14-15-16  0  0  0  0  0  0  0  0
 13 |        0  0  0  0 -6 -9-11-13-14-15-16-17  0  0  0  0  0  0  0
 14 |        0  0  0  0 -6 -8-11-13-14-15-16-17-19  0  0  0  0  0  0
 15 |        0  0  0  0 -6 -8-10-13-14-15-16-17-19-19  0  0  0  0  0
 16 |        0  0  0  0 -6 -8-10-12-14-15-16-17-19-19-20  0  0  0  0
 17 |        0  0  0  0 -6 -8-10-12-13-15-16-17-19-19-20-21  0  0  0
 18 |        0  0  0  0 -6 -8-10-12-13-14-16-17-19-19-20-21-22  0  0
 19 |        0  0  0  0 -6 -8-10-12-13-14-15-17-19-19-20-21-22-23  0
 20 |        0  0  0  0 -6 -8-10-12-13-14-16-17-19-19-20-21-22-23-24
 21 |        0  0  0  0 -6 -8-10-12-13-15-16-17-19-19-20-21-22-23-24
 22 |        0  0  0  0 -6 -8-10-12-13-15-16-17-19-19-20-21-22-23-24
 23 |        0  0  0  0 -6 -8-10-12-13-14-16-17-19-19-20-21-22-23-24
 24 |        0  0  0  0 -6 -8-10-12-13-14-15-17-19-19-20-21-22-23-24
 25 |        0  0  0  0 -6 -8-10-12-13-14-15-16-19-19-20-21-22-23-24
 26 |        0  0  0  0 -6 -8-10-12-13-14-15-17-19-19-20-21-22-23-24
 27 |        0  0  0  0 -6 -8-10-12-13-14-16-17-19-19-20-21-22-23-24
 28 |        0  0  0  0 -6 -8-10-12-13-15-16-17-19-19-20-21-22-23-24
 29 |        0  0  0  0 -6 -8-10-12-14-15-16-17-19-19-20-21-22-23-24
 30 |        0  0  0  0 -6 -8-10-13-14-15-16-17-19-19-20-21-22-23-24
 31 | 11  3  0  0  0  0 -6 -8-11-13-14-15-16-17-19-19-20-21-22-23-24
 32 |        0  0  0  0 -6 -9-11-13-14-15-16-17-19-19-20-21-22-23-24
 33 |        0  0  0  0 -7 -9-11-13-14-15-16-17-19-19-20-21-22-23-24
 34 |        0  0  0 -1 -7 -9-11-13-14-15-16-17-19-19-20-21-22-23-24
 35 |        0  0  0 -1 -7 -9-11-13-14-15-16-17-19-19-20-21-22-23-24
 36 |        0  0  0  0 -7 -9-11-13-14-15-16-17-19-19-20-21-22-23-24
 37 |        0  0  0  0 -5 -9-11-13-14-15-16-17-19-19-20-21-22-23-24
 38 | 159  4  0  0  0  0 -5 -9-11-13-14-15-16-17-19-19-20-21-22-23-24
 39 | 159  4  0  0  0  0 -7 -9-11-13-14-15-16-17-19-19-20-21-22-23-24
 40 |        0  0  0 -1 -7 -9-11-13-14-15-16-17-19-19-20-21-22-23-24
 41 |        0  0 -1 -1 -7 -9-11-13-14-15-16-17-19-19-20-21-22-23-24
 42 |        0  0 -1 -1 -7 -9-11-13-14-15-16-17-19-19-20-21-22-23-24
 43 |        0  1  0 -1 -7 -9-11-13-14-15-16-17-19-19-20-21-22-23-24
 44 | 56  5  0  1  0  0 -7 -9-11-13-14-15-16-17-19-19-20-21-22-23-24
 45 | 56  5  0  1  0  0 -5 -9-11-13-14-15-16-17-19-19-20-21-22-23-24
 46 | 56  5  0  1  0  0 -5 -8-11-13-14-15-16-17-19-19-20-21-22-23-24
 47 | 56  5  0  1  0  0 -5 -8-10-13-14-15-16-17-19-19-20-21-22-23-24
 48 | 56  5  0  0  0  0 -5 -8-10-13-14-15-16-17-19-19-20-21-22-23-24
 49 |        0  0  0  0 -5 -8-11-13-14-15-16-17-19-19-20-21-22-23-24
 50 |        0  0  0  0 -6 -9-11-13-14-15-16-17-19-19-20-21-22-23-24
 51 |        0  0  0  0 -7 -9-11-13-14-15-16-17-19-19-20-21-22-23-24
 52 |        0  0  0 -1 -7 -9-11-13-14-15-16-17-19-19-20-21-22-23-24
 53 |        0  0  0  0 -7 -9-11-13-14-15-16-17-19-19-20-21-22-23-24
 54 |        0  0  0  0 -5 -9-11-13-14-15-16-17-19-19-20-21-22-23-24
 55 |        0  0  0  0 -5 -8-11-13-14-15-16-17-19-19-20-21-22-23-24
 56 | 45  6  0  0  0  0 -5 -8-10-13-14-15-16-17-19-19-20-21-22-23-24
 57 | 45  6  0  0  0  0 -5 -8-11-13-14-15-16-17-19-19-20-21-22-23-24
 58 | 45  6  0  0  0  0 -5 -9-11-13-14-15-16-17-19-19-20-21-22-23-24
 59 | 45  6  0  0  0  0 -7 -9-11-13-14-15-16-17-19-19-20-21-22-23-24
 60 |        0  0  0 -1 -7 -9-11-13-14-15-16-17-19-19-20-21-22-23-24
 61 |        0  0 -1 -1 -7 -9-11-13-14-15-16-17-19-19-20-21-22-23-24
 62 |        0  0 -1 -1 -7 -9-11-13-14-15-16-17-19-19-20-21-22-23-24
 63 |        0  0  0 -1 -7 -9-11-13-14-15-16-17-19-19-20-21-22-23-24
 64 | 69  7  0  0  0  0 -7 -9-11-13-14-15-16-17-19-19-20-21-22-23-24
 65 |        0  0  0  0 -7 -9-11-13-14-15-16-17-19-19-20-21-22-23-24
 66 |        0  0  0 -1 -7 -9-11-13-14-15-16-17-19-19-20-21-22-23-24
 67 |        0  0 -1 -1 -7 -9-11-13-14-15-16-17-19-19-20-21-22-23-24
 68 |        0  0  0 -1 -7 -9-11-13-14-15-16-17-19-19-20-21-22-23-24
 69 |        0  0  0  0 -7 -9-11-13-14-15-16-17-19-19-20-21-22-23-24
 70 | 62  8  0  0  0  0 -6 -9-11-13-14-15-16-17-19-19-20-21-22-23-24
 71 | 62  8  0  0  0  0 -6 -8-11-13-14-15-16-17-19-19-20-21-22-23-24
 72 |        0  0  0  0 -6 -8-11-13-14-15-16-17-19-19-20-21-22-23-24
 73 |        0  0  0  0 -6 -9-11-13-14-15-16-17-19-19-20-21-22-23-24
 74 |        0  0  0  0 -7 -9-11-13-14-15-16-17-19-19-20-21-22-23-24
 75 |        0  0  0 -1 -7 -9-11-13-14-15-16-17-19-19-20-21-22-23-24
 76 |        0  0  0  0 -7 -9-11-13-14-15-16-17-19-19-20-21-22-23-24
 77 |        0  0  0  0 -5 -9-11-13-14-15-16-17-19-19-20-21-22-23-24
 78 |        0  0  0  0 -5 -8-11-13-14-15-16-17-19-19-20-21-22-23-24
 79 | 145  9  0  0  0  0 -5 -9-11-13-14-15-16-17-19-19-20-21-22-23-24
 80 | 145  9  0  0  0  0 -7 -9-11-13-14-15-16-17-19-19-20-21-22-23-24
 81 | 145  9  0  0  0 -1 -7 -9-11-13-14-15-16-17-19-19-20-21-22-23-24
 82 |        0  0 -1 -1 -7 -9-11-13-14-15-16-17-19-19-20-21-22-23-24
 83 |        0 -1 -1 -1 -7 -9-11-13-14-15-16-17-19-19-20-21-22-23-24
 84 |        0  0 -1 -1 -7 -9-11-13-14-15-16-17-19-19-20-21-22-23-24
 85 | 129 10  0  0  0 -1 -7 -9-11-13-14-15-16-17-19-19-20-21-22-23-24
 86 | 129 10  0  0  0  1 -7 -9-11-13-14-15-16-17-19-19-20-21-22-23-24
 87 | 129 10  0  0  0  1 -4 -9-11-13-14-15-16-17-19-19-20-21-22-23-24
 88 | 129 10  0  0  0  1 -4 -7-11-13-14-15-16-17-19-19-20-21-22-23-24
 89 | 129 10  0  0  0  1 -4 -7 -9-13-14-15-16-17-19-19-20-21-22-23-24
 90 | 129 10  0  0  0  1 -4 -7 -9-11-14-15-16-17-19-19-20-21-22-23-24
 91 | 129 10  0  0  0  1 -4 -7 -9-11-13-15-16-17-19-19-20-21-22-23-24
 92 | 129 10  0  0  0  1 -4 -7 -9-11-13-15-16-17-19-19-20-21-22-23-24
 93 | 129 10  0  0  0  0 -4 -7 -9-11-14-15-16-17-19-19-20-21-22-23-24
 94 |        0  0  0  0 -5 -7-10-13-14-15-16-17-19-19-20-21-22-23-24
 95 |        0  0  0  0 -5 -8-11-13-14-15-16-17-19-19-20-21-22-23-24
 96 |        0  0  0  0 -6 -9-11-13-14-15-16-17-19-19-20-21-22-23-24
 97 |        0  0  0  0 -7 -9-11-13-14-15-16-17-19-19-20-21-22-23-24
 98 |        0  0  0  0 -7 -9-11-13-14-15-16-17-19-19-20-21-22-23-24
 99 |        0  0  0  0 -5 -9-11-13-14-15-16-17-19-19-20-21-22-23-24
100 |        0  0  0  0 -5 -8-11-13-14-15-16-17-19-19-20-21-22-23-24
101 |        0  0  0  0 -5 -8-10-13-14-15-16-17-19-19-20-21-22-23-24
102 | 117 11  0  0  0  0 -5 -8-10-11-14-15-16-17-19-19-20-21-22-23-24
103 | 117 11  0  0  0  0 -5 -8-10-11-13-15-16-17-19-19-20-21-22-23-24
104 | 117 11  0  0  0  0 -5 -8-10-11-13-14-16-17-19-19-20-21-22-23-24
105 | 117 11  0  0  0  0 -5 -8-10-11-13-14-15-17-19-19-20-21-22-23-24
106 | 117 11  0  0  0  0 -5 -8-10-11-13-14-16-17-19-19-20-21-22-23-24
107 | 117 11  0  0  0  0 -5 -8-10-11-13-15-16-17-19-19-20-21-22-23-24
108 | 117 11  0  0  0  0 -5 -8-10-11-14-15-16-17-19-19-20-21-22-23-24
109 | 117 11  0  0  0  0 -5 -8-10-13-14-15-16-17-19-19-20-21-22-23-24
110 | 117 11  0  0  0  0 -5 -8-11-13-14-15-16-17-19-19-20-21-22-23-24
111 |        0  0  0  0 -6 -9-11-13-14-15-16-17-19-19-20-21-22-23-24
112 |        0  0  0  0 -7 -9-11-13-14-15-16-17-19-19-20-21-22-23-24
113 |        0  0  0 -1 -7 -9-11-13-14-15-16-17-19-19-20-21-22-23-24
114 |        0  0  0 -1 -7 -9-11-13-14-15-16-17-19-19-20-21-22-23-24
115 |        0  0  0  0 -7 -9-11-13-14-15-16-17-19-19-20-21-22-23-24
116 |        0  0  0  0 -5 -9-11-13-14-15-16-17-19-19-20-21-22-23-24
117 | 106 12  0  0  0  0 -5 -7-11-13-14-15-16-17-19-19-20-21-22-23-24
118 | 106 12  0  0  0  0 -5 -8-11-13-14-15-16-17-19-19-20-21-22-23-24
119 | 106 12  0  0  0  1 -5 -9-11-13-14-15-16-17-19-19-20-21-22-23-24
120 | 106 12  0  0  0  0 -7 -9-11-13-14-15-16-17-19-19-20-21-22-23-24
121 | 106 12  0  0  0 -1 -7 -9-11-13-14-15-16-17-19-19-20-21-22-23-24
122 |        0  0 -1 -1 -7 -9-11-13-14-15-16-17-19-19-20-21-22-23-24
123 |        0 -1 -1 -1 -7 -9-11-13-14-15-16-17-19-19-20-21-22-23-24
124 |        0  0 -1 -1 -7 -9-11-13-14-15-16-17-19-19-20-21-22-23-24
125 | 102 13  0  0  0 -1 -7 -9-11-13-14-15-16-17-19-19-20-21-22-23-24
126 | 102 13  0  0  0 -1 -7 -9-11-13-14-15-16-17-19-19-20-21-22-23-24
127 | 102 13  0  0 -1 -1 -7 -9-11-13-14-15-16-17-19-19-20-21-22-23-24
128 |        0 -1 -1 -1 -7 -9-11-13-14-15-16-17-19-19-20-21-22-23-24
129 |        0 -1 -1 -1 -7 -9-11-13-14-15-16-17-19-19-20-21-22-23-24
130 | 84 14  0  0 -1 -1 -7 -9-11-13-14-15-16-17-19-19-20-21-22-23-24
131 | 84 14  0  0  0 -1 -7 -9-11-13-14-15-16-17-19-19-20-21-22-23-24
132 | 84 14  0  0  0  1 -7 -9-11-13-14-15-16-17-19-19-20-21-22-23-24
133 | 84 14  0  0  0  1 -4 -9-11-13-14-15-16-17-19-19-20-21-22-23-24
134 | 84 14  0  0  0  1 -4 -7-11-13-14-15-16-17-19-19-20-21-22-23-24
135 | 84 14  0  0  0  1 -4 -7 -9-13-14-15-16-17-19-19-20-21-22-23-24
136 | 84 14  0  0  0  1 -4 -7 -9-11-14-15-16-17-19-19-20-21-22-23-24
137 | 84 14  0  0  0  1 -4 -7 -9-13-14-15-16-17-19-19-20-21-22-23-24
138 | 84 14  0  0  0  0 -4 -7-11-13-14-15-16-17-19-19-20-21-22-23-24
139 |        0  0  0  0 -5 -9-11-13-14-15-16-17-19-19-20-21-22-23-24
140 |        0  0  0  0 -7 -9-11-13-14-15-16-17-19-19-20-21-22-23-24
141 |        0  0  0 -1 -7 -9-11-13-14-15-16-17-19-19-20-21-22-23-24
142 |        0  0  0 -1 -7 -9-11-13-14-15-16-17-19-19-20-21-22-23-24
143 |        0  0  0  0 -7 -9-11-13-14-15-16-17-19-19-20-21-22-23-24
144 |        0  0  0  0 -5 -9-11-13-14-15-16-17-19-19-20-21-22-23-24
145 | 79 15  0  0  0  0 -7 -9-11-13-14-15-16-17-19-19-20-21-22-23-24
146 | 79 15  0  0  0 -1 -7 -9-11-13-14-15-16-17-19-19-20-21-22-23-24
147 | 79 15  0  0 -1 -1 -7 -9-11-13-14-15-16-17-19-19-20-21-22-23-24
148 |        0 -1 -1 -1 -7 -9-11-13-14-15-16-17-19-19-20-21-22-23-24
149 |        0 -1 -1 -1 -7 -9-11-13-14-15-16-17-19-19-20-21-22-23-24
150 | 60 16  0  0 -1 -1 -7 -9-11-13-14-15-16-17-19-19-20-21-22-23-24
151 | 60 16  0  0  0 -1 -7 -9-11-13-14-15-16-17-19-19-20-21-22-23  0
152 |        0  0  0  0 -7 -9-11-13-14-15-16-17-19-19-20-21-22  0  0
153 |        0  0  0  0 -6 -9-11-13-14-15-16-17-19-19-20-21  0  0  0
154 |        0  0  0  0 -6 -9-11-13-14-15-16-17-19-19-20  0  0  0  0
155 |        0  0  0  0 -7 -9-11-13-14-15-16-17-19-19  0  0  0  0  0
156 |        0  0  0  0 -7 -9-11-13-14-15-16-17-19  0  0  0  0  0  0
157 |        0  0  0  0 -5 -9-11-13-14-15-16-17  0  0  0  0  0  0  0
158 |        0  0  0  0 -5 -8-11-13-14-15-16  0  0  0  0  0  0  0  0
159 |        0  0  0  0 -5 -8-10-13-14-15  0  0  0  0  0  0  0  0  0
160 | 23 17  0  0  0  0 -5 -8-10-11-14  0  0  0  0  0  0  0  0  0  0
161 | 23 17  0  0  0  0 -5 -8-10-11  0  0  0  0  0  0  0  0  0  0  0
162 | 23 17  0  0  0  0 -5 -8-10  0  0  0  0  0  0  0  0  0  0  0  0
163 | 23 17  0  0  0  0 -5 -8  0  0  0  0  0  0  0  0  0  0  0  0  0
164 |        0  0  0  0 -5  0  0  0  0  0  0  0  0  0  0  0  0  0  0
165 |        0  0  0  0  0  0  0  0  0  0  0  0  0  0  0  0  0  0  0
166 |        0  0  0  0  0  0  0  0  0  0  0  0  0  0  0  0  0  0  0
167 |        0  0  0  0  0  0  0  0  0  0  0  0  0  0  0  0  0  0  0
168 |        0  0  0  0  0  0  0  0  0  0  0  0  0  0  0  0  0  0  0
169 |        0  0  0  0  0  0  0  0  0  0  0  0  0  0  0  0  0  0  0


  1 |                                                                                  
  2 |                                                                                  
  3 |                                                                                  
  4 |                                                                                  
  5 |                                                                                  
  6 |                                                                                  
  7 | 162  1                                                                            
  8 |                                                                                  
  9 |                                                                                  
 10 |                                                                                  
 11 |                                                                                  
 12 | 30  2                                                                            
 13 |                                                                                  
 14 |                                                                                  
 15 |                                                                                  
 16 |                                                                                  
 17 |                                                                                  
 18 |                                                                                  
 19 |                                                                                  
 20 |                                                                                  
 21 |                                                                                  
 22 |                                                                                  
 23 |                                                                                  
 24 |                                                                                  
 25 |                                                                                  
 26 |                                                                                  
 27 |                                                                                  
 28 |                                                                                  
 29 |                                                                                  
 30 |                                                                                  
 31 | 11  3                                                                            
 32 |                                                                                  
 33 |                                                                                  
 34 |                                                                                  
 35 |                 0   0                                                            
 36 |             0   1   2                                                            
 37 |             0   2   3                                                            
 38 | 159  4       0   2   3                                                            
 39 | 159  4       0   1   2                                                            
 40 |                 0   0                                                            
 41 |                                                                                  
 42 |             0   0   0                                                            
 43 |             1   3   4                                                            
 44 | 56  5       1   5   9   2                                                        
 45 | 56  5       1   5   9   7                                                        
 46 | 56  5       1   5   9   6                                                        
 47 | 56  5       1   3   7   4                                                        
 48 | 56  5       0   2   4   2                                                        
 49 |                 0   2                                                            
 50 |                     1                                                            
 51 |                                                                                  
 52 |                                                                                  
 53 |                 0   2                                                            
 54 |             0   1   3   0                                                        
 55 |             0   2   5   2                                                        
 56 | 45  6       0   3   6   2                                                        
 57 | 45  6       0   3   5   1                                                        
 58 | 45  6       0   1   3                                                            
 59 | 45  6       0   0   2                                                            
 60 |             0   0                                                                
 61 |             0                                                                    
 62 |             0                                                                    
 63 |             0   0                                                                
 64 | 69  7       0   0   0                                                            
 65 |                 0   0                                                            
 66 |                                                                                  
 67 |                                                                                  
 68 |                                                                                  
 69 |                                                                                  
 70 | 62  8                                                                            
 71 | 62  8                                                                            
 72 |                                                                                  
 73 |                                                                                  
 74 |                                                                                  
 75 |                                                                                  
 76 |                 0   1                                                            
 77 |             0   1   2                                                            
 78 |             0   1   3                                                            
 79 | 145  9       0   2   3                                                            
 80 | 145  9       0   1   3                                                            
 81 | 145  9       0   1                                                                
 82 |                                                                                  
 83 |                                                                                  
 84 |             0                                                                    
 85 | 129 10       0   1                                                                
 86 | 129 10       0   1   4                                                            
 87 | 129 10       0   1   4   6                                                        
 88 | 129 10       0   1   5   6                                                        
 89 | 129 10       0   1   5   6                                                        
 90 | 129 10       0   1   4   5                                                        
 91 | 129 10       0   1   3   3                                                        
 92 | 129 10       0   0   3   1                                                        
 93 | 129 10           0   1                                                            
 94 |                     1                                                            
 95 |                                                                                  
 96 |                                                                                  
 97 |                                                                                  
 98 |                     0                                                            
 99 |                 0   1                                                            
100 |             0   1   2                                                            
101 |             0   1   3                                                            
102 | 117 11       0   2   2                                                            
103 | 117 11       0   1   2                                                            
104 | 117 11       0   1   2                                                            
105 | 117 11       0   1   4   0                                                        
106 | 117 11       0   3   5   2                                                        
107 | 117 11       0   3   7   3                                                        
108 | 117 11       0   3   6   4                                                        
109 | 117 11       0   2   5   2                                                        
110 | 117 11       0   1   3   0                                                        
111 |                 0   2                                                            
112 |                     0                                                            
113 |                                                                                  
114 |                 0                                                                
115 |             0   0   2                                                            
116 |             0   0   3   0                                                        
117 | 106 12       0   1   3   1                                                        
118 | 106 12       0   1   3   1                                                        
119 | 106 12       0   1   3   1                                                        
120 | 106 12       0   0   3                                                            
121 | 106 12       0   0                                                                
122 |             0                                                                    
123 |                                                                                  
124 |             0                                                                    
125 | 102 13       0   0                                                                
126 | 102 13       0   0                                                                
127 | 102 13       0                                                                    
128 |                                                                                  
129 |                                                                                  
130 | 84 14       0                                                                    
131 | 84 14       0   1                                                                
132 | 84 14       0   1   5                                                            
133 | 84 14       0   1   5   6                                                        
134 | 84 14       0   1   4   6                                                        
135 | 84 14       0   1   4   4                                                        
136 | 84 14       0   1   3   3                                                        
137 | 84 14       0   0   2   0                                                        
138 | 84 14       0   0   1                                                            
139 |                 0   1                                                            
140 |                     0                                                            
141 |                                                                                  
142 |                 0   0                                                            
143 |             0   1   2                                                            
144 |             0   1   3                                                            
145 | 79 15       0   2   3                                                            
146 | 79 15       0   1                                                                
147 | 79 15       0                                                                    
148 |                                                                                  
149 |                                                                                  
150 | 60 16                                                                            
151 | 60 16                                                                            
152 |                                                                                  
153 |                                                                                  
154 |                                                                                  
155 |                                                                                  
156 |                     0                                                            
157 |                 0   0                                                            
158 |             0   0   1                                                            
159 |             0   0   1                                                            
160 | 23 17       0   0   1                                                            
161 | 23 17       0   0   1                                                            
162 | 23 17           0   0                                                            
163 | 23 17               0                                                            
164 |                                                                                  
165 |                                                                                  
166 |                                                                                  
167 |                                                                                  
168 |                                                                                  
169 |                                                                                  


 i = 158 j = 4 sum[i][j] = 54.856354
 i = 151 j = 2 sum[i][j] = 53.396057
 i = 144 j = 4 sum[i][j] = 53.396057
 i = 133 j = 5 sum[i][j] = 49.911362
 i = 124 j = 3 sum[i][j] = 43.590321
 i = 116 j = 4 sum[i][j] = 42.725800
 i = 107 j = 4 sum[i][j] = 39.167175
 i = 98 j = 4 sum[i][j] = 32.381424
 i = 88 j = 5 sum[i][j] = 30.798262
 i = 78 j = 4 sum[i][j] = 23.939892
 i = 71 j = 2 sum[i][j] = 20.455196
 i = 64 j = 4 sum[i][j] = 20.455196
 i = 55 j = 4 sum[i][j] = 19.704962
 i = 45 j = 4 sum[i][j] = 12.917696
 i = 36 j = 4 sum[i][j] = 3.657857

   33-41   42-50   52-60   61-69   70-74   75-83   84-94   95-103   104-112   113-121   122-128   129-139   141-149   150-154   155-163 tops = 54.856354
 i = 0 s = 54.856354


	33-41	 m = 36 w = 4
	42-50	 m = 45 w = 4
	52-60	 m = 55 w = 4
	61-69	 m = 64 w = 4
	70-74	 m = 71 w = 2
	75-83	 m = 78 w = 4
	84-94	 m = 88 w = 5
	95-103	 m = 98 w = 4
	104-112	 m = 107 w = 4
	113-121	 m = 116 w = 4
	122-128	 m = 124 w = 3
	129-139	 m = 133 w = 5
	141-149	 m = 144 w = 4
	150-154	 m = 151 w = 2
	155-163	 m = 158 w = 4
