 Running at  speed = 1 Data::delay = 0.1
 line = SCALE 0.15
Reading parameters from stem.model
    0     1     2     2     1     0     0     0     0     0 
 9999   150    30     5     5     0     0     0     0     0 
    0     0    30   -10    10     0     0     0     0     0 
    0     0     2     2     5     0     0     0     0     0 
    0     0     1     1     1     0     0     0     0     0 
    0     0     8     0     0     0     0     0     0     0 
    0     1     2     5     0     0     0     0     0     0 
    0     0     0    10     5     0     0     0     0     0 
    0     0    20    50   100     0     0     0     0     0 
    0     0    10    20   100     0     0     0     0     0 
End of parameters

 Read  nmodels = 1
Model 0 is nucleic with  Data::bondPP = 1
 #  line = GROUP 0 1
 # set GROUP  sort = 0 n = 1 level = 0 at[level] = 0 cell->uid = 0
 #  line = INPUT stems.dat
 # Reading file stems.dat
 #  deep = 1
 #  line = GROUP 0 7
 # set GROUP  sort = 0 n = 7 level = 1 at[level] = 0 cell->uid = 1
 #  line = GROUP -1 2    44.1  73.9  48.7     41.4  62.0  37.2
 # set GROUP  sort = -1 n = 2 level = 2 at[level] = 0 cell->uid = 2
 # Axis ends read  v = -0.2025 -0.8925 -0.8625 cell->ends = -1
 #  line = DOUBL 1 8
 set BPAIR  sort = 1 n = 8 level = 3 at[level] = 0 cell->uid = 9
 #  line = ATOM      1  P     G A   1      51.422  69.920  47.830  1.00  0.00
 # set ATOM  level = 3 at[level] = 0 cell->uid = 9
 #  line = ATOM      2  P     G A   2      46.041  66.688  50.300  1.00  0.00
 # set ATOM  level = 3 at[level] = 1 cell->uid = 10
 #  line = ATOM      3  P     G A   3      40.743  65.442  50.944  1.00  0.00
 # set ATOM  level = 3 at[level] = 2 cell->uid = 11
 #  line = ATOM      4  P     G A   4      35.384  64.184  49.092  1.00  0.00
 # set ATOM  level = 3 at[level] = 3 cell->uid = 12
 #  line = ATOM      5  P     G A   5      31.416  63.414  45.123  1.00  0.00
 # set ATOM  level = 3 at[level] = 4 cell->uid = 13
 #  line = ATOM      6  P     G A   6      29.964  62.760  39.273  1.00  0.00
 # set ATOM  level = 3 at[level] = 5 cell->uid = 14
 #  line = ATOM      7  P     G A   7      31.203  61.543  33.653  1.00  0.00
 # set ATOM  level = 3 at[level] = 6 cell->uid = 15
 #  line = ATOM      8  P     G A   8      34.156  59.337  29.377  1.00  0.00
 # set ATOM  level = 3 at[level] = 7 cell->uid = 16
 #  line = GROUP 0 7
 # EoG  level = 3 cell->uid = 16 moves[level].set = 0
 # End of Cell  cell->level = 3 cell->id = 7 cell->uid = 16 cell->kids = 2 cell->ends = 0
 # Next  cell->uid = 17 last = T have = G
 # set GROUP  sort = 0 n = 7 level = 3 at[level] = 8 cell->uid = 17
 #  line = ATOM    154  P     G A 154      38.059  42.251  31.176  1.00  0.00
 # set ATOM  level = 4 at[level] = 0 cell->uid = 34
 #  line = ATOM    155  P     G A 155      35.671  47.028  33.264  1.00  0.00
 # set ATOM  level = 4 at[level] = 1 cell->uid = 35
 #  line = ATOM    156  P     G A 156      34.369  52.516  32.836  1.00  0.00
 # set ATOM  level = 4 at[level] = 2 cell->uid = 36
 #  line = ATOM    157  P     G A 157      31.458  56.063  38.558  1.00  0.00
 # set ATOM  level = 4 at[level] = 3 cell->uid = 37
 #  line = ATOM    158  P     G A 158      34.421  55.386  43.152  1.00  0.00
 # set ATOM  level = 4 at[level] = 4 cell->uid = 38
 #  line = ATOM    159  P     G A 159      39.929  55.253  44.309  1.00  0.00
 # set ATOM  level = 4 at[level] = 5 cell->uid = 39
 #  line = ATOM    160  P     G A 160      45.018  57.266  44.934  1.00  0.00
 # set ATOM  level = 4 at[level] = 6 cell->uid = 40
 #  line = DOUBL -1 8
 # EoG  level = 3 cell->uid = 17 moves[level].set = 0
 # End of Cell  cell->level = 3 cell->id = 8 cell->uid = 17 cell->kids = 7 cell->ends = 0
 # Next  cell->uid = 17 last = T have = D
 Complementary strand found 
 #  line = ATOM    161  P     G A 161      48.001  61.722  42.044  1.00  0.00
 # set ATOM  level = 3 at[level] = 7 cell->uid = 16
 #  line = ATOM    162  P     G A 162      47.643  65.677  37.261  1.00  0.00
 # set ATOM  level = 3 at[level] = 6 cell->uid = 15
 #  line = ATOM    163  P     G A 163      45.121  69.431  34.094  1.00  0.00
 # set ATOM  level = 3 at[level] = 5 cell->uid = 14
 #  line = ATOM    164  P     G A 164      40.869  73.661  34.268  1.00  0.00
 # set ATOM  level = 3 at[level] = 4 cell->uid = 13
 #  line = ATOM    165  P     G A 165      36.859  76.775  37.028  1.00  0.00
 # set ATOM  level = 3 at[level] = 3 cell->uid = 12
 #  line = ATOM    166  P     G A 166      34.249  78.877  42.018  1.00  0.00
 # set ATOM  level = 3 at[level] = 2 cell->uid = 11
 #  line = ATOM    167  P     G A 167      34.409  79.881  48.081  1.00  0.00
 # set ATOM  level = 3 at[level] = 1 cell->uid = 10
 #  line = ATOM    168  P     G A 168      37.388  80.882  52.546  1.00  0.00
 # set ATOM  level = 3 at[level] = 0 cell->uid = 9
 #  line = GROUP -1 3    38.6  59.9  20.7     37.9  42.6  16.6
 # EoG  level = 3 cell->uid = 17 moves[level].set = 0
 # End of Cell  cell->level = 3 cell->id = 8 cell->uid = 17 cell->kids = 7 cell->ends = 0
 # EoG  level = 2 cell->uid = 2 moves[level].set = 0
 # End of Cell  cell->level = 2 cell->id = 0 cell->uid = 2 cell->kids = 9 cell->ends = -1
 # Next  cell->uid = 3 last = T have = G
 # set GROUP  sort = -1 n = 3 level = 2 at[level] = 1 cell->uid = 3
 # Axis ends read  v = -0.0524998 -1.2975 -0.3075 cell->ends = -1
 #  line = DOUBL 2 9
 set BPAIR  sort = 2 n = 9 level = 3 at[level] = 0 cell->uid = 41
 #  line = ATOM      9  P     G A   9      36.008  55.275  25.708  1.00  0.00
 # set ATOM  level = 3 at[level] = 0 cell->uid = 41
 #  line = ATOM     10  P     G A  10      33.719  56.468  21.320  1.00  0.00
 # set ATOM  level = 3 at[level] = 1 cell->uid = 42
 #  line = ATOM     11  P     G A  11      33.617  55.872  15.390  1.00  0.00
 # set ATOM  level = 3 at[level] = 2 cell->uid = 43
 #  line = ATOM     12  P     G A  12      36.275  53.744  10.262  1.00  0.00
 # set ATOM  level = 3 at[level] = 3 cell->uid = 44
 #  line = ATOM     13  P     G A  13      39.327  51.571   6.933  1.00  0.00
 # set ATOM  level = 3 at[level] = 4 cell->uid = 45
 #  line = ATOM     14  P     G A  14      44.068  47.258   6.019  1.00  0.00
 # set ATOM  level = 3 at[level] = 5 cell->uid = 46
 #  line = ATOM     15  P     G A  15      45.829  42.158   7.625  1.00  0.00
 # set ATOM  level = 3 at[level] = 6 cell->uid = 47
 #  line = ATOM     16  P     G A  16      46.189  37.453  10.169  1.00  0.00
 # set ATOM  level = 3 at[level] = 7 cell->uid = 48
 #  line = ATOM     17  P     G A  17      42.078  34.101  13.672  1.00  0.00
 # set ATOM  level = 3 at[level] = 8 cell->uid = 49
 #  line = GROUP 0 6
 # EoG  level = 3 cell->uid = 49 moves[level].set = 0
 # End of Cell  cell->level = 3 cell->id = 8 cell->uid = 49 cell->kids = 2 cell->ends = 0
 # Next  cell->uid = 50 last = T have = G
 # set GROUP  sort = 0 n = 6 level = 3 at[level] = 9 cell->uid = 50
 #  line = ATOM     18  P     G A  18      35.664  32.947  16.096  1.00  0.00
 # set ATOM  level = 4 at[level] = 0 cell->uid = 70
 #  line = ATOM     19  P     G A  19      30.314  32.720  18.490  1.00  0.00
 # set ATOM  level = 4 at[level] = 1 cell->uid = 71
 #  line = ATOM     20  P     G A  20      24.934  34.224  17.689  1.00  0.00
 # set ATOM  level = 4 at[level] = 2 cell->uid = 72
 #  line = ATOM     21  P     G A  21      23.447  40.095  17.840  1.00  0.00
 # set ATOM  level = 4 at[level] = 3 cell->uid = 73
 #  line = ATOM     22  P     G A  22      23.970  45.518  17.803  1.00  0.00
 # set ATOM  level = 4 at[level] = 4 cell->uid = 74
 #  line = ATOM     23  P     G A  23      28.980  47.327  22.341  1.00  0.00
 # set ATOM  level = 4 at[level] = 5 cell->uid = 75
 #  line = DOUBL -2 9
 # EoG  level = 3 cell->uid = 50 moves[level].set = 0
 # End of Cell  cell->level = 3 cell->id = 9 cell->uid = 50 cell->kids = 6 cell->ends = 0
 # Next  cell->uid = 50 last = T have = D
 Complementary strand found 
 #  line = ATOM     24  P     G A  24      33.658  46.733  18.500  1.00  0.00
 # set ATOM  level = 3 at[level] = 8 cell->uid = 49
 #  line = ATOM     25  P     G A  25      37.753  45.524  23.718  1.00  0.00
 # set ATOM  level = 3 at[level] = 7 cell->uid = 48
 #  line = ATOM     26  P     G A  26      43.595  45.657  24.477  1.00  0.00
 # set ATOM  level = 3 at[level] = 6 cell->uid = 47
 #  line = ATOM     27  P     G A  27      49.207  47.280  23.198  1.00  0.00
 # set ATOM  level = 3 at[level] = 5 cell->uid = 46
 #  line = ATOM     28  P     G A  28      52.371  51.522  19.195  1.00  0.00
 # set ATOM  level = 3 at[level] = 4 cell->uid = 45
 #  line = ATOM     29  P     G A  29      53.007  56.353  16.045  1.00  0.00
 # set ATOM  level = 3 at[level] = 3 cell->uid = 44
 #  line = ATOM     30  P     G A  30      50.933  61.716  14.346  1.00  0.00
 # set ATOM  level = 3 at[level] = 2 cell->uid = 43
 #  line = ATOM     31  P     G A  31      46.891  66.167  13.781  1.00  0.00
 # set ATOM  level = 3 at[level] = 1 cell->uid = 42
 #  line = ATOM     32  P     G A  32      41.367  68.825  16.808  1.00  0.00
 # set ATOM  level = 3 at[level] = 0 cell->uid = 41
 #  line = GROUP 0 6
 # EoG  level = 3 cell->uid = 50 moves[level].set = 0
 # End of Cell  cell->level = 3 cell->id = 9 cell->uid = 50 cell->kids = 6 cell->ends = 0
 # Next  cell->uid = 51 last = T have = G
 # set GROUP  sort = 0 n = 6 level = 3 at[level] = 10 cell->uid = 51
 #  line = ATOM     33  P     G A  33      36.580  70.740  20.294  1.00  0.00
 # set ATOM  level = 4 at[level] = 0 cell->uid = 76
 #  line = ATOM     34  P     G A  34      35.327  72.026  25.295  1.00  0.00
 # set ATOM  level = 4 at[level] = 1 cell->uid = 77
 #  line = ATOM     35  P     G A  35      40.484  69.996  26.371  1.00  0.00
 # set ATOM  level = 4 at[level] = 2 cell->uid = 78
 #  line = ATOM     36  P     G A  36      43.093  65.152  27.275  1.00  0.00
 # set ATOM  level = 4 at[level] = 3 cell->uid = 79
 #  line = ATOM     37  P     G A  37      43.314  59.468  26.044  1.00  0.00
 # set ATOM  level = 4 at[level] = 4 cell->uid = 80
 #  line = ATOM     38  P     G A  38      48.870  56.051  27.583  1.00  0.00
 # set ATOM  level = 4 at[level] = 5 cell->uid = 81
 #  line = GROUP -1 5    53.7  23.8  41.8     48.7  16.7  37.9
 # EoG  level = 3 cell->uid = 51 moves[level].set = 0
 # End of Cell  cell->level = 3 cell->id = 10 cell->uid = 51 cell->kids = 6 cell->ends = 0
 # EoG  level = 2 cell->uid = 3 moves[level].set = 0
 # End of Cell  cell->level = 2 cell->id = 1 cell->uid = 3 cell->kids = 11 cell->ends = -1
 # Next  cell->uid = 4 last = T have = G
 # set GROUP  sort = -1 n = 5 level = 2 at[level] = 2 cell->uid = 4
 # Axis ends read  v = -0.375 -0.5325 -0.2925 cell->ends = -1
 #  line = GROUP 0 4
 # set GROUP  sort = 0 n = 4 level = 3 at[level] = 0 cell->uid = 82
 #  line = ATOM     39  P     G A  39      50.629  50.753  31.765  1.00  0.00
 # set ATOM  level = 4 at[level] = 0 cell->uid = 87
 #  line = ATOM     40  P     G A  40      50.218  46.809  35.781  1.00  0.00
 # set ATOM  level = 4 at[level] = 1 cell->uid = 88
 #  line = ATOM     41  P     G A  41      48.773  41.990  37.232  1.00  0.00
 # set ATOM  level = 4 at[level] = 2 cell->uid = 89
 #  line = ATOM     42  P     G A  42      52.893  37.976  37.328  1.00  0.00
 # set ATOM  level = 4 at[level] = 3 cell->uid = 90
 #  line = DOUBL 3 4
 # EoG  level = 3 cell->uid = 82 moves[level].set = 0
 # End of Cell  cell->level = 3 cell->id = 0 cell->uid = 82 cell->kids = 4 cell->ends = 0
 # Next  cell->uid = 83 last = T have = D
 set BPAIR  sort = 3 n = 4 level = 3 at[level] = 1 cell->uid = 83
 #  line = ATOM     43  P     G A  43      53.791  32.376  36.813  1.00  0.00
 # set ATOM  level = 3 at[level] = 1 cell->uid = 83
 #  line = ATOM     44  P     G A  44      53.279  27.636  33.261  1.00  0.00
 # set ATOM  level = 3 at[level] = 2 cell->uid = 84
 #  line = ATOM     45  P     G A  45      54.664  20.840  31.950  1.00  0.00
 # set ATOM  level = 3 at[level] = 3 cell->uid = 85
 #  line = ATOM     46  P     G A  46      55.387  15.334  31.823  1.00  0.00
 # set ATOM  level = 3 at[level] = 4 cell->uid = 86
 #  line = GROUP 0 5
 # EoG  level = 3 cell->uid = 86 moves[level].set = 0
 # End of Cell  cell->level = 3 cell->id = 4 cell->uid = 86 cell->kids = 2 cell->ends = 0
 # Next  cell->uid = 91 last = T have = G
 # set GROUP  sort = 0 n = 5 level = 3 at[level] = 5 cell->uid = 91
 #  line = ATOM     47  P     G A  47      52.261  10.350  31.919  1.00  0.00
 # set ATOM  level = 4 at[level] = 0 cell->uid = 102
 #  line = ATOM     48  P     G A  48      47.147   7.228  31.810  1.00  0.00
 # set ATOM  level = 4 at[level] = 1 cell->uid = 103
 #  line = ATOM     49  P     G A  49      41.837   6.371  30.635  1.00  0.00
 # set ATOM  level = 4 at[level] = 2 cell->uid = 104
 #  line = ATOM     50  P     G A  50      38.309   8.290  26.622  1.00  0.00
 # set ATOM  level = 4 at[level] = 3 cell->uid = 105
 #  line = ATOM     51  P     G A  51      41.920  12.253  25.282  1.00  0.00
 # set ATOM  level = 4 at[level] = 4 cell->uid = 106
 #  line = GROUP 0 4
 # EoG  level = 3 cell->uid = 91 moves[level].set = 0
 # End of Cell  cell->level = 3 cell->id = 5 cell->uid = 91 cell->kids = 5 cell->ends = 0
 # Next  cell->uid = 92 last = T have = G
 # set GROUP  sort = 0 n = 4 level = 3 at[level] = 6 cell->uid = 92
 #  line = ATOM     52  P     G A  52      44.006  18.063  26.450  1.00  0.00
 # set ATOM  level = 4 at[level] = 0 cell->uid = 107
 #  line = ATOM     53  P     G A  53      46.221  21.784  30.547  1.00  0.00
 # set ATOM  level = 4 at[level] = 1 cell->uid = 108
 #  line = ATOM     54  P     G A  54      44.780  21.518  35.308  1.00  0.00
 # set ATOM  level = 4 at[level] = 2 cell->uid = 109
 #  line = ATOM     55  P     G A  55      41.428  20.537  40.826  1.00  0.00
 # set ATOM  level = 4 at[level] = 3 cell->uid = 110
 #  line = DOUBL -3 4
 # EoG  level = 3 cell->uid = 92 moves[level].set = 0
 # End of Cell  cell->level = 3 cell->id = 6 cell->uid = 92 cell->kids = 4 cell->ends = 0
 # Next  cell->uid = 92 last = T have = D
 Complementary strand found 
 #  line = ATOM     56  P     G A  56      40.773  16.207  43.088  1.00  0.00
 # set ATOM  level = 3 at[level] = 4 cell->uid = 86
 #  line = ATOM     57  P     G A  57      43.981  12.766  45.501  1.00  0.00
 # set ATOM  level = 3 at[level] = 3 cell->uid = 85
 #  line = ATOM     58  P     G A  58      49.735  12.687  47.297  1.00  0.00
 # set ATOM  level = 3 at[level] = 2 cell->uid = 84
 #  line = ATOM     59  P     G A  59      54.872  17.079  47.714  1.00  0.00
 # set ATOM  level = 3 at[level] = 1 cell->uid = 83
 #  line = GROUP 0 9
 # EoG  level = 3 cell->uid = 92 moves[level].set = 0
 # End of Cell  cell->level = 3 cell->id = 6 cell->uid = 92 cell->kids = 4 cell->ends = 0
 # Next  cell->uid = 93 last = T have = G
 # set GROUP  sort = 0 n = 9 level = 3 at[level] = 7 cell->uid = 93
 #  line = ATOM     60  P     G A  60      58.351  21.710  47.045  1.00  0.00
 # set ATOM  level = 4 at[level] = 0 cell->uid = 111
 #  line = ATOM     61  P     G A  61      58.685  27.989  45.913  1.00  0.00
 # set ATOM  level = 4 at[level] = 1 cell->uid = 112
 #  line = ATOM     62  P     G A  62      56.733  33.799  45.162  1.00  0.00
 # set ATOM  level = 4 at[level] = 2 cell->uid = 113
 #  line = ATOM     63  P     G A  63      54.989  38.567  46.139  1.00  0.00
 # set ATOM  level = 4 at[level] = 3 cell->uid = 114
 #  line = ATOM     64  P     G A  64      53.097  42.599  49.902  1.00  0.00
 # set ATOM  level = 4 at[level] = 4 cell->uid = 115
 #  line = ATOM     65  P     G A  65      58.095  38.824  51.719  1.00  0.00
 # set ATOM  level = 4 at[level] = 5 cell->uid = 116
 #  line = ATOM     66  P     G A  66      57.800  33.964  53.678  1.00  0.00
 # set ATOM  level = 4 at[level] = 6 cell->uid = 117
 #  line = ATOM     67  P     G A  67      54.223  29.710  55.422  1.00  0.00
 # set ATOM  level = 4 at[level] = 7 cell->uid = 118
 #  line = ATOM     68  P     G A  68      48.551  27.915  56.616  1.00  0.00
 # set ATOM  level = 4 at[level] = 8 cell->uid = 119
 #  line = GROUP -1 4    32.2  24.0  37.9     20.1  11.2  37.5
 # EoG  level = 3 cell->uid = 93 moves[level].set = 0
 # End of Cell  cell->level = 3 cell->id = 7 cell->uid = 93 cell->kids = 9 cell->ends = 0
 # EoG  level = 2 cell->uid = 4 moves[level].set = 0
 # End of Cell  cell->level = 2 cell->id = 2 cell->uid = 4 cell->kids = 8 cell->ends = -1
 # Next  cell->uid = 5 last = T have = G
 # set GROUP  sort = -1 n = 4 level = 2 at[level] = 3 cell->uid = 5
 # Axis ends read  v = -0.9075 -0.96 -0.0300001 cell->ends = -1
 #  line = GROUP 0 7
 # set GROUP  sort = 0 n = 7 level = 3 at[level] = 0 cell->uid = 120
 #  line = ATOM     69  P     G A  69      42.923  29.383  55.954  1.00  0.00
 # set ATOM  level = 4 at[level] = 0 cell->uid = 124
 #  line = ATOM     70  P     G A  70      39.646  31.850  52.214  1.00  0.00
 # set ATOM  level = 4 at[level] = 1 cell->uid = 125
 #  line = ATOM     71  P     G A  71      38.109  33.908  47.075  1.00  0.00
 # set ATOM  level = 4 at[level] = 2 cell->uid = 126
 #  line = ATOM     72  P     G A  72      32.560  35.496  46.408  1.00  0.00
 # set ATOM  level = 4 at[level] = 3 cell->uid = 127
 #  line = ATOM     73  P     G A  73      29.208  36.512  42.161  1.00  0.00
 # set ATOM  level = 4 at[level] = 4 cell->uid = 128
 #  line = ATOM     74  P     G A  74      27.726  34.352  37.076  1.00  0.00
 # set ATOM  level = 4 at[level] = 5 cell->uid = 129
 #  line = ATOM     75  P     G A  75      29.515  28.781  33.961  1.00  0.00
 # set ATOM  level = 4 at[level] = 6 cell->uid = 130
 #  line = DOUBL 4 8
 # EoG  level = 3 cell->uid = 120 moves[level].set = 0
 # End of Cell  cell->level = 3 cell->id = 0 cell->uid = 120 cell->kids = 7 cell->ends = 0
 # Next  cell->uid = 121 last = T have = D
 set BPAIR  sort = 4 n = 8 level = 3 at[level] = 1 cell->uid = 121
 #  line = ATOM     76  P     G A  76      31.709  24.170  32.136  1.00  0.00
 # set ATOM  level = 3 at[level] = 1 cell->uid = 121
 #  line = ATOM     77  P     G A  77      32.711  19.322  34.874  1.00  0.00
 # set ATOM  level = 3 at[level] = 2 cell->uid = 122
 #  line = ATOM     78  P     G A  78      33.656  12.884  36.472  1.00  0.00
 # set ATOM  level = 3 at[level] = 3 cell->uid = 123
 #  line = ATOM     79  P     G A  79      32.818  11.518  41.452  1.00  0.00
 # set ATOM  level = 3 at[level] = 4 cell->uid = 131
 #  line = ATOM     80  P     G A  80      27.957  11.705  45.801  1.00  0.00
 # set ATOM  level = 3 at[level] = 5 cell->uid = 132
 #  line = ATOM     81  P     G A  81      22.962  12.486  48.007  1.00  0.00
 # set ATOM  level = 3 at[level] = 6 cell->uid = 133
 #  line = ATOM     82  P     G A  82      16.962  11.936  46.212  1.00  0.00
 # set ATOM  level = 3 at[level] = 7 cell->uid = 134
 #  line = ATOM     83  P     G A  83      12.206  10.923  41.443  1.00  0.00
 # set ATOM  level = 3 at[level] = 8 cell->uid = 135
 #  line = GROUP 0 2
 # EoG  level = 3 cell->uid = 135 moves[level].set = 0
 # End of Cell  cell->level = 3 cell->id = 8 cell->uid = 135 cell->kids = 2 cell->ends = 0
 # Next  cell->uid = 136 last = T have = G
 # set GROUP  sort = 0 n = 2 level = 3 at[level] = 9 cell->uid = 136
 #  line = ATOM    139  P     G A 139      20.182   8.552  30.342  1.00  0.00
 # set ATOM  level = 4 at[level] = 0 cell->uid = 154
 #  line = ATOM    140  P     G A 140      20.552   3.507  33.730  1.00  0.00
 # set ATOM  level = 4 at[level] = 1 cell->uid = 155
 #  line = DOUBL -4 8
 # EoG  level = 3 cell->uid = 136 moves[level].set = 0
 # End of Cell  cell->level = 3 cell->id = 9 cell->uid = 136 cell->kids = 2 cell->ends = 0
 # Next  cell->uid = 136 last = T have = D
 Complementary strand found 
 #  line = ATOM    141  P     G A 141      25.024   8.355  33.346  1.00  0.00
 # set ATOM  level = 3 at[level] = 8 cell->uid = 135
 #  line = ATOM    142  P     G A 142      23.258  14.143  35.890  1.00  0.00
 # set ATOM  level = 3 at[level] = 7 cell->uid = 134
 #  line = ATOM    143  P     G A 143      22.244  19.324  33.249  1.00  0.00
 # set ATOM  level = 3 at[level] = 6 cell->uid = 133
 #  line = ATOM    144  P     G A 144      20.239  24.248  34.939  1.00  0.00
 # set ATOM  level = 3 at[level] = 5 cell->uid = 132
 #  line = ATOM    145  P     G A 145      21.108  26.261  40.081  1.00  0.00
 # set ATOM  level = 3 at[level] = 4 cell->uid = 131
 #  line = ATOM    146  P     G A 146      25.018  27.144  44.097  1.00  0.00
 # set ATOM  level = 3 at[level] = 3 cell->uid = 123
 #  line = ATOM    147  P     G A 147      30.174  27.261  45.683  1.00  0.00
 # set ATOM  level = 3 at[level] = 2 cell->uid = 122
 #  line = ATOM    148  P     G A 148      35.626  27.028  43.887  1.00  0.00
 # set ATOM  level = 3 at[level] = 1 cell->uid = 121
 #  line = GROUP 0 5
 # EoG  level = 3 cell->uid = 136 moves[level].set = 0
 # End of Cell  cell->level = 3 cell->id = 9 cell->uid = 136 cell->kids = 2 cell->ends = 0
 # Next  cell->uid = 137 last = T have = G
 # set GROUP  sort = 0 n = 5 level = 3 at[level] = 10 cell->uid = 137
 #  line = ATOM    149  P     G A 149      41.158  28.790  45.560  1.00  0.00
 # set ATOM  level = 4 at[level] = 0 cell->uid = 156
 #  line = ATOM    150  P     G A 150      42.876  31.352  41.328  1.00  0.00
 # set ATOM  level = 4 at[level] = 1 cell->uid = 157
 #  line = ATOM    151  P     G A 151      46.829  29.532  36.901  1.00  0.00
 # set ATOM  level = 4 at[level] = 2 cell->uid = 158
 #  line = ATOM    152  P     G A 152      45.465  32.708  32.032  1.00  0.00
 # set ATOM  level = 4 at[level] = 3 cell->uid = 159
 #  line = ATOM    153  P     G A 153      41.787  37.747  30.652  1.00  0.00
 # set ATOM  level = 4 at[level] = 4 cell->uid = 160
 #  line = GROUP -1 3    12.5  16.8  29.1      1.1  36.3  26.2
 # EoG  level = 3 cell->uid = 137 moves[level].set = 0
 # End of Cell  cell->level = 3 cell->id = 10 cell->uid = 137 cell->kids = 5 cell->ends = 0
 # EoG  level = 2 cell->uid = 5 moves[level].set = 0
 # End of Cell  cell->level = 2 cell->id = 3 cell->uid = 5 cell->kids = 11 cell->ends = -1
 # Next  cell->uid = 6 last = T have = G
 # set GROUP  sort = -1 n = 3 level = 2 at[level] = 4 cell->uid = 6
 # Axis ends read  v = -0.855 1.4625 -0.2175 cell->ends = -1
 #  line = DOUBL 5 10
 set BPAIR  sort = 5 n = 10 level = 3 at[level] = 0 cell->uid = 161
 #  line = ATOM     84  P     G A  84       8.436  14.287  37.574  1.00  0.00
 # set ATOM  level = 3 at[level] = 0 cell->uid = 161
 #  line = ATOM     85  P     G A  85       9.912  19.586  34.964  1.00  0.00
 # set ATOM  level = 3 at[level] = 1 cell->uid = 162
 #  line = ATOM     86  P     G A  86      12.748  24.379  32.315  1.00  0.00
 # set ATOM  level = 3 at[level] = 2 cell->uid = 163
 #  line = ATOM     87  P     G A  87      13.982  27.740  27.703  1.00  0.00
 # set ATOM  level = 3 at[level] = 3 cell->uid = 164
 #  line = ATOM     88  P     G A  88      13.611  30.126  22.361  1.00  0.00
 # set ATOM  level = 3 at[level] = 4 cell->uid = 165
 #  line = ATOM     89  P     G A  89      10.486  31.669  17.791  1.00  0.00
 # set ATOM  level = 3 at[level] = 5 cell->uid = 166
 #  line = ATOM     90  P     G A  90       5.510  32.325  14.070  1.00  0.00
 # set ATOM  level = 3 at[level] = 6 cell->uid = 167
 #  line = ATOM     91  P     G A  91      -0.176  33.104  14.706  1.00  0.00
 # set ATOM  level = 3 at[level] = 7 cell->uid = 168
 #  line = ATOM     92  P     G A  92      -5.106  34.769  17.431  1.00  0.00
 # set ATOM  level = 3 at[level] = 8 cell->uid = 169
 #  line = ATOM     93  P     G A  93      -7.750  37.721  21.011  1.00  0.00
 # set ATOM  level = 3 at[level] = 9 cell->uid = 170
 #  line = GROUP 0 4
 # EoG  level = 3 cell->uid = 170 moves[level].set = 0
 # End of Cell  cell->level = 3 cell->id = 9 cell->uid = 170 cell->kids = 2 cell->ends = 0
 # Next  cell->uid = 171 last = T have = G
 # set GROUP  sort = 0 n = 4 level = 3 at[level] = 10 cell->uid = 171
 #  line = ATOM     94  P     G A  94      -8.285  41.789  24.787  1.00  0.00
 # set ATOM  level = 4 at[level] = 0 cell->uid = 193
 #  line = ATOM     95  P     G A  95      -3.012  43.557  22.328  1.00  0.00
 # set ATOM  level = 4 at[level] = 1 cell->uid = 194
 #  line = ATOM     96  P     G A  96       1.270  46.902  19.658  1.00  0.00
 # set ATOM  level = 4 at[level] = 2 cell->uid = 195
 #  line = ATOM     97  P     G A  97       7.931  47.800  19.665  1.00  0.00
 # set ATOM  level = 4 at[level] = 3 cell->uid = 196
 #  line = DOUBL -5 10
 # EoG  level = 3 cell->uid = 171 moves[level].set = 0
 # End of Cell  cell->level = 3 cell->id = 10 cell->uid = 171 cell->kids = 4 cell->ends = 0
 # Next  cell->uid = 171 last = T have = D
 Complementary strand found 
 #  line = ATOM    128  P     G A 128       7.091  39.663  30.574  1.00  0.00
 # set ATOM  level = 3 at[level] = 9 cell->uid = 170
 #  line = ATOM    129  P     G A 129       4.360  34.092  33.445  1.00  0.00
 # set ATOM  level = 3 at[level] = 8 cell->uid = 169
 #  line = ATOM    130  P     G A 130       0.434  30.369  34.998  1.00  0.00
 # set ATOM  level = 3 at[level] = 7 cell->uid = 168
 #  line = ATOM    131  P     G A 131      -3.351  25.801  31.296  1.00  0.00
 # set ATOM  level = 3 at[level] = 6 cell->uid = 167
 #  line = ATOM    132  P     G A 132      -4.053  22.028  26.223  1.00  0.00
 # set ATOM  level = 3 at[level] = 5 cell->uid = 166
 #  line = ATOM    133  P     G A 133      -0.921  17.909  21.921  1.00  0.00
 # set ATOM  level = 3 at[level] = 4 cell->uid = 165
 #  line = ATOM    134  P     G A 134       3.507  16.019  18.453  1.00  0.00
 # set ATOM  level = 3 at[level] = 3 cell->uid = 164
 #  line = ATOM    135  P     G A 135       8.725  14.982  15.533  1.00  0.00
 # set ATOM  level = 3 at[level] = 2 cell->uid = 163
 #  line = ATOM    136  P     G A 136      14.708  14.921  18.181  1.00  0.00
 # set ATOM  level = 3 at[level] = 1 cell->uid = 162
 #  line = ATOM    137  P     G A 137      19.468  14.450  21.387  1.00  0.00
 # set ATOM  level = 3 at[level] = 0 cell->uid = 161
 #  line = GROUP 0 1
 # EoG  level = 3 cell->uid = 171 moves[level].set = 0
 # End of Cell  cell->level = 3 cell->id = 10 cell->uid = 171 cell->kids = 4 cell->ends = 0
 # Next  cell->uid = 172 last = T have = G
 # set GROUP  sort = 0 n = 1 level = 3 at[level] = 11 cell->uid = 172
*NB* chain of one at level 4
 #  line = ATOM    138  P     G A 138      21.346  12.278  26.437  1.00  0.00
 # set ATOM  level = 4 at[level] = 0 cell->uid = 197
 #  line = GROUP -1 3    17.2  43.8  29.1     22.4  42.6  34.7
 # EoG  level = 3 cell->uid = 172 moves[level].set = 0
 # End of Cell  cell->level = 3 cell->id = 11 cell->uid = 172 cell->kids = 1 cell->ends = 0
 # EoG  level = 2 cell->uid = 6 moves[level].set = 0
 # End of Cell  cell->level = 2 cell->id = 4 cell->uid = 6 cell->kids = 12 cell->ends = -1
 # Next  cell->uid = 7 last = T have = G
 # set GROUP  sort = -1 n = 3 level = 2 at[level] = 5 cell->uid = 7
 # Axis ends read  v = 0.39 -0.0900001 0.42 cell->ends = -1
 #  line = GROUP 0 2
 # set GROUP  sort = 0 n = 2 level = 3 at[level] = 0 cell->uid = 198
 #  line = ATOM     98  P     G A  98      13.577  46.605  21.699  1.00  0.00
 # set ATOM  level = 4 at[level] = 0 cell->uid = 201
 #  line = ATOM     99  P     G A  99      19.201  45.472  22.879  1.00  0.00
 # set ATOM  level = 4 at[level] = 1 cell->uid = 202
 #  line = DOUBL 6 4
 # EoG  level = 3 cell->uid = 198 moves[level].set = 0
 # End of Cell  cell->level = 3 cell->id = 0 cell->uid = 198 cell->kids = 2 cell->ends = 0
 # Next  cell->uid = 199 last = T have = D
 set BPAIR  sort = 6 n = 4 level = 3 at[level] = 1 cell->uid = 199
 #  line = ATOM    100  P     G A 100      20.825  51.999  25.596  1.00  0.00
 # set ATOM  level = 3 at[level] = 1 cell->uid = 199
 #  line = ATOM    101  P     G A 101      19.422  52.786  32.089  1.00  0.00
 # set ATOM  level = 3 at[level] = 2 cell->uid = 200
 #  line = ATOM    102  P     G A 102      16.608  51.025  36.013  1.00  0.00
 # set ATOM  level = 3 at[level] = 3 cell->uid = 203
 #  line = ATOM    103  P     G A 103      16.317  46.804  40.421  1.00  0.00
 # set ATOM  level = 3 at[level] = 4 cell->uid = 204
 #  line = GROUP 0 2
 # EoG  level = 3 cell->uid = 204 moves[level].set = 0
 # End of Cell  cell->level = 3 cell->id = 4 cell->uid = 204 cell->kids = 2 cell->ends = 0
 # Next  cell->uid = 205 last = T have = G
 # set GROUP  sort = 0 n = 2 level = 3 at[level] = 5 cell->uid = 205
 #  line = ATOM    122  P     G A 122      25.424  47.639  32.632  1.00  0.00
 # set ATOM  level = 4 at[level] = 0 cell->uid = 214
 #  line = ATOM    123  P     G A 123      28.795  43.263  31.099  1.00  0.00
 # set ATOM  level = 4 at[level] = 1 cell->uid = 215
 #  line = DOUBL -6 4
 # EoG  level = 3 cell->uid = 205 moves[level].set = 0
 # End of Cell  cell->level = 3 cell->id = 5 cell->uid = 205 cell->kids = 2 cell->ends = 0
 # Next  cell->uid = 205 last = T have = D
 Complementary strand found 
 #  line = ATOM    124  P     G A 124      29.685  37.992  30.330  1.00  0.00
 # set ATOM  level = 3 at[level] = 4 cell->uid = 204
 #  line = ATOM    125  P     G A 125      24.918  34.937  30.379  1.00  0.00
 # set ATOM  level = 3 at[level] = 3 cell->uid = 203
 #  line = ATOM    126  P     G A 126      18.286  35.001  30.478  1.00  0.00
 # set ATOM  level = 3 at[level] = 2 cell->uid = 200
 #  line = ATOM    127  P     G A 127      12.388  35.923  31.185  1.00  0.00
 # set ATOM  level = 3 at[level] = 1 cell->uid = 199
 #  line = GROUP -1 2    22.8  47.9  41.5     24.8  51.4  57.5
 # EoG  level = 3 cell->uid = 205 moves[level].set = 0
 # End of Cell  cell->level = 3 cell->id = 5 cell->uid = 205 cell->kids = 2 cell->ends = 0
 # EoG  level = 2 cell->uid = 7 moves[level].set = 0
 # End of Cell  cell->level = 2 cell->id = 5 cell->uid = 7 cell->kids = 6 cell->ends = -1
 # Next  cell->uid = 8 last = T have = G
 # set GROUP  sort = -1 n = 2 level = 2 at[level] = 6 cell->uid = 8
 # Axis ends read  v = 0.15 0.2625 1.2 cell->ends = -1
 #  line = DOUBL 7 7
 set BPAIR  sort = 7 n = 7 level = 3 at[level] = 0 cell->uid = 216
 #  line = ATOM    104  P     G A 104      18.997  42.394  43.373  1.00  0.00
 # set ATOM  level = 3 at[level] = 0 cell->uid = 216
 #  line = ATOM    105  P     G A 105      23.202  39.199  45.337  1.00  0.00
 # set ATOM  level = 3 at[level] = 1 cell->uid = 217
 #  line = ATOM    106  P     G A 106      28.699  40.907  46.129  1.00  0.00
 # set ATOM  level = 3 at[level] = 2 cell->uid = 218
 #  line = ATOM    107  P     G A 107      31.691  45.828  47.909  1.00  0.00
 # set ATOM  level = 3 at[level] = 3 cell->uid = 219
 #  line = ATOM    108  P     G A 108      33.805  50.349  50.459  1.00  0.00
 # set ATOM  level = 3 at[level] = 4 cell->uid = 220
 #  line = ATOM    109  P     G A 109      33.611  54.848  54.265  1.00  0.00
 # set ATOM  level = 3 at[level] = 5 cell->uid = 221
 #  line = ATOM    110  P     G A 110      31.727  57.653  58.734  1.00  0.00
 # set ATOM  level = 3 at[level] = 6 cell->uid = 222
 #  line = GROUP 0 4
 # EoG  level = 3 cell->uid = 222 moves[level].set = 0
 # End of Cell  cell->level = 3 cell->id = 6 cell->uid = 222 cell->kids = 2 cell->ends = 0
 # Next  cell->uid = 223 last = T have = G
 # set GROUP  sort = 0 n = 4 level = 3 at[level] = 7 cell->uid = 223
 #  line = ATOM    111  P     G A 111      28.451  57.773  63.901  1.00  0.00
 # set ATOM  level = 4 at[level] = 0 cell->uid = 238
 #  line = ATOM    112  P     G A 112      22.974  55.871  65.327  1.00  0.00
 # set ATOM  level = 4 at[level] = 1 cell->uid = 239
 #  line = ATOM    113  P     G A 113      22.727  50.482  64.257  1.00  0.00
 # set ATOM  level = 4 at[level] = 2 cell->uid = 240
 #  line = ATOM    114  P     G A 114      23.124  44.494  64.648  1.00  0.00
 # set ATOM  level = 4 at[level] = 3 cell->uid = 241
 #  line = DOUBL -7 7
 # EoG  level = 3 cell->uid = 223 moves[level].set = 0
 # End of Cell  cell->level = 3 cell->id = 7 cell->uid = 223 cell->kids = 4 cell->ends = 0
 # Next  cell->uid = 223 last = T have = D
 Complementary strand found 
 #  line = ATOM    115  P     G A 115      18.294  45.977  60.342  1.00  0.00
 # set ATOM  level = 3 at[level] = 6 cell->uid = 222
 #  line = ATOM    116  P     G A 116      15.941  50.636  57.727  1.00  0.00
 # set ATOM  level = 3 at[level] = 5 cell->uid = 221
 #  line = ATOM    117  P     G A 117      16.411  55.824  53.729  1.00  0.00
 # set ATOM  level = 3 at[level] = 4 cell->uid = 220
 #  line = ATOM    118  P     G A 118      18.963  58.779  49.634  1.00  0.00
 # set ATOM  level = 3 at[level] = 3 cell->uid = 219
 #  line = ATOM    119  P     G A 119      21.942  59.174  44.431  1.00  0.00
 # set ATOM  level = 3 at[level] = 2 cell->uid = 218
 #  line = ATOM    120  P     G A 120      24.709  56.023  39.853  1.00  0.00
 # set ATOM  level = 3 at[level] = 1 cell->uid = 217
 #  line = ATOM    121  P     G A 121      26.143  52.561  35.630  1.00  0.00
 # set ATOM  level = 3 at[level] = 0 cell->uid = 216
 #  line = REBOND pdbid 8 9
 #  line = REBOND pdbid 38 39
 #  line = REBOND pdbid 68 69
 #  line = REBOND pdbid 83 84
 #  line = REBOND pdbid 97 98
 #  line = REBOND pdbid 138 139
 #  line = REBOND pdbid 153 154
 #  line = REBOND pdbid 103 104
 #  line = REBOND pdbid 127 128
 #  line = REBOND pdbid 121 122
 #  line = RETERM pdbid 1 168
 # EoF 
 # Moved back to previous file 
 #  line = LINKS pdbid pairs.dat
 # Linking by PDB resid numbers
 # reading: pairs.dat
 # Cell 232 linked to cell 233  (0 9999)  PDBids = 108 to 117   dist = 2.778929
 # Cell 189 linked to cell 190  (0 9997)  PDBids = 92 to 129   dist = 2.792224
 # Cell 187 linked to cell 188  (0 9994)  PDBids = 91 to 130   dist = 3.072686
 # Cell 94 linked to cell 95  (0 9990)  PDBids = 43 to 59   dist = 2.822227
 # Cell 185 linked to cell 186  (0 9985)  PDBids = 90 to 131   dist = 3.066079
 # Cell 234 linked to cell 235  (0 9978)  PDBids = 109 to 116   dist = 2.773805
 # Cell 24 linked to cell 25  (0 9971)  PDBids = 4 to 165   dist = 2.624996
 # Cell 18 linked to cell 19  (0 9962)  PDBids = 1 to 168   dist = 2.763257
 # Cell 98 linked to cell 99  (0 9952)  PDBids = 45 to 57   dist = 2.857669
 # Cell 20 linked to cell 21  (0 9941)  PDBids = 2 to 167   dist = 2.659202
 # Cell 183 linked to cell 184  (0 9928)  PDBids = 89 to 132   dist = 2.906403
 # Cell 22 linked to cell 23  (0 9915)  PDBids = 3 to 166   dist = 2.608210
 # Cell 96 linked to cell 97  (0 9900)  PDBids = 44 to 58   dist = 3.121449
 # Cell 60 linked to cell 61  (0 9884)  PDBids = 13 to 28   dist = 2.685398
 # Cell 62 linked to cell 63  (0 9867)  PDBids = 14 to 27   dist = 2.689680
 # Cell 236 linked to cell 237  (0 9849)  PDBids = 110 to 115   dist = 2.680597
 # Cell 58 linked to cell 59  (0 9830)  PDBids = 12 to 29   dist = 2.684161
 # Cell 181 linked to cell 182  (0 9810)  PDBids = 88 to 133   dist = 2.848530
 # Cell 191 linked to cell 192  (0 9788)  PDBids = 93 to 128   dist = 2.664253
 # Cell 64 linked to cell 65  (0 9766)  PDBids = 15 to 26   dist = 2.603369
 # Cell 26 linked to cell 27  (0 9742)  PDBids = 5 to 164   dist = 2.650340
 # Cell 56 linked to cell 57  (0 9717)  PDBids = 11 to 30   dist = 2.745804
 # Cell 66 linked to cell 67  (0 9691)  PDBids = 16 to 25   dist = 2.682789
 # Cell 177 linked to cell 178  (0 9664)  PDBids = 86 to 135   dist = 2.947504
 # Cell 179 linked to cell 180  (0 9636)  PDBids = 87 to 134   dist = 2.735887
 # Cell 142 linked to cell 143  (0 9607)  PDBids = 78 to 146   dist = 2.749968
 # Cell 68 linked to cell 69  (0 9577)  PDBids = 17 to 24   dist = 2.389540
 # Cell 175 linked to cell 176  (0 9546)  PDBids = 85 to 136   dist = 2.710119
 # Cell 54 linked to cell 55  (0 9514)  PDBids = 10 to 31   dist = 2.701702
 # Cell 208 linked to cell 209  (0 9481)  PDBids = 101 to 126   dist = 2.684087
 # Cell 111 linked to cell 157  (0 9447)  PDBids = 60 to 150   dist = 2.866248
 # Cell 126 linked to cell 34  (0 9412)  PDBids = 71 to 154   dist = 2.693268
 # Cell 144 linked to cell 145  (0 9375)  PDBids = 79 to 145   dist = 2.831624
 # Cell 113 linked to cell 125  (0 9338)  PDBids = 62 to 70   dist = 2.788124
 # Cell 173 linked to cell 174  (0 9300)  PDBids = 84 to 137   dist = 2.938433
 # Cell 100 linked to cell 101  (0 9261)  PDBids = 46 to 56   dist = 2.770867
 # Cell 210 linked to cell 211  (0 9221)  PDBids = 102 to 125   dist = 2.844555
 # Cell 70 linked to cell 75  (0 9181)  PDBids = 18 to 23   dist = 2.556434
 # Cell 28 linked to cell 29  (0 9139)  PDBids = 6 to 163   dist = 2.602657
 # Cell 146 linked to cell 147  (0 9096)  PDBids = 80 to 144   dist = 2.744949
 # Cell 114 linked to cell 124  (0 9053)  PDBids = 63 to 69   dist = 2.709435
 # Cell 230 linked to cell 231  (0 9008)  PDBids = 107 to 118   dist = 2.736035
 # Cell 128 linked to cell 159  (0 8963)  PDBids = 73 to 152   dist = 2.929255
 # Cell 80 linked to cell 40  (0 8917)  PDBids = 37 to 160   dist = 2.864114
 # Cell 193 linked to cell 207  (0 8870)  PDBids = 94 to 127   dist = 3.363204
 # Cell 226 linked to cell 227  (0 8823)  PDBids = 105 to 120   dist = 2.663893
 # Cell 52 linked to cell 53  (0 8774)  PDBids = 9 to 32   dist = 2.561143
 # EoF 
 #  line = END
 # EoG  level = 3 cell->uid = 223 moves[level].set = 0
 # End of Cell  cell->level = 3 cell->id = 7 cell->uid = 223 cell->kids = 4 cell->ends = 0
 # EoG  level = 2 cell->uid = 8 moves[level].set = 0
 # End of Cell  cell->level = 2 cell->id = 6 cell->uid = 8 cell->kids = 8 cell->ends = -1
 # EoG  level = 1 cell->uid = 1 moves[level].set = 0
 # End of Cell  cell->level = 1 cell->id = 0 cell->uid = 1 cell->kids = 7 cell->ends = 0
 # all groups complete
  # End
  # End of Cell  cell->level = 0 cell->id = 0 cell->uid = 0 cell->kids = 1 cell->ends = 0
 # End of World
  N  k = 8 j = 2 seg[j] = 8 nk = 9 jun->resn = 154 sej->resn = 8
 jun->sis->resn = 8 sej->bro->resn = 154
 C  k = 8 j = 3 seg[j] = 16 ck = 15 sej->resn = 161 sen->resn = 160
 sej->sis->resn = 160 sen->bro->resn = 161
 N  k = 9 j = 2 seg[j] = 32 nk = 33 jun->resn = 18 sej->resn = 17
 jun->sis->resn = 17 sej->bro->resn = 18
 C  k = 9 j = 3 seg[j] = 39 ck = 38 sej->resn = 24 sen->resn = 23
 sej->sis->resn = 23 sen->bro->resn = 24
 N  k = 10 j = 1 seg[j] = 47 nk = 48 jun->resn = 33 sej->resn = 32
 jun->sis->resn = 32 sej->bro->resn = 33
 C  k = 0 j = 0 seg[j] = 58 ck = 57 sej->resn = 43 sen->resn = 42
 sej->sis->resn = 42 sen->bro->resn = 43
 N  k = 5 j = 2 seg[j] = 61 nk = 62 jun->resn = 47 sej->resn = 46
 jun->sis->resn = 46 sej->bro->resn = 47
 C  k = 6 j = 3 seg[j] = 71 ck = 70 sej->resn = 56 sen->resn = 55
 sej->sis->resn = 55 sen->bro->resn = 56
 N  k = 7 j = 1 seg[j] = 74 nk = 75 jun->resn = 60 sej->resn = 59
 jun->sis->resn = 59 sej->bro->resn = 60
 C  k = 0 j = 0 seg[j] = 91 ck = 90 sej->resn = 76 sen->resn = 75
 sej->sis->resn = 75 sen->bro->resn = 76
 N  k = 9 j = 2 seg[j] = 98 nk = 99 jun->resn = 139 sej->resn = 83
 jun->sis->resn = 83 sej->bro->resn = 139
 C  k = 9 j = 3 seg[j] = 101 ck = 100 sej->resn = 141 sen->resn = 140
 sej->sis->resn = 140 sen->bro->resn = 141
 N  k = 10 j = 1 seg[j] = 108 nk = 109 jun->resn = 149 sej->resn = 148
 jun->sis->resn = 148 sej->bro->resn = 149
 N  k = 10 j = 2 seg[j] = 123 nk = 124 jun->resn = 94 sej->resn = 93
 jun->sis->resn = 93 sej->bro->resn = 94
 C  k = 10 j = 3 seg[j] = 128 ck = 127 sej->resn = 128 sen->resn = 97
 sej->sis->resn = 97 sen->bro->resn = 128
 N  k = 11 j = 1 seg[j] = 137 nk = 138 jun->resn = 138 sej->resn = 137
 jun->sis->resn = 137 sej->bro->resn = 138
 C  k = 11 j = 1 seg[j] = 137 ck = 138 sen->resn = 138 sej->resn = 137
 sen->sis->resn = 137 sej->bro->resn = 138
 C  k = 0 j = 0 seg[j] = 141 ck = 140 sej->resn = 100 sen->resn = 99
 sej->sis->resn = 99 sen->bro->resn = 100
 N  k = 5 j = 2 seg[j] = 144 nk = 145 jun->resn = 122 sej->resn = 103
 jun->sis->resn = 103 sej->bro->resn = 122
 C  k = 5 j = 3 seg[j] = 147 ck = 146 sej->resn = 124 sen->resn = 123
 sej->sis->resn = 123 sen->bro->resn = 124
 N  k = 7 j = 2 seg[j] = 157 nk = 158 jun->resn = 111 sej->resn = 110
 jun->sis->resn = 110 sej->bro->resn = 111
 C  k = 7 j = 3 seg[j] = 162 ck = 161 sej->resn = 115 sen->resn = 114
 sej->sis->resn = 114 sen->bro->resn = 115
*NB* chain of one at level 4
 nrelinks = 11
 # NB end of low chain in chained parent 
 # NB end of low chain in chained parent 
 Data::focus = 0 0 0
 Cell::total = 241
Data structures all setup
 Cell::total = 241
 Data::depth = 4
 Data::shrink = 0
 #  uid = 0 atom = 0 btom = 0 ctom = 0 level = 0 kids = 1 type = 0 sort = 0 xyz = 2.95168 4.16139 3.52047 nbonds = 0 nlinks = 0 model = 0
 # 	 uid = 1 atom = 0 btom = 0 ctom = 0 level = 1 kids = 7 type = 1 sort = 0 xyz = 2.95168 4.16139 3.52047 nbonds = 0 nlinks = 0 model = 0
 # 		 uid = 2 atom = 0 btom = 0 ctom = 0 level = 2 kids = 9 type = 2 sort = 1 xyz = 4.43251 8.66472 4.75938 nbonds = 1 nlinks = 2 model = 0
 # 			 uid = 9 atom = 0 btom = 0 ctom = 0 level = 3 kids = 2 type = 2 sort = 1 xyz = 5.23512 9.66055 5.97884 nbonds = 1 nlinks = 2 model = 0
 # 				 uid = 18 atom = 1 btom = 1 ctom = 1 resn = 1 level = 4 kids = 0 type = 1 sort = 1 xyz = 6.28767 8.8384 5.62514 nbonds = 1 nlinks = 5 model = 0
 # 				 uid = 19 atom = 23 btom = 23 ctom = 23 resn = 168 level = 4 kids = 0 type = 1 sort = 1 xyz = 4.18257 10.4827 6.33254 nbonds = 1 nlinks = 5 model = 0
 # 			 uid = 10 atom = 0 btom = 0 ctom = 0 level = 3 kids = 2 type = 2 sort = 1 xyz = 4.60812 9.34308 5.82922 nbonds = 1 nlinks = 2 model = 0
 # 				 uid = 20 atom = 2 btom = 2 ctom = 2 resn = 2 level = 4 kids = 0 type = 1 sort = 1 xyz = 5.48052 8.3536 5.99564 nbonds = 1 nlinks = 5 model = 0
 # 				 uid = 21 atom = 22 btom = 22 ctom = 22 resn = 167 level = 4 kids = 0 type = 1 sort = 1 xyz = 3.73572 10.3326 5.66279 nbonds = 1 nlinks = 5 model = 0
 # 			 uid = 11 atom = 0 btom = 0 ctom = 0 level = 3 kids = 2 type = 2 sort = 1 xyz = 4.19877 9.17433 5.42279 nbonds = 1 nlinks = 2 model = 0
 # 				 uid = 22 atom = 3 btom = 3 ctom = 3 resn = 3 level = 4 kids = 0 type = 1 sort = 1 xyz = 4.68582 8.1667 6.09224 nbonds = 1 nlinks = 5 model = 0
 # 				 uid = 23 atom = 21 btom = 21 ctom = 21 resn = 166 level = 4 kids = 0 type = 1 sort = 1 xyz = 3.71172 10.182 4.75334 nbonds = 1 nlinks = 5 model = 0
 # 			 uid = 12 atom = 0 btom = 0 ctom = 0 level = 3 kids = 2 type = 2 sort = 1 xyz = 3.99259 8.92233 4.90964 nbonds = 1 nlinks = 2 model = 0
 # 				 uid = 24 atom = 4 btom = 4 ctom = 4 resn = 4 level = 4 kids = 0 type = 1 sort = 1 xyz = 3.88197 7.978 5.81444 nbonds = 1 nlinks = 5 model = 0
 # 				 uid = 25 atom = 20 btom = 20 ctom = 20 resn = 165 level = 4 kids = 0 type = 1 sort = 1 xyz = 4.10322 9.86665 4.00484 nbonds = 1 nlinks = 5 model = 0
 # 			 uid = 13 atom = 0 btom = 0 ctom = 0 level = 3 kids = 2 type = 2 sort = 1 xyz = 3.99574 8.63103 4.40497 nbonds = 1 nlinks = 2 model = 0
 # 				 uid = 26 atom = 5 btom = 5 ctom = 5 resn = 5 level = 4 kids = 0 type = 1 sort = 1 xyz = 3.28677 7.8625 5.21909 nbonds = 1 nlinks = 5 model = 0
 # 				 uid = 27 atom = 19 btom = 19 ctom = 19 resn = 164 level = 4 kids = 0 type = 1 sort = 1 xyz = 4.70472 9.39955 3.59084 nbonds = 1 nlinks = 5 model = 0
 # 			 uid = 14 atom = 0 btom = 0 ctom = 0 level = 3 kids = 2 type = 2 sort = 1 xyz = 4.20574 8.26473 3.95317 nbonds = 1 nlinks = 2 model = 0
 # 				 uid = 28 atom = 6 btom = 6 ctom = 6 resn = 6 level = 4 kids = 0 type = 1 sort = 1 xyz = 3.06897 7.7644 4.34159 nbonds = 1 nlinks = 5 model = 0
 # 				 uid = 29 atom = 18 btom = 18 ctom = 18 resn = 163 level = 4 kids = 0 type = 1 sort = 1 xyz = 5.34252 8.76505 3.56474 nbonds = 1 nlinks = 5 model = 0
 # 			 uid = 15 atom = 0 btom = 0 ctom = 0 level = 3 kids = 2 type = 2 sort = 1 xyz = 4.48782 7.8919 3.76919 nbonds = 1 nlinks = 2 model = 0
 # 				 uid = 30 atom = 7 btom = 7 ctom = 7 resn = 7 level = 4 kids = 0 type = 1 sort = 1 xyz = 3.25482 7.58185 3.49859 nbonds = 1 nlinks = 5 model = 0
 # 				 uid = 31 atom = 17 btom = 17 ctom = 17 resn = 162 level = 4 kids = 0 type = 1 sort = 1 xyz = 5.72082 8.20195 4.03979 nbonds = 1 nlinks = 5 model = 0
 # 			 uid = 16 atom = 0 btom = 0 ctom = 0 level = 3 kids = 2 type = 2 sort = 1 xyz = 4.73614 7.42983 3.80722 nbonds = 1 nlinks = 2 model = 0
 # 				 uid = 32 atom = 8 btom = 8 ctom = 8 resn = 8 level = 4 kids = 0 type = 1 sort = 1 xyz = 3.69777 7.25095 2.85719 nbonds = 1 nlinks = 5 model = 0
 # 				 uid = 33 atom = 16 btom = 16 ctom = 16 resn = 161 level = 4 kids = 0 type = 1 sort = 1 xyz = 5.77452 7.6087 4.75724 nbonds = 1 nlinks = 5 model = 0
 # 			 uid = 17 atom = 0 btom = 0 ctom = 0 level = 3 kids = 7 type = 2 sort = 0 xyz = 4.12276 6.18818 4.19841 nbonds = 1 nlinks = 2 model = 0
 # 				 uid = 34 atom = 9 btom = 9 ctom = 9 resn = 154 level = 4 kids = 0 type = 1 sort = 0 xyz = 4.28322 4.68805 3.12704 nbonds = 1 nlinks = 5 model = 0
 # 				 uid = 35 atom = 10 btom = 10 ctom = 10 resn = 155 level = 4 kids = 0 type = 1 sort = 0 xyz = 3.92502 5.4046 3.44024 nbonds = 1 nlinks = 5 model = 0
 # 				 uid = 36 atom = 11 btom = 11 ctom = 11 resn = 156 level = 4 kids = 0 type = 1 sort = 0 xyz = 3.72972 6.2278 3.37604 nbonds = 1 nlinks = 5 model = 0
 # 				 uid = 37 atom = 12 btom = 12 ctom = 12 resn = 157 level = 4 kids = 0 type = 1 sort = 0 xyz = 3.29307 6.75985 4.23434 nbonds = 1 nlinks = 5 model = 0
 # 				 uid = 38 atom = 13 btom = 13 ctom = 13 resn = 158 level = 4 kids = 0 type = 1 sort = 0 xyz = 3.73752 6.6583 4.92344 nbonds = 1 nlinks = 5 model = 0
 # 				 uid = 39 atom = 14 btom = 14 ctom = 14 resn = 159 level = 4 kids = 0 type = 1 sort = 0 xyz = 4.56372 6.63835 5.09699 nbonds = 1 nlinks = 5 model = 0
 # 				 uid = 40 atom = 15 btom = 15 ctom = 15 resn = 160 level = 4 kids = 0 type = 1 sort = 0 xyz = 5.32707 6.9403 5.19074 nbonds = 1 nlinks = 5 model = 0
 # 		 uid = 3 atom = 0 btom = 0 ctom = 0 level = 2 kids = 11 type = 2 sort = 1 xyz = 4.9568 6.04771 0.843694 nbonds = 1 nlinks = 2 model = 0
 # 			 uid = 41 atom = 0 btom = 0 ctom = 0 level = 3 kids = 2 type = 2 sort = 2 xyz = 4.37749 7.6579 1.63934 nbonds = 1 nlinks = 2 model = 0
 # 				 uid = 52 atom = 24 btom = 24 ctom = 24 resn = 9 level = 4 kids = 0 type = 1 sort = 2 xyz = 3.97557 6.64165 2.30684 nbonds = 1 nlinks = 5 model = 0
 # 				 uid = 53 atom = 47 btom = 47 ctom = 47 resn = 32 level = 4 kids = 0 type = 1 sort = 2 xyz = 4.77942 8.67415 0.971844 nbonds = 1 nlinks = 5 model = 0
 # 			 uid = 42 atom = 0 btom = 0 ctom = 0 level = 3 kids = 2 type = 2 sort = 2 xyz = 4.62012 7.54803 1.08322 nbonds = 1 nlinks = 2 model = 0
 # 				 uid = 54 atom = 25 btom = 25 ctom = 25 resn = 10 level = 4 kids = 0 type = 1 sort = 2 xyz = 3.63222 6.8206 1.64864 nbonds = 1 nlinks = 5 model = 0
 # 				 uid = 55 atom = 46 btom = 46 ctom = 46 resn = 31 level = 4 kids = 0 type = 1 sort = 2 xyz = 5.60802 8.27545 0.517794 nbonds = 1 nlinks = 5 model = 0
 # 			 uid = 43 atom = 0 btom = 0 ctom = 0 level = 3 kids = 2 type = 2 sort = 2 xyz = 4.91562 7.1695 0.680844 nbonds = 1 nlinks = 2 model = 0
 # 				 uid = 56 atom = 26 btom = 26 ctom = 26 resn = 11 level = 4 kids = 0 type = 1 sort = 2 xyz = 3.61692 6.7312 0.759144 nbonds = 1 nlinks = 5 model = 0
 # 				 uid = 57 atom = 45 btom = 45 ctom = 45 resn = 30 level = 4 kids = 0 type = 1 sort = 2 xyz = 6.21432 7.6078 0.602544 nbonds = 1 nlinks = 5 model = 0
 # 			 uid = 44 atom = 0 btom = 0 ctom = 0 level = 3 kids = 2 type = 2 sort = 2 xyz = 5.27052 6.60768 0.423669 nbonds = 1 nlinks = 2 model = 0
 # 				 uid = 58 atom = 27 btom = 27 ctom = 27 resn = 12 level = 4 kids = 0 type = 1 sort = 2 xyz = 4.01562 6.412 -0.0100561 nbonds = 1 nlinks = 5 model = 0
 # 				 uid = 59 atom = 44 btom = 44 ctom = 44 resn = 29 level = 4 kids = 0 type = 1 sort = 2 xyz = 6.52542 6.80335 0.857394 nbonds = 1 nlinks = 5 model = 0
 # 			 uid = 45 atom = 0 btom = 0 ctom = 0 level = 3 kids = 2 type = 2 sort = 2 xyz = 5.45172 6.08238 0.410244 nbonds = 1 nlinks = 2 model = 0
 # 				 uid = 60 atom = 28 btom = 28 ctom = 28 resn = 13 level = 4 kids = 0 type = 1 sort = 2 xyz = 4.47342 6.08605 -0.509406 nbonds = 1 nlinks = 5 model = 0
 # 				 uid = 61 atom = 43 btom = 43 ctom = 43 resn = 28 level = 4 kids = 0 type = 1 sort = 2 xyz = 6.43002 6.0787 1.32989 nbonds = 1 nlinks = 5 model = 0
 # 			 uid = 46 atom = 0 btom = 0 ctom = 0 level = 3 kids = 2 type = 2 sort = 2 xyz = 5.56999 5.44075 0.641919 nbonds = 1 nlinks = 2 model = 0
 # 				 uid = 62 atom = 29 btom = 29 ctom = 29 resn = 14 level = 4 kids = 0 type = 1 sort = 2 xyz = 5.18457 5.4391 -0.646506 nbonds = 1 nlinks = 5 model = 0
 # 				 uid = 63 atom = 42 btom = 42 ctom = 42 resn = 27 level = 4 kids = 0 type = 1 sort = 2 xyz = 5.95542 5.4424 1.93034 nbonds = 1 nlinks = 5 model = 0
 # 			 uid = 47 atom = 0 btom = 0 ctom = 0 level = 3 kids = 2 type = 2 sort = 2 xyz = 5.28117 4.93653 0.858294 nbonds = 1 nlinks = 2 model = 0
 # 				 uid = 64 atom = 30 btom = 30 ctom = 30 resn = 15 level = 4 kids = 0 type = 1 sort = 2 xyz = 5.44872 4.6741 -0.405606 nbonds = 1 nlinks = 5 model = 0
 # 				 uid = 65 atom = 41 btom = 41 ctom = 41 resn = 26 level = 4 kids = 0 type = 1 sort = 2 xyz = 5.11362 5.19895 2.12219 nbonds = 1 nlinks = 5 model = 0
 # 			 uid = 48 atom = 0 btom = 0 ctom = 0 level = 3 kids = 2 type = 2 sort = 2 xyz = 4.87002 4.57368 0.992169 nbonds = 1 nlinks = 2 model = 0
 # 				 uid = 66 atom = 31 btom = 31 ctom = 31 resn = 16 level = 4 kids = 0 type = 1 sort = 2 xyz = 5.50272 3.96835 -0.0240062 nbonds = 1 nlinks = 5 model = 0
 # 				 uid = 67 atom = 40 btom = 40 ctom = 40 resn = 25 level = 4 kids = 0 type = 1 sort = 2 xyz = 4.23732 5.179 2.00834 nbonds = 1 nlinks = 5 model = 0
 # 			 uid = 49 atom = 0 btom = 0 ctom = 0 level = 3 kids = 2 type = 2 sort = 2 xyz = 4.25457 4.41295 0.863544 nbonds = 1 nlinks = 2 model = 0
 # 				 uid = 68 atom = 32 btom = 32 ctom = 32 resn = 17 level = 4 kids = 0 type = 1 sort = 2 xyz = 4.88607 3.46555 0.501444 nbonds = 1 nlinks = 5 model = 0
 # 				 uid = 69 atom = 39 btom = 39 ctom = 39 resn = 24 level = 4 kids = 0 type = 1 sort = 2 xyz = 3.62307 5.36035 1.22564 nbonds = 1 nlinks = 5 model = 0
 # 			 uid = 50 atom = 0 btom = 0 ctom = 0 level = 3 kids = 6 type = 2 sort = 0 xyz = 2.75709 4.17118 1.20712 nbonds = 1 nlinks = 2 model = 0
 # 				 uid = 70 atom = 33 btom = 33 ctom = 33 resn = 18 level = 4 kids = 0 type = 1 sort = 0 xyz = 3.92397 3.29245 0.865044 nbonds = 1 nlinks = 5 model = 0
 # 				 uid = 71 atom = 34 btom = 34 ctom = 34 resn = 19 level = 4 kids = 0 type = 1 sort = 0 xyz = 3.12147 3.2584 1.22414 nbonds = 1 nlinks = 5 model = 0
 # 				 uid = 72 atom = 35 btom = 35 ctom = 35 resn = 20 level = 4 kids = 0 type = 1 sort = 0 xyz = 2.31447 3.484 1.10399 nbonds = 1 nlinks = 5 model = 0
 # 				 uid = 73 atom = 36 btom = 36 ctom = 36 resn = 21 level = 4 kids = 0 type = 1 sort = 0 xyz = 2.09142 4.36465 1.12664 nbonds = 1 nlinks = 5 model = 0
 # 				 uid = 74 atom = 37 btom = 37 ctom = 37 resn = 22 level = 4 kids = 0 type = 1 sort = 0 xyz = 2.16987 5.1781 1.12109 nbonds = 1 nlinks = 5 model = 0
 # 				 uid = 75 atom = 38 btom = 38 ctom = 38 resn = 23 level = 4 kids = 0 type = 1 sort = 0 xyz = 2.92137 5.44945 1.80179 nbonds = 1 nlinks = 5 model = 0
 # 			 uid = 51 atom = 0 btom = 0 ctom = 0 level = 3 kids = 6 type = 2 sort = 0 xyz = 4.76607 8.18623 2.27219 nbonds = 1 nlinks = 2 model = 0
 # 				 uid = 76 atom = 48 btom = 48 ctom = 48 resn = 33 level = 4 kids = 0 type = 1 sort = 0 xyz = 4.06137 8.9614 1.49474 nbonds = 1 nlinks = 5 model = 0
 # 				 uid = 77 atom = 49 btom = 49 ctom = 49 resn = 34 level = 4 kids = 0 type = 1 sort = 0 xyz = 3.87342 9.1543 2.24489 nbonds = 1 nlinks = 5 model = 0
 # 				 uid = 78 atom = 50 btom = 50 ctom = 50 resn = 35 level = 4 kids = 0 type = 1 sort = 0 xyz = 4.64697 8.8498 2.40629 nbonds = 1 nlinks = 5 model = 0
 # 				 uid = 79 atom = 51 btom = 51 ctom = 51 resn = 36 level = 4 kids = 0 type = 1 sort = 0 xyz = 5.03832 8.1232 2.54189 nbonds = 1 nlinks = 5 model = 0
 # 				 uid = 80 atom = 52 btom = 52 ctom = 52 resn = 37 level = 4 kids = 0 type = 1 sort = 0 xyz = 5.07147 7.2706 2.35724 nbonds = 1 nlinks = 5 model = 0
 # 				 uid = 81 atom = 53 btom = 53 ctom = 53 resn = 38 level = 4 kids = 0 type = 1 sort = 0 xyz = 5.90487 6.75805 2.58809 nbonds = 1 nlinks = 5 model = 0
 # 		 uid = 4 atom = 0 btom = 0 ctom = 0 level = 2 kids = 8 type = 2 sort = 1 xyz = 6.19591 1.25525 4.40278 nbonds = 1 nlinks = 2 model = 0
 # 			 uid = 82 atom = 0 btom = 0 ctom = 0 level = 3 kids = 4 type = 2 sort = 0 xyz = 6.16861 5.0077 3.77962 nbonds = 1 nlinks = 2 model = 0
 # 				 uid = 87 atom = 54 btom = 54 ctom = 54 resn = 39 level = 4 kids = 0 type = 1 sort = 0 xyz = 6.16872 5.96335 3.21539 nbonds = 1 nlinks = 5 model = 0
 # 				 uid = 88 atom = 55 btom = 55 ctom = 55 resn = 40 level = 4 kids = 0 type = 1 sort = 0 xyz = 6.10707 5.37175 3.81779 nbonds = 1 nlinks = 5 model = 0
 # 				 uid = 89 atom = 56 btom = 56 ctom = 56 resn = 41 level = 4 kids = 0 type = 1 sort = 0 xyz = 5.89032 4.6489 4.03544 nbonds = 1 nlinks = 5 model = 0
 # 				 uid = 90 atom = 57 btom = 57 ctom = 57 resn = 42 level = 4 kids = 0 type = 1 sort = 0 xyz = 6.50832 4.0468 4.04984 nbonds = 1 nlinks = 5 model = 0
 # 			 uid = 83 atom = 0 btom = 0 ctom = 0 level = 3 kids = 2 type = 2 sort = 3 xyz = 6.72409 2.05953 4.79017 nbonds = 1 nlinks = 2 model = 0
 # 				 uid = 94 atom = 58 btom = 58 ctom = 58 resn = 43 level = 4 kids = 0 type = 1 sort = 3 xyz = 6.64302 3.2068 3.97259 nbonds = 1 nlinks = 5 model = 0
 # 				 uid = 95 atom = 74 btom = 74 ctom = 74 resn = 59 level = 4 kids = 0 type = 1 sort = 3 xyz = 6.80517 0.912253 5.60774 nbonds = 1 nlinks = 5 model = 0
 # 			 uid = 84 atom = 0 btom = 0 ctom = 0 level = 3 kids = 2 type = 2 sort = 3 xyz = 6.30042 1.37463 4.49249 nbonds = 1 nlinks = 2 model = 0
 # 				 uid = 96 atom = 59 btom = 59 ctom = 59 resn = 44 level = 4 kids = 0 type = 1 sort = 3 xyz = 6.56622 2.4958 3.43979 nbonds = 1 nlinks = 5 model = 0
 # 				 uid = 97 atom = 73 btom = 73 ctom = 73 resn = 58 level = 4 kids = 0 type = 1 sort = 3 xyz = 6.03462 0.253453 5.54519 nbonds = 1 nlinks = 5 model = 0
 # 			 uid = 85 atom = 0 btom = 0 ctom = 0 level = 3 kids = 2 type = 2 sort = 3 xyz = 5.97274 0.870853 4.25947 nbonds = 1 nlinks = 2 model = 0
 # 				 uid = 98 atom = 60 btom = 60 ctom = 60 resn = 45 level = 4 kids = 0 type = 1 sort = 3 xyz = 6.77397 1.4764 3.24314 nbonds = 1 nlinks = 5 model = 0
 # 				 uid = 99 atom = 72 btom = 72 ctom = 72 resn = 57 level = 4 kids = 0 type = 1 sort = 3 xyz = 5.17152 0.265303 5.27579 nbonds = 1 nlinks = 5 model = 0
 # 			 uid = 86 atom = 0 btom = 0 ctom = 0 level = 3 kids = 2 type = 2 sort = 3 xyz = 5.78637 0.715978 4.06897 nbonds = 1 nlinks = 2 model = 0
 # 				 uid = 100 atom = 61 btom = 61 ctom = 61 resn = 46 level = 4 kids = 0 type = 1 sort = 3 xyz = 6.88242 0.650503 3.22409 nbonds = 1 nlinks = 5 model = 0
 # 				 uid = 101 atom = 71 btom = 71 ctom = 71 resn = 56 level = 4 kids = 0 type = 1 sort = 3 xyz = 4.69032 0.781453 4.91384 nbonds = 1 nlinks = 5 model = 0
 # 			 uid = 91 atom = 0 btom = 0 ctom = 0 level = 3 kids = 5 type = 2 sort = 0 xyz = 5.21859 -0.314837 2.83868 nbonds = 1 nlinks = 2 model = 0
 # 				 uid = 102 atom = 62 btom = 62 ctom = 62 resn = 47 level = 4 kids = 0 type = 1 sort = 0 xyz = 6.41352 -0.0970972 3.23849 nbonds = 1 nlinks = 5 model = 0
 # 				 uid = 103 atom = 63 btom = 63 ctom = 63 resn = 48 level = 4 kids = 0 type = 1 sort = 0 xyz = 5.64642 -0.565397 3.22214 nbonds = 1 nlinks = 5 model = 0
 # 				 uid = 104 atom = 64 btom = 64 ctom = 64 resn = 49 level = 4 kids = 0 type = 1 sort = 0 xyz = 4.84992 -0.693947 3.04589 nbonds = 1 nlinks = 5 model = 0
 # 				 uid = 105 atom = 65 btom = 65 ctom = 65 resn = 50 level = 4 kids = 0 type = 1 sort = 0 xyz = 4.32072 -0.406097 2.44394 nbonds = 1 nlinks = 5 model = 0
 # 				 uid = 106 atom = 66 btom = 66 ctom = 66 resn = 51 level = 4 kids = 0 type = 1 sort = 0 xyz = 4.86237 0.188353 2.24294 nbonds = 1 nlinks = 5 model = 0
 # 			 uid = 92 atom = 0 btom = 0 ctom = 0 level = 3 kids = 4 type = 2 sort = 0 xyz = 5.19068 1.42173 3.44306 nbonds = 1 nlinks = 2 model = 0
 # 				 uid = 107 atom = 67 btom = 67 ctom = 67 resn = 52 level = 4 kids = 0 type = 1 sort = 0 xyz = 5.17527 1.05985 2.41814 nbonds = 1 nlinks = 5 model = 0
 # 				 uid = 108 atom = 68 btom = 68 ctom = 68 resn = 53 level = 4 kids = 0 type = 1 sort = 0 xyz = 5.50752 1.618 3.03269 nbonds = 1 nlinks = 5 model = 0
 # 				 uid = 109 atom = 69 btom = 69 ctom = 69 resn = 54 level = 4 kids = 0 type = 1 sort = 0 xyz = 5.29137 1.5781 3.74684 nbonds = 1 nlinks = 5 model = 0
 # 				 uid = 110 atom = 70 btom = 70 ctom = 70 resn = 55 level = 4 kids = 0 type = 1 sort = 0 xyz = 4.78857 1.43095 4.57454 nbonds = 1 nlinks = 5 model = 0
 # 			 uid = 93 atom = 0 btom = 0 ctom = 0 level = 3 kids = 9 type = 2 sort = 0 xyz = 6.91644 3.26835 5.97724 nbonds = 1 nlinks = 2 model = 0
 # 				 uid = 111 atom = 75 btom = 75 ctom = 75 resn = 60 level = 4 kids = 0 type = 1 sort = 0 xyz = 7.32702 1.6069 5.50739 nbonds = 1 nlinks = 5 model = 0
 # 				 uid = 112 atom = 76 btom = 76 ctom = 76 resn = 61 level = 4 kids = 0 type = 1 sort = 0 xyz = 7.37712 2.54875 5.33759 nbonds = 1 nlinks = 5 model = 0
 # 				 uid = 113 atom = 77 btom = 77 ctom = 77 resn = 62 level = 4 kids = 0 type = 1 sort = 0 xyz = 7.08432 3.42025 5.22494 nbonds = 1 nlinks = 5 model = 0
 # 				 uid = 114 atom = 78 btom = 78 ctom = 78 resn = 63 level = 4 kids = 0 type = 1 sort = 0 xyz = 6.82272 4.13545 5.37149 nbonds = 1 nlinks = 5 model = 0
 # 				 uid = 115 atom = 79 btom = 79 ctom = 79 resn = 64 level = 4 kids = 0 type = 1 sort = 0 xyz = 6.53892 4.74025 5.93594 nbonds = 1 nlinks = 5 model = 0
 # 				 uid = 116 atom = 80 btom = 80 ctom = 80 resn = 65 level = 4 kids = 0 type = 1 sort = 0 xyz = 7.28862 4.174 6.20849 nbonds = 1 nlinks = 5 model = 0
 # 				 uid = 117 atom = 81 btom = 81 ctom = 81 resn = 66 level = 4 kids = 0 type = 1 sort = 0 xyz = 7.24437 3.445 6.50234 nbonds = 1 nlinks = 5 model = 0
 # 				 uid = 118 atom = 82 btom = 82 ctom = 82 resn = 67 level = 4 kids = 0 type = 1 sort = 0 xyz = 6.70782 2.8069 6.76394 nbonds = 1 nlinks = 5 model = 0
 # 				 uid = 119 atom = 83 btom = 83 ctom = 83 resn = 68 level = 4 kids = 0 type = 1 sort = 0 xyz = 5.85702 2.53765 6.94304 nbonds = 1 nlinks = 5 model = 0
 # 		 uid = 5 atom = 0 btom = 0 ctom = 0 level = 2 kids = 11 type = 2 sort = 1 xyz = 2.45254 1.05704 4.42785 nbonds = 1 nlinks = 2 model = 0
 # 			 uid = 120 atom = 0 btom = 0 ctom = 0 level = 3 kids = 7 type = 2 sort = 0 xyz = 3.71052 3.28502 5.19741 nbonds = 1 nlinks = 2 model = 0
 # 				 uid = 124 atom = 84 btom = 84 ctom = 84 resn = 69 level = 4 kids = 0 type = 1 sort = 0 xyz = 5.01282 2.75785 6.84374 nbonds = 1 nlinks = 5 model = 0
 # 				 uid = 125 atom = 85 btom = 85 ctom = 85 resn = 70 level = 4 kids = 0 type = 1 sort = 0 xyz = 4.52127 3.1279 6.28274 nbonds = 1 nlinks = 5 model = 0
 # 				 uid = 126 atom = 86 btom = 86 ctom = 86 resn = 71 level = 4 kids = 0 type = 1 sort = 0 xyz = 4.29072 3.4366 5.51189 nbonds = 1 nlinks = 5 model = 0
 # 				 uid = 127 atom = 87 btom = 87 ctom = 87 resn = 72 level = 4 kids = 0 type = 1 sort = 0 xyz = 3.45837 3.6748 5.41184 nbonds = 1 nlinks = 5 model = 0
 # 				 uid = 128 atom = 88 btom = 88 ctom = 88 resn = 73 level = 4 kids = 0 type = 1 sort = 0 xyz = 2.95557 3.8272 4.77479 nbonds = 1 nlinks = 5 model = 0
 # 				 uid = 129 atom = 89 btom = 89 ctom = 89 resn = 74 level = 4 kids = 0 type = 1 sort = 0 xyz = 2.73327 3.5032 4.01204 nbonds = 1 nlinks = 5 model = 0
 # 				 uid = 130 atom = 90 btom = 90 ctom = 90 resn = 75 level = 4 kids = 0 type = 1 sort = 0 xyz = 3.00162 2.66755 3.54479 nbonds = 1 nlinks = 5 model = 0
 # 			 uid = 121 atom = 0 btom = 0 ctom = 0 level = 3 kids = 2 type = 2 sort = 4 xyz = 3.62449 2.19025 4.15237 nbonds = 1 nlinks = 2 model = 0
 # 				 uid = 138 atom = 91 btom = 91 ctom = 91 resn = 76 level = 4 kids = 0 type = 1 sort = 4 xyz = 3.33072 1.9759 3.27104 nbonds = 1 nlinks = 5 model = 0
 # 				 uid = 139 atom = 108 btom = 108 ctom = 108 resn = 148 level = 4 kids = 0 type = 1 sort = 4 xyz = 3.91827 2.4046 5.03369 nbonds = 1 nlinks = 5 model = 0
 # 			 uid = 122 atom = 0 btom = 0 ctom = 0 level = 3 kids = 2 type = 2 sort = 4 xyz = 3.29074 1.84413 4.49242 nbonds = 1 nlinks = 2 model = 0
 # 				 uid = 140 atom = 92 btom = 92 ctom = 92 resn = 77 level = 4 kids = 0 type = 1 sort = 4 xyz = 3.48102 1.2487 3.68174 nbonds = 1 nlinks = 5 model = 0
 # 				 uid = 141 atom = 107 btom = 107 ctom = 107 resn = 147 level = 4 kids = 0 type = 1 sort = 4 xyz = 3.10047 2.43955 5.30309 nbonds = 1 nlinks = 5 model = 0
 # 			 uid = 123 atom = 0 btom = 0 ctom = 0 level = 3 kids = 2 type = 2 sort = 4 xyz = 2.97492 1.3525 4.49332 nbonds = 1 nlinks = 2 model = 0
 # 				 uid = 142 atom = 93 btom = 93 ctom = 93 resn = 78 level = 4 kids = 0 type = 1 sort = 4 xyz = 3.62277 0.283003 3.92144 nbonds = 1 nlinks = 5 model = 0
 # 				 uid = 143 atom = 106 btom = 106 ctom = 106 resn = 146 level = 4 kids = 0 type = 1 sort = 4 xyz = 2.32707 2.422 5.06519 nbonds = 1 nlinks = 5 model = 0
 # 			 uid = 131 atom = 0 btom = 0 ctom = 0 level = 3 kids = 2 type = 2 sort = 4 xyz = 2.61882 1.18383 4.56562 nbonds = 1 nlinks = 2 model = 0
 # 				 uid = 144 atom = 94 btom = 94 ctom = 94 resn = 79 level = 4 kids = 0 type = 1 sort = 4 xyz = 3.49707 0.0781027 4.66844 nbonds = 1 nlinks = 5 model = 0
 # 				 uid = 145 atom = 105 btom = 105 ctom = 105 resn = 145 level = 4 kids = 0 type = 1 sort = 4 xyz = 1.74057 2.28955 4.46279 nbonds = 1 nlinks = 5 model = 0
 # 			 uid = 132 atom = 0 btom = 0 ctom = 0 level = 3 kids = 2 type = 2 sort = 4 xyz = 2.18907 1.04688 4.50614 nbonds = 1 nlinks = 2 model = 0
 # 				 uid = 146 atom = 95 btom = 95 ctom = 95 resn = 80 level = 4 kids = 0 type = 1 sort = 4 xyz = 2.76792 0.106153 5.32079 nbonds = 1 nlinks = 5 model = 0
 # 				 uid = 147 atom = 104 btom = 104 ctom = 104 resn = 144 level = 4 kids = 0 type = 1 sort = 4 xyz = 1.61022 1.9876 3.69149 nbonds = 1 nlinks = 5 model = 0
 # 			 uid = 133 atom = 0 btom = 0 ctom = 0 level = 3 kids = 2 type = 2 sort = 4 xyz = 1.96482 0.736153 4.54484 nbonds = 1 nlinks = 2 model = 0
 # 				 uid = 148 atom = 96 btom = 96 ctom = 96 resn = 81 level = 4 kids = 0 type = 1 sort = 4 xyz = 2.01867 0.223303 5.65169 nbonds = 1 nlinks = 5 model = 0
 # 				 uid = 149 atom = 103 btom = 103 ctom = 103 resn = 143 level = 4 kids = 0 type = 1 sort = 4 xyz = 1.91097 1.249 3.43799 nbonds = 1 nlinks = 5 model = 0
 # 			 uid = 134 atom = 0 btom = 0 ctom = 0 level = 3 kids = 2 type = 2 sort = 4 xyz = 1.59087 0.306328 4.60829 nbonds = 1 nlinks = 2 model = 0
 # 				 uid = 150 atom = 97 btom = 97 ctom = 97 resn = 82 level = 4 kids = 0 type = 1 sort = 4 xyz = 1.11867 0.140803 5.38244 nbonds = 1 nlinks = 5 model = 0
 # 				 uid = 151 atom = 102 btom = 102 ctom = 102 resn = 142 level = 4 kids = 0 type = 1 sort = 4 xyz = 2.06307 0.471853 3.83414 nbonds = 1 nlinks = 5 model = 0
 # 			 uid = 135 atom = 0 btom = 0 ctom = 0 level = 3 kids = 2 type = 2 sort = 4 xyz = 1.36662 -0.203747 4.05982 nbonds = 1 nlinks = 2 model = 0
 # 				 uid = 152 atom = 98 btom = 98 ctom = 98 resn = 83 level = 4 kids = 0 type = 1 sort = 4 xyz = 0.405268 -0.0111471 4.66709 nbonds = 1 nlinks = 5 model = 0
 # 				 uid = 153 atom = 101 btom = 101 ctom = 101 resn = 141 level = 4 kids = 0 type = 1 sort = 4 xyz = 2.32797 -0.396347 3.45254 nbonds = 1 nlinks = 5 model = 0
 # 			 uid = 136 atom = 0 btom = 0 ctom = 0 level = 3 kids = 2 type = 2 sort = 0 xyz = 1.62942 -0.745172 3.25604 nbonds = 1 nlinks = 2 model = 0
 # 				 uid = 154 atom = 99 btom = 99 ctom = 99 resn = 139 level = 4 kids = 0 type = 1 sort = 0 xyz = 1.60167 -0.366797 3.00194 nbonds = 1 nlinks = 5 model = 0
 # 				 uid = 155 atom = 100 btom = 100 ctom = 100 resn = 140 level = 4 kids = 0 type = 1 sort = 0 xyz = 1.65717 -1.12355 3.51014 nbonds = 1 nlinks = 5 model = 0
 # 			 uid = 137 atom = 0 btom = 0 ctom = 0 level = 3 kids = 5 type = 2 sort = 0 xyz = 5.11782 3.15427 4.04483 nbonds = 1 nlinks = 2 model = 0
 # 				 uid = 156 atom = 109 btom = 109 ctom = 109 resn = 149 level = 4 kids = 0 type = 1 sort = 0 xyz = 4.74807 2.6689 5.28464 nbonds = 1 nlinks = 5 model = 0
 # 				 uid = 157 atom = 110 btom = 110 ctom = 110 resn = 150 level = 4 kids = 0 type = 1 sort = 0 xyz = 5.00577 3.0532 4.64984 nbonds = 1 nlinks = 5 model = 0
 # 				 uid = 158 atom = 111 btom = 111 ctom = 111 resn = 151 level = 4 kids = 0 type = 1 sort = 0 xyz = 5.59872 2.7802 3.98579 nbonds = 1 nlinks = 5 model = 0
 # 				 uid = 159 atom = 112 btom = 112 ctom = 112 resn = 152 level = 4 kids = 0 type = 1 sort = 0 xyz = 5.39412 3.2566 3.25544 nbonds = 1 nlinks = 5 model = 0
 # 				 uid = 160 atom = 113 btom = 113 ctom = 113 resn = 153 level = 4 kids = 0 type = 1 sort = 0 xyz = 4.84242 4.01245 3.04844 nbonds = 1 nlinks = 5 model = 0
 # 		 uid = 6 atom = 0 btom = 0 ctom = 0 level = 2 kids = 12 type = 2 sort = 1 xyz = -0.588475 2.21995 2.14017 nbonds = 1 nlinks = 2 model = 0
 # 			 uid = 161 atom = 0 btom = 0 ctom = 0 level = 3 kids = 2 type = 2 sort = 5 xyz = 0.667168 0.505678 2.87272 nbonds = 1 nlinks = 2 model = 0
 # 				 uid = 173 atom = 114 btom = 114 ctom = 114 resn = 84 level = 4 kids = 0 type = 1 sort = 5 xyz = -0.160232 0.493453 4.08674 nbonds = 1 nlinks = 5 model = 0
 # 				 uid = 174 atom = 137 btom = 137 ctom = 137 resn = 137 level = 4 kids = 0 type = 1 sort = 5 xyz = 1.49457 0.517903 1.65869 nbonds = 1 nlinks = 5 model = 0
 # 			 uid = 162 atom = 0 btom = 0 ctom = 0 level = 3 kids = 2 type = 2 sort = 5 xyz = 0.420868 0.938428 2.43652 nbonds = 1 nlinks = 2 model = 0
 # 				 uid = 175 atom = 115 btom = 115 ctom = 115 resn = 85 level = 4 kids = 0 type = 1 sort = 5 xyz = 0.0611678 1.2883 3.69524 nbonds = 1 nlinks = 5 model = 0
 # 				 uid = 176 atom = 136 btom = 136 ctom = 136 resn = 136 level = 4 kids = 0 type = 1 sort = 5 xyz = 0.780568 0.588553 1.17779 nbonds = 1 nlinks = 5 model = 0
 # 			 uid = 163 atom = 0 btom = 0 ctom = 0 level = 3 kids = 2 type = 2 sort = 5 xyz = 0.184843 1.30248 2.03924 nbonds = 1 nlinks = 2 model = 0
 # 				 uid = 177 atom = 116 btom = 116 ctom = 116 resn = 86 level = 4 kids = 0 type = 1 sort = 5 xyz = 0.486568 2.00725 3.29789 nbonds = 1 nlinks = 5 model = 0
 # 				 uid = 178 atom = 135 btom = 135 ctom = 135 resn = 135 level = 4 kids = 0 type = 1 sort = 5 xyz = -0.116882 0.597703 0.780594 nbonds = 1 nlinks = 5 model = 0
 # 			 uid = 164 atom = 0 btom = 0 ctom = 0 level = 3 kids = 2 type = 2 sort = 5 xyz = -0.113957 1.63233 1.91234 nbonds = 1 nlinks = 2 model = 0
 # 				 uid = 179 atom = 117 btom = 117 ctom = 117 resn = 87 level = 4 kids = 0 type = 1 sort = 5 xyz = 0.671668 2.5114 2.60609 nbonds = 1 nlinks = 5 model = 0
 # 				 uid = 180 atom = 134 btom = 134 ctom = 134 resn = 134 level = 4 kids = 0 type = 1 sort = 5 xyz = -0.899582 0.753253 1.21859 nbonds = 1 nlinks = 5 model = 0
 # 			 uid = 165 atom = 0 btom = 0 ctom = 0 level = 3 kids = 2 type = 2 sort = 5 xyz = -0.473882 1.95303 1.77179 nbonds = 1 nlinks = 2 model = 0
 # 				 uid = 181 atom = 118 btom = 118 ctom = 118 resn = 88 level = 4 kids = 0 type = 1 sort = 5 xyz = 0.616018 2.8693 1.80479 nbonds = 1 nlinks = 5 model = 0
 # 				 uid = 182 atom = 133 btom = 133 ctom = 133 resn = 133 level = 4 kids = 0 type = 1 sort = 5 xyz = -1.56378 1.03675 1.73879 nbonds = 1 nlinks = 5 model = 0
 # 			 uid = 166 atom = 0 btom = 0 ctom = 0 level = 3 kids = 2 type = 2 sort = 5 xyz = -0.943157 2.37768 1.75169 nbonds = 1 nlinks = 2 model = 0
 # 				 uid = 183 atom = 119 btom = 119 ctom = 119 resn = 89 level = 4 kids = 0 type = 1 sort = 5 xyz = 0.147268 3.10075 1.11929 nbonds = 1 nlinks = 5 model = 0
 # 				 uid = 184 atom = 132 btom = 132 ctom = 132 resn = 132 level = 4 kids = 0 type = 1 sort = 5 xyz = -2.03358 1.6546 2.38409 nbonds = 1 nlinks = 5 model = 0
 # 			 uid = 167 atom = 0 btom = 0 ctom = 0 level = 3 kids = 2 type = 2 sort = 5 xyz = -1.26371 2.70985 1.85309 nbonds = 1 nlinks = 2 model = 0
 # 				 uid = 185 atom = 120 btom = 120 ctom = 120 resn = 90 level = 4 kids = 0 type = 1 sort = 5 xyz = -0.599132 3.19915 0.561144 nbonds = 1 nlinks = 5 model = 0
 # 				 uid = 186 atom = 131 btom = 131 ctom = 131 resn = 131 level = 4 kids = 0 type = 1 sort = 5 xyz = -1.92828 2.22055 3.14504 nbonds = 1 nlinks = 5 model = 0
 # 			 uid = 168 atom = 0 btom = 0 ctom = 0 level = 3 kids = 2 type = 2 sort = 5 xyz = -1.40628 3.11088 2.17844 nbonds = 1 nlinks = 2 model = 0
 # 				 uid = 187 atom = 121 btom = 121 ctom = 121 resn = 91 level = 4 kids = 0 type = 1 sort = 5 xyz = -1.45203 3.316 0.656544 nbonds = 1 nlinks = 5 model = 0
 # 				 uid = 188 atom = 130 btom = 130 ctom = 130 resn = 130 level = 4 kids = 0 type = 1 sort = 5 xyz = -1.36053 2.90575 3.70034 nbonds = 1 nlinks = 5 model = 0
 # 			 uid = 169 atom = 0 btom = 0 ctom = 0 level = 3 kids = 2 type = 2 sort = 5 xyz = -1.48158 3.51498 2.26634 nbonds = 1 nlinks = 2 model = 0
 # 				 uid = 189 atom = 122 btom = 122 ctom = 122 resn = 92 level = 4 kids = 0 type = 1 sort = 5 xyz = -2.19153 3.56575 1.06529 nbonds = 1 nlinks = 5 model = 0
 # 				 uid = 190 atom = 129 btom = 129 ctom = 129 resn = 129 level = 4 kids = 0 type = 1 sort = 5 xyz = -0.771632 3.4642 3.46739 nbonds = 1 nlinks = 5 model = 0
 # 			 uid = 170 atom = 0 btom = 0 ctom = 0 level = 3 kids = 2 type = 2 sort = 5 xyz = -1.47506 4.1542 2.31952 nbonds = 1 nlinks = 2 model = 0
 # 				 uid = 191 atom = 123 btom = 123 ctom = 123 resn = 93 level = 4 kids = 0 type = 1 sort = 5 xyz = -2.58813 4.00855 1.60229 nbonds = 1 nlinks = 5 model = 0
 # 				 uid = 192 atom = 128 btom = 128 ctom = 128 resn = 128 level = 4 kids = 0 type = 1 sort = 5 xyz = -0.361982 4.29985 3.03674 nbonds = 1 nlinks = 5 model = 0
 # 			 uid = 171 atom = 0 btom = 0 ctom = 0 level = 3 kids = 4 type = 2 sort = 0 xyz = -1.50423 5.1022 1.69207 nbonds = 1 nlinks = 2 model = 0
 # 				 uid = 193 atom = 124 btom = 124 ctom = 124 resn = 94 level = 4 kids = 0 type = 1 sort = 0 xyz = -2.66838 4.61875 2.16869 nbonds = 1 nlinks = 5 model = 0
 # 				 uid = 194 atom = 125 btom = 125 ctom = 125 resn = 95 level = 4 kids = 0 type = 1 sort = 0 xyz = -1.87743 4.88395 1.79984 nbonds = 1 nlinks = 5 model = 0
 # 				 uid = 195 atom = 126 btom = 126 ctom = 126 resn = 96 level = 4 kids = 0 type = 1 sort = 0 xyz = -1.23513 5.3857 1.39934 nbonds = 1 nlinks = 5 model = 0
 # 				 uid = 196 atom = 127 btom = 127 ctom = 127 resn = 97 level = 4 kids = 0 type = 1 sort = 0 xyz = -0.235982 5.5204 1.40039 nbonds = 1 nlinks = 5 model = 0
 # 			 uid = 172 atom = 0 btom = 0 ctom = 0 level = 3 kids = 1 type = 2 sort = 0 xyz = 1.77627 0.192103 2.41619 nbonds = 1 nlinks = 2 model = 0
 # 				 uid = 197 atom = 138 btom = 138 ctom = 138 resn = 138 level = 4 kids = 0 type = 1 sort = 0 xyz = 1.77627 0.192103 2.41619 nbonds = 1 nlinks = 5 model = 0
 # 		 uid = 7 atom = 0 btom = 0 ctom = 0 level = 2 kids = 6 type = 2 sort = 1 xyz = 1.54529 4.84666 3.25985 nbonds = 1 nlinks = 2 model = 0
 # 			 uid = 198 atom = 0 btom = 0 ctom = 0 level = 3 kids = 2 type = 2 sort = 0 xyz = 1.03272 5.25618 1.79399 nbonds = 1 nlinks = 2 model = 0
 # 				 uid = 201 atom = 139 btom = 139 ctom = 139 resn = 98 level = 4 kids = 0 type = 1 sort = 0 xyz = 0.610918 5.34115 1.70549 nbonds = 1 nlinks = 5 model = 0
 # 				 uid = 202 atom = 140 btom = 140 ctom = 140 resn = 99 level = 4 kids = 0 type = 1 sort = 0 xyz = 1.45452 5.1712 1.88249 nbonds = 1 nlinks = 5 model = 0
 # 			 uid = 199 atom = 0 btom = 0 ctom = 0 level = 3 kids = 2 type = 2 sort = 6 xyz = 1.06534 4.94455 2.70922 nbonds = 1 nlinks = 2 model = 0
 # 				 uid = 206 atom = 141 btom = 141 ctom = 141 resn = 100 level = 4 kids = 0 type = 1 sort = 6 xyz = 1.69812 6.15025 2.29004 nbonds = 1 nlinks = 5 model = 0
 # 				 uid = 207 atom = 150 btom = 150 ctom = 150 resn = 127 level = 4 kids = 0 type = 1 sort = 6 xyz = 0.432568 3.73885 3.12839 nbonds = 1 nlinks = 5 model = 0
 # 			 uid = 200 atom = 0 btom = 0 ctom = 0 level = 3 kids = 2 type = 2 sort = 6 xyz = 1.40247 4.93443 3.14317 nbonds = 1 nlinks = 2 model = 0
 # 				 uid = 208 atom = 142 btom = 142 ctom = 142 resn = 101 level = 4 kids = 0 type = 1 sort = 6 xyz = 1.48767 6.2683 3.26399 nbonds = 1 nlinks = 5 model = 0
 # 				 uid = 209 atom = 149 btom = 149 ctom = 149 resn = 126 level = 4 kids = 0 type = 1 sort = 6 xyz = 1.31727 3.60055 3.02234 nbonds = 1 nlinks = 5 model = 0
 # 			 uid = 203 atom = 0 btom = 0 ctom = 0 level = 3 kids = 2 type = 2 sort = 6 xyz = 1.68882 4.79755 3.43004 nbonds = 1 nlinks = 2 model = 0
 # 				 uid = 210 atom = 143 btom = 143 ctom = 143 resn = 102 level = 4 kids = 0 type = 1 sort = 6 xyz = 1.06557 6.00415 3.85259 nbonds = 1 nlinks = 5 model = 0
 # 				 uid = 211 atom = 148 btom = 148 ctom = 148 resn = 125 level = 4 kids = 0 type = 1 sort = 6 xyz = 2.31207 3.59095 3.00749 nbonds = 1 nlinks = 5 model = 0
 # 			 uid = 204 atom = 0 btom = 0 ctom = 0 level = 3 kids = 2 type = 2 sort = 6 xyz = 2.02452 4.7101 3.75697 nbonds = 1 nlinks = 2 model = 0
 # 				 uid = 212 atom = 144 btom = 144 ctom = 144 resn = 103 level = 4 kids = 0 type = 1 sort = 6 xyz = 1.02192 5.371 4.51379 nbonds = 1 nlinks = 5 model = 0
 # 				 uid = 213 atom = 147 btom = 147 ctom = 147 resn = 124 level = 4 kids = 0 type = 1 sort = 6 xyz = 3.02712 4.0492 3.00014 nbonds = 1 nlinks = 5 model = 0
 # 			 uid = 205 atom = 0 btom = 0 ctom = 0 level = 3 kids = 2 type = 2 sort = 0 xyz = 2.64079 5.16805 3.23047 nbonds = 1 nlinks = 2 model = 0
 # 				 uid = 214 atom = 145 btom = 145 ctom = 145 resn = 122 level = 4 kids = 0 type = 1 sort = 0 xyz = 2.38797 5.49625 3.34544 nbonds = 1 nlinks = 5 model = 0
 # 				 uid = 215 atom = 146 btom = 146 ctom = 146 resn = 123 level = 4 kids = 0 type = 1 sort = 0 xyz = 2.89362 4.83985 3.11549 nbonds = 1 nlinks = 5 model = 0
 # 		 uid = 8 atom = 0 btom = 0 ctom = 0 level = 2 kids = 8 type = 2 sort = 1 xyz = 2.26153 5.95918 5.81727 nbonds = 1 nlinks = 2 model = 0
 # 			 uid = 216 atom = 0 btom = 0 ctom = 0 level = 3 kids = 2 type = 2 sort = 7 xyz = 1.95987 5.47203 4.37587 nbonds = 1 nlinks = 2 model = 0
 # 				 uid = 224 atom = 151 btom = 151 ctom = 151 resn = 104 level = 4 kids = 0 type = 1 sort = 7 xyz = 1.42392 4.7095 4.95659 nbonds = 1 nlinks = 5 model = 0
 # 				 uid = 225 atom = 168 btom = 168 ctom = 168 resn = 121 level = 4 kids = 0 type = 1 sort = 7 xyz = 2.49582 6.23455 3.79514 nbonds = 1 nlinks = 5 model = 0
 # 			 uid = 217 atom = 0 btom = 0 ctom = 0 level = 3 kids = 2 type = 2 sort = 7 xyz = 2.16769 5.49205 4.83989 nbonds = 1 nlinks = 2 model = 0
 # 				 uid = 226 atom = 152 btom = 152 ctom = 152 resn = 105 level = 4 kids = 0 type = 1 sort = 7 xyz = 2.05467 4.23025 5.25119 nbonds = 1 nlinks = 5 model = 0
 # 				 uid = 227 atom = 167 btom = 167 ctom = 167 resn = 120 level = 4 kids = 0 type = 1 sort = 7 xyz = 2.28072 6.75385 4.42859 nbonds = 1 nlinks = 5 model = 0
 # 			 uid = 218 atom = 0 btom = 0 ctom = 0 level = 3 kids = 2 type = 2 sort = 7 xyz = 2.37244 5.85648 5.24264 nbonds = 1 nlinks = 2 model = 0
 # 				 uid = 228 atom = 153 btom = 153 ctom = 153 resn = 106 level = 4 kids = 0 type = 1 sort = 7 xyz = 2.87922 4.48645 5.36999 nbonds = 1 nlinks = 5 model = 0
 # 				 uid = 229 atom = 166 btom = 166 ctom = 166 resn = 119 level = 4 kids = 0 type = 1 sort = 7 xyz = 1.86567 7.2265 5.11529 nbonds = 1 nlinks = 5 model = 0
 # 			 uid = 219 atom = 0 btom = 0 ctom = 0 level = 3 kids = 2 type = 2 sort = 7 xyz = 2.37342 6.19593 5.76637 nbonds = 1 nlinks = 2 model = 0
 # 				 uid = 230 atom = 154 btom = 154 ctom = 154 resn = 107 level = 4 kids = 0 type = 1 sort = 7 xyz = 3.32802 5.2246 5.63699 nbonds = 1 nlinks = 5 model = 0
 # 				 uid = 231 atom = 165 btom = 165 ctom = 165 resn = 118 level = 4 kids = 0 type = 1 sort = 7 xyz = 1.41882 7.16725 5.89574 nbonds = 1 nlinks = 5 model = 0
 # 			 uid = 220 atom = 0 btom = 0 ctom = 0 level = 3 kids = 2 type = 2 sort = 7 xyz = 2.34057 6.31338 6.26474 nbonds = 1 nlinks = 2 model = 0
 # 				 uid = 232 atom = 155 btom = 155 ctom = 155 resn = 108 level = 4 kids = 0 type = 1 sort = 7 xyz = 3.64512 5.90275 6.01949 nbonds = 1 nlinks = 5 model = 0
 # 				 uid = 233 atom = 164 btom = 164 ctom = 164 resn = 117 level = 4 kids = 0 type = 1 sort = 7 xyz = 1.03602 6.724 6.50999 nbonds = 1 nlinks = 5 model = 0
 # 			 uid = 221 atom = 0 btom = 0 ctom = 0 level = 3 kids = 2 type = 2 sort = 7 xyz = 2.29077 6.2617 6.85004 nbonds = 1 nlinks = 2 model = 0
 # 				 uid = 234 atom = 156 btom = 156 ctom = 156 resn = 109 level = 4 kids = 0 type = 1 sort = 7 xyz = 3.61602 6.5776 6.59039 nbonds = 1 nlinks = 5 model = 0
 # 				 uid = 235 atom = 163 btom = 163 ctom = 163 resn = 116 level = 4 kids = 0 type = 1 sort = 7 xyz = 0.965518 5.9458 7.10969 nbonds = 1 nlinks = 5 model = 0
 # 			 uid = 222 atom = 0 btom = 0 ctom = 0 level = 3 kids = 2 type = 2 sort = 7 xyz = 2.32594 6.12265 7.38134 nbonds = 1 nlinks = 2 model = 0
 # 				 uid = 236 atom = 157 btom = 157 ctom = 157 resn = 110 level = 4 kids = 0 type = 1 sort = 7 xyz = 3.33342 6.99835 7.26074 nbonds = 1 nlinks = 5 model = 0
 # 				 uid = 237 atom = 162 btom = 162 ctom = 162 resn = 115 level = 4 kids = 0 type = 1 sort = 7 xyz = 1.31847 5.24695 7.50194 nbonds = 1 nlinks = 5 model = 0
 # 			 uid = 223 atom = 0 btom = 0 ctom = 0 level = 3 kids = 4 type = 2 sort = 0 xyz = 2.22222 6.17365 8.13063 nbonds = 1 nlinks = 2 model = 0
 # 				 uid = 238 atom = 158 btom = 158 ctom = 158 resn = 111 level = 4 kids = 0 type = 1 sort = 0 xyz = 2.84202 7.01635 8.03579 nbonds = 1 nlinks = 5 model = 0
 # 				 uid = 239 atom = 159 btom = 159 ctom = 159 resn = 112 level = 4 kids = 0 type = 1 sort = 0 xyz = 2.02047 6.73105 8.24969 nbonds = 1 nlinks = 5 model = 0
 # 				 uid = 240 atom = 160 btom = 160 ctom = 160 resn = 113 level = 4 kids = 0 type = 1 sort = 0 xyz = 1.98342 5.9227 8.08919 nbonds = 1 nlinks = 5 model = 0
 # 				 uid = 241 atom = 161 btom = 161 ctom = 161 resn = 114 level = 4 kids = 0 type = 1 sort = 0 xyz = 2.04297 5.0245 8.14784 nbonds = 1 nlinks = 5 model = 0
 Reset  Cell::world->xyz = 0 0 0
Pre-sorting XYZ lists
Rough sort done
Sorting X
Sorting Y
Sorting Z
XYZ lists sorted
 No viewing 
Starting sorter 
Starting mover
Starting linker 
Starting bumper 
Starting fixers 
Starting looker 
Starting driver
 world->idata[i] = 992
 world->idata[i] = 501
 world->idata[i] = 1011
 world->idata[i] = 1012
 world->idata[i] = 9670
