2 181 1
3 180 1
4 179 1
5 178 1
8 175 1
12 119 1
13 118 1
14 117 1
15 116 1
16 114 1
17 113 1
21 110 1
22 109 1
23 108 1
24 107 1
25 106 1
26 105 1
32 100 1
33 99 1
34 98 1
36 97 1
37 96 1
38 95 1
39 94 1
41 87 1
43 85 1
47 66 1
48 65 1
49 64 1
50 63 1
51 62 1
52 61 1
53 60 1
54 59 1
70 80 1
71 79 1
125 157 1
126 156 1
127 155 1
128 154 1
131 153 1
132 151 1
133 150 1
134 149 1
135 148 1
136 147 1
137 146 1
184 202 1
186 200 1
187 199 1
188 198 1
189 197 1
190 196 1
217 246 1
218 245 1
220 238 1
222 235 1
223 234 1
224 233 1
225 232 1
226 231 1
