2 179
3 179
4 179
5 179
8 175
12 114
13 114
14 114
15 114
16 114
17 114
21 106
22 106
23 106
24 106
25 106
26 106
32 85
33 85
34 85
35 85
36 85
37 85
38 85
39 85
40 85
41 85
42 85
43 85
47 60
48 60
49 60
50 60
51 60
52 60
53 60
54 60
59 48
60 48
61 48
62 48
63 48
64 48
65 48
66 48
70 79
71 79
79 70
80 70
85 42
86 42
87 42
94 33
95 33
96 33
97 33
98 33
99 33
100 33
105 22
106 22
107 22
108 22
109 22
110 22
113 13
114 13
115 13
116 13
117 13
118 13
119 13
125 155
126 155
127 155
128 155
131 147
132 147
133 147
134 147
135 147
136 147
137 147
146 126
147 126
148 126
149 126
150 126
151 126
152 126
153 126
154 126
155 126
156 126
157 126
175 8
178 3
179 3
180 3
181 3
184 197
185 197
186 197
187 197
188 197
189 197
190 197
196 184
197 184
198 184
199 184
200 184
201 184
202 184
217 232
218 232
219 232
220 232
221 232
222 232
223 232
224 232
225 232
226 232
231 223
232 223
233 223
234 223
235 223
238 220
245 217
246 217
