 len = 78 cut = 1.000000 gap = 5.000000 inbox = 0
 i = 0 ends[0][i] = 3 ends[1][i] = 6
 i = 1 ends[0][i] = 8 ends[1][i] = 11
 i = 2 ends[0][i] = 13 ends[1][i] = 18
 i = 3 ends[0][i] = 22 ends[1][i] = 27
 i = 4 ends[0][i] = 36 ends[1][i] = 40
 i = 5 ends[0][i] = 45 ends[1][i] = 48
 i = 6 ends[0][i] = 51 ends[1][i] = 55
 i = 7 ends[0][i] = 61 ends[1][i] = 65
 i = 8 ends[0][i] = 68 ends[1][i] = 71
 i = 9 ends[0][i] = 73 ends[1][i] = 78
 n = 20
 id = 5 m = 34 w = 7 am = 27 pm = 41 seg1 = 0 seg2 = 10 segs = 10
     k = 0 ak = 2 pk = 5 a = 15 b = 4 boxsum = 0.000000 ss = 12
     k = 1 ak = 7 pk = 10 a = 15 b = 4 boxsum = 3.000000 ss = 12
  0  0  0  0
  0  0  0  0
  0  0  0  0
  0  0  0  0
  0  0  0  0
  0  0  0  0
  0  0  0  0
  0  0  0  0
  0  0100  0
  0100  0  0
100  0  0  0
  0  0  0  0
  0  0  0  0
  0  0  0  0
  0  0  0  0

 bias = -1.151720 pack = 0.000000

     k = 2 ak = 12 pk = 17 a = 15 b = 6 boxsum = 0.000000 ss = 20
     k = 3 ak = 21 pk = 26 a = 15 b = 6 boxsum = 0.000000 ss = 20
     k = 5 ak = 44 pk = 47 a = 15 b = 4 boxsum = 0.000000 ss = 12
     k = 6 ak = 50 pk = 54 a = 15 b = 5 boxsum = 0.000000 ss = 16
     k = 7 ak = 60 pk = 64 a = 15 b = 5 boxsum = 0.000000 ss = 16
     k = 8 ak = 67 pk = 70 a = 15 b = 4 boxsum = 0.000000 ss = 12
     k = 9 ak = 72 pk = 77 a = 15 b = 6 boxsum = 0.000000 ss = 20
 am = 27 pm = 41 maxa = 15 maxb = 4 consum = 1.151720 conmax = 1.151720 condif = 0.095977

 id = 5 m = 35 w = 6 am = 29 pm = 41 seg1 = 0 seg2 = 10 segs = 10
     k = 0 ak = 2 pk = 5 a = 13 b = 4 boxsum = 0.000000 ss = 12
     k = 1 ak = 7 pk = 10 a = 13 b = 4 boxsum = 3.000000 ss = 12
  0  0  0  0
  0  0  0  0
  0  0  0  0
  0  0  0  0
  0  0  0  0
  0  0  0  0
  0  0100  0
  0100  0  0
100  0  0  0
  0  0  0  0
  0  0  0  0
  0  0  0  0
  0  0  0  0

 bias = -1.151114 pack = 0.000000

     k = 2 ak = 12 pk = 17 a = 13 b = 6 boxsum = 0.000000 ss = 20
     k = 3 ak = 21 pk = 26 a = 13 b = 6 boxsum = 0.000000 ss = 20
     k = 5 ak = 44 pk = 47 a = 13 b = 4 boxsum = 0.000000 ss = 12
     k = 6 ak = 50 pk = 54 a = 13 b = 5 boxsum = 0.000000 ss = 16
     k = 7 ak = 60 pk = 64 a = 13 b = 5 boxsum = 0.000000 ss = 16
     k = 8 ak = 67 pk = 70 a = 13 b = 4 boxsum = 0.000000 ss = 12
     k = 9 ak = 72 pk = 77 a = 13 b = 6 boxsum = 0.000000 ss = 20
 am = 29 pm = 41 maxa = 13 maxb = 4 consum = 1.151114 conmax = 1.151114 condif = 0.115111

 id = 5 m = 35 w = 7 am = 28 pm = 42 seg1 = 0 seg2 = 10 segs = 10
     k = 0 ak = 2 pk = 5 a = 15 b = 4 boxsum = 0.000000 ss = 12
     k = 1 ak = 7 pk = 10 a = 15 b = 4 boxsum = 3.000000 ss = 12
  0  0  0  0
  0  0  0  0
  0  0  0  0
  0  0  0  0
  0  0  0  0
  0  0  0  0
  0  0  0  0
  0  0100  0
  0100  0  0
100  0  0  0
  0  0  0  0
  0  0  0  0
  0  0  0  0
  0  0  0  0
  0  0  0  0

 bias = -1.151114 pack = 0.000000

     k = 2 ak = 12 pk = 17 a = 15 b = 6 boxsum = 0.000000 ss = 20
     k = 3 ak = 21 pk = 26 a = 15 b = 6 boxsum = 0.000000 ss = 20
     k = 5 ak = 44 pk = 47 a = 15 b = 4 boxsum = 0.000000 ss = 12
     k = 6 ak = 50 pk = 54 a = 15 b = 5 boxsum = 0.000000 ss = 16
     k = 7 ak = 60 pk = 64 a = 15 b = 5 boxsum = 0.000000 ss = 16
     k = 8 ak = 67 pk = 70 a = 15 b = 4 boxsum = 0.000000 ss = 12
     k = 9 ak = 72 pk = 77 a = 15 b = 6 boxsum = 0.000000 ss = 20
 am = 28 pm = 42 maxa = 15 maxb = 4 consum = 1.151114 conmax = 1.151114 condif = 0.095926

 id = 5 m = 35 w = 8 am = 27 pm = 43 seg1 = 0 seg2 = 10 segs = 10
     k = 0 ak = 2 pk = 5 a = 17 b = 4 boxsum = 0.000000 ss = 12
     k = 1 ak = 7 pk = 10 a = 17 b = 4 boxsum = 3.000000 ss = 12
  0  0  0  0
  0  0  0  0
  0  0  0  0
  0  0  0  0
  0  0  0  0
  0  0  0  0
  0  0  0  0
  0  0  0  0
  0  0100  0
  0100  0  0
100  0  0  0
  0  0  0  0
  0  0  0  0
  0  0  0  0
  0  0  0  0
  0  0  0  0
  0  0  0  0

 bias = -1.151114 pack = 0.000000

     k = 2 ak = 12 pk = 17 a = 17 b = 6 boxsum = 0.000000 ss = 20
     k = 3 ak = 21 pk = 26 a = 17 b = 6 boxsum = 0.000000 ss = 20
     k = 5 ak = 44 pk = 47 a = 17 b = 4 boxsum = 0.000000 ss = 12
     k = 6 ak = 50 pk = 54 a = 17 b = 5 boxsum = 0.000000 ss = 16
     k = 7 ak = 60 pk = 64 a = 17 b = 5 boxsum = 0.000000 ss = 16
     k = 8 ak = 67 pk = 70 a = 17 b = 4 boxsum = 0.000000 ss = 12
     k = 9 ak = 72 pk = 77 a = 17 b = 6 boxsum = 0.000000 ss = 20
 am = 27 pm = 43 maxa = 17 maxb = 4 consum = 1.151114 conmax = 1.151114 condif = 0.082222

 id = 5 m = 36 w = 5 am = 31 pm = 41 seg1 = 0 seg2 = 10 segs = 10
     k = 0 ak = 2 pk = 5 a = 11 b = 4 boxsum = 0.000000 ss = 12
     k = 1 ak = 7 pk = 10 a = 11 b = 4 boxsum = 3.000000 ss = 12
  0  0  0  0
  0  0  0  0
  0  0  0  0
  0  0  0  0
  0  0100  0
  0100  0  0
100  0  0  0
  0  0  0  0
  0  0  0  0
  0  0  0  0
  0  0  0  0

 bias = -1.150811 pack = 0.000000

     k = 2 ak = 12 pk = 17 a = 11 b = 6 boxsum = 0.000000 ss = 20
     k = 3 ak = 21 pk = 26 a = 11 b = 6 boxsum = 0.000000 ss = 20
     k = 5 ak = 44 pk = 47 a = 11 b = 4 boxsum = 0.000000 ss = 12
     k = 6 ak = 50 pk = 54 a = 11 b = 5 boxsum = 0.000000 ss = 16
     k = 7 ak = 60 pk = 64 a = 11 b = 5 boxsum = 0.000000 ss = 16
     k = 8 ak = 67 pk = 70 a = 11 b = 4 boxsum = 0.000000 ss = 12
     k = 9 ak = 72 pk = 77 a = 11 b = 6 boxsum = 0.000000 ss = 20
 am = 31 pm = 41 maxa = 11 maxb = 4 consum = 1.150811 conmax = 1.150811 condif = 0.143851

 id = 5 m = 36 w = 6 am = 30 pm = 42 seg1 = 0 seg2 = 10 segs = 10
     k = 0 ak = 2 pk = 5 a = 13 b = 4 boxsum = 0.000000 ss = 12
     k = 1 ak = 7 pk = 10 a = 13 b = 4 boxsum = 3.000000 ss = 12
  0  0  0  0
  0  0  0  0
  0  0  0  0
  0  0  0  0
  0  0  0  0
  0  0100  0
  0100  0  0
100  0  0  0
  0  0  0  0
  0  0  0  0
  0  0  0  0
  0  0  0  0
  0  0  0  0

 bias = -1.150811 pack = 0.000000

     k = 2 ak = 12 pk = 17 a = 13 b = 6 boxsum = 0.000000 ss = 20
     k = 3 ak = 21 pk = 26 a = 13 b = 6 boxsum = 0.000000 ss = 20
     k = 5 ak = 44 pk = 47 a = 13 b = 4 boxsum = 0.000000 ss = 12
     k = 6 ak = 50 pk = 54 a = 13 b = 5 boxsum = 0.000000 ss = 16
     k = 7 ak = 60 pk = 64 a = 13 b = 5 boxsum = 0.000000 ss = 16
     k = 8 ak = 67 pk = 70 a = 13 b = 4 boxsum = 0.000000 ss = 12
     k = 9 ak = 72 pk = 77 a = 13 b = 6 boxsum = 0.000000 ss = 20
 am = 30 pm = 42 maxa = 13 maxb = 4 consum = 1.150811 conmax = 1.150811 condif = 0.115081

 id = 5 m = 36 w = 7 am = 29 pm = 43 seg1 = 0 seg2 = 10 segs = 10
     k = 0 ak = 2 pk = 5 a = 15 b = 4 boxsum = 0.000000 ss = 12
     k = 1 ak = 7 pk = 10 a = 15 b = 4 boxsum = 3.000000 ss = 12
  0  0  0  0
  0  0  0  0
  0  0  0  0
  0  0  0  0
  0  0  0  0
  0  0  0  0
  0  0100  0
  0100  0  0
100  0  0  0
  0  0  0  0
  0  0  0  0
  0  0  0  0
  0  0  0  0
  0  0  0  0
  0  0  0  0

 bias = -1.150811 pack = 0.000000

     k = 2 ak = 12 pk = 17 a = 15 b = 6 boxsum = 0.000000 ss = 20
     k = 3 ak = 21 pk = 26 a = 15 b = 6 boxsum = 0.000000 ss = 20
     k = 5 ak = 44 pk = 47 a = 15 b = 4 boxsum = 0.000000 ss = 12
     k = 6 ak = 50 pk = 54 a = 15 b = 5 boxsum = 0.000000 ss = 16
     k = 7 ak = 60 pk = 64 a = 15 b = 5 boxsum = 0.000000 ss = 16
     k = 8 ak = 67 pk = 70 a = 15 b = 4 boxsum = 0.000000 ss = 12
     k = 9 ak = 72 pk = 77 a = 15 b = 6 boxsum = 0.000000 ss = 20
 am = 29 pm = 43 maxa = 15 maxb = 4 consum = 1.150811 conmax = 1.150811 condif = 0.095901

 id = 5 m = 36 w = 8 am = 28 pm = 44 seg1 = 0 seg2 = 10 segs = 10
     k = 0 ak = 2 pk = 5 a = 17 b = 4 boxsum = 0.000000 ss = 12
     k = 1 ak = 7 pk = 10 a = 17 b = 4 boxsum = 3.000000 ss = 12
  0  0  0  0
  0  0  0  0
  0  0  0  0
  0  0  0  0
  0  0  0  0
  0  0  0  0
  0  0  0  0
  0  0100  0
  0100  0  0
100  0  0  0
  0  0  0  0
  0  0  0  0
  0  0  0  0
  0  0  0  0
  0  0  0  0
  0  0  0  0
  0  0  0  0

 bias = -1.150811 pack = 0.000000

     k = 2 ak = 12 pk = 17 a = 17 b = 6 boxsum = 0.000000 ss = 20
     k = 3 ak = 21 pk = 26 a = 17 b = 6 boxsum = 0.000000 ss = 20
     k = 6 ak = 50 pk = 54 a = 17 b = 5 boxsum = 0.000000 ss = 16
     k = 7 ak = 60 pk = 64 a = 17 b = 5 boxsum = 0.000000 ss = 16
     k = 8 ak = 67 pk = 70 a = 17 b = 4 boxsum = 1.000000 ss = 12
  0  0  0  0
  0  0  0  0
  0  0  0  0
  0  0  0  0
  0  0  0  0
  0  0  0  0
  0  0  0  0
  0  0  0  0
  0  0  0  0
  0  0  0  0
  0  0  0  0
  0  0  0  0
  0  0  0  0
  0  0  0  0
  0  0  0  0
  0  0  0  0
  0  0100  0

 bias = 0.000000 pack = 0.000000

     k = 9 ak = 72 pk = 77 a = 17 b = 6 boxsum = 0.000000 ss = 20
 am = 28 pm = 44 maxa = 17 maxb = 4 consum = 1.150811 conmax = 1.150811 condif = 0.082201

 id = 5 m = 37 w = 4 am = 33 pm = 41 seg1 = 0 seg2 = 10 segs = 10
     k = 0 ak = 2 pk = 5 a = 9 b = 4 boxsum = 0.000000 ss = 12
     k = 1 ak = 7 pk = 10 a = 9 b = 4 boxsum = 3.000000 ss = 12
  0  0  0  0
  0  0  0  0
  0  0100  0
  0100  0  0
100  0  0  0
  0  0  0  0
  0  0  0  0
  0  0  0  0
  0  0  0  0

 bias = -1.150811 pack = 0.000000

     k = 2 ak = 12 pk = 17 a = 9 b = 6 boxsum = 0.000000 ss = 20
     k = 3 ak = 21 pk = 26 a = 9 b = 6 boxsum = 0.000000 ss = 20
     k = 5 ak = 44 pk = 47 a = 9 b = 4 boxsum = 0.000000 ss = 12
     k = 6 ak = 50 pk = 54 a = 9 b = 5 boxsum = 0.000000 ss = 16
     k = 7 ak = 60 pk = 64 a = 9 b = 5 boxsum = 0.000000 ss = 16
     k = 8 ak = 67 pk = 70 a = 9 b = 4 boxsum = 0.000000 ss = 12
     k = 9 ak = 72 pk = 77 a = 9 b = 6 boxsum = 0.000000 ss = 20
 am = 33 pm = 41 maxa = 9 maxb = 4 consum = 1.150811 conmax = 1.150811 condif = 0.191802

 id = 5 m = 37 w = 5 am = 32 pm = 42 seg1 = 0 seg2 = 10 segs = 10
     k = 0 ak = 2 pk = 5 a = 11 b = 4 boxsum = 0.000000 ss = 12
     k = 1 ak = 7 pk = 10 a = 11 b = 4 boxsum = 3.000000 ss = 12
  0  0  0  0
  0  0  0  0
  0  0  0  0
  0  0100  0
  0100  0  0
100  0  0  0
  0  0  0  0
  0  0  0  0
  0  0  0  0
  0  0  0  0
  0  0  0  0

 bias = -1.150811 pack = 0.000000

     k = 2 ak = 12 pk = 17 a = 11 b = 6 boxsum = 0.000000 ss = 20
     k = 3 ak = 21 pk = 26 a = 11 b = 6 boxsum = 0.000000 ss = 20
     k = 5 ak = 44 pk = 47 a = 11 b = 4 boxsum = 0.000000 ss = 12
     k = 6 ak = 50 pk = 54 a = 11 b = 5 boxsum = 0.000000 ss = 16
     k = 7 ak = 60 pk = 64 a = 11 b = 5 boxsum = 0.000000 ss = 16
     k = 8 ak = 67 pk = 70 a = 11 b = 4 boxsum = 0.000000 ss = 12
     k = 9 ak = 72 pk = 77 a = 11 b = 6 boxsum = 0.000000 ss = 20
 am = 32 pm = 42 maxa = 11 maxb = 4 consum = 1.150811 conmax = 1.150811 condif = 0.143851

 id = 5 m = 37 w = 6 am = 31 pm = 43 seg1 = 0 seg2 = 10 segs = 10
     k = 0 ak = 2 pk = 5 a = 13 b = 4 boxsum = 0.000000 ss = 12
     k = 1 ak = 7 pk = 10 a = 13 b = 4 boxsum = 3.000000 ss = 12
  0  0  0  0
  0  0  0  0
  0  0  0  0
  0  0  0  0
  0  0100  0
  0100  0  0
100  0  0  0
  0  0  0  0
  0  0  0  0
  0  0  0  0
  0  0  0  0
  0  0  0  0
  0  0  0  0

 bias = -1.150811 pack = 0.000000

     k = 2 ak = 12 pk = 17 a = 13 b = 6 boxsum = 0.000000 ss = 20
     k = 3 ak = 21 pk = 26 a = 13 b = 6 boxsum = 0.000000 ss = 20
     k = 5 ak = 44 pk = 47 a = 13 b = 4 boxsum = 0.000000 ss = 12
     k = 6 ak = 50 pk = 54 a = 13 b = 5 boxsum = 0.000000 ss = 16
     k = 7 ak = 60 pk = 64 a = 13 b = 5 boxsum = 0.000000 ss = 16
     k = 8 ak = 67 pk = 70 a = 13 b = 4 boxsum = 0.000000 ss = 12
     k = 9 ak = 72 pk = 77 a = 13 b = 6 boxsum = 0.000000 ss = 20
 am = 31 pm = 43 maxa = 13 maxb = 4 consum = 1.150811 conmax = 1.150811 condif = 0.115081

 id = 5 m = 37 w = 7 am = 30 pm = 44 seg1 = 0 seg2 = 10 segs = 10
     k = 0 ak = 2 pk = 5 a = 15 b = 4 boxsum = 0.000000 ss = 12
     k = 1 ak = 7 pk = 10 a = 15 b = 4 boxsum = 3.000000 ss = 12
  0  0  0  0
  0  0  0  0
  0  0  0  0
  0  0  0  0
  0  0  0  0
  0  0100  0
  0100  0  0
100  0  0  0
  0  0  0  0
  0  0  0  0
  0  0  0  0
  0  0  0  0
  0  0  0  0
  0  0  0  0
  0  0  0  0

 bias = -1.150811 pack = 0.000000

     k = 2 ak = 12 pk = 17 a = 15 b = 6 boxsum = 0.000000 ss = 20
     k = 3 ak = 21 pk = 26 a = 15 b = 6 boxsum = 0.000000 ss = 20
     k = 6 ak = 50 pk = 54 a = 15 b = 5 boxsum = 0.000000 ss = 16
     k = 7 ak = 60 pk = 64 a = 15 b = 5 boxsum = 0.000000 ss = 16
     k = 8 ak = 67 pk = 70 a = 15 b = 4 boxsum = 1.000000 ss = 12
  0  0  0  0
  0  0  0  0
  0  0  0  0
  0  0  0  0
  0  0  0  0
  0  0  0  0
  0  0  0  0
  0  0  0  0
  0  0  0  0
  0  0  0  0
  0  0  0  0
  0  0  0  0
  0  0  0  0
  0  0  0  0
  0  0100  0

 bias = 0.000000 pack = 0.000000

     k = 9 ak = 72 pk = 77 a = 15 b = 6 boxsum = 0.000000 ss = 20
 am = 30 pm = 44 maxa = 15 maxb = 4 consum = 1.150811 conmax = 1.150811 condif = 0.095901

 id = 5 m = 38 w = 3 am = 35 pm = 41 seg1 = 0 seg2 = 10 segs = 10
     k = 0 ak = 2 pk = 5 a = 7 b = 4 boxsum = 0.000000 ss = 12
     k = 1 ak = 7 pk = 10 a = 7 b = 4 boxsum = 3.000000 ss = 12
  0  0100  0
  0100  0  0
100  0  0  0
  0  0  0  0
  0  0  0  0
  0  0  0  0
  0  0  0  0

 bias = -1.151114 pack = 0.000000

     k = 2 ak = 12 pk = 17 a = 7 b = 6 boxsum = 0.000000 ss = 20
     k = 3 ak = 21 pk = 26 a = 7 b = 6 boxsum = 0.000000 ss = 20
     k = 5 ak = 44 pk = 47 a = 7 b = 4 boxsum = 0.000000 ss = 12
     k = 6 ak = 50 pk = 54 a = 7 b = 5 boxsum = 0.000000 ss = 16
     k = 7 ak = 60 pk = 64 a = 7 b = 5 boxsum = 0.000000 ss = 16
     k = 8 ak = 67 pk = 70 a = 7 b = 4 boxsum = 0.000000 ss = 12
     k = 9 ak = 72 pk = 77 a = 7 b = 6 boxsum = 0.000000 ss = 20
 am = 35 pm = 41 maxa = 7 maxb = 4 consum = 1.151114 conmax = 1.151114 condif = 0.287779

 id = 5 m = 38 w = 4 am = 34 pm = 42 seg1 = 0 seg2 = 10 segs = 10
     k = 0 ak = 2 pk = 5 a = 9 b = 4 boxsum = 0.000000 ss = 12
     k = 1 ak = 7 pk = 10 a = 9 b = 4 boxsum = 3.000000 ss = 12
  0  0  0  0
  0  0100  0
  0100  0  0
100  0  0  0
  0  0  0  0
  0  0  0  0
  0  0  0  0
  0  0  0  0
  0  0  0  0

 bias = -1.151114 pack = 0.000000

     k = 2 ak = 12 pk = 17 a = 9 b = 6 boxsum = 0.000000 ss = 20
     k = 3 ak = 21 pk = 26 a = 9 b = 6 boxsum = 0.000000 ss = 20
     k = 5 ak = 44 pk = 47 a = 9 b = 4 boxsum = 0.000000 ss = 12
     k = 6 ak = 50 pk = 54 a = 9 b = 5 boxsum = 0.000000 ss = 16
     k = 7 ak = 60 pk = 64 a = 9 b = 5 boxsum = 0.000000 ss = 16
     k = 8 ak = 67 pk = 70 a = 9 b = 4 boxsum = 0.000000 ss = 12
     k = 9 ak = 72 pk = 77 a = 9 b = 6 boxsum = 0.000000 ss = 20
 am = 34 pm = 42 maxa = 9 maxb = 4 consum = 1.151114 conmax = 1.151114 condif = 0.191852

 id = 5 m = 38 w = 5 am = 33 pm = 43 seg1 = 0 seg2 = 10 segs = 10
     k = 0 ak = 2 pk = 5 a = 11 b = 4 boxsum = 0.000000 ss = 12
     k = 1 ak = 7 pk = 10 a = 11 b = 4 boxsum = 3.000000 ss = 12
  0  0  0  0
  0  0  0  0
  0  0100  0
  0100  0  0
100  0  0  0
  0  0  0  0
  0  0  0  0
  0  0  0  0
  0  0  0  0
  0  0  0  0
  0  0  0  0

 bias = -1.151103 pack = 0.000000

     k = 2 ak = 12 pk = 17 a = 11 b = 6 boxsum = 0.000000 ss = 20
     k = 3 ak = 21 pk = 26 a = 11 b = 6 boxsum = 0.000000 ss = 20
     k = 5 ak = 44 pk = 47 a = 11 b = 4 boxsum = 0.000000 ss = 12
     k = 6 ak = 50 pk = 54 a = 11 b = 5 boxsum = 0.000000 ss = 16
     k = 7 ak = 60 pk = 64 a = 11 b = 5 boxsum = 0.000000 ss = 16
     k = 8 ak = 67 pk = 70 a = 11 b = 4 boxsum = 0.000000 ss = 12
     k = 9 ak = 72 pk = 77 a = 11 b = 6 boxsum = 0.000000 ss = 20
 am = 33 pm = 43 maxa = 11 maxb = 4 consum = 1.151103 conmax = 1.151103 condif = 0.143888

 id = 5 m = 38 w = 6 am = 32 pm = 44 seg1 = 0 seg2 = 10 segs = 10
     k = 0 ak = 2 pk = 5 a = 13 b = 4 boxsum = 0.000000 ss = 12
     k = 1 ak = 7 pk = 10 a = 13 b = 4 boxsum = 3.000000 ss = 12
  0  0  0  0
  0  0  0  0
  0  0  0  0
  0  0100  0
  0100  0  0
100  0  0  0
  0  0  0  0
  0  0  0  0
  0  0  0  0
  0  0  0  0
  0  0  0  0
  0  0  0  0
  0  0  0  0

 bias = -1.151114 pack = 0.000000

     k = 2 ak = 12 pk = 17 a = 13 b = 6 boxsum = 0.000000 ss = 20
     k = 3 ak = 21 pk = 26 a = 13 b = 6 boxsum = 0.000000 ss = 20
     k = 6 ak = 50 pk = 54 a = 13 b = 5 boxsum = 0.000000 ss = 16
     k = 7 ak = 60 pk = 64 a = 13 b = 5 boxsum = 0.000000 ss = 16
     k = 8 ak = 67 pk = 70 a = 13 b = 4 boxsum = 1.000000 ss = 12
  0  0  0  0
  0  0  0  0
  0  0  0  0
  0  0  0  0
  0  0  0  0
  0  0  0  0
  0  0  0  0
  0  0  0  0
  0  0  0  0
  0  0  0  0
  0  0  0  0
  0  0  0  0
  0  0100  0

 bias = 0.000000 pack = 0.000000

     k = 9 ak = 72 pk = 77 a = 13 b = 6 boxsum = 0.000000 ss = 20
 am = 32 pm = 44 maxa = 13 maxb = 4 consum = 1.151114 conmax = 1.151114 condif = 0.115111

 id = 5 m = 39 w = 2 am = 37 pm = 41 seg1 = 0 seg2 = 10 segs = 10
     k = 0 ak = 2 pk = 5 a = 5 b = 4 boxsum = 0.000000 ss = 9
     k = 1 ak = 7 pk = 10 a = 5 b = 4 boxsum = 1.000000 ss = 9
100  0  0  0
  0  0  0  0
  0  0  0  0
  0  0  0  0
  0  0  0  0

 bias = 0.000000 pack = 0.000000

     k = 2 ak = 12 pk = 17 a = 5 b = 6 boxsum = 0.000000 ss = 15
     k = 3 ak = 21 pk = 26 a = 5 b = 6 boxsum = 0.000000 ss = 15
     k = 5 ak = 44 pk = 47 a = 5 b = 4 boxsum = 0.000000 ss = 9
     k = 6 ak = 50 pk = 54 a = 5 b = 5 boxsum = 0.000000 ss = 12
     k = 7 ak = 60 pk = 64 a = 5 b = 5 boxsum = 0.000000 ss = 12
     k = 8 ak = 67 pk = 70 a = 5 b = 4 boxsum = 0.000000 ss = 9
     k = 9 ak = 72 pk = 77 a = 5 b = 6 boxsum = 0.000000 ss = 15
 am = 37 pm = 41 maxa = -1 maxb = -1 consum = 0.000000 conmax = 0.000000 condif = 0.000000

 id = 5 m = 39 w = 3 am = 36 pm = 42 seg1 = 0 seg2 = 10 segs = 10
     k = 0 ak = 2 pk = 5 a = 7 b = 4 boxsum = 0.000000 ss = 12
     k = 1 ak = 7 pk = 10 a = 7 b = 4 boxsum = 2.000000 ss = 12
  0100  0  0
100  0  0  0
  0  0  0  0
  0  0  0  0
  0  0  0  0
  0  0  0  0
  0  0  0  0

 bias = -0.703379 pack = 0.000000

     k = 2 ak = 12 pk = 17 a = 7 b = 6 boxsum = 0.000000 ss = 20
     k = 3 ak = 21 pk = 26 a = 7 b = 6 boxsum = 0.000000 ss = 20
     k = 5 ak = 44 pk = 47 a = 7 b = 4 boxsum = 0.000000 ss = 12
     k = 6 ak = 50 pk = 54 a = 7 b = 5 boxsum = 0.000000 ss = 16
     k = 7 ak = 60 pk = 64 a = 7 b = 5 boxsum = 0.000000 ss = 16
     k = 8 ak = 67 pk = 70 a = 7 b = 4 boxsum = 0.000000 ss = 12
     k = 9 ak = 72 pk = 77 a = 7 b = 6 boxsum = 0.000000 ss = 20
 am = 36 pm = 42 maxa = 7 maxb = 4 consum = 0.703379 conmax = 0.703379 condif = 0.175845

 id = 5 m = 39 w = 4 am = 35 pm = 43 seg1 = 0 seg2 = 10 segs = 10
     k = 0 ak = 2 pk = 5 a = 9 b = 4 boxsum = 0.000000 ss = 12
     k = 1 ak = 7 pk = 10 a = 9 b = 4 boxsum = 3.000000 ss = 12
  0  0100  0
  0100  0  0
100  0  0  0
  0  0  0  0
  0  0  0  0
  0  0  0  0
  0  0  0  0
  0  0  0  0
  0  0  0  0

 bias = -1.151720 pack = 0.000000

     k = 2 ak = 12 pk = 17 a = 9 b = 6 boxsum = 0.000000 ss = 20
     k = 3 ak = 21 pk = 26 a = 9 b = 6 boxsum = 0.000000 ss = 20
     k = 5 ak = 44 pk = 47 a = 9 b = 4 boxsum = 0.000000 ss = 12
     k = 6 ak = 50 pk = 54 a = 9 b = 5 boxsum = 0.000000 ss = 16
     k = 7 ak = 60 pk = 64 a = 9 b = 5 boxsum = 0.000000 ss = 16
     k = 8 ak = 67 pk = 70 a = 9 b = 4 boxsum = 0.000000 ss = 12
     k = 9 ak = 72 pk = 77 a = 9 b = 6 boxsum = 0.000000 ss = 20
 am = 35 pm = 43 maxa = 9 maxb = 4 consum = 1.151720 conmax = 1.151720 condif = 0.191953

 id = 5 m = 39 w = 5 am = 34 pm = 44 seg1 = 0 seg2 = 10 segs = 10
     k = 0 ak = 2 pk = 5 a = 11 b = 4 boxsum = 0.000000 ss = 12
     k = 1 ak = 7 pk = 10 a = 11 b = 4 boxsum = 3.000000 ss = 12
  0  0  0  0
  0  0100  0
  0100  0  0
100  0  0  0
  0  0  0  0
  0  0  0  0
  0  0  0  0
  0  0  0  0
  0  0  0  0
  0  0  0  0
  0  0  0  0

 bias = -1.151720 pack = 0.000000

     k = 2 ak = 12 pk = 17 a = 11 b = 6 boxsum = 0.000000 ss = 20
     k = 3 ak = 21 pk = 26 a = 11 b = 6 boxsum = 0.000000 ss = 20
     k = 6 ak = 50 pk = 54 a = 11 b = 5 boxsum = 0.000000 ss = 16
     k = 7 ak = 60 pk = 64 a = 11 b = 5 boxsum = 0.000000 ss = 16
     k = 8 ak = 67 pk = 70 a = 11 b = 4 boxsum = 1.000000 ss = 12
  0  0  0  0
  0  0  0  0
  0  0  0  0
  0  0  0  0
  0  0  0  0
  0  0  0  0
  0  0  0  0
  0  0  0  0
  0  0  0  0
  0  0  0  0
  0  0100  0

 bias = 0.000000 pack = 0.000000

     k = 9 ak = 72 pk = 77 a = 11 b = 6 boxsum = 0.000000 ss = 20
 am = 34 pm = 44 maxa = 11 maxb = 4 consum = 1.151720 conmax = 1.151720 condif = 0.143965

 id = 5 m = 40 w = 2 am = 38 pm = 42 seg1 = 0 seg2 = 10 segs = 10
     k = 0 ak = 2 pk = 5 a = 5 b = 4 boxsum = 0.000000 ss = 6
     k = 1 ak = 7 pk = 10 a = 5 b = 4 boxsum = 0.000000 ss = 6
     k = 2 ak = 12 pk = 17 a = 5 b = 6 boxsum = 0.000000 ss = 10
     k = 3 ak = 21 pk = 26 a = 5 b = 6 boxsum = 0.000000 ss = 10
     k = 5 ak = 44 pk = 47 a = 5 b = 4 boxsum = 0.000000 ss = 6
     k = 6 ak = 50 pk = 54 a = 5 b = 5 boxsum = 0.000000 ss = 8
     k = 7 ak = 60 pk = 64 a = 5 b = 5 boxsum = 0.000000 ss = 8
     k = 8 ak = 67 pk = 70 a = 5 b = 4 boxsum = 0.000000 ss = 6
     k = 9 ak = 72 pk = 77 a = 5 b = 6 boxsum = 0.000000 ss = 10
 am = 38 pm = 42 maxa = -1 maxb = -1 consum = 0.000000 conmax = 0.000000 condif = 0.000000

 id = 5 m = 40 w = 3 am = 37 pm = 43 seg1 = 0 seg2 = 10 segs = 10
     k = 0 ak = 2 pk = 5 a = 7 b = 4 boxsum = 0.000000 ss = 9
     k = 1 ak = 7 pk = 10 a = 7 b = 4 boxsum = 1.000000 ss = 9
100  0  0  0
  0  0  0  0
  0  0  0  0
  0  0  0  0
  0  0  0  0
  0  0  0  0
  0  0  0  0

 bias = 0.000000 pack = 0.000000

     k = 2 ak = 12 pk = 17 a = 7 b = 6 boxsum = 0.000000 ss = 15
     k = 3 ak = 21 pk = 26 a = 7 b = 6 boxsum = 0.000000 ss = 15
     k = 5 ak = 44 pk = 47 a = 7 b = 4 boxsum = 0.000000 ss = 9
     k = 6 ak = 50 pk = 54 a = 7 b = 5 boxsum = 0.000000 ss = 12
     k = 7 ak = 60 pk = 64 a = 7 b = 5 boxsum = 0.000000 ss = 12
     k = 8 ak = 67 pk = 70 a = 7 b = 4 boxsum = 0.000000 ss = 9
     k = 9 ak = 72 pk = 77 a = 7 b = 6 boxsum = 0.000000 ss = 15
 am = 37 pm = 43 maxa = -1 maxb = -1 consum = 0.000000 conmax = 0.000000 condif = 0.000000

 id = 5 m = 40 w = 4 am = 36 pm = 44 seg1 = 0 seg2 = 10 segs = 10
     k = 0 ak = 2 pk = 5 a = 9 b = 4 boxsum = 0.000000 ss = 12
     k = 1 ak = 7 pk = 10 a = 9 b = 4 boxsum = 2.000000 ss = 12
  0100  0  0
100  0  0  0
  0  0  0  0
  0  0  0  0
  0  0  0  0
  0  0  0  0
  0  0  0  0
  0  0  0  0
  0  0  0  0

 bias = -0.703520 pack = 0.000000

     k = 2 ak = 12 pk = 17 a = 9 b = 6 boxsum = 0.000000 ss = 20
     k = 3 ak = 21 pk = 26 a = 9 b = 6 boxsum = 0.000000 ss = 20
     k = 6 ak = 50 pk = 54 a = 9 b = 5 boxsum = 0.000000 ss = 16
     k = 7 ak = 60 pk = 64 a = 9 b = 5 boxsum = 0.000000 ss = 16
     k = 8 ak = 67 pk = 70 a = 9 b = 4 boxsum = 1.000000 ss = 12
  0  0  0  0
  0  0  0  0
  0  0  0  0
  0  0  0  0
  0  0  0  0
  0  0  0  0
  0  0  0  0
  0  0  0  0
  0  0100  0

 bias = 0.000000 pack = 0.000000

     k = 9 ak = 72 pk = 77 a = 9 b = 6 boxsum = 0.000000 ss = 20
 am = 36 pm = 44 maxa = 9 maxb = 4 consum = 0.703520 conmax = 0.703520 condif = 0.117253

 id = 5 m = 41 w = 2 am = 39 pm = 43 seg1 = 0 seg2 = 10 segs = 10
     k = 0 ak = 2 pk = 5 a = 5 b = 4 boxsum = 0.000000 ss = 3
     k = 1 ak = 7 pk = 10 a = 5 b = 4 boxsum = 0.000000 ss = 3
     k = 2 ak = 12 pk = 17 a = 5 b = 6 boxsum = 0.000000 ss = 5
     k = 3 ak = 21 pk = 26 a = 5 b = 6 boxsum = 0.000000 ss = 5
     k = 5 ak = 44 pk = 47 a = 5 b = 4 boxsum = 0.000000 ss = 3
     k = 6 ak = 50 pk = 54 a = 5 b = 5 boxsum = 0.000000 ss = 4
     k = 7 ak = 60 pk = 64 a = 5 b = 5 boxsum = 0.000000 ss = 4
     k = 8 ak = 67 pk = 70 a = 5 b = 4 boxsum = 0.000000 ss = 3
     k = 9 ak = 72 pk = 77 a = 5 b = 6 boxsum = 0.000000 ss = 5
 am = 39 pm = 43 maxa = -1 maxb = -1 consum = 0.000000 conmax = 0.000000 condif = 0.000000

 id = 5 m = 41 w = 3 am = 38 pm = 44 seg1 = 0 seg2 = 10 segs = 10
     k = 0 ak = 2 pk = 5 a = 7 b = 4 boxsum = 0.000000 ss = 6
     k = 1 ak = 7 pk = 10 a = 7 b = 4 boxsum = 0.000000 ss = 6
     k = 2 ak = 12 pk = 17 a = 7 b = 6 boxsum = 0.000000 ss = 10
     k = 3 ak = 21 pk = 26 a = 7 b = 6 boxsum = 0.000000 ss = 10
     k = 6 ak = 50 pk = 54 a = 7 b = 5 boxsum = 0.000000 ss = 8
     k = 7 ak = 60 pk = 64 a = 7 b = 5 boxsum = 0.000000 ss = 8
     k = 8 ak = 67 pk = 70 a = 7 b = 4 boxsum = 1.000000 ss = 6
  0  0  0  0
  0  0  0  0
  0  0  0  0
  0  0  0  0
  0  0  0  0
  0  0  0  0
  0  0100  0

 bias = 0.000000 pack = 0.000000

     k = 9 ak = 72 pk = 77 a = 7 b = 6 boxsum = 0.000000 ss = 10
 am = 38 pm = 44 maxa = -1 maxb = -1 consum = 0.000000 conmax = 0.000000 condif = 0.000000

  1 |        0  0  0  0  0  0  0  0  0  0  0  0  0  0  0  0  0  0  0
  2 |        0  0  0  0  0  0  0  0  0  0  0  0  0  0  0  0  0  0  0
  3 |        0  0  0  0  0  0  0  0  0  0  0  0  0  0  0  0  0  0  0
  4 | 76  1  0  0  0  0  0  0  0  0  0  0  0  0  0  0  0  0  0  0  0
  5 | 76  1  0  0  0 -1  0  0  0  0  0  0  0  0  0  0  0  0  0  0  0
  6 | 76  1  0  0 -1 -1 -6  0  0  0  0  0  0  0  0  0  0  0  0  0  0
  7 |        0 -1 -1 -1 -6 -8  0  0  0  0  0  0  0  0  0  0  0  0  0
  8 |        0 -1 -1 -1 -6 -8 -9  0  0  0  0  0  0  0  0  0  0  0  0
  9 | 37  2  0  1 -1 -1 -6 -8 -9-11  0  0  0  0  0  0  0  0  0  0  0
 10 | 37  2  0  1  0 -1 -6 -8 -9-11-12  0  0  0  0  0  0  0  0  0  0
 11 | 37  2  0  0 -1 -1 -6 -8 -9-11-12-13  0  0  0  0  0  0  0  0  0
 12 |        0 -1 -1 -1 -6 -8 -9-11-12-13-14  0  0  0  0  0  0  0  0
 13 |        0 -1 -1 -1 -6 -8 -9-11-12-13-14-15  0  0  0  0  0  0  0
 14 | 23  3  0  0 -1 -1 -6 -8 -9-11-12-13-14-15-16  0  0  0  0  0  0
 15 | 23  3  0  0  0 -1 -6 -8 -9-11-12-13-14-15-16-16  0  0  0  0  0
 16 | 23  3  0  0  0  0 -6 -8 -9-11-12-13-14-15-16-16-17  0  0  0  0
 17 | 23  3  0  0  0  0 -5 -8 -9-11-12-13-14-15-16-16-17-18  0  0  0
 18 | 23  3  0  0  0  0 -6 -8 -9-11-12-13-14-15-16-16-17-18-19  0  0
 19 |        0  0  0 -1 -6 -8 -9-11-12-13-14-15-16-16-17-18-19-19  0
 20 |        0  0 -1 -1 -6 -8 -9-11-12-13-14-15-16-16-17-18-19-19-20
 21 |        0  0 -1 -1 -6 -8 -9-11-12-13-14-15-16-16-17-18-19-19-20
 22 |        0  0  0 -1 -6 -8 -9-11-12-13-14-15-16-16-17-18-19-19-20
 23 | 14  4  0  0  0  0 -6 -8 -9-11-12-13-14-15-16-16-17-18-19-19-20
 24 | 14  4  0  0  0  0 -4 -8 -9-11-12-13-14-15-16-16-17-18-19-19-20
 25 | 14  4  0  0  0  0 -4 -6 -9-11-12-13-14-15-16-16-17-18-19-19-20
 26 | 14  4  0  0  0  0 -4 -6 -8-11-12-13-14-15-16-16-17-18-19-19-20
 27 | 14  4  0  0  0  0 -4 -6 -8 -9-12-13-14-15-16-16-17-18-19-19-20
 28 |        0  0  0  0 -4 -6 -8 -9-12-13-14-15-16-16-17-18-19-19-20
 29 |        0  0  0  0 -4 -6 -8-11-12-13-14-15-16-16-17-18-19-19-20
 30 |        0  0  0  0 -4 -6 -9-11-12-13-14-15-16-16-17-18-19-19-20
 31 |        0  0  0  0 -5 -8 -9-11-12-13-14-15-16-16-17-18-19-19-20
 32 |        0  0  0  0 -6 -8 -9-11-12-13-14-15-16-16-17-18-19-19-20
 33 |        0  0  0  0 -4 -8 -9-11-12-13-14-15-16-16-17-18-19-19-20
 34 |        0  0  0  0 -4 -6 -9-11-12-13-14-15-16-16-17-18-19-19-20
 35 |        0  0  0  0 -4 -6 -8-11-12-13-14-15-16-16-17-18-19-19-20
 36 |        0  0  0  0 -4 -6 -8 -9-12-13-14-15-16-16-17-18-19-19-20
 37 |  8  5  0  0  0  0 -4 -6 -8 -9-12-13-14-15-16-16-17-18-19-19-20
 38 |  8  5  0  0  0  0 -4 -6 -8-11-12-13-14-15-16-16-17-18-19-19-20
 39 |  8  5  0  0  0  0 -4 -6 -9-11-12-13-14-15-16-16-17-18-19-19-20
 40 |  8  5  0  0  0  0 -4 -8 -9-11-12-13-14-15-16-16-17-18-19-19-20
 41 |        0  0  0  0 -6 -8 -9-11-12-13-14-15-16-16-17-18-19-19-20
 42 |        0  0  0 -1 -6 -8 -9-11-12-13-14-15-16-16-17-18-19-19-20
 43 |        0  0 -1 -1 -6 -8 -9-11-12-13-14-15-16-16-17-18-19-19-20
 44 |        0  0  0 -1 -6 -8 -9-11-12-13-14-15-16-16-17-18-19-19-20
 45 |        0  0  0  0 -6 -8 -9-11-12-13-14-15-16-16-17-18-19-19-20
 46 | 69  6  0  0  0  0 -4 -8 -9-11-12-13-14-15-16-16-17-18-19-19-20
 47 | 69  6  0  0  0  0 -6 -8 -9-11-12-13-14-15-16-16-17-18-19-19-20
 48 | 69  6  0  0  0 -1 -6 -8 -9-11-12-13-14-15-16-16-17-18-19-19-20
 49 |        0  0 -1 -1 -6 -8 -9-11-12-13-14-15-16-16-17-18-19-19-20
 50 |        0 -1 -1 -1 -6 -8 -9-11-12-13-14-15-16-16-17-18-19-19-20
 51 |        0  1 -1 -1 -6 -8 -9-11-12-13-14-15-16-16-17-18-19-19-20
 52 | 62  7  0  1  0 -1 -6 -8 -9-11-12-13-14-15-16-16-17-18-19-19-20
 53 | 62  7  0  1  0  0 -6 -8 -9-11-12-13-14-15-16-16-17-18-19-19-20
 54 | 62  7  0  1  0  0 -4 -8 -9-11-12-13-14-15-16-16-17-18-19-19-20
 55 | 62  7  0  0  0  0 -4 -7 -9-11-12-13-14-15-16-16-17-18-19-19-20
 56 |        0  0  0  0 -5 -8 -9-11-12-13-14-15-16-16-17-18-19-19-20
 57 |        0  0  0  0 -6 -8 -9-11-12-13-14-15-16-16-17-18-19-19-20
 58 |        0  0  0 -1 -6 -8 -9-11-12-13-14-15-16-16-17-18-19-19-20
 59 |        0  0  0 -1 -6 -8 -9-11-12-13-14-15-16-16-17-18-19-19-20
 60 |        0  0  0  0 -6 -8 -9-11-12-13-14-15-16-16-17-18-19-19  0
 61 |        0  1  0  0 -4 -8 -9-11-12-13-14-15-16-16-17-18-19  0  0
 62 | 52  8  0  1  0  0 -4 -6 -9-11-12-13-14-15-16-16-17-18  0  0  0
 63 | 52  8  0  1  0  0 -4 -8 -9-11-12-13-14-15-16-16-17  0  0  0  0
 64 | 52  8  0  1  0  0 -6 -8 -9-11-12-13-14-15-16-16  0  0  0  0  0
 65 | 52  8  0  0  0 -1 -6 -8 -9-11-12-13-14-15-16  0  0  0  0  0  0
 66 |        0  0 -1 -1 -6 -8 -9-11-12-13-14-15  0  0  0  0  0  0  0
 67 |        0 -1 -1 -1 -6 -8 -9-11-12-13-14  0  0  0  0  0  0  0  0
 68 |        0  0 -1 -1 -6 -8 -9-11-12-13  0  0  0  0  0  0  0  0  0
 69 | 46  9  0  0  0 -1 -6 -8 -9-11-12  0  0  0  0  0  0  0  0  0  0
 70 | 46  9  0  0  0 -1 -6 -8 -9-11  0  0  0  0  0  0  0  0  0  0  0
 71 | 46  9  0  0 -1 -1 -6 -8 -9  0  0  0  0  0  0  0  0  0  0  0  0
 72 |        0 -1 -1 -1 -6 -8  0  0  0  0  0  0  0  0  0  0  0  0  0
 73 |        0 -1 -1 -1 -6  0  0  0  0  0  0  0  0  0  0  0  0  0  0
 74 |  3 10  0  0 -1 -1  0  0  0  0  0  0  0  0  0  0  0  0  0  0  0
 75 |  3 10  0  0  0  0  0  0  0  0  0  0  0  0  0  0  0  0  0  0  0
 76 |  3 10  0  0  0  0  0  0  0  0  0  0  0  0  0  0  0  0  0  0  0
 77 |  3 10  0  0  0  0  0  0  0  0  0  0  0  0  0  0  0  0  0  0  0
 78 |  3 10  0  0  0  0  0  0  0  0  0  0  0  0  0  0  0  0  0  0  0


  1 |                                                                                  
  2 |                                                                                  
  3 |             0                                                                    
  4 | 76  1       0   2                                                                
  5 | 76  1       0   1                                                                
  6 | 76  1       0                                                                    
  7 |                                                                                  
  8 |                                                                                  
  9 | 37  2       1   0                                                                
 10 | 37  2       1   3                                                                
 11 | 37  2       0                                                                    
 12 |                                                                                  
 13 |                                                                                  
 14 | 23  3       0                                                                    
 15 | 23  3       0   3   2                                                            
 16 | 23  3       0   3   6                                                            
 17 | 23  3       0   2   5   2                                                        
 18 | 23  3       0   1   3                                                            
 19 |                 0                                                                
 20 |                                                                                  
 21 |             0                                                                    
 22 |             0   2   2                                                            
 23 | 14  4       0   3   6   0                                                        
 24 | 14  4       0   3   7   5                                                        
 25 | 14  4       0   3   6   5                                                        
 26 | 14  4       0   2   5   3                                                        
 27 | 14  4       0   1   3   1                                                        
 28 |                 0   2                                                            
 29 |                     0                                                            
 30 |                                                                                  
 31 |                                                                                  
 32 |                                                                                  
 33 |                     0                                                            
 34 |                 0   1                                                            
 35 |             0   1   2                                                            
 36 |             0   1   3                                                            
 37 |  8  5       0   2   3                                                            
 38 |  8  5       0   1   3                                                            
 39 |  8  5       0   1   2                                                            
 40 |  8  5           0   1                                                            
 41 |                     0                                                            
 42 |                                                                                  
 43 |                                                                                  
 44 |             0   1   0                                                            
 45 |             0   1   3                                                            
 46 | 69  6       0   2   3                                                            
 47 | 69  6       0   1   3                                                            
 48 | 69  6       0   1                                                                
 49 |                                                                                  
 50 |                                                                                  
 51 |             1   0   0                                                            
 52 | 62  7       1   4   3                                                            
 53 | 62  7       1   4   8                                                            
 54 | 62  7       1   3   6   4                                                        
 55 | 62  7       0   2   4   2                                                        
 56 |                 0   2   0                                                        
 57 |                     0                                                            
 58 |                                                                                  
 59 |                 0   1                                                            
 60 |             0   2   4   0                                                        
 61 |             1   3   6   4                                                        
 62 | 52  8       1   4   8   5                                                        
 63 | 52  8       1   4   8   5                                                        
 64 | 52  8       1   3   6                                                            
 65 | 52  8       0   2   1                                                            
 66 |                                                                                  
 67 |                                                                                  
 68 |             0                                                                    
 69 | 46  9       0   2                                                                
 70 | 46  9       0   1                                                                
 71 | 46  9       0                                                                    
 72 |                                                                                  
 73 |                                                                                  
 74 |  3 10       0                                                                    
 75 |  3 10       0   1                                                                
 76 |  3 10       0                                                                    
 77 |  3 10                                                                            
 78 |  3 10                                                                            


 i = 74 j = 3 sum[i][j] = 39.720188
 i = 68 j = 2 sum[i][j] = 37.850845
 i = 61 j = 4 sum[i][j] = 37.275440
 i = 52 j = 4 sum[i][j] = 29.222725
 i = 44 j = 3 sum[i][j] = 21.170490
 i = 36 j = 4 sum[i][j] = 19.380062
 i = 24 j = 4 sum[i][j] = 15.895368
 i = 15 j = 4 sum[i][j] = 9.109617
 i = 3 j = 3 sum[i][j] = 2.323867

   1-7   12-20   21-29   33-41   42-48   49-57   58-66   67-71   72-78 tops = 39.720188
 i = 0 s = 39.720188


	1-7	 m = 3 w = 3
	12-20	 m = 15 w = 4
	21-29	 m = 24 w = 4
	33-41	 m = 36 w = 4
	42-48	 m = 44 w = 3
	49-57	 m = 52 w = 4
	58-66	 m = 61 w = 4
	67-71	 m = 68 w = 2
	72-78	 m = 74 w = 3
