 len = 352 cut = 1.000000 gap = 8.000000 inbox = 0
 i = 0 ends[0][i] = 1 ends[1][i] = 11
 i = 1 ends[0][i] = 13 ends[1][i] = 30
 i = 2 ends[0][i] = 34 ends[1][i] = 39
 i = 3 ends[0][i] = 41 ends[1][i] = 45
 i = 4 ends[0][i] = 58 ends[1][i] = 62
 i = 5 ends[0][i] = 68 ends[1][i] = 72
 i = 6 ends[0][i] = 74 ends[1][i] = 78
 i = 7 ends[0][i] = 83 ends[1][i] = 87
 i = 8 ends[0][i] = 89 ends[1][i] = 93
 i = 9 ends[0][i] = 97 ends[1][i] = 101
 i = 10 ends[0][i] = 103 ends[1][i] = 104
 i = 11 ends[0][i] = 107 ends[1][i] = 112
 i = 12 ends[0][i] = 125 ends[1][i] = 136
 i = 13 ends[0][i] = 140 ends[1][i] = 149
 i = 14 ends[0][i] = 151 ends[1][i] = 153
 i = 15 ends[0][i] = 160 ends[1][i] = 166
 i = 16 ends[0][i] = 173 ends[1][i] = 178
 i = 17 ends[0][i] = 181 ends[1][i] = 187
 i = 18 ends[0][i] = 193 ends[1][i] = 199
 i = 19 ends[0][i] = 201 ends[1][i] = 206
 i = 20 ends[0][i] = 208 ends[1][i] = 211
 i = 21 ends[0][i] = 213 ends[1][i] = 221
 i = 22 ends[0][i] = 224 ends[1][i] = 228
 i = 23 ends[0][i] = 233 ends[1][i] = 238
 i = 24 ends[0][i] = 240 ends[1][i] = 243
 i = 25 ends[0][i] = 251 ends[1][i] = 254
 i = 26 ends[0][i] = 257 ends[1][i] = 262
 i = 27 ends[0][i] = 267 ends[1][i] = 271
 i = 28 ends[0][i] = 277 ends[1][i] = 285
 i = 29 ends[0][i] = 289 ends[1][i] = 297
 i = 30 ends[0][i] = 307 ends[1][i] = 313
 i = 31 ends[0][i] = 334 ends[1][i] = 344
 n = 95
 id = 4 m = 41 w = 2 am = 39 pm = 43 seg1 = 0 seg2 = 32 segs = 32
     k = 0 ak = 0 pk = 10 a = 5 b = 11 boxsum = 0.000000 ss = 30
     k = 1 ak = 12 pk = 29 a = 5 b = 18 boxsum = 4.000000 ss = 51
  0  0  0  0  0
  0  0  0  0  0
  0  0  0  0  0
  0  0  0  0  0
  0  0  0  0  0
  0  0  0  0  0
  0  0  0  0  0
  0  0  0  0100
  0  0  0100  0
  0  0100  0  0
  0100  0  0  0
  0  0  0  0  0
  0  0  0  0  0
  0  0  0  0  0
  0  0  0  0  0
  0  0  0  0  0
  0  0  0  0  0
  0  0  0  0  0

 bias = -1.577110 pack = 0.000000

     k = 2 ak = 33 pk = 38 a = 5 b = 6 boxsum = 0.000000 ss = 15
     k = 4 ak = 57 pk = 61 a = 5 b = 5 boxsum = 0.000000 ss = 12
     k = 5 ak = 67 pk = 71 a = 5 b = 5 boxsum = 0.000000 ss = 12
     k = 6 ak = 73 pk = 77 a = 5 b = 5 boxsum = 0.000000 ss = 12
     k = 7 ak = 82 pk = 86 a = 5 b = 5 boxsum = 0.000000 ss = 12
     k = 8 ak = 88 pk = 92 a = 5 b = 5 boxsum = 0.000000 ss = 12
     k = 9 ak = 96 pk = 100 a = 5 b = 5 boxsum = 0.000000 ss = 12
     k = 10 ak = 102 pk = 103 a = 5 b = 2 boxsum = 0.000000 ss = 3
     k = 11 ak = 106 pk = 111 a = 5 b = 6 boxsum = 0.000000 ss = 15
     k = 12 ak = 124 pk = 135 a = 5 b = 12 boxsum = 0.000000 ss = 33
     k = 13 ak = 139 pk = 148 a = 5 b = 10 boxsum = 0.000000 ss = 27
     k = 14 ak = 150 pk = 152 a = 5 b = 3 boxsum = 0.000000 ss = 6
     k = 15 ak = 159 pk = 165 a = 5 b = 7 boxsum = 0.000000 ss = 18
     k = 16 ak = 172 pk = 177 a = 5 b = 6 boxsum = 0.000000 ss = 15
     k = 17 ak = 180 pk = 186 a = 5 b = 7 boxsum = 0.000000 ss = 18
     k = 18 ak = 192 pk = 198 a = 5 b = 7 boxsum = 0.000000 ss = 18
     k = 19 ak = 200 pk = 205 a = 5 b = 6 boxsum = 0.000000 ss = 15
     k = 20 ak = 207 pk = 210 a = 5 b = 4 boxsum = 0.000000 ss = 9
     k = 21 ak = 212 pk = 220 a = 5 b = 9 boxsum = 0.000000 ss = 24
     k = 22 ak = 223 pk = 227 a = 5 b = 5 boxsum = 0.000000 ss = 12
     k = 23 ak = 232 pk = 237 a = 5 b = 6 boxsum = 0.000000 ss = 15
     k = 24 ak = 239 pk = 242 a = 5 b = 4 boxsum = 0.000000 ss = 9
     k = 25 ak = 250 pk = 253 a = 5 b = 4 boxsum = 0.000000 ss = 9
     k = 26 ak = 256 pk = 261 a = 5 b = 6 boxsum = 0.000000 ss = 15
     k = 27 ak = 266 pk = 270 a = 5 b = 5 boxsum = 0.000000 ss = 12
     k = 28 ak = 276 pk = 284 a = 5 b = 9 boxsum = 0.000000 ss = 24
     k = 29 ak = 288 pk = 296 a = 5 b = 9 boxsum = 0.000000 ss = 24
     k = 30 ak = 306 pk = 312 a = 5 b = 7 boxsum = 0.000000 ss = 18
     k = 31 ak = 333 pk = 343 a = 5 b = 11 boxsum = 0.000000 ss = 30
 am = 39 pm = 43 maxa = 5 maxb = 18 consum = 1.577110 conmax = 1.577110 condif = 0.112651

 id = 4 m = 42 w = 3 am = 39 pm = 45 seg1 = 0 seg2 = 32 segs = 32
     k = 0 ak = 0 pk = 10 a = 7 b = 11 boxsum = 0.000000 ss = 40
     k = 1 ak = 12 pk = 29 a = 7 b = 18 boxsum = 4.000000 ss = 68
  0  0  0  0  0  0  0
  0  0  0  0  0  0  0
  0  0  0  0  0  0  0
  0  0  0  0  0  0  0
  0  0  0  0  0  0  0
  0  0  0  0  0  0  0
  0  0  0  0  0  0  0
  0  0  0  0100  0  0
  0  0  0100  0  0  0
  0  0100  0  0  0  0
  0100  0  0  0  0  0
  0  0  0  0  0  0  0
  0  0  0  0  0  0  0
  0  0  0  0  0  0  0
  0  0  0  0  0  0  0
  0  0  0  0  0  0  0
  0  0  0  0  0  0  0
  0  0  0  0  0  0  0

 bias = -1.577161 pack = 0.000000

     k = 2 ak = 33 pk = 38 a = 7 b = 6 boxsum = 0.000000 ss = 20
     k = 4 ak = 57 pk = 61 a = 7 b = 5 boxsum = 0.000000 ss = 16
     k = 5 ak = 67 pk = 71 a = 7 b = 5 boxsum = 0.000000 ss = 16
     k = 6 ak = 73 pk = 77 a = 7 b = 5 boxsum = 0.000000 ss = 16
     k = 7 ak = 82 pk = 86 a = 7 b = 5 boxsum = 0.000000 ss = 16
     k = 8 ak = 88 pk = 92 a = 7 b = 5 boxsum = 0.000000 ss = 16
     k = 9 ak = 96 pk = 100 a = 7 b = 5 boxsum = 0.000000 ss = 16
     k = 10 ak = 102 pk = 103 a = 7 b = 2 boxsum = 0.000000 ss = 4
     k = 11 ak = 106 pk = 111 a = 7 b = 6 boxsum = 0.000000 ss = 20
     k = 12 ak = 124 pk = 135 a = 7 b = 12 boxsum = 0.000000 ss = 44
     k = 13 ak = 139 pk = 148 a = 7 b = 10 boxsum = 0.000000 ss = 36
     k = 14 ak = 150 pk = 152 a = 7 b = 3 boxsum = 0.000000 ss = 8
     k = 15 ak = 159 pk = 165 a = 7 b = 7 boxsum = 0.000000 ss = 24
     k = 16 ak = 172 pk = 177 a = 7 b = 6 boxsum = 0.000000 ss = 20
     k = 17 ak = 180 pk = 186 a = 7 b = 7 boxsum = 0.000000 ss = 24
     k = 18 ak = 192 pk = 198 a = 7 b = 7 boxsum = 0.000000 ss = 24
     k = 19 ak = 200 pk = 205 a = 7 b = 6 boxsum = 0.000000 ss = 20
     k = 20 ak = 207 pk = 210 a = 7 b = 4 boxsum = 0.000000 ss = 12
     k = 21 ak = 212 pk = 220 a = 7 b = 9 boxsum = 0.000000 ss = 32
     k = 22 ak = 223 pk = 227 a = 7 b = 5 boxsum = 0.000000 ss = 16
     k = 23 ak = 232 pk = 237 a = 7 b = 6 boxsum = 0.000000 ss = 20
     k = 24 ak = 239 pk = 242 a = 7 b = 4 boxsum = 0.000000 ss = 12
     k = 25 ak = 250 pk = 253 a = 7 b = 4 boxsum = 0.000000 ss = 12
     k = 26 ak = 256 pk = 261 a = 7 b = 6 boxsum = 0.000000 ss = 20
     k = 27 ak = 266 pk = 270 a = 7 b = 5 boxsum = 0.000000 ss = 16
     k = 28 ak = 276 pk = 284 a = 7 b = 9 boxsum = 0.000000 ss = 32
     k = 29 ak = 288 pk = 296 a = 7 b = 9 boxsum = 0.000000 ss = 32
     k = 30 ak = 306 pk = 312 a = 7 b = 7 boxsum = 0.000000 ss = 24
     k = 31 ak = 333 pk = 343 a = 7 b = 11 boxsum = 0.000000 ss = 40
 am = 39 pm = 45 maxa = 7 maxb = 18 consum = 1.577161 conmax = 1.577161 condif = 0.131430

 id = 4 m = 43 w = 4 am = 39 pm = 47 seg1 = 0 seg2 = 32 segs = 32
     k = 0 ak = 0 pk = 10 a = 9 b = 11 boxsum = 0.000000 ss = 40
     k = 1 ak = 12 pk = 29 a = 9 b = 18 boxsum = 4.000000 ss = 68
  0  0  0  0  0  0  0  0  0
  0  0  0  0  0  0  0  0  0
  0  0  0  0  0  0  0  0  0
  0  0  0  0  0  0  0  0  0
  0  0  0  0  0  0  0  0  0
  0  0  0  0  0  0  0  0  0
  0  0  0  0  0  0  0  0  0
  0  0  0  0100  0  0  0  0
  0  0  0100  0  0  0  0  0
  0  0100  0  0  0  0  0  0
  0100  0  0  0  0  0  0  0
  0  0  0  0  0  0  0  0  0
  0  0  0  0  0  0  0  0  0
  0  0  0  0  0  0  0  0  0
  0  0  0  0  0  0  0  0  0
  0  0  0  0  0  0  0  0  0
  0  0  0  0  0  0  0  0  0
  0  0  0  0  0  0  0  0  0

 bias = -1.577922 pack = 0.000000

     k = 2 ak = 33 pk = 38 a = 9 b = 6 boxsum = 0.000000 ss = 20
     k = 4 ak = 57 pk = 61 a = 9 b = 5 boxsum = 0.000000 ss = 16
     k = 5 ak = 67 pk = 71 a = 9 b = 5 boxsum = 0.000000 ss = 16
     k = 6 ak = 73 pk = 77 a = 9 b = 5 boxsum = 0.000000 ss = 16
     k = 7 ak = 82 pk = 86 a = 9 b = 5 boxsum = 0.000000 ss = 16
     k = 8 ak = 88 pk = 92 a = 9 b = 5 boxsum = 0.000000 ss = 16
     k = 9 ak = 96 pk = 100 a = 9 b = 5 boxsum = 0.000000 ss = 16
     k = 10 ak = 102 pk = 103 a = 9 b = 2 boxsum = 0.000000 ss = 4
     k = 11 ak = 106 pk = 111 a = 9 b = 6 boxsum = 0.000000 ss = 20
     k = 12 ak = 124 pk = 135 a = 9 b = 12 boxsum = 0.000000 ss = 44
     k = 13 ak = 139 pk = 148 a = 9 b = 10 boxsum = 0.000000 ss = 36
     k = 14 ak = 150 pk = 152 a = 9 b = 3 boxsum = 0.000000 ss = 8
     k = 15 ak = 159 pk = 165 a = 9 b = 7 boxsum = 0.000000 ss = 24
     k = 16 ak = 172 pk = 177 a = 9 b = 6 boxsum = 0.000000 ss = 20
     k = 17 ak = 180 pk = 186 a = 9 b = 7 boxsum = 0.000000 ss = 24
     k = 18 ak = 192 pk = 198 a = 9 b = 7 boxsum = 0.000000 ss = 24
     k = 19 ak = 200 pk = 205 a = 9 b = 6 boxsum = 0.000000 ss = 20
     k = 20 ak = 207 pk = 210 a = 9 b = 4 boxsum = 0.000000 ss = 12
     k = 21 ak = 212 pk = 220 a = 9 b = 9 boxsum = 0.000000 ss = 32
     k = 22 ak = 223 pk = 227 a = 9 b = 5 boxsum = 0.000000 ss = 16
     k = 23 ak = 232 pk = 237 a = 9 b = 6 boxsum = 0.000000 ss = 20
     k = 24 ak = 239 pk = 242 a = 9 b = 4 boxsum = 0.000000 ss = 12
     k = 25 ak = 250 pk = 253 a = 9 b = 4 boxsum = 0.000000 ss = 12
     k = 26 ak = 256 pk = 261 a = 9 b = 6 boxsum = 0.000000 ss = 20
     k = 27 ak = 266 pk = 270 a = 9 b = 5 boxsum = 0.000000 ss = 16
     k = 28 ak = 276 pk = 284 a = 9 b = 9 boxsum = 0.000000 ss = 32
     k = 29 ak = 288 pk = 296 a = 9 b = 9 boxsum = 0.000000 ss = 32
     k = 30 ak = 306 pk = 312 a = 9 b = 7 boxsum = 0.000000 ss = 24
     k = 31 ak = 333 pk = 343 a = 9 b = 11 boxsum = 0.000000 ss = 40
 am = 39 pm = 47 maxa = 9 maxb = 18 consum = 1.577922 conmax = 1.577922 condif = 0.157792

 id = 4 m = 44 w = 5 am = 39 pm = 49 seg1 = 0 seg2 = 32 segs = 32
     k = 0 ak = 0 pk = 10 a = 11 b = 11 boxsum = 0.000000 ss = 40
     k = 1 ak = 12 pk = 29 a = 11 b = 18 boxsum = 4.000000 ss = 68
  0  0  0  0  0  0  0  0  0  0  0
  0  0  0  0  0  0  0  0  0  0  0
  0  0  0  0  0  0  0  0  0  0  0
  0  0  0  0  0  0  0  0  0  0  0
  0  0  0  0  0  0  0  0  0  0  0
  0  0  0  0  0  0  0  0  0  0  0
  0  0  0  0  0  0  0  0  0  0  0
  0  0  0  0100  0  0  0  0  0  0
  0  0  0100  0  0  0  0  0  0  0
  0  0100  0  0  0  0  0  0  0  0
  0100  0  0  0  0  0  0  0  0  0
  0  0  0  0  0  0  0  0  0  0  0
  0  0  0  0  0  0  0  0  0  0  0
  0  0  0  0  0  0  0  0  0  0  0
  0  0  0  0  0  0  0  0  0  0  0
  0  0  0  0  0  0  0  0  0  0  0
  0  0  0  0  0  0  0  0  0  0  0
  0  0  0  0  0  0  0  0  0  0  0

 bias = -1.579350 pack = 0.000000

     k = 2 ak = 33 pk = 38 a = 11 b = 6 boxsum = 0.000000 ss = 20
     k = 4 ak = 57 pk = 61 a = 11 b = 5 boxsum = 0.000000 ss = 16
     k = 5 ak = 67 pk = 71 a = 11 b = 5 boxsum = 0.000000 ss = 16
     k = 6 ak = 73 pk = 77 a = 11 b = 5 boxsum = 0.000000 ss = 16
     k = 7 ak = 82 pk = 86 a = 11 b = 5 boxsum = 0.000000 ss = 16
     k = 8 ak = 88 pk = 92 a = 11 b = 5 boxsum = 0.000000 ss = 16
     k = 9 ak = 96 pk = 100 a = 11 b = 5 boxsum = 0.000000 ss = 16
     k = 10 ak = 102 pk = 103 a = 11 b = 2 boxsum = 0.000000 ss = 4
     k = 11 ak = 106 pk = 111 a = 11 b = 6 boxsum = 0.000000 ss = 20
     k = 12 ak = 124 pk = 135 a = 11 b = 12 boxsum = 0.000000 ss = 44
     k = 13 ak = 139 pk = 148 a = 11 b = 10 boxsum = 0.000000 ss = 36
     k = 14 ak = 150 pk = 152 a = 11 b = 3 boxsum = 0.000000 ss = 8
     k = 15 ak = 159 pk = 165 a = 11 b = 7 boxsum = 0.000000 ss = 24
     k = 16 ak = 172 pk = 177 a = 11 b = 6 boxsum = 0.000000 ss = 20
     k = 17 ak = 180 pk = 186 a = 11 b = 7 boxsum = 0.000000 ss = 24
     k = 18 ak = 192 pk = 198 a = 11 b = 7 boxsum = 0.000000 ss = 24
     k = 19 ak = 200 pk = 205 a = 11 b = 6 boxsum = 0.000000 ss = 20
     k = 20 ak = 207 pk = 210 a = 11 b = 4 boxsum = 0.000000 ss = 12
     k = 21 ak = 212 pk = 220 a = 11 b = 9 boxsum = 0.000000 ss = 32
     k = 22 ak = 223 pk = 227 a = 11 b = 5 boxsum = 0.000000 ss = 16
     k = 23 ak = 232 pk = 237 a = 11 b = 6 boxsum = 0.000000 ss = 20
     k = 24 ak = 239 pk = 242 a = 11 b = 4 boxsum = 0.000000 ss = 12
     k = 25 ak = 250 pk = 253 a = 11 b = 4 boxsum = 0.000000 ss = 12
     k = 26 ak = 256 pk = 261 a = 11 b = 6 boxsum = 0.000000 ss = 20
     k = 27 ak = 266 pk = 270 a = 11 b = 5 boxsum = 0.000000 ss = 16
     k = 28 ak = 276 pk = 284 a = 11 b = 9 boxsum = 0.000000 ss = 32
     k = 29 ak = 288 pk = 296 a = 11 b = 9 boxsum = 0.000000 ss = 32
     k = 30 ak = 306 pk = 312 a = 11 b = 7 boxsum = 0.000000 ss = 24
     k = 31 ak = 333 pk = 343 a = 11 b = 11 boxsum = 0.000000 ss = 40
 am = 39 pm = 49 maxa = 11 maxb = 18 consum = 1.579350 conmax = 1.579350 condif = 0.197419

 id = 4 m = 45 w = 6 am = 39 pm = 51 seg1 = 0 seg2 = 32 segs = 32
     k = 0 ak = 0 pk = 10 a = 13 b = 11 boxsum = 0.000000 ss = 40
     k = 1 ak = 12 pk = 29 a = 13 b = 18 boxsum = 4.000000 ss = 68
  0  0  0  0  0  0  0  0  0  0  0  0  0
  0  0  0  0  0  0  0  0  0  0  0  0  0
  0  0  0  0  0  0  0  0  0  0  0  0  0
  0  0  0  0  0  0  0  0  0  0  0  0  0
  0  0  0  0  0  0  0  0  0  0  0  0  0
  0  0  0  0  0  0  0  0  0  0  0  0  0
  0  0  0  0  0  0  0  0  0  0  0  0  0
  0  0  0  0100  0  0  0  0  0  0  0  0
  0  0  0100  0  0  0  0  0  0  0  0  0
  0  0100  0  0  0  0  0  0  0  0  0  0
  0100  0  0  0  0  0  0  0  0  0  0  0
  0  0  0  0  0  0  0  0  0  0  0  0  0
  0  0  0  0  0  0  0  0  0  0  0  0  0
  0  0  0  0  0  0  0  0  0  0  0  0  0
  0  0  0  0  0  0  0  0  0  0  0  0  0
  0  0  0  0  0  0  0  0  0  0  0  0  0
  0  0  0  0  0  0  0  0  0  0  0  0  0
  0  0  0  0  0  0  0  0  0  0  0  0  0

 bias = -1.581749 pack = 0.000000

     k = 2 ak = 33 pk = 38 a = 13 b = 6 boxsum = 0.000000 ss = 20
     k = 4 ak = 57 pk = 61 a = 13 b = 5 boxsum = 0.000000 ss = 16
     k = 5 ak = 67 pk = 71 a = 13 b = 5 boxsum = 0.000000 ss = 16
     k = 6 ak = 73 pk = 77 a = 13 b = 5 boxsum = 0.000000 ss = 16
     k = 7 ak = 82 pk = 86 a = 13 b = 5 boxsum = 0.000000 ss = 16
     k = 8 ak = 88 pk = 92 a = 13 b = 5 boxsum = 0.000000 ss = 16
     k = 9 ak = 96 pk = 100 a = 13 b = 5 boxsum = 0.000000 ss = 16
     k = 10 ak = 102 pk = 103 a = 13 b = 2 boxsum = 0.000000 ss = 4
     k = 11 ak = 106 pk = 111 a = 13 b = 6 boxsum = 0.000000 ss = 20
     k = 12 ak = 124 pk = 135 a = 13 b = 12 boxsum = 0.000000 ss = 44
     k = 13 ak = 139 pk = 148 a = 13 b = 10 boxsum = 0.000000 ss = 36
     k = 14 ak = 150 pk = 152 a = 13 b = 3 boxsum = 0.000000 ss = 8
     k = 15 ak = 159 pk = 165 a = 13 b = 7 boxsum = 0.000000 ss = 24
     k = 16 ak = 172 pk = 177 a = 13 b = 6 boxsum = 0.000000 ss = 20
     k = 17 ak = 180 pk = 186 a = 13 b = 7 boxsum = 0.000000 ss = 24
     k = 18 ak = 192 pk = 198 a = 13 b = 7 boxsum = 0.000000 ss = 24
     k = 19 ak = 200 pk = 205 a = 13 b = 6 boxsum = 0.000000 ss = 20
     k = 20 ak = 207 pk = 210 a = 13 b = 4 boxsum = 0.000000 ss = 12
     k = 21 ak = 212 pk = 220 a = 13 b = 9 boxsum = 0.000000 ss = 32
     k = 22 ak = 223 pk = 227 a = 13 b = 5 boxsum = 0.000000 ss = 16
     k = 23 ak = 232 pk = 237 a = 13 b = 6 boxsum = 0.000000 ss = 20
     k = 24 ak = 239 pk = 242 a = 13 b = 4 boxsum = 0.000000 ss = 12
     k = 25 ak = 250 pk = 253 a = 13 b = 4 boxsum = 0.000000 ss = 12
     k = 26 ak = 256 pk = 261 a = 13 b = 6 boxsum = 0.000000 ss = 20
     k = 27 ak = 266 pk = 270 a = 13 b = 5 boxsum = 0.000000 ss = 16
     k = 28 ak = 276 pk = 284 a = 13 b = 9 boxsum = 0.000000 ss = 32
     k = 29 ak = 288 pk = 296 a = 13 b = 9 boxsum = 0.000000 ss = 32
     k = 30 ak = 306 pk = 312 a = 13 b = 7 boxsum = 0.000000 ss = 24
     k = 31 ak = 333 pk = 343 a = 13 b = 11 boxsum = 0.000000 ss = 40
 am = 39 pm = 51 maxa = 13 maxb = 18 consum = 1.581749 conmax = 1.581749 condif = 0.263625

 id = 4 m = 46 w = 7 am = 39 pm = 53 seg1 = 0 seg2 = 32 segs = 32
     k = 0 ak = 0 pk = 10 a = 15 b = 11 boxsum = 0.000000 ss = 40
     k = 1 ak = 12 pk = 29 a = 15 b = 18 boxsum = 4.000000 ss = 68
  0  0  0  0  0  0  0  0  0  0  0  0  0  0  0
  0  0  0  0  0  0  0  0  0  0  0  0  0  0  0
  0  0  0  0  0  0  0  0  0  0  0  0  0  0  0
  0  0  0  0  0  0  0  0  0  0  0  0  0  0  0
  0  0  0  0  0  0  0  0  0  0  0  0  0  0  0
  0  0  0  0  0  0  0  0  0  0  0  0  0  0  0
  0  0  0  0  0  0  0  0  0  0  0  0  0  0  0
  0  0  0  0100  0  0  0  0  0  0  0  0  0  0
  0  0  0100  0  0  0  0  0  0  0  0  0  0  0
  0  0100  0  0  0  0  0  0  0  0  0  0  0  0
  0100  0  0  0  0  0  0  0  0  0  0  0  0  0
  0  0  0  0  0  0  0  0  0  0  0  0  0  0  0
  0  0  0  0  0  0  0  0  0  0  0  0  0  0  0
  0  0  0  0  0  0  0  0  0  0  0  0  0  0  0
  0  0  0  0  0  0  0  0  0  0  0  0  0  0  0
  0  0  0  0  0  0  0  0  0  0  0  0  0  0  0
  0  0  0  0  0  0  0  0  0  0  0  0  0  0  0
  0  0  0  0  0  0  0  0  0  0  0  0  0  0  0

 bias = -1.584748 pack = 0.000000

     k = 2 ak = 33 pk = 38 a = 15 b = 6 boxsum = 0.000000 ss = 20
     k = 4 ak = 57 pk = 61 a = 15 b = 5 boxsum = 0.000000 ss = 16
     k = 5 ak = 67 pk = 71 a = 15 b = 5 boxsum = 0.000000 ss = 16
     k = 6 ak = 73 pk = 77 a = 15 b = 5 boxsum = 0.000000 ss = 16
     k = 7 ak = 82 pk = 86 a = 15 b = 5 boxsum = 0.000000 ss = 16
     k = 8 ak = 88 pk = 92 a = 15 b = 5 boxsum = 0.000000 ss = 16
     k = 9 ak = 96 pk = 100 a = 15 b = 5 boxsum = 0.000000 ss = 16
     k = 10 ak = 102 pk = 103 a = 15 b = 2 boxsum = 0.000000 ss = 4
     k = 11 ak = 106 pk = 111 a = 15 b = 6 boxsum = 0.000000 ss = 20
     k = 12 ak = 124 pk = 135 a = 15 b = 12 boxsum = 0.000000 ss = 44
     k = 13 ak = 139 pk = 148 a = 15 b = 10 boxsum = 0.000000 ss = 36
     k = 14 ak = 150 pk = 152 a = 15 b = 3 boxsum = 0.000000 ss = 8
     k = 15 ak = 159 pk = 165 a = 15 b = 7 boxsum = 0.000000 ss = 24
     k = 16 ak = 172 pk = 177 a = 15 b = 6 boxsum = 0.000000 ss = 20
     k = 17 ak = 180 pk = 186 a = 15 b = 7 boxsum = 0.000000 ss = 24
     k = 18 ak = 192 pk = 198 a = 15 b = 7 boxsum = 0.000000 ss = 24
     k = 19 ak = 200 pk = 205 a = 15 b = 6 boxsum = 0.000000 ss = 20
     k = 20 ak = 207 pk = 210 a = 15 b = 4 boxsum = 0.000000 ss = 12
     k = 21 ak = 212 pk = 220 a = 15 b = 9 boxsum = 0.000000 ss = 32
     k = 22 ak = 223 pk = 227 a = 15 b = 5 boxsum = 0.000000 ss = 16
     k = 23 ak = 232 pk = 237 a = 15 b = 6 boxsum = 0.000000 ss = 20
     k = 24 ak = 239 pk = 242 a = 15 b = 4 boxsum = 0.000000 ss = 12
     k = 25 ak = 250 pk = 253 a = 15 b = 4 boxsum = 0.000000 ss = 12
     k = 26 ak = 256 pk = 261 a = 15 b = 6 boxsum = 0.000000 ss = 20
     k = 27 ak = 266 pk = 270 a = 15 b = 5 boxsum = 0.000000 ss = 16
     k = 28 ak = 276 pk = 284 a = 15 b = 9 boxsum = 0.000000 ss = 32
     k = 29 ak = 288 pk = 296 a = 15 b = 9 boxsum = 0.000000 ss = 32
     k = 30 ak = 306 pk = 312 a = 15 b = 7 boxsum = 0.000000 ss = 24
     k = 31 ak = 333 pk = 343 a = 15 b = 11 boxsum = 0.000000 ss = 40
 am = 39 pm = 53 maxa = 15 maxb = 18 consum = 1.584748 conmax = 1.584748 condif = 0.396187

 id = 4 m = 47 w = 8 am = 39 pm = 55 seg1 = 0 seg2 = 32 segs = 32
     k = 0 ak = 0 pk = 10 a = 17 b = 11 boxsum = 0.000000 ss = 40
     k = 1 ak = 12 pk = 29 a = 17 b = 18 boxsum = 4.000000 ss = 68
  0  0  0  0  0  0  0  0  0  0  0  0  0  0  0  0  0
  0  0  0  0  0  0  0  0  0  0  0  0  0  0  0  0  0
  0  0  0  0  0  0  0  0  0  0  0  0  0  0  0  0  0
  0  0  0  0  0  0  0  0  0  0  0  0  0  0  0  0  0
  0  0  0  0  0  0  0  0  0  0  0  0  0  0  0  0  0
  0  0  0  0  0  0  0  0  0  0  0  0  0  0  0  0  0
  0  0  0  0  0  0  0  0  0  0  0  0  0  0  0  0  0
  0  0  0  0100  0  0  0  0  0  0  0  0  0  0  0  0
  0  0  0100  0  0  0  0  0  0  0  0  0  0  0  0  0
  0  0100  0  0  0  0  0  0  0  0  0  0  0  0  0  0
  0100  0  0  0  0  0  0  0  0  0  0  0  0  0  0  0
  0  0  0  0  0  0  0  0  0  0  0  0  0  0  0  0  0
  0  0  0  0  0  0  0  0  0  0  0  0  0  0  0  0  0
  0  0  0  0  0  0  0  0  0  0  0  0  0  0  0  0  0
  0  0  0  0  0  0  0  0  0  0  0  0  0  0  0  0  0
  0  0  0  0  0  0  0  0  0  0  0  0  0  0  0  0  0
  0  0  0  0  0  0  0  0  0  0  0  0  0  0  0  0  0
  0  0  0  0  0  0  0  0  0  0  0  0  0  0  0  0  0

 bias = -1.588505 pack = 0.000000

     k = 2 ak = 33 pk = 38 a = 17 b = 6 boxsum = 0.000000 ss = 20
     k = 4 ak = 57 pk = 61 a = 17 b = 5 boxsum = 0.000000 ss = 16
     k = 5 ak = 67 pk = 71 a = 17 b = 5 boxsum = 0.000000 ss = 16
     k = 6 ak = 73 pk = 77 a = 17 b = 5 boxsum = 0.000000 ss = 16
     k = 7 ak = 82 pk = 86 a = 17 b = 5 boxsum = 0.000000 ss = 16
     k = 8 ak = 88 pk = 92 a = 17 b = 5 boxsum = 0.000000 ss = 16
     k = 9 ak = 96 pk = 100 a = 17 b = 5 boxsum = 0.000000 ss = 16
     k = 10 ak = 102 pk = 103 a = 17 b = 2 boxsum = 0.000000 ss = 4
     k = 11 ak = 106 pk = 111 a = 17 b = 6 boxsum = 0.000000 ss = 20
     k = 12 ak = 124 pk = 135 a = 17 b = 12 boxsum = 0.000000 ss = 44
     k = 13 ak = 139 pk = 148 a = 17 b = 10 boxsum = 0.000000 ss = 36
     k = 14 ak = 150 pk = 152 a = 17 b = 3 boxsum = 0.000000 ss = 8
     k = 15 ak = 159 pk = 165 a = 17 b = 7 boxsum = 0.000000 ss = 24
     k = 16 ak = 172 pk = 177 a = 17 b = 6 boxsum = 0.000000 ss = 20
     k = 17 ak = 180 pk = 186 a = 17 b = 7 boxsum = 0.000000 ss = 24
     k = 18 ak = 192 pk = 198 a = 17 b = 7 boxsum = 0.000000 ss = 24
     k = 19 ak = 200 pk = 205 a = 17 b = 6 boxsum = 0.000000 ss = 20
     k = 20 ak = 207 pk = 210 a = 17 b = 4 boxsum = 0.000000 ss = 12
     k = 21 ak = 212 pk = 220 a = 17 b = 9 boxsum = 0.000000 ss = 32
     k = 22 ak = 223 pk = 227 a = 17 b = 5 boxsum = 0.000000 ss = 16
     k = 23 ak = 232 pk = 237 a = 17 b = 6 boxsum = 0.000000 ss = 20
     k = 24 ak = 239 pk = 242 a = 17 b = 4 boxsum = 0.000000 ss = 12
     k = 25 ak = 250 pk = 253 a = 17 b = 4 boxsum = 0.000000 ss = 12
     k = 26 ak = 256 pk = 261 a = 17 b = 6 boxsum = 0.000000 ss = 20
     k = 27 ak = 266 pk = 270 a = 17 b = 5 boxsum = 0.000000 ss = 16
     k = 28 ak = 276 pk = 284 a = 17 b = 9 boxsum = 0.000000 ss = 32
     k = 29 ak = 288 pk = 296 a = 17 b = 9 boxsum = 0.000000 ss = 32
     k = 30 ak = 306 pk = 312 a = 17 b = 7 boxsum = 0.000000 ss = 24
     k = 31 ak = 333 pk = 343 a = 17 b = 11 boxsum = 0.000000 ss = 40
 am = 39 pm = 55 maxa = 17 maxb = 18 consum = 1.588505 conmax = 1.588505 condif = 0.794252

 id = 4 m = 48 w = 9 am = 39 pm = 57 seg1 = 0 seg2 = 32 segs = 32
     k = 0 ak = 0 pk = 10 a = 19 b = 11 boxsum = 0.000000 ss = 40
     k = 1 ak = 12 pk = 29 a = 19 b = 18 boxsum = 4.000000 ss = 68
  0  0  0  0  0  0  0  0  0  0  0  0  0  0  0  0  0  0
  0  0  0  0  0  0  0  0  0  0100  0  0  0  0  0  0  0
  0  0  0  0  0  0  0  0  0100  0  0  0  0  0  0  0  0
  0  0  0  0  0  0  0  0100  0  0  0  0  0  0  0  0  0
  0  0  0  0  0  0  0100  0  0  0  0  0  0  0  0  0  0
  0  0  0  0  0  0  0  0  0  0  0  0  0  0  0  0  0  0
  0  0  0  0  0  0  0  0  0  0  0  0  0  0  0  0  0  0
  0  0  0  0  0  0  0  0  0  0  0  0  0  0  0  0  0  0
  0  0  0  0  0  0  0  0  0  0  0  0  0  0  0  0  0  0
  0  0  0  0  0  0  0  0  0  0  0  0  0  0  0  0  0  0
  0  0  0  0  0  0  0  0  0  0  0  0  0  0  0  0  0  0
  0  0  0  0  0  0  0  0  0  0  0  0  0  0  0  0  0  0
  0  0  0  0  0  0  0  0  0  0  0  0  0  0  0  0  0  0
  0  0  0  0  0  0  0  0  0  0  0  0  0  0  0  0  0  0
  0  0  0  0  0  0  0  0  0  0  0  0  0  0  0  0  0  0
  0  0  0  0  0  0  0  0  0  0  0  0  0  0  0  0  0  0
  0  0  0  0  0  0  0  0  0  0  0  0  0  0  0  0  0  0
  0  0  0  0  0  0  0  0  0  0  0  0  0  0  0  0  0  0
  0  0  0  0  0  0  0  0  0  0  0  0  0  0  0  0  0  0

 bias = -1.592979 pack = 0.000000

     k = 2 ak = 33 pk = 38 a = 19 b = 6 boxsum = 0.000000 ss = 20
     k = 5 ak = 67 pk = 71 a = 19 b = 5 boxsum = 0.000000 ss = 16
     k = 6 ak = 73 pk = 77 a = 19 b = 5 boxsum = 0.000000 ss = 16
     k = 7 ak = 82 pk = 86 a = 19 b = 5 boxsum = 0.000000 ss = 16
     k = 8 ak = 88 pk = 92 a = 19 b = 5 boxsum = 0.000000 ss = 16
     k = 9 ak = 96 pk = 100 a = 19 b = 5 boxsum = 0.000000 ss = 16
     k = 10 ak = 102 pk = 103 a = 19 b = 2 boxsum = 0.000000 ss = 4
     k = 11 ak = 106 pk = 111 a = 19 b = 6 boxsum = 0.000000 ss = 20
     k = 12 ak = 124 pk = 135 a = 19 b = 12 boxsum = 0.000000 ss = 44
     k = 13 ak = 139 pk = 148 a = 19 b = 10 boxsum = 0.000000 ss = 36
     k = 14 ak = 150 pk = 152 a = 19 b = 3 boxsum = 0.000000 ss = 8
     k = 15 ak = 159 pk = 165 a = 19 b = 7 boxsum = 0.000000 ss = 24
     k = 16 ak = 172 pk = 177 a = 19 b = 6 boxsum = 0.000000 ss = 20
     k = 17 ak = 180 pk = 186 a = 19 b = 7 boxsum = 0.000000 ss = 24
     k = 18 ak = 192 pk = 198 a = 19 b = 7 boxsum = 0.000000 ss = 24
     k = 19 ak = 200 pk = 205 a = 19 b = 6 boxsum = 0.000000 ss = 20
     k = 20 ak = 207 pk = 210 a = 19 b = 4 boxsum = 0.000000 ss = 12
     k = 21 ak = 212 pk = 220 a = 19 b = 9 boxsum = 1.000000 ss = 32
  0  0  0  0  0  0  0  0  0
  0  0  0  0  0  0  0  0  0
  0  0  0  0  0  0  0  0  0
  0  0  0  0  0  0  0  0  0
  0  0  0  0  0  0  0  0  0
  0  0  0  0  0  0  0  0  0
  0  0  0  0  0  0  0  0  0
  0  0  0  0  0  0  0  0  0
  0  0  0  0  0  0  0  0  0
  0  0  0  0  0  0  0  0  0
  0  0  0  0  0  0  0  0  0
  0  0  0  0  0  0  0  0  0
  0  0  0  0  0  0  0  0  0
  0  0  0  0  0  0  0  0  0
  0  0  0  0  0  0  0  0  0
  0  0  0  0  0  0  0  0  0
  0  0  0  0  0  0  0  0  0
  0  0  0  0  0  0  0  0  0
  0  0  0  0  0  0  0100  0

 bias = 0.000000 pack = 0.000000

     k = 22 ak = 223 pk = 227 a = 19 b = 5 boxsum = 0.000000 ss = 16
     k = 23 ak = 232 pk = 237 a = 19 b = 6 boxsum = 0.000000 ss = 20
     k = 24 ak = 239 pk = 242 a = 19 b = 4 boxsum = 0.000000 ss = 12
     k = 25 ak = 250 pk = 253 a = 19 b = 4 boxsum = 0.000000 ss = 12
     k = 26 ak = 256 pk = 261 a = 19 b = 6 boxsum = 0.000000 ss = 20
     k = 27 ak = 266 pk = 270 a = 19 b = 5 boxsum = 0.000000 ss = 16
     k = 28 ak = 276 pk = 284 a = 19 b = 9 boxsum = 0.000000 ss = 32
     k = 29 ak = 288 pk = 296 a = 19 b = 9 boxsum = 0.000000 ss = 32
     k = 30 ak = 306 pk = 312 a = 19 b = 7 boxsum = 0.000000 ss = 24
     k = 31 ak = 333 pk = 343 a = 19 b = 11 boxsum = 0.000000 ss = 40
 am = 39 pm = 57 maxa = 19 maxb = 18 consum = 1.592979 conmax = 1.592979 condif = 0.796489

  1 |        0  0  0  0  0  0  0  0  0  0  0  0  0  0  0  0  0  0  0
  2 | 335  1  0  0  0  0  0  0  0  0  0  0  0  0  0  0  0  0  0  0  0
  3 | 335  1  0  0  0  0  0  0  0  0  0  0  0  0  0  0  0  0  0  0  0
  4 | 335  1  0  0  0  0  0  0  0  0  0  0  0  0  0  0  0  0  0  0  0
  5 | 335  1  0  0  0  1  0  0  0  0  0  0  0  0  0  0  0  0  0  0  0
  6 | 335  1  0  0  0  1 -3  0  0  0  0  0  0  0  0  0  0  0  0  0  0
  7 | 335  1  0  0  0  1 -4 -9  0  0  0  0  0  0  0  0  0  0  0  0  0
  8 | 335  1  0  0  0  0 -4-12-14  0  0  0  0  0  0  0  0  0  0  0  0
  9 | 335  1  0  0  0  0 -9-12-14-17  0  0  0  0  0  0  0  0  0  0  0
 10 | 335  1  0  0  0 -1 -9-12-14-17-18  0  0  0  0  0  0  0  0  0  0
 11 | 335  1  0  0 -1 -1 -9-12-14-17-18-20  0  0  0  0  0  0  0  0  0
 12 |        0 -1 -1 -1 -9-12-14-17-18-20-22  0  0  0  0  0  0  0  0
 13 |        0 -1 -1 -1 -9-12-14-17-18-20-22-23  0  0  0  0  0  0  0
 14 | 151  2  0  0 -1 -1 -9-12-14-17-18-20-22-23-25  0  0  0  0  0  0
 15 | 149  2  0  0  2 -1 -9-12-14-17-18-20-22-23-25-26  0  0  0  0  0
 16 | 145  2  0  0  2  0 -9-12-14-17-18-20-22-23-25-26-27  0  0  0  0
 17 | 140  2  0  0  1  0 -7-12-14-17-18-20-22-23-25-26-27-28  0  0  0
 18 | 134  2  0  0  0  0 -7-11-14-17-18-20-22-23-25-26-27-28-29  0  0
 19 | 127  2  0  0  0  0 -7-11-13-17-18-20-22-23-25-26-27-28-29-30  0
 20 | 119  2  0  1  0  0 -7-11-13-15-18-20-22-23-25-26-27-28-29-30-31
 21 | 110  2  0  1  0  0 -7-11-13-15-17-20-22-23-25-26-27-28-29-30-31
 22 | 101  2  0  1  0  0 -7-11-13-15-17-19-22-23-25-26-27-28-29-30-31
 23 | 92  2  0  1  0  0 -7-11-13-15-17-19-21-23-25-26-27-28-29-30-31
 24 | 83  2  0  0  0  0 -7-11-13-15-17-19-22-23-25-26-27-28-29-30-31
 25 | 74  2  0  0  0  0 -7-11-13-15-17-20-22-23-25-26-27-28-29-30-31
 26 | 66  2  0  0  0  0 -7-11-13-15-18-20-22-23-25-26-27-28-29-30-31
 27 | 60  2  0  0  0  0 -7-11-13-17-18-20-22-23-25-26-27-28-29-30-31
 28 | 56  2  0  0  0  0 -7-11-14-17-18-20-22-23-25-26-27-28-29-30-31
 29 | 54  2  0  0  0  0 -8-12-14-17-18-20-22-23-25-26-27-28-29-30-31
 30 | 54  2  0  0  0  0 -9-12-14-17-18-20-22-23-25-26-27-28-29-30-31
 31 |        0  0  0 -1 -9-12-14-17-18-20-22-23-25-26-27-28-29-30-31
 32 |        0  0 -1 -1 -9-12-14-17-18-20-22-23-25-26-27-28-29-30-31
 33 |        0  0 -1 -1 -9-12-14-17-18-20-22-23-25-26-27-28-29-30-31
 34 |        0  0  0 -1 -9-12-14-17-18-20-22-23-25-26-27-28-29-30-31
 35 | 26  3  0  0  0  0 -9-12-14-17-18-20-22-23-25-26-27-28-29-30-31
 36 | 26  3  0  0  0  0 -7-12-14-17-18-20-22-23-25-26-27-28-29-30-31
 37 | 26  3  0  0  0  0 -9-12-14-17-18-20-22-23-25-26-27-28-29-30-31
 38 | 26  3  0  0  0 -1 -9-12-14-17-18-20-22-23-25-26-27-28-29-30-31
 39 | 26  3  0  0 -1 -1 -9-12-14-17-18-20-22-23-25-26-27-28-29-30-31
 40 |        0 -1 -1 -1 -9-12-14-17-18-20-22-23-25-26-27-28-29-30-31
 41 |        0 -1 -1 -1 -9-12-14-17-18-20-22-23-25-26-27-28-29-30-31
 42 | 21  4  0  0 -1 -1 -9-12-14-17-18-20-22-23-25-26-27-28-29-30-31
 43 | 21  4  0  0  0 -1 -9-12-14-17-18-20-22-23-25-26-27-28-29-30-31
 44 | 21  4  0  0  0  0 -9-12-14-17-18-20-22-23-25-26-27-28-29-30-31
 45 | 21  4  0  0  0  0 -7-12-14-17-18-20-22-23-25-26-27-28-29-30-31
 46 |        0  0  0  0 -7-11-14-17-18-20-22-23-25-26-27-28-29-30-31
 47 |        0  0  0  0 -7-11-13-17-18-20-22-23-25-26-27-28-29-30-31
 48 |        0  0  0  0 -7-11-13-15-18-20-22-23-25-26-27-28-29-30-31
 49 |        0  0  0  0 -8-11-13-15-17-20-22-23-25-26-27-28-29-30-31
 50 |        0  0  0  0 -8-11-13-15-18-20-22-23-25-26-27-28-29-30-31
 51 |        0  0  0  0 -8-11-13-17-18-20-22-23-25-26-27-28-29-30-31
 52 |        0  0  0  0 -8-11-14-17-18-20-22-23-25-26-27-28-29-30-31
 53 |        0  0  0  0 -8-11-13-17-18-20-22-23-25-26-27-28-29-30-31
 54 |        0  0  0  0 -7-11-13-15-18-20-22-23-25-26-27-28-29-30-31
 55 |        0  0  0  0 -7-10-13-15-17-20-22-23-25-26-27-28-29-30-31
 56 |        0  0  0  1 -7-10-13-15-17-19-22-23-25-26-27-28-29-30-31
 57 |        0  0  0  1 -7-10-13-15-17-19-21-23-25-26-27-28-29-30-31
 58 |        0  0  0  1 -7-10-13-15-17-19-22-23-25-26-27-28-29-30-31
 59 | 218  5  0  0  0  1 -7-10-13-15-17-20-22-23-25-26-27-28-29-30-31
 60 | 218  5  0  0  0  1 -7-10-13-15-18-20-22-23-25-26-27-28-29-30-31
 61 | 218  5  0  0  0  1 -7-10-13-17-18-20-22-23-25-26-27-28-29-30-31
 62 | 218  5  0  0  0  1 -7-11-14-17-18-20-22-23-25-26-27-28-29-30-31
 63 |        0  0  0  1 -7-12-14-17-18-20-22-23-25-26-27-28-29-30-31
 64 |        0  0  0  0 -9-12-14-17-18-20-22-23-25-26-27-28-29-30-31
 65 |        0  0  0 -1 -9-12-14-17-18-20-22-23-25-26-27-28-29-30-31
 66 |        0  0  0 -1 -9-12-14-17-18-20-22-23-25-26-27-28-29-30-31
 67 |        0  0  0  1 -9-12-14-17-18-20-22-23-25-26-27-28-29-30-31
 68 |        0  0  0  1 -7-12-14-17-18-20-22-23-25-26-27-28-29-30-31
 69 | 214  6  0  0  0  1 -7-12-14-17-18-20-22-23-25-26-27-28-29-30-31
 70 | 214  6  0  0  0  0 -9-12-14-17-18-20-22-23-25-26-27-28-29-30-31
 71 | 214  6  0  0  0 -1 -9-12-14-17-18-20-22-23-25-26-27-28-29-30-31
 72 | 214  6  0  0 -1 -1 -9-12-14-17-18-20-22-23-25-26-27-28-29-30-31
 73 |        0 -1 -1 -1 -9-12-14-17-18-20-22-23-25-26-27-28-29-30-31
 74 |        0 -1 -1 -1 -9-12-14-17-18-20-22-23-25-26-27-28-29-30-31
 75 | 84  7  0  1 -1 -1 -9-12-14-17-18-20-22-23-25-26-27-28-29-30-31
 76 | 84  7  0  1  0 -1 -9-12-14-17-18-20-22-23-25-26-27-28-29-30-31
 77 | 84  7  0  1  0  0 -9-12-14-17-18-20-22-23-25-26-27-28-29-30-31
 78 | 84  7  0  0  0  0 -8-12-14-17-18-20-22-23-25-26-27-28-29-30-31
 79 |        0  0  0  0 -9-12-14-17-18-20-22-23-25-26-27-28-29-30-31
 80 |        0  0  0 -1 -9-12-14-17-18-20-22-23-25-26-27-28-29-30-31
 81 |        0  0 -1 -1 -9-12-14-17-18-20-22-23-25-26-27-28-29-30-31
 82 |        0  0  0 -1 -9-12-14-17-18-20-22-23-25-26-27-28-29-30-31
 83 |        0  1  0  0 -9-12-14-17-18-20-22-23-25-26-27-28-29-30-31
 84 | 75  8  0  1  0  0 -7-12-14-17-18-20-22-23-25-26-27-28-29-30-31
 85 | 75  8  0  1  0  0 -9-12-14-17-18-20-22-23-25-26-27-28-29-30-31
 86 | 75  8  0  1  0 -1 -9-12-14-17-18-20-22-23-25-26-27-28-29-30-31
 87 | 75  8  0  0 -1 -1 -9-12-14-17-18-20-22-23-25-26-27-28-29-30-31
 88 |        0 -1 -1 -1 -9-12-14-17-18-20-22-23-25-26-27-28-29-30-31
 89 |        0 -1 -1 -1 -9-12-14-17-18-20-22-23-25-26-27-28-29-30-31
 90 | 98  9  0  1 -1 -1 -9-12-14-17-18-20-22-23-25-26-27-28-29-30-31
 91 | 98  9  0  1  0 -1 -9-12-14-17-18-20-22-23-25-26-27-28-29-30-31
 92 | 98  9  0  1  0  0 -9-12-14-17-18-20-22-23-25-26-27-28-29-30-31
 93 | 98  9  0  0  0  0 -9-12-14-17-18-20-22-23-25-26-27-28-29-30-31
 94 |        0  0  0 -1 -9-12-14-17-18-20-22-23-25-26-27-28-29-30-31
 95 |        0  0 -1 -1 -9-12-14-17-18-20-22-23-25-26-27-28-29-30-31
 96 |        0  0 -1 -1 -9-12-14-17-18-20-22-23-25-26-27-28-29-30-31
 97 |        0  1  0 -1 -9-12-14-17-18-20-22-23-25-26-27-28-29-30-31
 98 | 90 10  0  1  0  0 -9-12-14-17-18-20-22-23-25-26-27-28-29-30-31
 99 | 90 10  0  1  0  0 -9-12-14-17-18-20-22-23-25-26-27-28-29-30-31
100 | 90 10  0  1  0 -1 -9-12-14-17-18-20-22-23-25-26-27-28-29-30-31
101 | 90 10  0  0 -1 -1 -9-12-14-17-18-20-22-23-25-26-27-28-29-30-31
102 |        0 -1 -1 -1 -9-12-14-17-18-20-22-23-25-26-27-28-29-30-31
103 |        0 -1 -1 -1 -9-12-14-17-18-20-22-23-25-26-27-28-29-30-31
104 | 210 11  0  0 -1 -1 -9-12-14-17-18-20-22-23-25-26-27-28-29-30-31
105 |        0  0 -1 -1 -9-12-14-17-18-20-22-23-25-26-27-28-29-30-31
106 |        0 -1 -1 -1 -9-12-14-17-18-20-22-23-25-26-27-28-29-30-31
107 |        0  0 -1 -1 -9-12-14-17-18-20-22-23-25-26-27-28-29-30-31
108 | 204 12  0  0  0 -1 -9-12-14-17-18-20-22-23-25-26-27-28-29-30-31
109 | 204 12  0  0  0  0 -9-12-14-17-18-20-22-23-25-26-27-28-29-30-31
110 | 204 12  0  0  0  0 -7-12-14-17-18-20-22-23-25-26-27-28-29-30-31
111 | 204 12  0  0  0  0 -7-11-14-17-18-20-22-23-25-26-27-28-29-30-31
112 | 204 12  0  0  0  0 -7-11-13-17-18-20-22-23-25-26-27-28-29-30-31
113 |        0  0  0  0 -7-11-13-15-18-20-22-23-25-26-27-28-29-30-31
114 |        0  0  0  0 -7-11-13-15-17-20-22-23-25-26-27-28-29-30-31
115 |        0  0  0  0 -7-11-13-15-17-19-22-23-25-26-27-28-29-30-31
116 |        0  0  0  0 -8-11-13-15-17-20-22-23-25-26-27-28-29-30-31
117 |        0  0  0  0 -8-11-13-15-18-20-22-23-25-26-27-28-29-30-31
118 |        0  0  0  0 -8-11-13-17-18-20-22-23-25-26-27-28-29-30-31
119 |        0  0  0  0 -8-11-14-17-18-20-22-23-25-26-27-28-29-30-31
120 |        0  0  0  0 -8-11-13-17-18-20-22-23-25-26-27-28-29-30-31
121 |        0  0  0  0 -7-11-13-15-18-20-22-23-25-26-27-28-29-30-31
122 |        0  0  0  0 -7-11-13-15-17-20-22-23-25-26-27-28-29-30-31
123 |        0  0  0  0 -7-11-13-15-17-19-22-23-25-26-27-28-29-30-31
124 |        0  0  0  0 -7-11-13-15-17-19-21-23-25-26-27-28-29-30-31
125 |        0  0  0  0 -7-11-13-15-17-19-21-22-25-26-27-28-29-30-31
126 | 141 13  0  0  0  0 -7-11-13-15-17-19-21-22-23-26-27-28-29-30-31
127 | 141 13  0  0  0  0 -7-11-13-15-17-19-21-22-23-26-27-28-29-30-31
128 | 141 13  0  0  0  0 -7-11-13-15-17-19-21-22-25-26-27-28-29-30-31
129 | 141 13  0  0  0  0 -7-11-13-15-17-19-21-23-25-26-27-28-29-30-31
130 | 141 13  0  0  0  1 -7-11-13-15-17-19-22-23-25-26-27-28-29-30-31
131 | 141 13  0  0  0  1 -6-11-13-15-17-20-22-23-25-26-27-28-29-30-31
132 | 141 13  0  0  0  1 -6-10-13-15-18-20-22-23-25-26-27-28-29-30-31
133 | 141 13  0  0  0  1 -6-10-13-17-18-20-22-23-25-26-27-28-29-30-31
134 | 141 13  0  0  0  1 -6-11-14-17-18-20-22-23-25-26-27-28-29-30-31
135 | 141 13  0  0  0  0 -8-12-14-17-18-20-22-23-25-26-27-28-29-30-31
136 | 141 13  0  0  0  0 -9-12-14-17-18-20-22-23-25-26-27-28-29-30-31
137 |        0  0  0 -1 -9-12-14-17-18-20-22-23-25-26-27-28-29-30-31
138 |        0  0 -1 -1 -9-12-14-17-18-20-22-23-25-26-27-28-29-30-31
139 |        0  0 -1 -1 -9-12-14-17-18-20-22-23-25-26-27-28-29-30-31
140 |        0  0  0 -1 -9-12-14-17-18-20-22-23-25-26-27-28-29-30-31
141 | 128 14  0  0  0  0 -9-12-14-17-18-20-22-23-25-26-27-28-29-30-31
142 | 128 14  0  0  0  0 -6-12-14-17-18-20-22-23-25-26-27-28-29-30-31
143 | 128 14  0  0  0  0 -6 -9-14-17-18-20-22-23-25-26-27-28-29-30-31
144 | 128 14  0  0  0  0 -6 -9-13-17-18-20-22-23-25-26-27-28-29-30-31
145 | 128 14  0  0  0  0 -6 -9-14-17-18-20-22-23-25-26-27-28-29-30-31
146 | 128 14  0  0  0  0 -6-12-14-17-18-20-22-23-25-26-27-28-29-30-31
147 | 128 14  0  0  0  0 -9-12-14-17-18-20-22-23-25-26-27-28-29-30-31
148 | 128 14  0  0  0 -1 -9-12-14-17-18-20-22-23-25-26-27-28-29-30-31
149 | 128 14  0  0 -1 -1 -9-12-14-17-18-20-22-23-25-26-27-28-29-30-31
150 |        0 -1 -1 -1 -9-12-14-17-18-20-22-23-25-26-27-28-29-30-31
151 |        0 -1 -1 -1 -9-12-14-17-18-20-22-23-25-26-27-28-29-30-31
152 | 125 15  0  0 -1 -1 -9-12-14-17-18-20-22-23-25-26-27-28-29-30-31
153 | 125 15  0  0  0 -1 -9-12-14-17-18-20-22-23-25-26-27-28-29-30-31
154 |        0  0  0  0 -9-12-14-17-18-20-22-23-25-26-27-28-29-30-31
155 |        0  0  0  0 -7-12-14-17-18-20-22-23-25-26-27-28-29-30-31
156 |        0  0  0  0 -9-12-14-17-18-20-22-23-25-26-27-28-29-30-31
157 |        0  0  0 -1 -9-12-14-17-18-20-22-23-25-26-27-28-29-30-31
158 |        0  0  0  0 -9-12-14-17-18-20-22-23-25-26-27-28-29-30-31
159 |        0  0  0  0 -7-12-14-17-18-20-22-23-25-26-27-28-29-30-31
160 |        0  0  0  0 -7-11-14-17-18-20-22-23-25-26-27-28-29-30-31
161 | 174 16  0  0  0  0 -7-11-13-17-18-20-22-23-25-26-27-28-29-30-31
162 | 174 16  0  0  1  0 -7-11-13-15-18-20-22-23-25-26-27-28-29-30-31
163 | 174 16  0  0  1  0 -7-11-13-15-17-20-22-23-25-26-27-28-29-30-31
164 | 174 16  0  0  0  0 -7-11-13-15-17-20-22-23-25-26-27-28-29-30-31
165 | 174 16  0  0  0  0 -7-11-13-16-18-20-22-23-25-26-27-28-29-30-31
166 | 174 16  0  0  0  0 -7-11-13-17-18-20-22-23-25-26-27-28-29-30-31
167 |        0  0  0  0 -7-11-14-17-18-20-22-23-25-26-27-28-29-30-31
168 |        0  0  0  0 -8-12-14-17-18-20-22-23-25-26-27-28-29-30-31
169 |        0  0  0  0 -9-12-14-17-18-20-22-23-25-26-27-28-29-30-31
170 |        0  0  0 -1 -9-12-14-17-18-20-22-23-25-26-27-28-29-30-31
171 |        0  0  0  0 -9-12-14-17-18-20-22-23-25-26-27-28-29-30-31
172 |        0  0  1  0 -7-12-14-17-18-20-22-23-25-26-27-28-29-30-31
173 |        0  0  1  0 -7-10-14-17-18-20-22-23-25-26-27-28-29-30-31
174 | 162 17  0  0  1  0 -7-10-13-17-18-20-22-23-25-26-27-28-29-30-31
175 | 162 17  0  0  2  0 -7-10-14-17-18-20-22-23-25-26-27-28-29-30-31
176 | 162 17  0  0  2  0 -7-12-14-17-18-20-22-23-25-26-27-28-29-30-31
177 | 162 17  0  0  1  0 -9-12-14-17-18-20-22-23-25-26-27-28-29-30-31
178 | 162 17  0  0  1 -1 -9-12-14-17-18-20-22-23-25-26-27-28-29-30-31
179 |        0  0 -1 -1 -9-12-14-17-18-20-22-23-25-26-27-28-29-30-31
180 |        0 -1 -1 -1 -9-12-14-17-18-20-22-23-25-26-27-28-29-30-31
181 |        0  0 -1 -1 -9-12-14-17-18-20-22-23-25-26-27-28-29-30-31
182 | 194 18  0  0  1 -1 -9-12-14-17-18-20-22-23-25-26-27-28-29-30-31
183 | 194 18  0  0  2  0 -9-12-14-17-18-20-22-23-25-26-27-28-29-30-31
184 | 194 18  0  0  2  0 -7-12-14-17-18-20-22-23-25-26-27-28-29-30-31
185 | 194 18  0  0  1  0 -7-10-14-17-18-20-22-23-25-26-27-28-29-30-31
186 | 194 18  0  0  1  0 -7-10-13-17-18-20-22-23-25-26-27-28-29-30-31
187 | 194 18  0  0  1  0 -7-11-14-17-18-20-22-23-25-26-27-28-29-30-31
188 |        0  0  0  0 -8-12-14-17-18-20-22-23-25-26-27-28-29-30-31
189 |        0  0  0  0 -9-12-14-17-18-20-22-23-25-26-27-28-29-30-31
190 |        0  0  0 -1 -9-12-14-17-18-20-22-23-25-26-27-28-29-30-31
191 |        0  0  0 -1 -9-12-14-17-18-20-22-23-25-26-27-28-29-30-31
192 |        0  0  1  0 -9-12-14-17-18-20-22-23-25-26-27-28-29-30-31
193 |        0  0  1  0 -7-12-14-17-18-20-22-23-25-26-27-28-29-30-31
194 | 182 19  0  0  1  0 -7-10-14-17-18-20-22-23-25-26-27-28-29-30-31
195 | 182 19  0  0  2  0 -7-10-14-17-18-20-22-23-25-26-27-28-29-30-31
196 | 182 19  0  0  2  0 -7-12-14-17-18-20-22-23-25-26-27-28-29-30-31
197 | 182 19  0  0  1  0 -9-12-14-17-18-20-22-23-25-26-27-28-29-30-31
198 | 182 19  0  0  1 -1 -9-12-14-17-18-20-22-23-25-26-27-28-29-30-31
199 | 182 19  0  0 -1 -1 -9-12-14-17-18-20-22-23-25-26-27-28-29-30-31
200 |        0 -1 -1 -1 -9-12-14-17-18-20-22-23-25-26-27-28-29-30-31
201 |        0 -1 -1 -1 -9-12-14-17-18-20-22-23-25-26-27-28-29-30-31
202 | 136 20  0  0 -1 -1 -9-12-14-17-18-20-22-23-25-26-27-28-29-30-31
203 | 136 20  0  0  0 -1 -9-12-14-17-18-20-22-23-25-26-27-28-29-30-31
204 | 136 20  0  0  0  0 -9-12-14-17-18-20-22-23-25-26-27-28-29-30-31
205 | 136 20  0  0  0 -1 -9-12-14-17-18-20-22-23-25-26-27-28-29-30-31
206 | 136 20  0  0 -1 -1 -9-12-14-17-18-20-22-23-25-26-27-28-29-30-31
207 |        0 -1 -1 -1 -9-12-14-17-18-20-22-23-25-26-27-28-29-30-31
208 |        0 -1 -1 -1 -9-12-14-17-18-20-22-23-25-26-27-28-29-30-31
209 | 106 21  0  0 -1 -1 -9-12-14-17-18-20-22-23-25-26-27-28-29-30-31
210 | 106 21  0  0  0 -1 -9-12-14-17-18-20-22-23-25-26-27-28-29-30-31
211 | 106 21  0  0 -1 -1 -9-12-14-17-18-20-22-23-25-26-27-28-29-30-31
212 |        0 -1 -1 -1 -9-12-14-17-18-20-22-23-25-26-27-28-29-30-31
213 |        0 -1 -1 -1 -9-12-14-17-18-20-22-23-25-26-27-28-29-30-31
214 | 59 22  0  1 -1 -1 -9-12-14-17-18-20-22-23-25-26-27-28-29-30-31
215 | 59 22  0  1  0 -1 -9-12-14-17-18-20-22-23-25-26-27-28-29-30-31
216 | 59 22  0  0  0  0 -9-12-14-17-18-20-22-23-25-26-27-28-29-30-31
217 | 59 22  0  0  0  0 -7-12-14-17-18-20-22-23-25-26-27-28-29-30-31
218 | 59 22  0  1  0  0 -7-11-14-17-18-20-22-23-25-26-27-28-29-30-31
219 | 59 22  0  1  0  0 -7-12-14-17-18-20-22-23-25-26-27-28-29-30-31
220 | 59 22  0  1  0  0 -9-12-14-17-18-20-22-23-25-26-27-28-29-30-31
221 | 59 22  0  0  0 -1 -9-12-14-17-18-20-22-23-25-26-27-28-29-30-31
222 |        0  0 -1 -1 -9-12-14-17-18-20-22-23-25-26-27-28-29-30-31
223 |        0 -1 -1 -1 -9-12-14-17-18-20-22-23-25-26-27-28-29-30-31
224 |        0  1 -1 -1 -9-12-14-17-18-20-22-23-25-26-27-28-29-30-31
225 | 268 23  0  1  0 -1 -9-12-14-17-18-20-22-23-25-26-27-28-29-30-31
226 | 268 23  0  1  0  0 -9-12-14-17-18-20-22-23-25-26-27-28-29-30-31
227 | 268 23  0  1  0  0 -7-12-14-17-18-20-22-23-25-26-27-28-29-30-31
228 | 268 23  0  0  0  0 -7-12-14-17-18-20-22-23-25-26-27-28-29-30-31
229 |        0  0  0  0 -9-12-14-17-18-20-22-23-25-26-27-28-29-30-31
230 |        0  0  0 -1 -9-12-14-17-18-20-22-23-25-26-27-28-29-30-31
231 |        0  0 -1 -1 -9-12-14-17-18-20-22-23-25-26-27-28-29-30-31
232 |        0  0  0 -1 -9-12-14-17-18-20-22-23-25-26-27-28-29-30-31
233 |        0  0  0  0 -9-12-14-17-18-20-22-23-25-26-27-28-29-30-31
234 | 258 24  0  0  0  0 -7-12-14-17-18-20-22-23-25-26-27-28-29-30-31
235 | 258 24  0  0  0  0 -7-12-14-17-18-20-22-23-25-26-27-28-29-30-31
236 | 258 24  0  0  0  0 -9-12-14-17-18-20-22-23-25-26-27-28-29-30-31
237 | 258 24  0  0  0 -1 -9-12-14-17-18-20-22-23-25-26-27-28-29-30-31
238 | 258 24  0  0 -1 -1 -9-12-14-17-18-20-22-23-25-26-27-28-29-30-31
239 |        0 -1 -1 -1 -9-12-14-17-18-20-22-23-25-26-27-28-29-30-31
240 |        0 -1 -1 -1 -9-12-14-17-18-20-22-23-25-26-27-28-29-30-31
241 | 252 25  0  0 -1 -1 -9-12-14-17-18-20-22-23-25-26-27-28-29-30-31
242 | 252 25  0  0  0 -1 -9-12-14-17-18-20-22-23-25-26-27-28-29-30-31
243 | 252 25  0  0  0  0 -9-12-14-17-18-20-22-23-25-26-27-28-29-30-31
244 |        0  0  0  0 -7-12-14-17-18-20-22-23-25-26-27-28-29-30-31
245 |        0  0  0  0 -7-11-14-17-18-20-22-23-25-26-27-28-29-30-31
246 |        0  0  0  0 -8-12-14-17-18-20-22-23-25-26-27-28-29-30-31
247 |        0  0  0  0 -9-12-14-17-18-20-22-23-25-26-27-28-29-30-31
248 |        0  0  0  0 -9-12-14-17-18-20-22-23-25-26-27-28-29-30-31
249 |        0  0  0  0 -7-12-14-17-18-20-22-23-25-26-27-28-29-30-31
250 |        0  0  0  0 -7-11-14-17-18-20-22-23-25-26-27-28-29-30-31
251 |        0  0  0  0 -7-11-14-17-18-20-22-23-25-26-27-28-29-30-31
252 | 241 26  0  0  0  0 -7-12-14-17-18-20-22-23-25-26-27-28-29-30-31
253 | 241 26  0  0  0  0 -9-12-14-17-18-20-22-23-25-26-27-28-29-30-31
254 | 241 26  0  0  0 -1 -9-12-14-17-18-20-22-23-25-26-27-28-29-30-31
255 |        0  0 -1 -1 -9-12-14-17-18-20-22-23-25-26-27-28-29-30-31
256 |        0 -1 -1 -1 -9-12-14-17-18-20-22-23-25-26-27-28-29-30-31
257 |        0  0 -1 -1 -9-12-14-17-18-20-22-23-25-26-27-28-29-30-31
258 | 234 27  0  0  0 -1 -9-12-14-17-18-20-22-23-25-26-27-28-29-30-31
259 | 234 27  0  0  0  0 -9-12-14-17-18-20-22-23-25-26-27-28-29-30-31
260 | 234 27  0  0  0  0 -7-12-14-17-18-20-22-23-25-26-27-28-29-30-31
261 | 234 27  0  0  0  0 -7-11-14-17-18-20-22-23-25-26-27-28-29-30-31
262 | 234 27  0  0  0  0 -7-12-14-17-18-20-22-23-25-26-27-28-29-30-31
263 |        0  0  0  0 -9-12-14-17-18-20-22-23-25-26-27-28-29-30-31
264 |        0  0  0 -1 -9-12-14-17-18-20-22-23-25-26-27-28-29-30-31
265 |        0  0 -1 -1 -9-12-14-17-18-20-22-23-25-26-27-28-29-30-31
266 |        0  0  0 -1 -9-12-14-17-18-20-22-23-25-26-27-28-29-30-31
267 |        0  1  0  0 -9-12-14-17-18-20-22-23-25-26-27-28-29-30-31
268 | 225 28  0  1  0  0 -7-12-14-17-18-20-22-23-25-26-27-28-29-30-31
269 | 225 28  0  1  0  0 -7-11-14-17-18-20-22-23-25-26-27-28-29-30-31
270 | 225 28  0  1  0  0 -7-11-13-17-18-20-22-23-25-26-27-28-29-30-31
271 | 225 28  0  0  0  0 -7-11-14-17-18-20-22-23-25-26-27-28-29-30-31
272 |        0  0  0  0 -7-12-14-17-18-20-22-23-25-26-27-28-29-30-31
273 |        0  0  0  0 -9-12-14-17-18-20-22-23-25-26-27-28-29-30-31
274 |        0  0  0 -1 -9-12-14-17-18-20-22-23-25-26-27-28-29-30-31
275 |        0  0  0 -1 -9-12-14-17-18-20-22-23-25-26-27-28-29-30-31
276 |        0  0  0  1 -9-12-14-17-18-20-22-23-25-26-27-28-29-30-31
277 |        0  0  0  1 -7-12-14-17-18-20-22-23-25-26-27-28-29-30-31
278 | 290 29  0  0  0  2 -7-10-14-17-18-20-22-23-25-26-27-28-29-30-31
279 | 290 29  0  0  0  2 -6-10-13-17-18-20-22-23-25-26-27-28-29-30-31
280 | 290 29  0  0  0  3 -6-10-13-15-18-20-22-23-25-26-27-28-29-30-31
281 | 290 29  0  0  0  3 -6-10-13-16-18-20-22-23-25-26-27-28-29-30-31
282 | 290 29  0  0  0  2 -6-10-13-17-18-20-22-23-25-26-27-28-29-30-31
283 | 290 29  0  0  0  2 -7-11-14-17-18-20-22-23-25-26-27-28-29-30-31
284 | 290 29  0  0  0  1 -8-12-14-17-18-20-22-23-25-26-27-28-29-30-31
285 | 290 29  0  0  0  0 -9-12-14-17-18-20-22-23-25-26-27-28-29-30-31
286 |        0  0  0 -1 -9-12-14-17-18-20-22-23-25-26-27-28-29-30-31
287 |        0  0 -1 -1 -9-12-14-17-18-20-22-23-25-26-27-28-29-30-31
288 |        0  0 -1 -1 -9-12-14-17-18-20-22-23-25-26-27-28-29-30-31
289 |        0  0  0 -1 -9-12-14-17-18-20-22-23-25-26-27-28-29-30-31
290 | 278 30  0  0  0  2 -9-12-14-17-18-20-22-23-25-26-27-28-29-30-31
291 | 278 30  0  0  0  2 -6-12-14-17-18-20-22-23-25-26-27-28-29-30-31
292 | 278 30  0  0  0  3 -6-10-14-17-18-20-22-23-25-26-27-28-29-30-31
293 | 278 30  0  0  0  3 -6-10-13-17-18-20-22-23-25-26-27-28-29-30-31
294 | 278 30  0  0  0  2 -6-10-13-15-18-20-22-23-25-26-27-28-29-30-31
295 | 278 30  0  0  0  2 -7-10-13-15-17-20-22-23-25-26-27-28-29-30-31
296 | 278 30  0  0  0  1 -7-10-13-15-17-19-22-23-25-26-27-28-29-30-31
297 | 278 30  0  0  0  1 -7-10-13-15-17-19-22-23-25-26-27-28-29-30-31
298 |        0  0  0  1 -7-10-13-15-17-20-22-23-25-26-27-28-29-30-31
299 |        0  0  0  0 -7-10-13-15-18-20-22-23-25-26-27-28-29-30-31
300 |        0  0  0  0 -7-11-13-17-18-20-22-23-25-26-27-28-29-30-31
301 |        0  0  0  0 -8-11-14-17-18-20-22-23-25-26-27-28-29-30-31
302 |        0  0  0  0 -8-12-14-17-18-20-22-23-25-26-27-28-29-30-31
303 |        0  0  0  0 -7-12-14-17-18-20-22-23-25-26-27-28-29-30-31
304 |        0  0  0  0 -7-11-14-17-18-20-22-23-25-26-27-28-29-30-31
305 |        0  0  0  0 -7-10-13-17-18-20-22-23-25-26-27-28-29-30-31
306 |        0  0  0  0 -7-10-13-14-18-20-22-23-25-26-27-28-29-30-31
307 |        0  0  0  0 -7-10-13-14-16-20-22-23-25-26-27-28-29-30-31
308 | 14 31  0  0  0  0 -7-10-13-14-16-18-22-23-25-26-27-28-29-30-31
309 | 14 31  0  0  0  0 -7-10-13-14-16-18-20-23-25-26-27-28-29-30-31
310 | 14 31  0  0  0  0 -7-10-13-14-16-18-20-22-25-26-27-28-29-30-31
311 | 14 31  0  0  0  0 -7-10-13-14-16-18-20-22-23-26-27-28-29-30-31
312 | 14 31  0  0  0  0 -7-10-13-14-16-18-20-22-23-25-27-28-29-30-31
313 | 14 31  0  0  0  0 -7-10-13-14-16-18-20-22-23-25-26-28-29-30-31
314 |        0  0  0  0 -7-10-13-14-16-18-20-22-23-25-26-27-29-30-31
315 |        0  0  0  0 -7-11-13-14-16-18-20-22-23-25-26-27-28-30-31
316 |        0  0  0  0 -7-11-13-15-16-18-20-22-23-25-26-27-28-29-31
317 |        0  0  0  0 -8-11-13-15-16-18-20-22-23-25-26-27-28-30-31
318 |        0  0  0  0 -8-11-13-15-17-19-20-22-23-25-26-27-29-30-31
319 |        0  0  0  0 -8-11-13-15-17-19-20-22-23-25-26-28-29-30-31
320 |        0  0  0  0 -8-11-13-16-17-19-20-22-23-25-27-28-29-30-31
321 |        0  0  0  0 -8-11-13-16-17-19-20-22-23-26-27-28-29-30-31
322 |        0  0  0  0 -8-11-13-16-17-19-21-22-25-26-27-28-29-30-31
323 |        0  0  0  0 -8-11-13-16-17-19-21-23-25-26-27-28-29-30-31
324 |        0  0  0  0 -8-11-13-16-17-19-22-23-25-26-27-28-29-30-31
325 |        0  0  0  0 -8-11-13-16-17-19-21-23-25-26-27-28-29-30-31
326 |        0  0  0  0 -8-11-13-16-17-19-21-22-25-26-27-28-29-30-31
327 |        0  0  0  0 -8-11-13-15-17-19-21-22-23-26-27-28-29-30-31
328 |        0  0  0  0 -8-11-13-15-17-19-20-22-23-25-27-28-29-30-31
329 |        0  0  0  0 -8-11-13-15-17-19-20-22-23-25-26-28-29-30-31
330 |        0  0  0  0 -7-10-13-15-17-19-20-22-23-25-26-27-29-30-31
331 |        0  0  0  0 -6-10-13-15-17-19-20-22-23-25-26-27-28-30-31
332 |        0  0  0  0 -6-10-13-15-17-19-20-22-23-25-26-27-28-29-31
333 |        0  0  0  0 -6-10-13-15-17-19-20-22-23-25-26-27-28-29-30
334 |        0  0  0  0 -5-10-13-15-17-19-20-22-23-25-26-27-28-29  0
335 |  2 32  0  0  0  0 -5-10-13-15-17-19-20-22-23-25-26-27-28  0  0
336 |  2 32  0  0  0  0 -4-10-13-15-17-19-20-22-23-25-26-27  0  0  0
337 |  2 32  0  0  0  1 -4 -9-13-15-17-19-20-22-23-25-26  0  0  0  0
338 |  2 32  0  0  0  1 -3 -9-13-15-17-19-20-22-23-25  0  0  0  0  0
339 |  2 32  0  0  0  1 -3 -9-13-15-17-19-20-22-23  0  0  0  0  0  0
340 |  2 32  0  0  0  1 -4 -9-13-15-17-19-20-22  0  0  0  0  0  0  0
341 |  2 32  0  0  0  0 -4-10-13-15-17-19-20  0  0  0  0  0  0  0  0
342 |  2 32  0  0  0  0 -5-10-13-15-17-19  0  0  0  0  0  0  0  0  0
343 |  2 32  0  0  0  0 -5-10-13-15-17  0  0  0  0  0  0  0  0  0  0
344 |  2 32  0  0  0  0 -6-10-13-15  0  0  0  0  0  0  0  0  0  0  0
345 |        0  0  0  0 -6-10-13  0  0  0  0  0  0  0  0  0  0  0  0
346 |        0  0  0  0 -6-10  0  0  0  0  0  0  0  0  0  0  0  0  0
347 |        0  0  0  0 -7  0  0  0  0  0  0  0  0  0  0  0  0  0  0
348 |        0  0  0  0  0  0  0  0  0  0  0  0  0  0  0  0  0  0  0
349 |        0  0  0  0  0  0  0  0  0  0  0  0  0  0  0  0  0  0  0
350 |        0  0  0  0  0  0  0  0  0  0  0  0  0  0  0  0  0  0  0
351 |        0  0  0  0  0  0  0  0  0  0  0  0  0  0  0  0  0  0  0
352 |        0  0  0  0  0  0  0  0  0  0  0  0  0  0  0  0  0  0  0


  1 |                                                                                  
  2 | 335  1                                                                            
  3 | 335  1       0                                                                    
  4 | 335  1       0   1                                                                
  5 | 335  1       0   1   4                                                            
  6 | 335  1       0   1   4   4                                                        
  7 | 335  1       0   1   4   3                                                        
  8 | 335  1       0   1   3   2                                                        
  9 | 335  1       0   1   3                                                            
 10 | 335  1       0   0                                                                
 11 | 335  1       0                                                                    
 12 |                                                                                  
 13 |                                                                                  
 14 | 151  2       0                                                                    
 15 | 149  2       0   4   4                                                            
 16 | 145  2       0   4  10                                                            
 17 | 140  2       0   3   7   4                                                        
 18 | 134  2       0   1   5   1                                                        
 19 | 127  2       0   1   4   0                                                        
 20 | 119  2       1   2   5                                                            
 21 | 110  2       1   4   6                                                            
 22 | 101  2       1   4   6                                                            
 23 | 92  2       1   2   5   0                                                        
 24 | 83  2       0   1   4   0                                                        
 25 | 74  2       0   1   4   0                                                        
 26 | 66  2       0   3   5   0                                                        
 27 | 60  2       0   3   7   1                                                        
 28 | 56  2       0   3   6   2                                                        
 29 | 54  2       0   2   5                                                            
 30 | 54  2       0   1   3                                                            
 31 |                 0                                                                
 32 |                                                                                  
 33 |             0                                                                    
 34 |             0   0                                                                
 35 | 26  3       0   0   1                                                            
 36 | 26  3       0   0   1                                                            
 37 | 26  3       0   0   1                                                            
 38 | 26  3       0   0                                                                
 39 | 26  3       0                                                                    
 40 |                                                                                  
 41 |                                                                                  
 42 | 21  4       0                                                                    
 43 | 21  4       0   0                                                                
 44 | 21  4       0   0   0                                                            
 45 | 21  4       0   0   0                                                            
 46 |                 0   0                                                            
 47 |                     0                                                            
 48 |                                                                                  
 49 |                                                                                  
 50 |                                                                                  
 51 |                                                                                  
 52 |                                                                                  
 53 |                                                                                  
 54 |                                                                                  
 55 |                     1                                                            
 56 |                 0   2                                                            
 57 |             0   0   3                                                            
 58 |             0   1   4   0                                                        
 59 | 218  5       0   1   4   1                                                        
 60 | 218  5       0   1   4   1                                                        
 61 | 218  5       0   1   4   0                                                        
 62 | 218  5       0   0   3                                                            
 63 |                 0   2                                                            
 64 |                     0                                                            
 65 |                                                                                  
 66 |                 0                                                                
 67 |             0   0   3                                                            
 68 |             0   1   4   0                                                        
 69 | 214  6       0   1   4                                                            
 70 | 214  6       0   1   2                                                            
 71 | 214  6       0   0                                                                
 72 | 214  6       0                                                                    
 73 |                                                                                  
 74 |                                                                                  
 75 | 84  7       1   1   0                                                            
 76 | 84  7       1   5   3                                                            
 77 | 84  7       1   3   7                                                            
 78 | 84  7       0   2   4                                                            
 79 |                 0   2                                                            
 80 |                                                                                  
 81 |                     0                                                            
 82 |             0   2   2                                                            
 83 |             1   3   6                                                            
 84 | 75  8       1   4   8   0                                                        
 85 | 75  8       1   4   6                                                            
 86 | 75  8       1   2   1                                                            
 87 | 75  8       0                                                                    
 88 |                                                                                  
 89 |                                                                                  
 90 | 98  9       1   1   0                                                            
 91 | 98  9       1   5   3                                                            
 92 | 98  9       1   3   7                                                            
 93 | 98  9       0   2   4                                                            
 94 |                 0   0                                                            
 95 |                                                                                  
 96 |             0   0   0                                                            
 97 |             1   3   4                                                            
 98 | 90 10       1   4   8                                                            
 99 | 90 10       1   4   6                                                            
100 | 90 10       1   2   1                                                            
101 | 90 10       0                                                                    
102 |                                                                                  
103 |                                                                                  
104 | 210 11       0                                                                    
105 |             0                                                                    
106 |                                                                                  
107 |             0                                                                    
108 | 204 12       0   0                                                                
109 | 204 12       0   0   1                                                            
110 | 204 12       0   1   2                                                            
111 | 204 12       0   2   2                                                            
112 | 204 12       0   1   3                                                            
113 |                 0   2                                                            
114 |                     0                                                            
115 |                                                                                  
116 |                                                                                  
117 |                                                                                  
118 |                                                                                  
119 |                                                                                  
120 |                                                                                  
121 |                                                                                  
122 |                     0                                                            
123 |                 0   0                                                            
124 |             0   0   0                                                            
125 |             0   0   0                                                            
126 | 141 13       0   0   0                                                            
127 | 141 13       0   0   1                                                            
128 | 141 13       0   0   1                                                            
129 | 141 13       0   1   2                                                            
130 | 141 13       0   1   5   0                                                        
131 | 141 13       0   1   5   4                                                        
132 | 141 13       0   1   5   4                                                        
133 | 141 13       0   1   4   2                                                        
134 | 141 13       0   1   3   1                                                        
135 | 141 13       0   0   3                                                            
136 | 141 13       0   0   1                                                            
137 |                 0                                                                
138 |                                                                                  
139 |             0                                                                    
140 |             0   0                                                                
141 | 128 14       0   0   2                                                            
142 | 128 14       0   1   3                                                            
143 | 128 14       0   1   3                                                            
144 | 128 14       0   1   3   0                                                        
145 | 128 14       0   1   3                                                            
146 | 128 14       0   1   3                                                            
147 | 128 14       0   0   2                                                            
148 | 128 14       0   0                                                                
149 | 128 14       0                                                                    
150 |                                                                                  
151 |                                                                                  
152 | 125 15       0                                                                    
153 | 125 15       0   0                                                                
154 |                 0   0                                                            
155 |                     0                                                            
156 |                                                                                  
157 |                                                                                  
158 |                 0   2                                                            
159 |             0   1   3                                                            
160 |             0   2   5   1                                                        
161 | 174 16       0   3   7   3                                                        
162 | 174 16       0   3   8   4                                                        
163 | 174 16       0   3   8   4                                                        
164 | 174 16       0   3   7   3                                                        
165 | 174 16       0   2   5   1                                                        
166 | 174 16       0   1   3                                                            
167 |                 0   2                                                            
168 |                     0                                                            
169 |                                                                                  
170 |                                                                                  
171 |                 0   2                                                            
172 |             0   1   5   1                                                        
173 |             0   2   7   4                                                        
174 | 162 17       0   3   9   7                                                        
175 | 162 17       0   4  10   8                                                        
176 | 162 17       0   4  10   8                                                        
177 | 162 17       0   3   9   1                                                        
178 | 162 17       0   2   2                                                            
179 |             0                                                                    
180 |                                                                                  
181 |             0                                                                    
182 | 194 18       0   3   3                                                            
183 | 194 18       0   4  10   1                                                        
184 | 194 18       0   4  10   8                                                        
185 | 194 18       0   3   9   7                                                        
186 | 194 18       0   2   7   4                                                        
187 | 194 18       0   1   5   1                                                        
188 |                 0   2                                                            
189 |                     0                                                            
190 |                                                                                  
191 |                 0   1                                                            
192 |             0   1   5                                                            
193 |             0   2   7   4                                                        
194 | 182 19       0   3   9   7                                                        
195 | 182 19       0   4  10   8                                                        
196 | 182 19       0   4  10   8                                                        
197 | 182 19       0   3   9   1                                                        
198 | 182 19       0   2   2                                                            
199 | 182 19       0                                                                    
200 |                                                                                  
201 |                                                                                  
202 | 136 20       0                                                                    
203 | 136 20       0   2   0                                                            
204 | 136 20       0   2   4                                                            
205 | 136 20       0   1   0                                                            
206 | 136 20       0                                                                    
207 |                                                                                  
208 |                                                                                  
209 | 106 21       0                                                                    
210 | 106 21       0   1                                                                
211 | 106 21       0                                                                    
212 |                                                                                  
213 |                                                                                  
214 | 59 22       1   1                                                                
215 | 59 22       1   3   0                                                            
216 | 59 22       0   1   5                                                            
217 | 59 22       0   1   5   1                                                        
218 | 59 22       1   3   5   0                                                        
219 | 59 22       1   4   6                                                            
220 | 59 22       1   3   6                                                            
221 | 59 22       0   2   1                                                            
222 |                                                                                  
223 |                                                                                  
224 |             1   0   0                                                            
225 | 268 23       1   4   3                                                            
226 | 268 23       1   4   8                                                            
227 | 268 23       1   3   6   1                                                        
228 | 268 23       0   2   4                                                            
229 |                 0   2                                                            
230 |                                                                                  
231 |                                                                                  
232 |             0   1   1                                                            
233 |             0   2   5                                                            
234 | 258 24       0   3   6   2                                                        
235 | 258 24       0   3   7   2                                                        
236 | 258 24       0   3   6                                                            
237 | 258 24       0   2   1                                                            
238 | 258 24       0                                                                    
239 |                                                                                  
240 |                                                                                  
241 | 252 25       0                                                                    
242 | 252 25       0   1                                                                
243 | 252 25       0   1   2                                                            
244 |                 0   1                                                            
245 |                     0                                                            
246 |                                                                                  
247 |                                                                                  
248 |                     0                                                            
249 |                 0   1                                                            
250 |             0   1   2                                                            
251 |             0   1   3                                                            
252 | 241 26       0   2   3                                                            
253 | 241 26       0   1   3                                                            
254 | 241 26       0   1                                                                
255 |                                                                                  
256 |                                                                                  
257 |             0                                                                    
258 | 234 27       0   3   2                                                            
259 | 234 27       0   3   7                                                            
260 | 234 27       0   3   6   2                                                        
261 | 234 27       0   2   5   0                                                        
262 | 234 27       0   1   3                                                            
263 |                 0   2                                                            
264 |                                                                                  
265 |                     0                                                            
266 |             0   2   2                                                            
267 |             1   3   6                                                            
268 | 225 28       1   4   8   2                                                        
269 | 225 28       1   4   8   2                                                        
270 | 225 28       1   3   6   1                                                        
271 | 225 28       0   2   4                                                            
272 |                 0   2                                                            
273 |                     1                                                            
274 |                                                                                  
275 |                 0                                                                
276 |             0   0   3                                                            
277 |             0   1   4   2                                                        
278 | 290 29       0   1   5   5                                                        
279 | 290 29       0   1   6   7                                                        
280 | 290 29       0   2   7   8                                                        
281 | 290 29       0   2   7   8                                                        
282 | 290 29       0   1   6   7                                                        
283 | 290 29       0   1   5   5                                                        
284 | 290 29       0   1   4   0                                                        
285 | 290 29       0   0   1                                                            
286 |                 0                                                                
287 |                                                                                  
288 |             0                                                                    
289 |             0   1   0                                                            
290 | 278 30       0   1   5                                                            
291 | 278 30       0   1   6   7                                                        
292 | 278 30       0   2   7   8                                                        
293 | 278 30       0   2   7   8                                                        
294 | 278 30       0   1   6   7                                                        
295 | 278 30       0   1   5   5                                                        
296 | 278 30       0   1   4   2                                                        
297 | 278 30       0   0   3   0                                                        
298 |                 0   2                                                            
299 |                     1                                                            
300 |                                                                                  
301 |                                                                                  
302 |                                                                                  
303 |                                                                                  
304 |                     0                                                            
305 |                 0   0                                                            
306 |             0   0   0                                                            
307 |             0   0   0                                                            
308 | 14 31       0   0   1                                                            
309 | 14 31       0   0   1                                                            
310 | 14 31       0   0   1                                                            
311 | 14 31       0   0   1                                                            
312 | 14 31       0   0   0                                                            
313 | 14 31       0   0   0                                                            
314 |                 0   0                                                            
315 |                     0                                                            
316 |                                                                                  
317 |                                                                                  
318 |                                                                                  
319 |                                                                                  
320 |                                                                                  
321 |                                                                                  
322 |                                                                                  
323 |                                                                                  
324 |                                                                                  
325 |                                                                                  
326 |                                                                                  
327 |                                                                                  
328 |                                                                                  
329 |                                                                                  
330 |                                                                                  
331 |                     0                                                            
332 |                 0   1                                                            
333 |             0   0   1                                                            
334 |             0   0   2                                                            
335 |  2 32       0   1   3   0                                                        
336 |  2 32       0   1   3   2                                                        
337 |  2 32       0   1   4   3                                                        
338 |  2 32       0   1   4   4                                                        
339 |  2 32       0   1   4   4                                                        
340 |  2 32       0   1   4   3                                                        
341 |  2 32       0   1   3   2                                                        
342 |  2 32       0   1   3   0                                                        
343 |  2 32       0   0   2                                                            
344 |  2 32       0   0   1                                                            
345 |                 0   1                                                            
346 |                     0                                                            
347 |                                                                                  
348 |                                                                                  
349 |                                                                                  
350 |                                                                                  
351 |                                                                                  
352 |                                                                                  


 i = 342 j = 4 sum[i][j] = 176.917435
 i = 333 j = 4 sum[i][j] = 174.529236
 i = 326 j = 2 sum[i][j] = 172.142960
 i = 321 j = 2 sum[i][j] = 172.142960
 i = 316 j = 2 sum[i][j] = 172.142960
 i = 308 j = 4 sum[i][j] = 172.142960
 i = 301 j = 2 sum[i][j] = 170.719543
 i = 291 j = 5 sum[i][j] = 170.719543
 i = 279 j = 5 sum[i][j] = 161.725555
 i = 268 j = 4 sum[i][j] = 152.731567
 i = 259 j = 4 sum[i][j] = 144.679337
 i = 250 j = 4 sum[i][j] = 137.893585
 i = 242 j = 3 sum[i][j] = 134.760269
 i = 234 j = 4 sum[i][j] = 133.545425
 i = 225 j = 4 sum[i][j] = 126.325775
 i = 215 j = 4 sum[i][j] = 118.273537
 i = 203 j = 4 sum[i][j] = 112.646042
 i = 194 j = 4 sum[i][j] = 108.399986
 i = 183 j = 4 sum[i][j] = 98.010612
 i = 174 j = 4 sum[i][j] = 87.622353
 i = 162 j = 4 sum[i][j] = 77.232979
 i = 153 j = 4 sum[i][j] = 69.072502
 i = 143 j = 4 sum[i][j] = 68.486115
 i = 130 j = 4 sum[i][j] = 64.912926
 i = 121 j = 4 sum[i][j] = 59.305191
 i = 111 j = 4 sum[i][j] = 58.829433
 i = 104 j = 2 sum[i][j] = 55.535675
 i = 97 j = 4 sum[i][j] = 55.364094
 i = 90 j = 2 sum[i][j] = 47.311378
 i = 83 j = 4 sum[i][j] = 45.734314
 i = 75 j = 3 sum[i][j] = 37.681599
 i = 67 j = 4 sum[i][j] = 32.292496
 i = 58 j = 4 sum[i][j] = 28.267479
 i = 51 j = 2 sum[i][j] = 23.880003
 i = 44 j = 4 sum[i][j] = 23.880003
 i = 35 j = 4 sum[i][j] = 23.190935
 i = 26 j = 4 sum[i][j] = 21.948296
 i = 15 j = 4 sum[i][j] = 14.728642
 i = 5 j = 4 sum[i][j] = 4.340383

   2-10   12-20   23-31   32-40   41-49   50-54   55-63   64-72   73-79   80-88   89-93   94-102   103-107   108-116   118-126   127-135   140-148   150-158   159-167   171-179   180-188   191-199   200-208   212-220   222-230   231-239   240-246   247-255   256-264   265-273   275-285   287-297   300-304   305-313   315-319   320-324   325-329   330-338   339-347 tops = 176.917435
 i = 0 s = 176.917435


	2-10	 m = 5 w = 4
	12-20	 m = 15 w = 4
	23-31	 m = 26 w = 4
	32-40	 m = 35 w = 4
	41-49	 m = 44 w = 4
	50-54	 m = 51 w = 2
	55-63	 m = 58 w = 4
	64-72	 m = 67 w = 4
	73-79	 m = 75 w = 3
	80-88	 m = 83 w = 4
	89-93	 m = 90 w = 2
	94-102	 m = 97 w = 4
	103-107	 m = 104 w = 2
	108-116	 m = 111 w = 4
	118-126	 m = 121 w = 4
	127-135	 m = 130 w = 4
	140-148	 m = 143 w = 4
	150-158	 m = 153 w = 4
	159-167	 m = 162 w = 4
	171-179	 m = 174 w = 4
	180-188	 m = 183 w = 4
	191-199	 m = 194 w = 4
	200-208	 m = 203 w = 4
	212-220	 m = 215 w = 4
	222-230	 m = 225 w = 4
	231-239	 m = 234 w = 4
	240-246	 m = 242 w = 3
	247-255	 m = 250 w = 4
	256-264	 m = 259 w = 4
	265-273	 m = 268 w = 4
	275-285	 m = 279 w = 5
	287-297	 m = 291 w = 5
	300-304	 m = 301 w = 2
	305-313	 m = 308 w = 4
	315-319	 m = 316 w = 2
	320-324	 m = 321 w = 2
	325-329	 m = 326 w = 2
	330-338	 m = 333 w = 4
	339-347	 m = 342 w = 4
