
 SimRNA (c) 2009-2014 Genesilico, ver. 3.20

 program compiled as SimRNA3: 3 atoms per base

.reading parameteres
class RNAStructure: SimRNA3 flag is set

reading input pdb file: full.pdb
number of recognized chains: 1
number of read nucleotides: 67
number of read atoms: 1423
chains:
chain A contains 67 nucleotides
(in case of error messages nucleotide numbering starts from 1)
loading histrogram: ./data/dist_PC.data.new_hist   assigned_name: dist_PC.data.new_hist  DONE
loading histrogram: ./data/dist_CP.data.new_hist   assigned_name: dist_CP.data.new_hist  DONE
loading histrogram: ./data/angle_PCP.data.new_hist   assigned_name: angle_PCP.data.new_hist  DONE
loading histrogram: ./data/angle_CPC.data.new_hist   assigned_name: angle_CPC.data.new_hist  DONE
loading histrogram: ./data/eta_theta.data.new_hist   assigned_name: eta_theta.data.new_hist  DONE
reading conformers file: ./data/A_conformers
n_lines: 4766
   16    15    69    34    27 
   46    26   156    83    35 
   93   127  1269    89    50 
  187   157  1927    88    75 
   51    22    67    25    32 
DONE
reading conformers file: ./data/C_conformers
n_lines: 5164
    7     8    61    17     4 
   14    12   143    49    12 
   23   140  2110    21    24 
   88   101  2101    19    36 
   25    21   108     8    12 
DONE
reading conformers file: ./data/G_conformers
n_lines: 6375
   11     7    79    21    50 
   20    17   175    54    39 
   42   102  2774    90    34 
   61    94  2314    71   100 
   20    22   142    15    21 
DONE
reading conformers file: ./data/U_conformers
n_lines: 3617
    6     6    43    33    24 
   20    20   131    50    28 
   30    58  1412    30    24 
   64    82  1197    31    32 
   71    36   132    13    44 
DONE
loading histrogram: ./data/AA3.hist   assigned_name: AA3.hist  DONE
loading histrogram: ./data/AC3.hist   assigned_name: AC3.hist  DONE
loading histrogram: ./data/AG3.hist   assigned_name: AG3.hist  DONE
loading histrogram: ./data/AU3.hist   assigned_name: AU3.hist  DONE
loading histrogram: ./data/CA3.hist   assigned_name: CA3.hist  DONE
loading histrogram: ./data/CC3.hist   assigned_name: CC3.hist  DONE
loading histrogram: ./data/CG3.hist   assigned_name: CG3.hist  DONE
loading histrogram: ./data/CU3.hist   assigned_name: CU3.hist  DONE
loading histrogram: ./data/GA3.hist   assigned_name: GA3.hist  DONE
loading histrogram: ./data/GC3.hist   assigned_name: GC3.hist  DONE
loading histrogram: ./data/GG3.hist   assigned_name: GG3.hist  DONE
loading histrogram: ./data/GU3.hist   assigned_name: GU3.hist  DONE
loading histrogram: ./data/UA3.hist   assigned_name: UA3.hist  DONE
loading histrogram: ./data/UC3.hist   assigned_name: UC3.hist  DONE
loading histrogram: ./data/UG3.hist   assigned_name: UG3.hist  DONE
loading histrogram: ./data/UU3.hist   assigned_name: UU3.hist  DONE
loading histrogram: ./data/A-C4_3.hist   assigned_name: A-C4_3.hist  DONE
loading histrogram: ./data/C-C4_3.hist   assigned_name: C-C4_3.hist  DONE
loading histrogram: ./data/G-C4_3.hist   assigned_name: G-C4_3.hist  DONE
loading histrogram: ./data/U-C4_3.hist   assigned_name: U-C4_3.hist  DONE
loading histrogram: ./data/A-P_3.hist   assigned_name: A-P_3.hist  DONE
loading histrogram: ./data/C-P_3.hist   assigned_name: C-P_3.hist  DONE
loading histrogram: ./data/G-P_3.hist   assigned_name: G-P_3.hist  DONE
loading histrogram: ./data/U-P_3.hist   assigned_name: U-P_3.hist  DONE
loading histrogram: ./data/A_3_exvol.hist   assigned_name: A_3_exvol.hist  DONE
scaling: histogram A_3_exvol.hist was multiplied by 0.100000
loading histrogram: ./data/C_3_exvol.hist   assigned_name: C_3_exvol.hist  DONE
scaling: histogram C_3_exvol.hist was multiplied by 0.100000
loading histrogram: ./data/G_3_exvol.hist   assigned_name: G_3_exvol.hist  DONE
scaling: histogram G_3_exvol.hist was multiplied by 0.100000
loading histrogram: ./data/U_3_exvol.hist   assigned_name: U_3_exvol.hist  DONE
scaling: histogram U_3_exvol.hist was multiplied by 0.100000
DONE
reading distance restraints...
distance restraint added:
chain A atom MB nucl 43 and chain A atom MB nucl 55, unrestricted dist. range: 5.000 10.000, weight 1.000
distance restraint added:
chain A atom MB nucl 43 and chain A atom MB nucl 55, unrestricted dist. range: 5.000 10.000, weight 5.000
distance restraint added:
chain A atom MB nucl 44 and chain A atom MB nucl 54, unrestricted dist. range: 5.000 10.000, weight 1.000
distance restraint added:
chain A atom MB nucl 44 and chain A atom MB nucl 54, unrestricted dist. range: 5.000 10.000, weight 5.000
distance restraint added:
chain A atom MB nucl 15 and chain A atom MB nucl 27, unrestricted dist. range: 5.000 10.000, weight 1.000
distance restraint added:
chain A atom MB nucl 15 and chain A atom MB nucl 27, unrestricted dist. range: 5.000 10.000, weight 5.000
distance restraint added:
chain A atom MB nucl 16 and chain A atom MB nucl 26, unrestricted dist. range: 5.000 10.000, weight 1.000
distance restraint added:
chain A atom MB nucl 16 and chain A atom MB nucl 26, unrestricted dist. range: 5.000 10.000, weight 5.000
distance restraint added:
chain A atom MB nucl 42 and chain A atom MB nucl 56, unrestricted dist. range: 5.000 10.000, weight 1.000
distance restraint added:
chain A atom MB nucl 42 and chain A atom MB nucl 56, unrestricted dist. range: 5.000 10.000, weight 5.000
distance restraint added:
chain A atom MB nucl 41 and chain A atom MB nucl 57, unrestricted dist. range: 5.000 10.000, weight 1.000
distance restraint added:
chain A atom MB nucl 41 and chain A atom MB nucl 57, unrestricted dist. range: 5.000 10.000, weight 5.000
distance restraint added:
chain A atom MB nucl 13 and chain A atom MB nucl 29, unrestricted dist. range: 5.000 10.000, weight 1.000
distance restraint added:
chain A atom MB nucl 13 and chain A atom MB nucl 29, unrestricted dist. range: 5.000 10.000, weight 5.000
distance restraint added:
chain A atom MB nucl 14 and chain A atom MB nucl 28, unrestricted dist. range: 5.000 10.000, weight 1.000
distance restraint added:
chain A atom MB nucl 14 and chain A atom MB nucl 28, unrestricted dist. range: 5.000 10.000, weight 5.000
distance restraint added:
chain A atom MB nucl 45 and chain A atom MB nucl 53, unrestricted dist. range: 5.000 10.000, weight 1.000
distance restraint added:
chain A atom MB nucl 45 and chain A atom MB nucl 53, unrestricted dist. range: 5.000 10.000, weight 5.000
distance restraint added:
chain A atom MB nucl 4 and chain A atom MB nucl 64, unrestricted dist. range: 5.000 10.000, weight 1.000
distance restraint added:
chain A atom MB nucl 4 and chain A atom MB nucl 64, unrestricted dist. range: 5.000 10.000, weight 5.000
distance restraint added:
chain A atom MB nucl 17 and chain A atom MB nucl 25, unrestricted dist. range: 5.000 10.000, weight 1.000
distance restraint added:
chain A atom MB nucl 17 and chain A atom MB nucl 25, unrestricted dist. range: 5.000 10.000, weight 5.000
distance restraint added:
chain A atom MB nucl 2 and chain A atom MB nucl 66, unrestricted dist. range: 5.000 10.000, weight 1.000
distance restraint added:
chain A atom MB nucl 2 and chain A atom MB nucl 66, unrestricted dist. range: 5.000 10.000, weight 5.000
distance restraint added:
chain A atom MB nucl 40 and chain A atom MB nucl 58, unrestricted dist. range: 5.000 10.000, weight 1.000
distance restraint added:
chain A atom MB nucl 40 and chain A atom MB nucl 58, unrestricted dist. range: 5.000 10.000, weight 5.000
distance restraint added:
chain A atom MB nucl 12 and chain A atom MB nucl 30, unrestricted dist. range: 5.000 10.000, weight 1.000
distance restraint added:
chain A atom MB nucl 12 and chain A atom MB nucl 30, unrestricted dist. range: 5.000 10.000, weight 5.000
distance restraint added:
chain A atom MB nucl 11 and chain A atom MB nucl 31, unrestricted dist. range: 5.000 10.000, weight 1.000
distance restraint added:
chain A atom MB nucl 11 and chain A atom MB nucl 31, unrestricted dist. range: 5.000 10.000, weight 5.000
distance restraint added:
chain A atom MB nucl 5 and chain A atom MB nucl 63, unrestricted dist. range: 5.000 10.000, weight 1.000
distance restraint added:
chain A atom MB nucl 5 and chain A atom MB nucl 63, unrestricted dist. range: 5.000 10.000, weight 5.000
distance restraint added:
chain A atom MB nucl 1 and chain A atom MB nucl 67, unrestricted dist. range: 5.000 10.000, weight 1.000
distance restraint added:
chain A atom MB nucl 1 and chain A atom MB nucl 67, unrestricted dist. range: 5.000 10.000, weight 5.000
distance restraint added:
chain A atom MB nucl 3 and chain A atom MB nucl 65, unrestricted dist. range: 5.000 10.000, weight 1.000
distance restraint added:
chain A atom MB nucl 3 and chain A atom MB nucl 65, unrestricted dist. range: 5.000 10.000, weight 5.000
distance restraint added:
chain A atom MB nucl 7 and chain A atom MB nucl 61, unrestricted dist. range: 5.000 10.000, weight 1.000
distance restraint added:
chain A atom MB nucl 7 and chain A atom MB nucl 61, unrestricted dist. range: 5.000 10.000, weight 5.000
distance restraint added:
chain A atom MB nucl 40 and chain A atom MB nucl 59, unrestricted dist. range: 5.000 10.000, weight 1.000
distance restraint added:
chain A atom MB nucl 40 and chain A atom MB nucl 59, unrestricted dist. range: 5.000 10.000, weight 5.000
distance restraint added:
chain A atom MB nucl 19 and chain A atom MB nucl 52, unrestricted dist. range: 5.000 10.000, weight 1.000
distance restraint added:
chain A atom MB nucl 19 and chain A atom MB nucl 52, unrestricted dist. range: 5.000 10.000, weight 5.000
DONE

begin: void RNAStructureWithRestraints::initSecondStrcRestraints(const char* path)
RNAStructureWithRestraints::secondStrcWeight = 1.000000
chain: 1: _.(((((((..(.(((((.......))))).)......).((((((.......))))))..))))))._
nucl1: 16, chain1: 0, <--->  nucl2: 24, chain2: 0
secondary structure restraint added:
chainIndex_1: 0, nuclIndex_1: 16, chainIndex_2: 0, nuclIndex_2: 24
nucl1: 15, chain1: 0, <--->  nucl2: 25, chain2: 0
secondary structure restraint added:
chainIndex_1: 0, nuclIndex_1: 15, chainIndex_2: 0, nuclIndex_2: 25
nucl1: 14, chain1: 0, <--->  nucl2: 26, chain2: 0
secondary structure restraint added:
chainIndex_1: 0, nuclIndex_1: 14, chainIndex_2: 0, nuclIndex_2: 26
nucl1: 13, chain1: 0, <--->  nucl2: 27, chain2: 0
secondary structure restraint added:
chainIndex_1: 0, nuclIndex_1: 13, chainIndex_2: 0, nuclIndex_2: 27
nucl1: 12, chain1: 0, <--->  nucl2: 28, chain2: 0
secondary structure restraint added:
chainIndex_1: 0, nuclIndex_1: 12, chainIndex_2: 0, nuclIndex_2: 28
nucl1: 10, chain1: 0, <--->  nucl2: 30, chain2: 0
secondary structure restraint added:
chainIndex_1: 0, nuclIndex_1: 10, chainIndex_2: 0, nuclIndex_2: 30
nucl1: 7, chain1: 0, <--->  nucl2: 37, chain2: 0
secondary structure restraint added:
chainIndex_1: 0, nuclIndex_1: 7, chainIndex_2: 0, nuclIndex_2: 37
nucl1: 44, chain1: 0, <--->  nucl2: 52, chain2: 0
secondary structure restraint added:
chainIndex_1: 0, nuclIndex_1: 44, chainIndex_2: 0, nuclIndex_2: 52
nucl1: 43, chain1: 0, <--->  nucl2: 53, chain2: 0
secondary structure restraint added:
chainIndex_1: 0, nuclIndex_1: 43, chainIndex_2: 0, nuclIndex_2: 53
nucl1: 42, chain1: 0, <--->  nucl2: 54, chain2: 0
secondary structure restraint added:
chainIndex_1: 0, nuclIndex_1: 42, chainIndex_2: 0, nuclIndex_2: 54
nucl1: 41, chain1: 0, <--->  nucl2: 55, chain2: 0
secondary structure restraint added:
chainIndex_1: 0, nuclIndex_1: 41, chainIndex_2: 0, nuclIndex_2: 55
nucl1: 40, chain1: 0, <--->  nucl2: 56, chain2: 0
secondary structure restraint added:
chainIndex_1: 0, nuclIndex_1: 40, chainIndex_2: 0, nuclIndex_2: 56
nucl1: 39, chain1: 0, <--->  nucl2: 57, chain2: 0
secondary structure restraint added:
chainIndex_1: 0, nuclIndex_1: 39, chainIndex_2: 0, nuclIndex_2: 57
nucl1: 6, chain1: 0, <--->  nucl2: 60, chain2: 0
secondary structure restraint added:
chainIndex_1: 0, nuclIndex_1: 6, chainIndex_2: 0, nuclIndex_2: 60
nucl1: 5, chain1: 0, <--->  nucl2: 61, chain2: 0
secondary structure restraint added:
chainIndex_1: 0, nuclIndex_1: 5, chainIndex_2: 0, nuclIndex_2: 61
nucl1: 4, chain1: 0, <--->  nucl2: 62, chain2: 0
secondary structure restraint added:
chainIndex_1: 0, nuclIndex_1: 4, chainIndex_2: 0, nuclIndex_2: 62
nucl1: 3, chain1: 0, <--->  nucl2: 63, chain2: 0
secondary structure restraint added:
chainIndex_1: 0, nuclIndex_1: 3, chainIndex_2: 0, nuclIndex_2: 63
nucl1: 2, chain1: 0, <--->  nucl2: 64, chain2: 0
secondary structure restraint added:
chainIndex_1: 0, nuclIndex_1: 2, chainIndex_2: 0, nuclIndex_2: 64
nucl1: 1, chain1: 0, <--->  nucl2: 65, chain2: 0
secondary structure restraint added:
chainIndex_1: 0, nuclIndex_1: 1, chainIndex_2: 0, nuclIndex_2: 65
 end: void RNAStructureWithRestraints::initSecondStrcRestraints(const char* path)
---------DistanceRestraint, restrsMode: SLOPE --------
first  atom: chain: A, nucl: 1 atom: MB
second atom: chain: A, nucl: 67 atom: MB
desired distance should be from 5.000 to 10.000, weight: 1.000
current distance is: 7.411, current score: 0.000
----------------------------
---------DistanceRestraint, restrsMode: WELL --------
first  atom: chain: A, nucl: 1 atom: MB
second atom: chain: A, nucl: 67 atom: MB
desired distance should be from 5.000 to 10.000, weight: 5.000
current distance is: 7.411, current score: -5.000
----------------------------
---------DistanceRestraint, restrsMode: SLOPE --------
first  atom: chain: A, nucl: 2 atom: MB
second atom: chain: A, nucl: 66 atom: MB
desired distance should be from 5.000 to 10.000, weight: 1.000
current distance is: 6.940, current score: 0.000
----------------------------
---------DistanceRestraint, restrsMode: WELL --------
first  atom: chain: A, nucl: 2 atom: MB
second atom: chain: A, nucl: 66 atom: MB
desired distance should be from 5.000 to 10.000, weight: 5.000
current distance is: 6.940, current score: -5.000
----------------------------
---------SecondStrcRestraint----------
first  atom: chain: A, nucl:   2
second atom: chain: A, nucl:  66
current score: 0.036
--------------------------------------
---------DistanceRestraint, restrsMode: SLOPE --------
first  atom: chain: A, nucl: 3 atom: MB
second atom: chain: A, nucl: 65 atom: MB
desired distance should be from 5.000 to 10.000, weight: 1.000
current distance is: 6.632, current score: 0.000
----------------------------
---------DistanceRestraint, restrsMode: WELL --------
first  atom: chain: A, nucl: 3 atom: MB
second atom: chain: A, nucl: 65 atom: MB
desired distance should be from 5.000 to 10.000, weight: 5.000
current distance is: 6.632, current score: -5.000
----------------------------
---------SecondStrcRestraint----------
first  atom: chain: A, nucl:   3
second atom: chain: A, nucl:  65
current score: 0.000
--------------------------------------
---------DistanceRestraint, restrsMode: SLOPE --------
first  atom: chain: A, nucl: 4 atom: MB
second atom: chain: A, nucl: 64 atom: MB
desired distance should be from 5.000 to 10.000, weight: 1.000
current distance is: 6.565, current score: 0.000
----------------------------
---------DistanceRestraint, restrsMode: WELL --------
first  atom: chain: A, nucl: 4 atom: MB
second atom: chain: A, nucl: 64 atom: MB
desired distance should be from 5.000 to 10.000, weight: 5.000
current distance is: 6.565, current score: -5.000
----------------------------
---------SecondStrcRestraint----------
first  atom: chain: A, nucl:   4
second atom: chain: A, nucl:  64
current score: 0.000
--------------------------------------
---------DistanceRestraint, restrsMode: SLOPE --------
first  atom: chain: A, nucl: 5 atom: MB
second atom: chain: A, nucl: 63 atom: MB
desired distance should be from 5.000 to 10.000, weight: 1.000
current distance is: 6.467, current score: 0.000
----------------------------
---------DistanceRestraint, restrsMode: WELL --------
first  atom: chain: A, nucl: 5 atom: MB
second atom: chain: A, nucl: 63 atom: MB
desired distance should be from 5.000 to 10.000, weight: 5.000
current distance is: 6.467, current score: -5.000
----------------------------
---------SecondStrcRestraint----------
first  atom: chain: A, nucl:   5
second atom: chain: A, nucl:  63
current score: 0.000
--------------------------------------
---------SecondStrcRestraint----------
first  atom: chain: A, nucl:   6
second atom: chain: A, nucl:  62
current score: 0.000
--------------------------------------
---------DistanceRestraint, restrsMode: SLOPE --------
first  atom: chain: A, nucl: 7 atom: MB
second atom: chain: A, nucl: 61 atom: MB
desired distance should be from 5.000 to 10.000, weight: 1.000
current distance is: 6.464, current score: 0.000
----------------------------
---------DistanceRestraint, restrsMode: WELL --------
first  atom: chain: A, nucl: 7 atom: MB
second atom: chain: A, nucl: 61 atom: MB
desired distance should be from 5.000 to 10.000, weight: 5.000
current distance is: 6.464, current score: -5.000
----------------------------
---------SecondStrcRestraint----------
first  atom: chain: A, nucl:   7
second atom: chain: A, nucl:  61
current score: 0.000
--------------------------------------
---------SecondStrcRestraint----------
first  atom: chain: A, nucl:   8
second atom: chain: A, nucl:  38
current score: 0.000
--------------------------------------
---------DistanceRestraint, restrsMode: SLOPE --------
first  atom: chain: A, nucl: 11 atom: MB
second atom: chain: A, nucl: 31 atom: MB
desired distance should be from 5.000 to 10.000, weight: 1.000
current distance is: 6.530, current score: 0.000
----------------------------
---------DistanceRestraint, restrsMode: WELL --------
first  atom: chain: A, nucl: 11 atom: MB
second atom: chain: A, nucl: 31 atom: MB
desired distance should be from 5.000 to 10.000, weight: 5.000
current distance is: 6.530, current score: -5.000
----------------------------
---------SecondStrcRestraint----------
first  atom: chain: A, nucl:  11
second atom: chain: A, nucl:  31
current score: 0.000
--------------------------------------
---------DistanceRestraint, restrsMode: SLOPE --------
first  atom: chain: A, nucl: 12 atom: MB
second atom: chain: A, nucl: 30 atom: MB
desired distance should be from 5.000 to 10.000, weight: 1.000
current distance is: 7.019, current score: 0.000
----------------------------
---------DistanceRestraint, restrsMode: WELL --------
first  atom: chain: A, nucl: 12 atom: MB
second atom: chain: A, nucl: 30 atom: MB
desired distance should be from 5.000 to 10.000, weight: 5.000
current distance is: 7.019, current score: -5.000
----------------------------
---------DistanceRestraint, restrsMode: SLOPE --------
first  atom: chain: A, nucl: 13 atom: MB
second atom: chain: A, nucl: 29 atom: MB
desired distance should be from 5.000 to 10.000, weight: 1.000
current distance is: 6.615, current score: 0.000
----------------------------
---------DistanceRestraint, restrsMode: WELL --------
first  atom: chain: A, nucl: 13 atom: MB
second atom: chain: A, nucl: 29 atom: MB
desired distance should be from 5.000 to 10.000, weight: 5.000
current distance is: 6.615, current score: -5.000
----------------------------
---------SecondStrcRestraint----------
first  atom: chain: A, nucl:  13
second atom: chain: A, nucl:  29
current score: 0.000
--------------------------------------
---------DistanceRestraint, restrsMode: SLOPE --------
first  atom: chain: A, nucl: 14 atom: MB
second atom: chain: A, nucl: 28 atom: MB
desired distance should be from 5.000 to 10.000, weight: 1.000
current distance is: 6.539, current score: 0.000
----------------------------
---------DistanceRestraint, restrsMode: WELL --------
first  atom: chain: A, nucl: 14 atom: MB
second atom: chain: A, nucl: 28 atom: MB
desired distance should be from 5.000 to 10.000, weight: 5.000
current distance is: 6.539, current score: -5.000
----------------------------
---------SecondStrcRestraint----------
first  atom: chain: A, nucl:  14
second atom: chain: A, nucl:  28
current score: 0.000
--------------------------------------
---------DistanceRestraint, restrsMode: SLOPE --------
first  atom: chain: A, nucl: 15 atom: MB
second atom: chain: A, nucl: 27 atom: MB
desired distance should be from 5.000 to 10.000, weight: 1.000
current distance is: 6.504, current score: 0.000
----------------------------
---------DistanceRestraint, restrsMode: WELL --------
first  atom: chain: A, nucl: 15 atom: MB
second atom: chain: A, nucl: 27 atom: MB
desired distance should be from 5.000 to 10.000, weight: 5.000
current distance is: 6.504, current score: -5.000
----------------------------
---------SecondStrcRestraint----------
first  atom: chain: A, nucl:  15
second atom: chain: A, nucl:  27
current score: 0.000
--------------------------------------
---------DistanceRestraint, restrsMode: SLOPE --------
first  atom: chain: A, nucl: 16 atom: MB
second atom: chain: A, nucl: 26 atom: MB
desired distance should be from 5.000 to 10.000, weight: 1.000
current distance is: 6.462, current score: 0.000
----------------------------
---------DistanceRestraint, restrsMode: WELL --------
first  atom: chain: A, nucl: 16 atom: MB
second atom: chain: A, nucl: 26 atom: MB
desired distance should be from 5.000 to 10.000, weight: 5.000
current distance is: 6.462, current score: -5.000
----------------------------
---------SecondStrcRestraint----------
first  atom: chain: A, nucl:  16
second atom: chain: A, nucl:  26
current score: 0.000
--------------------------------------
---------DistanceRestraint, restrsMode: SLOPE --------
first  atom: chain: A, nucl: 17 atom: MB
second atom: chain: A, nucl: 25 atom: MB
desired distance should be from 5.000 to 10.000, weight: 1.000
current distance is: 6.516, current score: 0.000
----------------------------
---------DistanceRestraint, restrsMode: WELL --------
first  atom: chain: A, nucl: 17 atom: MB
second atom: chain: A, nucl: 25 atom: MB
desired distance should be from 5.000 to 10.000, weight: 5.000
current distance is: 6.516, current score: -5.000
----------------------------
---------SecondStrcRestraint----------
first  atom: chain: A, nucl:  17
second atom: chain: A, nucl:  25
current score: 0.000
--------------------------------------
---------DistanceRestraint, restrsMode: SLOPE --------
first  atom: chain: A, nucl: 19 atom: MB
second atom: chain: A, nucl: 52 atom: MB
desired distance should be from 5.000 to 10.000, weight: 1.000
current distance is: 6.913, current score: 0.000
----------------------------
---------DistanceRestraint, restrsMode: WELL --------
first  atom: chain: A, nucl: 19 atom: MB
second atom: chain: A, nucl: 52 atom: MB
desired distance should be from 5.000 to 10.000, weight: 5.000
current distance is: 6.913, current score: -5.000
----------------------------
---------DistanceRestraint, restrsMode: SLOPE --------
first  atom: chain: A, nucl: 40 atom: MB
second atom: chain: A, nucl: 58 atom: MB
desired distance should be from 5.000 to 10.000, weight: 1.000
current distance is: 6.520, current score: 0.000
----------------------------
---------DistanceRestraint, restrsMode: WELL --------
first  atom: chain: A, nucl: 40 atom: MB
second atom: chain: A, nucl: 58 atom: MB
desired distance should be from 5.000 to 10.000, weight: 5.000
current distance is: 6.520, current score: -5.000
----------------------------
---------DistanceRestraint, restrsMode: SLOPE --------
first  atom: chain: A, nucl: 40 atom: MB
second atom: chain: A, nucl: 59 atom: MB
desired distance should be from 5.000 to 10.000, weight: 1.000
current distance is: 7.516, current score: 0.000
----------------------------
---------DistanceRestraint, restrsMode: WELL --------
first  atom: chain: A, nucl: 40 atom: MB
second atom: chain: A, nucl: 59 atom: MB
desired distance should be from 5.000 to 10.000, weight: 5.000
current distance is: 7.516, current score: -5.000
----------------------------
---------SecondStrcRestraint----------
first  atom: chain: A, nucl:  40
second atom: chain: A, nucl:  58
current score: 0.000
--------------------------------------
---------DistanceRestraint, restrsMode: SLOPE --------
first  atom: chain: A, nucl: 41 atom: MB
second atom: chain: A, nucl: 57 atom: MB
desired distance should be from 5.000 to 10.000, weight: 1.000
current distance is: 6.612, current score: 0.000
----------------------------
---------DistanceRestraint, restrsMode: WELL --------
first  atom: chain: A, nucl: 41 atom: MB
second atom: chain: A, nucl: 57 atom: MB
desired distance should be from 5.000 to 10.000, weight: 5.000
current distance is: 6.612, current score: -5.000
----------------------------
---------SecondStrcRestraint----------
first  atom: chain: A, nucl:  41
second atom: chain: A, nucl:  57
current score: 0.000
--------------------------------------
---------DistanceRestraint, restrsMode: SLOPE --------
first  atom: chain: A, nucl: 42 atom: MB
second atom: chain: A, nucl: 56 atom: MB
desired distance should be from 5.000 to 10.000, weight: 1.000
current distance is: 6.566, current score: 0.000
----------------------------
---------DistanceRestraint, restrsMode: WELL --------
first  atom: chain: A, nucl: 42 atom: MB
second atom: chain: A, nucl: 56 atom: MB
desired distance should be from 5.000 to 10.000, weight: 5.000
current distance is: 6.566, current score: -5.000
----------------------------
---------SecondStrcRestraint----------
first  atom: chain: A, nucl:  42
second atom: chain: A, nucl:  56
current score: 0.000
--------------------------------------
---------DistanceRestraint, restrsMode: SLOPE --------
first  atom: chain: A, nucl: 43 atom: MB
second atom: chain: A, nucl: 55 atom: MB
desired distance should be from 5.000 to 10.000, weight: 1.000
current distance is: 6.621, current score: 0.000
----------------------------
---------DistanceRestraint, restrsMode: WELL --------
first  atom: chain: A, nucl: 43 atom: MB
second atom: chain: A, nucl: 55 atom: MB
desired distance should be from 5.000 to 10.000, weight: 5.000
current distance is: 6.621, current score: -5.000
----------------------------
---------SecondStrcRestraint----------
first  atom: chain: A, nucl:  43
second atom: chain: A, nucl:  55
current score: 0.000
--------------------------------------
---------DistanceRestraint, restrsMode: SLOPE --------
first  atom: chain: A, nucl: 44 atom: MB
second atom: chain: A, nucl: 54 atom: MB
desired distance should be from 5.000 to 10.000, weight: 1.000
current distance is: 6.534, current score: 0.000
----------------------------
---------DistanceRestraint, restrsMode: WELL --------
first  atom: chain: A, nucl: 44 atom: MB
second atom: chain: A, nucl: 54 atom: MB
desired distance should be from 5.000 to 10.000, weight: 5.000
current distance is: 6.534, current score: -5.000
----------------------------
---------SecondStrcRestraint----------
first  atom: chain: A, nucl:  44
second atom: chain: A, nucl:  54
current score: 0.000
--------------------------------------
---------DistanceRestraint, restrsMode: SLOPE --------
first  atom: chain: A, nucl: 45 atom: MB
second atom: chain: A, nucl: 53 atom: MB
desired distance should be from 5.000 to 10.000, weight: 1.000
current distance is: 6.540, current score: 0.000
----------------------------
---------DistanceRestraint, restrsMode: WELL --------
first  atom: chain: A, nucl: 45 atom: MB
second atom: chain: A, nucl: 53 atom: MB
desired distance should be from 5.000 to 10.000, weight: 5.000
current distance is: 6.540, current score: -5.000
----------------------------
---------SecondStrcRestraint----------
first  atom: chain: A, nucl:  45
second atom: chain: A, nucl:  53
current score: 0.000
--------------------------------------

random seed = 1466613522
number of iterations = 11001
trajectory write in every 1000 iterations
initTemp  = 2.000
finalTemp = 1.000
tempStep = -9.090083e-05
DONE

.calculating
==================================
Write number: 1

Temperature: 2.000000

Total energy of system -932.121051
where:
	Base-Base interactions energy -510.776
	where:  short stacking energy -186.572 

	Base-Backbone interact. energy   -2.500

	Local geometry energy -313.881358
	where:
		bonds (distance)  C4'-P  energy:  -48.953
		bonds (distance)  P-C4'  energy:  -52.592
		flat angles   C4'-P-C4'  energy:  -45.418
		flat angles    P-C4'-P   energy:  -28.809
		tors. eta vs tors. theta energy: -138.109
	dist. restrs. and SS energy: -104.964
==================================
.    1000 current Temp. =  1.909
==================================
Write number: 2

Temperature: 1.909190

Total energy of system -519.175591
where:
	Base-Base interactions energy -257.065
	where:  short stacking energy -104.879 

	Base-Backbone interact. energy    0.312

	Local geometry energy -167.116438
	where:
		bonds (distance)  C4'-P  energy:  -11.459
		bonds (distance)  P-C4'  energy:   -6.838
		flat angles   C4'-P-C4'  energy:  -23.386
		flat angles    P-C4'-P   energy:   -9.854
		tors. eta vs tors. theta energy: -115.580
	dist. restrs. and SS energy:  -95.307
==================================
.    2000 current Temp. =  1.818
==================================
Write number: 3

Temperature: 1.818289

Total energy of system -628.985166
where:
	Base-Base interactions energy -339.395
	where:  short stacking energy -136.850 

	Base-Backbone interact. energy    0.885

	Local geometry energy -191.053528
	where:
		bonds (distance)  C4'-P  energy:  -17.688
		bonds (distance)  P-C4'  energy:   -8.992
		flat angles   C4'-P-C4'  energy:  -24.264
		flat angles    P-C4'-P   energy:  -23.146
		tors. eta vs tors. theta energy: -116.964
	dist. restrs. and SS energy:  -99.422
==================================
.    3000 current Temp. =  1.727
==================================
Write number: 4

Temperature: 1.727388

Total energy of system -579.996348
where:
	Base-Base interactions energy -317.829
	where:  short stacking energy -119.390 

	Base-Backbone interact. energy   -1.189

	Local geometry energy -158.931330
	where:
		bonds (distance)  C4'-P  energy:   -9.998
		bonds (distance)  P-C4'  energy:   -7.521
		flat angles   C4'-P-C4'  energy:  -26.622
		flat angles    P-C4'-P   energy:  -16.641
		tors. eta vs tors. theta energy:  -98.150
	dist. restrs. and SS energy: -102.047
==================================
.    4000 current Temp. =  1.636
==================================
Write number: 5

Temperature: 1.636488

Total energy of system -629.630249
where:
	Base-Base interactions energy -329.465
	where:  short stacking energy -140.932 

	Base-Backbone interact. energy   -1.154

	Local geometry energy -200.661197
	where:
		bonds (distance)  C4'-P  energy:  -21.448
		bonds (distance)  P-C4'  energy:  -23.033
		flat angles   C4'-P-C4'  energy:  -31.229
		flat angles    P-C4'-P   energy:  -12.914
		tors. eta vs tors. theta energy: -112.038
	dist. restrs. and SS energy:  -98.350
==================================
.    5000 current Temp. =  1.546
==================================
Write number: 6

Temperature: 1.545587

Total energy of system -613.360630
where:
	Base-Base interactions energy -284.303
	where:  short stacking energy -124.758 

	Base-Backbone interact. energy    0.449

	Local geometry energy -230.559420
	where:
		bonds (distance)  C4'-P  energy:  -26.461
		bonds (distance)  P-C4'  energy:  -26.102
		flat angles   C4'-P-C4'  energy:  -37.895
		flat angles    P-C4'-P   energy:  -14.808
		tors. eta vs tors. theta energy: -125.293
	dist. restrs. and SS energy:  -98.947
==================================
.    6000 current Temp. =  1.455
==================================
Write number: 7

Temperature: 1.454686

Total energy of system -659.984421
where:
	Base-Base interactions energy -324.474
	where:  short stacking energy -124.495 

	Base-Backbone interact. energy   -1.002

	Local geometry energy -233.765960
	where:
		bonds (distance)  C4'-P  energy:  -16.652
		bonds (distance)  P-C4'  energy:  -28.725
		flat angles   C4'-P-C4'  energy:  -35.909
		flat angles    P-C4'-P   energy:  -16.523
		tors. eta vs tors. theta energy: -135.957
	dist. restrs. and SS energy: -100.742
==================================
.    7000 current Temp. =  1.364
==================================
Write number: 8

Temperature: 1.363785

Total energy of system -686.449343
where:
	Base-Base interactions energy -356.221
	where:  short stacking energy -149.290 

	Base-Backbone interact. energy   -0.368

	Local geometry energy -232.223037
	where:
		bonds (distance)  C4'-P  energy:  -22.214
		bonds (distance)  P-C4'  energy:  -23.814
		flat angles   C4'-P-C4'  energy:  -41.813
		flat angles    P-C4'-P   energy:  -18.839
		tors. eta vs tors. theta energy: -125.543
	dist. restrs. and SS energy:  -97.637
==================================
.    8000 current Temp. =  1.273
==================================
Write number: 9

Temperature: 1.272884

Total energy of system -716.703257
where:
	Base-Base interactions energy -359.539
	where:  short stacking energy -150.048 

	Base-Backbone interact. energy   -1.036

	Local geometry energy -254.104770
	where:
		bonds (distance)  C4'-P  energy:  -35.880
		bonds (distance)  P-C4'  energy:  -23.026
		flat angles   C4'-P-C4'  energy:  -34.206
		flat angles    P-C4'-P   energy:  -19.791
		tors. eta vs tors. theta energy: -141.201
	dist. restrs. and SS energy: -102.023
==================================
.    9000 current Temp. =  1.182
==================================
Write number: 10

Temperature: 1.181983

Total energy of system -769.085747
where:
	Base-Base interactions energy -396.235
	where:  short stacking energy -165.250 

	Base-Backbone interact. energy   -1.032

	Local geometry energy -277.904005
	where:
		bonds (distance)  C4'-P  energy:  -38.209
		bonds (distance)  P-C4'  energy:  -39.686
		flat angles   C4'-P-C4'  energy:  -40.050
		flat angles    P-C4'-P   energy:  -22.391
		tors. eta vs tors. theta energy: -137.568
	dist. restrs. and SS energy:  -93.915
==================================
.   10000 current Temp. =  1.091
==================================
Write number: 11

Temperature: 1.091083

Total energy of system -805.663861
where:
	Base-Base interactions energy -431.025
	where:  short stacking energy -182.131 

	Base-Backbone interact. energy   -0.085

	Local geometry energy -271.209013
	where:
		bonds (distance)  C4'-P  energy:  -27.841
		bonds (distance)  P-C4'  energy:  -32.350
		flat angles   C4'-P-C4'  energy:  -31.908
		flat angles    P-C4'-P   energy:  -27.952
		tors. eta vs tors. theta energy: -151.158
	dist. restrs. and SS energy: -103.344
==================================
.   11000 current Temp. =  1.000
==================================
Write number: 12

Temperature: 1.000182

Total energy of system -833.095960
where:
	Base-Base interactions energy -425.710
	where:  short stacking energy -186.170 

	Base-Backbone interact. energy    0.374

	Local geometry energy -308.706582
	where:
		bonds (distance)  C4'-P  energy:  -32.232
		bonds (distance)  P-C4'  energy:  -23.570
		flat angles   C4'-P-C4'  energy:  -45.694
		flat angles    P-C4'-P   energy:  -34.558
		tors. eta vs tors. theta energy: -172.653
	dist. restrs. and SS energy:  -99.054


.writing output

current chain energy: -828.767579
recalc. chain energy: -828.767579
---------DistanceRestraint, restrsMode: SLOPE --------
first  atom: chain: A, nucl: 1 atom: MB
second atom: chain: A, nucl: 67 atom: MB
desired distance should be from 5.000 to 10.000, weight: 1.000
current distance is: 7.054, current score: 0.000
----------------------------
---------DistanceRestraint, restrsMode: WELL --------
first  atom: chain: A, nucl: 1 atom: MB
second atom: chain: A, nucl: 67 atom: MB
desired distance should be from 5.000 to 10.000, weight: 5.000
current distance is: 7.054, current score: -5.000
----------------------------
---------DistanceRestraint, restrsMode: SLOPE --------
first  atom: chain: A, nucl: 2 atom: MB
second atom: chain: A, nucl: 66 atom: MB
desired distance should be from 5.000 to 10.000, weight: 1.000
current distance is: 7.226, current score: 0.000
----------------------------
---------DistanceRestraint, restrsMode: WELL --------
first  atom: chain: A, nucl: 2 atom: MB
second atom: chain: A, nucl: 66 atom: MB
desired distance should be from 5.000 to 10.000, weight: 5.000
current distance is: 7.226, current score: -5.000
----------------------------
---------SecondStrcRestraint----------
first  atom: chain: A, nucl:   2
second atom: chain: A, nucl:  66
current score: 0.007
--------------------------------------
---------DistanceRestraint, restrsMode: SLOPE --------
first  atom: chain: A, nucl: 3 atom: MB
second atom: chain: A, nucl: 65 atom: MB
desired distance should be from 5.000 to 10.000, weight: 1.000
current distance is: 7.121, current score: 0.000
----------------------------
---------DistanceRestraint, restrsMode: WELL --------
first  atom: chain: A, nucl: 3 atom: MB
second atom: chain: A, nucl: 65 atom: MB
desired distance should be from 5.000 to 10.000, weight: 5.000
current distance is: 7.121, current score: -5.000
----------------------------
---------SecondStrcRestraint----------
first  atom: chain: A, nucl:   3
second atom: chain: A, nucl:  65
current score: 0.002
--------------------------------------
---------DistanceRestraint, restrsMode: SLOPE --------
first  atom: chain: A, nucl: 4 atom: MB
second atom: chain: A, nucl: 64 atom: MB
desired distance should be from 5.000 to 10.000, weight: 1.000
current distance is: 6.658, current score: 0.000
----------------------------
---------DistanceRestraint, restrsMode: WELL --------
first  atom: chain: A, nucl: 4 atom: MB
second atom: chain: A, nucl: 64 atom: MB
desired distance should be from 5.000 to 10.000, weight: 5.000
current distance is: 6.658, current score: -5.000
----------------------------
---------SecondStrcRestraint----------
first  atom: chain: A, nucl:   4
second atom: chain: A, nucl:  64
current score: 0.000
--------------------------------------
---------DistanceRestraint, restrsMode: SLOPE --------
first  atom: chain: A, nucl: 5 atom: MB
second atom: chain: A, nucl: 63 atom: MB
desired distance should be from 5.000 to 10.000, weight: 1.000
current distance is: 7.222, current score: 0.000
----------------------------
---------DistanceRestraint, restrsMode: WELL --------
first  atom: chain: A, nucl: 5 atom: MB
second atom: chain: A, nucl: 63 atom: MB
desired distance should be from 5.000 to 10.000, weight: 5.000
current distance is: 7.222, current score: -5.000
----------------------------
---------SecondStrcRestraint----------
first  atom: chain: A, nucl:   5
second atom: chain: A, nucl:  63
current score: 0.159
--------------------------------------
---------SecondStrcRestraint----------
first  atom: chain: A, nucl:   6
second atom: chain: A, nucl:  62
current score: 0.002
--------------------------------------
---------DistanceRestraint, restrsMode: SLOPE --------
first  atom: chain: A, nucl: 7 atom: MB
second atom: chain: A, nucl: 61 atom: MB
desired distance should be from 5.000 to 10.000, weight: 1.000
current distance is: 6.662, current score: 0.000
----------------------------
---------DistanceRestraint, restrsMode: WELL --------
first  atom: chain: A, nucl: 7 atom: MB
second atom: chain: A, nucl: 61 atom: MB
desired distance should be from 5.000 to 10.000, weight: 5.000
current distance is: 6.662, current score: -5.000
----------------------------
---------SecondStrcRestraint----------
first  atom: chain: A, nucl:   7
second atom: chain: A, nucl:  61
current score: 0.000
--------------------------------------
---------SecondStrcRestraint----------
first  atom: chain: A, nucl:   8
second atom: chain: A, nucl:  38
current score: 3.133
--------------------------------------
---------DistanceRestraint, restrsMode: SLOPE --------
first  atom: chain: A, nucl: 11 atom: MB
second atom: chain: A, nucl: 31 atom: MB
desired distance should be from 5.000 to 10.000, weight: 1.000
current distance is: 7.876, current score: 0.000
----------------------------
---------DistanceRestraint, restrsMode: WELL --------
first  atom: chain: A, nucl: 11 atom: MB
second atom: chain: A, nucl: 31 atom: MB
desired distance should be from 5.000 to 10.000, weight: 5.000
current distance is: 7.876, current score: -5.000
----------------------------
---------SecondStrcRestraint----------
first  atom: chain: A, nucl:  11
second atom: chain: A, nucl:  31
current score: 1.414
--------------------------------------
---------DistanceRestraint, restrsMode: SLOPE --------
first  atom: chain: A, nucl: 12 atom: MB
second atom: chain: A, nucl: 30 atom: MB
desired distance should be from 5.000 to 10.000, weight: 1.000
current distance is: 6.165, current score: 0.000
----------------------------
---------DistanceRestraint, restrsMode: WELL --------
first  atom: chain: A, nucl: 12 atom: MB
second atom: chain: A, nucl: 30 atom: MB
desired distance should be from 5.000 to 10.000, weight: 5.000
current distance is: 6.165, current score: -5.000
----------------------------
---------DistanceRestraint, restrsMode: SLOPE --------
first  atom: chain: A, nucl: 13 atom: MB
second atom: chain: A, nucl: 29 atom: MB
desired distance should be from 5.000 to 10.000, weight: 1.000
current distance is: 6.587, current score: 0.000
----------------------------
---------DistanceRestraint, restrsMode: WELL --------
first  atom: chain: A, nucl: 13 atom: MB
second atom: chain: A, nucl: 29 atom: MB
desired distance should be from 5.000 to 10.000, weight: 5.000
current distance is: 6.587, current score: -5.000
----------------------------
---------SecondStrcRestraint----------
first  atom: chain: A, nucl:  13
second atom: chain: A, nucl:  29
current score: 0.000
--------------------------------------
---------DistanceRestraint, restrsMode: SLOPE --------
first  atom: chain: A, nucl: 14 atom: MB
second atom: chain: A, nucl: 28 atom: MB
desired distance should be from 5.000 to 10.000, weight: 1.000
current distance is: 7.207, current score: 0.000
----------------------------
---------DistanceRestraint, restrsMode: WELL --------
first  atom: chain: A, nucl: 14 atom: MB
second atom: chain: A, nucl: 28 atom: MB
desired distance should be from 5.000 to 10.000, weight: 5.000
current distance is: 7.207, current score: -5.000
----------------------------
---------SecondStrcRestraint----------
first  atom: chain: A, nucl:  14
second atom: chain: A, nucl:  28
current score: 0.033
--------------------------------------
---------DistanceRestraint, restrsMode: SLOPE --------
first  atom: chain: A, nucl: 15 atom: MB
second atom: chain: A, nucl: 27 atom: MB
desired distance should be from 5.000 to 10.000, weight: 1.000
current distance is: 7.376, current score: 0.000
----------------------------
---------DistanceRestraint, restrsMode: WELL --------
first  atom: chain: A, nucl: 15 atom: MB
second atom: chain: A, nucl: 27 atom: MB
desired distance should be from 5.000 to 10.000, weight: 5.000
current distance is: 7.376, current score: -5.000
----------------------------
---------SecondStrcRestraint----------
first  atom: chain: A, nucl:  15
second atom: chain: A, nucl:  27
current score: 0.133
--------------------------------------
---------DistanceRestraint, restrsMode: SLOPE --------
first  atom: chain: A, nucl: 16 atom: MB
second atom: chain: A, nucl: 26 atom: MB
desired distance should be from 5.000 to 10.000, weight: 1.000
current distance is: 7.297, current score: 0.000
----------------------------
---------DistanceRestraint, restrsMode: WELL --------
first  atom: chain: A, nucl: 16 atom: MB
second atom: chain: A, nucl: 26 atom: MB
desired distance should be from 5.000 to 10.000, weight: 5.000
current distance is: 7.297, current score: -5.000
----------------------------
---------SecondStrcRestraint----------
first  atom: chain: A, nucl:  16
second atom: chain: A, nucl:  26
current score: 0.069
--------------------------------------
---------DistanceRestraint, restrsMode: SLOPE --------
first  atom: chain: A, nucl: 17 atom: MB
second atom: chain: A, nucl: 25 atom: MB
desired distance should be from 5.000 to 10.000, weight: 1.000
current distance is: 6.225, current score: 0.000
----------------------------
---------DistanceRestraint, restrsMode: WELL --------
first  atom: chain: A, nucl: 17 atom: MB
second atom: chain: A, nucl: 25 atom: MB
desired distance should be from 5.000 to 10.000, weight: 5.000
current distance is: 6.225, current score: -5.000
----------------------------
---------SecondStrcRestraint----------
first  atom: chain: A, nucl:  17
second atom: chain: A, nucl:  25
current score: 0.101
--------------------------------------
---------DistanceRestraint, restrsMode: SLOPE --------
first  atom: chain: A, nucl: 19 atom: MB
second atom: chain: A, nucl: 52 atom: MB
desired distance should be from 5.000 to 10.000, weight: 1.000
current distance is: 7.337, current score: 0.000
----------------------------
---------DistanceRestraint, restrsMode: WELL --------
first  atom: chain: A, nucl: 19 atom: MB
second atom: chain: A, nucl: 52 atom: MB
desired distance should be from 5.000 to 10.000, weight: 5.000
current distance is: 7.337, current score: -5.000
----------------------------
---------DistanceRestraint, restrsMode: SLOPE --------
first  atom: chain: A, nucl: 40 atom: MB
second atom: chain: A, nucl: 58 atom: MB
desired distance should be from 5.000 to 10.000, weight: 1.000
current distance is: 5.815, current score: 0.000
----------------------------
---------DistanceRestraint, restrsMode: WELL --------
first  atom: chain: A, nucl: 40 atom: MB
second atom: chain: A, nucl: 58 atom: MB
desired distance should be from 5.000 to 10.000, weight: 5.000
current distance is: 5.815, current score: -5.000
----------------------------
---------DistanceRestraint, restrsMode: SLOPE --------
first  atom: chain: A, nucl: 40 atom: MB
second atom: chain: A, nucl: 59 atom: MB
desired distance should be from 5.000 to 10.000, weight: 1.000
current distance is: 6.705, current score: 0.000
----------------------------
---------DistanceRestraint, restrsMode: WELL --------
first  atom: chain: A, nucl: 40 atom: MB
second atom: chain: A, nucl: 59 atom: MB
desired distance should be from 5.000 to 10.000, weight: 5.000
current distance is: 6.705, current score: -5.000
----------------------------
---------SecondStrcRestraint----------
first  atom: chain: A, nucl:  40
second atom: chain: A, nucl:  58
current score: 0.294
--------------------------------------
---------DistanceRestraint, restrsMode: SLOPE --------
first  atom: chain: A, nucl: 41 atom: MB
second atom: chain: A, nucl: 57 atom: MB
desired distance should be from 5.000 to 10.000, weight: 1.000
current distance is: 6.296, current score: 0.000
----------------------------
---------DistanceRestraint, restrsMode: WELL --------
first  atom: chain: A, nucl: 41 atom: MB
second atom: chain: A, nucl: 57 atom: MB
desired distance should be from 5.000 to 10.000, weight: 5.000
current distance is: 6.296, current score: -5.000
----------------------------
---------SecondStrcRestraint----------
first  atom: chain: A, nucl:  41
second atom: chain: A, nucl:  57
current score: 0.015
--------------------------------------
---------DistanceRestraint, restrsMode: SLOPE --------
first  atom: chain: A, nucl: 42 atom: MB
second atom: chain: A, nucl: 56 atom: MB
desired distance should be from 5.000 to 10.000, weight: 1.000
current distance is: 6.809, current score: 0.000
----------------------------
---------DistanceRestraint, restrsMode: WELL --------
first  atom: chain: A, nucl: 42 atom: MB
second atom: chain: A, nucl: 56 atom: MB
desired distance should be from 5.000 to 10.000, weight: 5.000
current distance is: 6.809, current score: -5.000
----------------------------
---------SecondStrcRestraint----------
first  atom: chain: A, nucl:  42
second atom: chain: A, nucl:  56
current score: 0.000
--------------------------------------
---------DistanceRestraint, restrsMode: SLOPE --------
first  atom: chain: A, nucl: 43 atom: MB
second atom: chain: A, nucl: 55 atom: MB
desired distance should be from 5.000 to 10.000, weight: 1.000
current distance is: 5.739, current score: 0.000
----------------------------
---------DistanceRestraint, restrsMode: WELL --------
first  atom: chain: A, nucl: 43 atom: MB
second atom: chain: A, nucl: 55 atom: MB
desired distance should be from 5.000 to 10.000, weight: 5.000
current distance is: 5.739, current score: -5.000
----------------------------
---------SecondStrcRestraint----------
first  atom: chain: A, nucl:  43
second atom: chain: A, nucl:  55
current score: 0.548
--------------------------------------
---------DistanceRestraint, restrsMode: SLOPE --------
first  atom: chain: A, nucl: 44 atom: MB
second atom: chain: A, nucl: 54 atom: MB
desired distance should be from 5.000 to 10.000, weight: 1.000
current distance is: 6.738, current score: 0.000
----------------------------
---------DistanceRestraint, restrsMode: WELL --------
first  atom: chain: A, nucl: 44 atom: MB
second atom: chain: A, nucl: 54 atom: MB
desired distance should be from 5.000 to 10.000, weight: 5.000
current distance is: 6.738, current score: -5.000
----------------------------
---------SecondStrcRestraint----------
first  atom: chain: A, nucl:  44
second atom: chain: A, nucl:  54
current score: 0.000
--------------------------------------
---------DistanceRestraint, restrsMode: SLOPE --------
first  atom: chain: A, nucl: 45 atom: MB
second atom: chain: A, nucl: 53 atom: MB
desired distance should be from 5.000 to 10.000, weight: 1.000
current distance is: 6.823, current score: 0.000
----------------------------
---------DistanceRestraint, restrsMode: WELL --------
first  atom: chain: A, nucl: 45 atom: MB
second atom: chain: A, nucl: 53 atom: MB
desired distance should be from 5.000 to 10.000, weight: 5.000
current distance is: 6.823, current score: -5.000
----------------------------
---------SecondStrcRestraint----------
first  atom: chain: A, nucl:  45
second atom: chain: A, nucl:  53
current score: 0.031
--------------------------------------
numberOfNucleotides: 67
initial temperature kT: 2.000000
moves confirmed at first:  50929
moves confirmed later: 57452
all moves confirmed: 108381
percent of confirmed moves: 9.851923

 Time of doing 11001 iterations:  12.638 seconds

