 len = 68 cut = 1.000000 gap = 5.000000 inbox = 0
 i = 0 ends[0][i] = 2 ends[1][i] = 7
 i = 1 ends[0][i] = 11 ends[1][i] = 18
 i = 2 ends[0][i] = 25 ends[1][i] = 32
 i = 3 ends[0][i] = 38 ends[1][i] = 46
 i = 4 ends[0][i] = 53 ends[1][i] = 59
 i = 5 ends[0][i] = 61 ends[1][i] = 67
 n = 19
 id = 4 m = 37 w = 4 am = 33 pm = 41 seg1 = 0 seg2 = 6 segs = 6
     k = 0 ak = 1 pk = 6 a = 9 b = 6 boxsum = 0.000000 ss = 20
     k = 1 ak = 10 pk = 17 a = 9 b = 8 boxsum = 0.000000 ss = 28
     k = 2 ak = 24 pk = 31 a = 9 b = 8 boxsum = 0.000000 ss = 28
     k = 4 ak = 52 pk = 58 a = 9 b = 7 boxsum = 3.000000 ss = 24
  0  0  0  0  0  0  0
  0  0  0  0  0  0  0
  0  0  0  0  0  0  0
  0  0  0  0  0  0  0
  0  0  0  0  0  0  0
  0  0  0  0  0  0  0
  0  0  0  0  0100  0
  0  0  0  0100  0  0
  0  0  0100  0  0  0

 bias = -1.151380 pack = 0.000000

     k = 5 ak = 60 pk = 66 a = 9 b = 7 boxsum = 0.000000 ss = 24
 am = 33 pm = 41 maxa = 9 maxb = 7 consum = 1.151380 conmax = 1.151380 condif = 0.383793

 id = 4 m = 37 w = 5 am = 32 pm = 42 seg1 = 0 seg2 = 6 segs = 6
     k = 0 ak = 1 pk = 6 a = 11 b = 6 boxsum = 0.000000 ss = 25
     k = 1 ak = 10 pk = 17 a = 11 b = 8 boxsum = 0.000000 ss = 35
     k = 2 ak = 24 pk = 31 a = 11 b = 8 boxsum = 0.000000 ss = 35
     k = 4 ak = 52 pk = 58 a = 11 b = 7 boxsum = 4.000000 ss = 30
  0  0  0  0  0  0  0
  0  0  0  0  0  0  0
  0  0  0  0  0  0  0
  0  0  0  0  0  0  0
  0  0  0  0  0  0  0
  0  0  0  0  0  0  0
  0  0  0  0  0  0  0
  0  0  0  0  0100  0
  0  0  0  0100  0  0
  0  0  0100  0  0  0
  0  0100  0  0  0  0

 bias = -1.580443 pack = 0.000000

     k = 5 ak = 60 pk = 66 a = 11 b = 7 boxsum = 0.000000 ss = 30
 am = 32 pm = 42 maxa = 11 maxb = 7 consum = 1.580443 conmax = 1.580443 condif = 0.316089

 id = 4 m = 38 w = 3 am = 35 pm = 41 seg1 = 0 seg2 = 6 segs = 6
     k = 0 ak = 1 pk = 6 a = 7 b = 6 boxsum = 0.000000 ss = 20
     k = 1 ak = 10 pk = 17 a = 7 b = 8 boxsum = 0.000000 ss = 28
     k = 2 ak = 24 pk = 31 a = 7 b = 8 boxsum = 0.000000 ss = 28
     k = 4 ak = 52 pk = 58 a = 7 b = 7 boxsum = 3.000000 ss = 24
  0  0  0  0  0  0  0
  0  0  0  0  0  0  0
  0  0  0  0  0  0  0
  0  0  0  0  0  0  0
  0  0  0  0  0100  0
  0  0  0  0100  0  0
  0  0  0100  0  0  0

 bias = -1.150925 pack = 0.000000

     k = 5 ak = 60 pk = 66 a = 7 b = 7 boxsum = 0.000000 ss = 24
 am = 35 pm = 41 maxa = 7 maxb = 7 consum = 1.150925 conmax = 1.150925 condif = 1.150925

 id = 4 m = 38 w = 4 am = 34 pm = 42 seg1 = 0 seg2 = 6 segs = 6
     k = 0 ak = 1 pk = 6 a = 9 b = 6 boxsum = 0.000000 ss = 25
     k = 1 ak = 10 pk = 17 a = 9 b = 8 boxsum = 0.000000 ss = 35
     k = 2 ak = 24 pk = 31 a = 9 b = 8 boxsum = 0.000000 ss = 35
     k = 4 ak = 52 pk = 58 a = 9 b = 7 boxsum = 4.000000 ss = 30
  0  0  0  0  0  0  0
  0  0  0  0  0  0  0
  0  0  0  0  0  0  0
  0  0  0  0  0  0  0
  0  0  0  0  0  0  0
  0  0  0  0  0100  0
  0  0  0  0100  0  0
  0  0  0100  0  0  0
  0  0100  0  0  0  0

 bias = -1.578589 pack = 0.000000

     k = 5 ak = 60 pk = 66 a = 9 b = 7 boxsum = 0.000000 ss = 30
 am = 34 pm = 42 maxa = 9 maxb = 7 consum = 1.578589 conmax = 1.578589 condif = 0.526196

 id = 4 m = 38 w = 5 am = 33 pm = 43 seg1 = 0 seg2 = 6 segs = 6
     k = 0 ak = 1 pk = 6 a = 11 b = 6 boxsum = 0.000000 ss = 30
     k = 1 ak = 10 pk = 17 a = 11 b = 8 boxsum = 0.000000 ss = 42
     k = 2 ak = 24 pk = 31 a = 11 b = 8 boxsum = 0.000000 ss = 42
     k = 4 ak = 52 pk = 58 a = 11 b = 7 boxsum = 5.000000 ss = 36
  0  0  0  0  0  0  0
  0  0  0  0  0  0  0
  0  0  0  0  0  0  0
  0  0  0  0  0  0  0
  0  0  0  0  0  0  0
  0  0  0  0  0  0  0
  0  0  0  0  0100  0
  0  0  0  0100  0  0
  0  0  0100  0  0  0
  0  0100  0  0  0  0
  0100  0  0  0  0  0

 bias = -2.002525 pack = 0.000000

     k = 5 ak = 60 pk = 66 a = 11 b = 7 boxsum = 0.000000 ss = 36
 am = 33 pm = 43 maxa = 11 maxb = 7 consum = 2.002525 conmax = 2.002525 condif = 0.400505

 id = 4 m = 38 w = 6 am = 32 pm = 44 seg1 = 0 seg2 = 6 segs = 6
     k = 0 ak = 1 pk = 6 a = 13 b = 6 boxsum = 0.000000 ss = 35
     k = 1 ak = 10 pk = 17 a = 13 b = 8 boxsum = 0.000000 ss = 49
     k = 2 ak = 24 pk = 31 a = 13 b = 8 boxsum = 0.000000 ss = 49
     k = 4 ak = 52 pk = 58 a = 13 b = 7 boxsum = 6.000000 ss = 42
  0  0  0  0  0  0  0
  0  0  0  0  0  0  0
  0  0  0  0  0  0  0
  0  0  0  0  0  0  0
  0  0  0  0  0  0  0
  0  0  0  0  0  0  0
  0  0  0  0  0  0  0
  0  0  0  0  0100  0
  0  0  0  0100  0  0
  0  0  0100  0  0  0
  0  0100  0  0  0  0
  0100  0  0  0  0  0
100  0  0  0  0  0  0

 bias = -2.431457 pack = 0.000000

     k = 5 ak = 60 pk = 66 a = 13 b = 7 boxsum = 0.000000 ss = 42
 am = 32 pm = 44 maxa = 13 maxb = 7 consum = 2.431457 conmax = 2.431457 condif = 0.347351

 id = 4 m = 39 w = 2 am = 37 pm = 41 seg1 = 0 seg2 = 6 segs = 6
     k = 0 ak = 1 pk = 6 a = 5 b = 6 boxsum = 0.000000 ss = 20
     k = 1 ak = 10 pk = 17 a = 5 b = 8 boxsum = 0.000000 ss = 28
     k = 2 ak = 24 pk = 31 a = 5 b = 8 boxsum = 0.000000 ss = 28
     k = 4 ak = 52 pk = 58 a = 5 b = 7 boxsum = 3.000000 ss = 24
  0  0  0  0  0
  0  0  0  0  0
  0  0  0  0  0
  0  0  0  0100
  0  0  0100  0
  0  0100  0  0
  0  0  0  0  0

 bias = -1.150773 pack = 0.000000

     k = 5 ak = 60 pk = 66 a = 5 b = 7 boxsum = 0.000000 ss = 24
 am = 37 pm = 41 maxa = 5 maxb = 7 consum = 1.150773 conmax = 1.150773 condif = 0.383591

 id = 4 m = 39 w = 3 am = 36 pm = 42 seg1 = 0 seg2 = 6 segs = 6
     k = 0 ak = 1 pk = 6 a = 7 b = 6 boxsum = 0.000000 ss = 25
     k = 1 ak = 10 pk = 17 a = 7 b = 8 boxsum = 0.000000 ss = 35
     k = 2 ak = 24 pk = 31 a = 7 b = 8 boxsum = 0.000000 ss = 35
     k = 4 ak = 52 pk = 58 a = 7 b = 7 boxsum = 4.000000 ss = 30
  0  0  0  0  0  0  0
  0  0  0  0  0  0  0
  0  0  0  0  0  0  0
  0  0  0  0  0100  0
  0  0  0  0100  0  0
  0  0  0100  0  0  0
  0  0100  0  0  0  0

 bias = -1.577445 pack = 0.000000

     k = 5 ak = 60 pk = 66 a = 7 b = 7 boxsum = 0.000000 ss = 30
 am = 36 pm = 42 maxa = 7 maxb = 7 consum = 1.577445 conmax = 1.577445 condif = 1.577445

 id = 4 m = 39 w = 4 am = 35 pm = 43 seg1 = 0 seg2 = 6 segs = 6
     k = 0 ak = 1 pk = 6 a = 9 b = 6 boxsum = 0.000000 ss = 30
     k = 1 ak = 10 pk = 17 a = 9 b = 8 boxsum = 0.000000 ss = 42
     k = 2 ak = 24 pk = 31 a = 9 b = 8 boxsum = 0.000000 ss = 42
     k = 4 ak = 52 pk = 58 a = 9 b = 7 boxsum = 5.000000 ss = 36
  0  0  0  0  0  0  0
  0  0  0  0  0  0  0
  0  0  0  0  0  0  0
  0  0  0  0  0  0  0
  0  0  0  0  0100  0
  0  0  0  0100  0  0
  0  0  0100  0  0  0
  0  0100  0  0  0  0
  0100  0  0  0  0  0

 bias = -1.998676 pack = 0.000000

     k = 5 ak = 60 pk = 66 a = 9 b = 7 boxsum = 0.000000 ss = 36
 am = 35 pm = 43 maxa = 9 maxb = 7 consum = 1.998676 conmax = 1.998676 condif = 0.666225

 id = 4 m = 39 w = 5 am = 34 pm = 44 seg1 = 0 seg2 = 6 segs = 6
     k = 0 ak = 1 pk = 6 a = 11 b = 6 boxsum = 0.000000 ss = 35
     k = 1 ak = 10 pk = 17 a = 11 b = 8 boxsum = 0.000000 ss = 49
     k = 2 ak = 24 pk = 31 a = 11 b = 8 boxsum = 0.000000 ss = 49
     k = 4 ak = 52 pk = 58 a = 11 b = 7 boxsum = 6.000000 ss = 42
  0  0  0  0  0  0  0
  0  0  0  0  0  0  0
  0  0  0  0  0  0  0
  0  0  0  0  0  0  0
  0  0  0  0  0  0  0
  0  0  0  0  0100  0
  0  0  0  0100  0  0
  0  0  0100  0  0  0
  0  0100  0  0  0  0
  0100  0  0  0  0  0
100  0  0  0  0  0  0

 bias = -2.422230 pack = 0.000000

     k = 5 ak = 60 pk = 66 a = 11 b = 7 boxsum = 0.000000 ss = 42
 am = 34 pm = 44 maxa = 11 maxb = 7 consum = 2.422230 conmax = 2.422230 condif = 0.484446

 id = 4 m = 39 w = 6 am = 33 pm = 45 seg1 = 0 seg2 = 6 segs = 6
     k = 0 ak = 1 pk = 6 a = 13 b = 6 boxsum = 0.000000 ss = 40
     k = 1 ak = 10 pk = 17 a = 13 b = 8 boxsum = 0.000000 ss = 56
     k = 2 ak = 24 pk = 31 a = 13 b = 8 boxsum = 0.000000 ss = 56
     k = 4 ak = 52 pk = 58 a = 13 b = 7 boxsum = 6.000000 ss = 48
  0  0  0  0  0  0  0
  0  0  0  0  0  0  0
  0  0  0  0  0  0  0
  0  0  0  0  0  0  0
  0  0  0  0  0  0  0
  0  0  0  0  0  0  0
  0  0  0  0  0100  0
  0  0  0  0100  0  0
  0  0  0100  0  0  0
  0  0100  0  0  0  0
  0100  0  0  0  0  0
100  0  0  0  0  0  0
  0  0  0  0  0  0  0

 bias = -2.422392 pack = 0.000000

     k = 5 ak = 60 pk = 66 a = 13 b = 7 boxsum = 0.000000 ss = 48
 am = 33 pm = 45 maxa = 13 maxb = 7 consum = 2.422392 conmax = 2.422392 condif = 0.346056

 id = 4 m = 39 w = 7 am = 32 pm = 46 seg1 = 0 seg2 = 6 segs = 6
     k = 0 ak = 1 pk = 6 a = 15 b = 6 boxsum = 0.000000 ss = 40
     k = 1 ak = 10 pk = 17 a = 15 b = 8 boxsum = 0.000000 ss = 56
     k = 2 ak = 24 pk = 31 a = 15 b = 8 boxsum = 0.000000 ss = 56
     k = 4 ak = 52 pk = 58 a = 15 b = 7 boxsum = 6.000000 ss = 48
  0  0  0  0  0  0  0
  0  0  0  0  0  0  0
  0  0  0  0  0  0  0
  0  0  0  0  0  0  0
  0  0  0  0  0  0  0
  0  0  0  0  0  0  0
  0  0  0  0  0  0  0
  0  0  0  0  0100  0
  0  0  0  0100  0  0
  0  0  0100  0  0  0
  0  0100  0  0  0  0
  0100  0  0  0  0  0
100  0  0  0  0  0  0
  0  0  0  0  0  0  0
  0  0  0  0  0  0  0

 bias = -2.422262 pack = 0.000000

     k = 5 ak = 60 pk = 66 a = 15 b = 7 boxsum = 0.000000 ss = 48
 am = 32 pm = 46 maxa = 15 maxb = 7 consum = 2.422262 conmax = 2.422262 condif = 0.269140

 id = 4 m = 40 w = 2 am = 38 pm = 42 seg1 = 0 seg2 = 6 segs = 6
     k = 0 ak = 1 pk = 6 a = 5 b = 6 boxsum = 0.000000 ss = 25
     k = 1 ak = 10 pk = 17 a = 5 b = 8 boxsum = 0.000000 ss = 35
     k = 2 ak = 24 pk = 31 a = 5 b = 8 boxsum = 0.000000 ss = 35
     k = 3 ak = 37 pk = 45 a = 5 b = 9 boxsum = 0.000000 ss = 40
     k = 4 ak = 52 pk = 58 a = 5 b = 7 boxsum = 4.000000 ss = 30
  0  0  0  0  0
  0  0  0  0  0
  0  0  0  0100
  0  0  0100  0
  0  0100  0  0
  0100  0  0  0
  0  0  0  0  0

 bias = -1.577063 pack = 0.000000

     k = 5 ak = 60 pk = 66 a = 5 b = 7 boxsum = 0.000000 ss = 30
 am = 38 pm = 42 maxa = 5 maxb = 7 consum = 1.577063 conmax = 1.577063 condif = 0.525688

 id = 4 m = 40 w = 3 am = 37 pm = 43 seg1 = 0 seg2 = 6 segs = 6
     k = 0 ak = 1 pk = 6 a = 7 b = 6 boxsum = 0.000000 ss = 30
     k = 1 ak = 10 pk = 17 a = 7 b = 8 boxsum = 0.000000 ss = 42
     k = 2 ak = 24 pk = 31 a = 7 b = 8 boxsum = 0.000000 ss = 42
     k = 4 ak = 52 pk = 58 a = 7 b = 7 boxsum = 5.000000 ss = 36
  0  0  0  0  0  0  0
  0  0  0  0  0  0  0
  0  0  0  0  0100  0
  0  0  0  0100  0  0
  0  0  0100  0  0  0
  0  0100  0  0  0  0
  0100  0  0  0  0  0

 bias = -1.996516 pack = 0.000000

     k = 5 ak = 60 pk = 66 a = 7 b = 7 boxsum = 0.000000 ss = 36
 am = 37 pm = 43 maxa = 7 maxb = 7 consum = 1.996516 conmax = 1.996516 condif = 1.996516

 id = 4 m = 40 w = 4 am = 36 pm = 44 seg1 = 0 seg2 = 6 segs = 6
     k = 0 ak = 1 pk = 6 a = 9 b = 6 boxsum = 0.000000 ss = 35
     k = 1 ak = 10 pk = 17 a = 9 b = 8 boxsum = 0.000000 ss = 49
     k = 2 ak = 24 pk = 31 a = 9 b = 8 boxsum = 0.000000 ss = 49
     k = 4 ak = 52 pk = 58 a = 9 b = 7 boxsum = 6.000000 ss = 42
  0  0  0  0  0  0  0
  0  0  0  0  0  0  0
  0  0  0  0  0  0  0
  0  0  0  0  0100  0
  0  0  0  0100  0  0
  0  0  0100  0  0  0
  0  0100  0  0  0  0
  0100  0  0  0  0  0
100  0  0  0  0  0  0

 bias = -2.415894 pack = 0.000000

     k = 5 ak = 60 pk = 66 a = 9 b = 7 boxsum = 0.000000 ss = 42
 am = 36 pm = 44 maxa = 9 maxb = 7 consum = 2.415894 conmax = 2.415894 condif = 0.805298

 id = 4 m = 40 w = 5 am = 35 pm = 45 seg1 = 0 seg2 = 6 segs = 6
     k = 0 ak = 1 pk = 6 a = 11 b = 6 boxsum = 0.000000 ss = 40
     k = 1 ak = 10 pk = 17 a = 11 b = 8 boxsum = 0.000000 ss = 56
     k = 2 ak = 24 pk = 31 a = 11 b = 8 boxsum = 0.000000 ss = 56
     k = 4 ak = 52 pk = 58 a = 11 b = 7 boxsum = 6.000000 ss = 48
  0  0  0  0  0  0  0
  0  0  0  0  0  0  0
  0  0  0  0  0  0  0
  0  0  0  0  0  0  0
  0  0  0  0  0100  0
  0  0  0  0100  0  0
  0  0  0100  0  0  0
  0  0100  0  0  0  0
  0100  0  0  0  0  0
100  0  0  0  0  0  0
  0  0  0  0  0  0  0

 bias = -2.415894 pack = 0.000000

     k = 5 ak = 60 pk = 66 a = 11 b = 7 boxsum = 0.000000 ss = 48
 am = 35 pm = 45 maxa = 11 maxb = 7 consum = 2.415894 conmax = 2.415894 condif = 0.483179

 id = 4 m = 40 w = 6 am = 34 pm = 46 seg1 = 0 seg2 = 6 segs = 6
     k = 0 ak = 1 pk = 6 a = 13 b = 6 boxsum = 0.000000 ss = 40
     k = 1 ak = 10 pk = 17 a = 13 b = 8 boxsum = 0.000000 ss = 56
     k = 2 ak = 24 pk = 31 a = 13 b = 8 boxsum = 0.000000 ss = 56
     k = 4 ak = 52 pk = 58 a = 13 b = 7 boxsum = 6.000000 ss = 48
  0  0  0  0  0  0  0
  0  0  0  0  0  0  0
  0  0  0  0  0  0  0
  0  0  0  0  0  0  0
  0  0  0  0  0  0  0
  0  0  0  0  0100  0
  0  0  0  0100  0  0
  0  0  0100  0  0  0
  0  0100  0  0  0  0
  0100  0  0  0  0  0
100  0  0  0  0  0  0
  0  0  0  0  0  0  0
  0  0  0  0  0  0  0

 bias = -2.415972 pack = 0.000000

     k = 5 ak = 60 pk = 66 a = 13 b = 7 boxsum = 0.000000 ss = 48
 am = 34 pm = 46 maxa = 13 maxb = 7 consum = 2.415972 conmax = 2.415972 condif = 0.345139

 id = 4 m = 40 w = 7 am = 33 pm = 47 seg1 = 0 seg2 = 6 segs = 6
     k = 0 ak = 1 pk = 6 a = 15 b = 6 boxsum = 0.000000 ss = 40
     k = 1 ak = 10 pk = 17 a = 15 b = 8 boxsum = 0.000000 ss = 56
     k = 2 ak = 24 pk = 31 a = 15 b = 8 boxsum = 0.000000 ss = 56
     k = 4 ak = 52 pk = 58 a = 15 b = 7 boxsum = 6.000000 ss = 48
  0  0  0  0  0  0  0
  0  0  0  0  0  0  0
  0  0  0  0  0  0  0
  0  0  0  0  0  0  0
  0  0  0  0  0  0  0
  0  0  0  0  0  0  0
  0  0  0  0  0100  0
  0  0  0  0100  0  0
  0  0  0100  0  0  0
  0  0100  0  0  0  0
  0100  0  0  0  0  0
100  0  0  0  0  0  0
  0  0  0  0  0  0  0
  0  0  0  0  0  0  0
  0  0  0  0  0  0  0

 bias = -2.415972 pack = 0.000000

     k = 5 ak = 60 pk = 66 a = 15 b = 7 boxsum = 0.000000 ss = 48
 am = 33 pm = 47 maxa = 15 maxb = 7 consum = 2.415972 conmax = 2.415972 condif = 0.268441

 id = 4 m = 40 w = 8 am = 32 pm = 48 seg1 = 0 seg2 = 6 segs = 6
     k = 0 ak = 1 pk = 6 a = 17 b = 6 boxsum = 0.000000 ss = 40
     k = 1 ak = 10 pk = 17 a = 17 b = 8 boxsum = 0.000000 ss = 56
     k = 2 ak = 24 pk = 31 a = 17 b = 8 boxsum = 0.000000 ss = 56
     k = 4 ak = 52 pk = 58 a = 17 b = 7 boxsum = 6.000000 ss = 48
  0  0  0  0  0  0  0
  0  0  0  0  0  0  0
  0  0  0  0  0  0  0
  0  0  0  0  0  0  0
  0  0  0  0  0  0  0
  0  0  0  0  0  0  0
  0  0  0  0  0  0  0
  0  0  0  0  0100  0
  0  0  0  0100  0  0
  0  0  0100  0  0  0
  0  0100  0  0  0  0
  0100  0  0  0  0  0
100  0  0  0  0  0  0
  0  0  0  0  0  0  0
  0  0  0  0  0  0  0
  0  0  0  0  0  0  0
  0  0  0  0  0  0  0

 bias = -2.415972 pack = 0.000000

     k = 5 ak = 60 pk = 66 a = 17 b = 7 boxsum = 0.000000 ss = 48
 am = 32 pm = 48 maxa = 17 maxb = 7 consum = 2.415972 conmax = 2.415972 condif = 0.219634

 id = 4 m = 41 w = 2 am = 39 pm = 43 seg1 = 0 seg2 = 6 segs = 6
     k = 0 ak = 1 pk = 6 a = 5 b = 6 boxsum = 0.000000 ss = 25
     k = 1 ak = 10 pk = 17 a = 5 b = 8 boxsum = 0.000000 ss = 35
     k = 2 ak = 24 pk = 31 a = 5 b = 8 boxsum = 0.000000 ss = 35
     k = 3 ak = 37 pk = 45 a = 5 b = 9 boxsum = 0.000000 ss = 40
     k = 4 ak = 52 pk = 58 a = 5 b = 7 boxsum = 5.000000 ss = 30
  0  0  0  0  0
  0  0  0  0100
  0  0  0100  0
  0  0100  0  0
  0100  0  0  0
100  0  0  0  0
  0  0  0  0  0

 bias = -1.995762 pack = 0.000000

     k = 5 ak = 60 pk = 66 a = 5 b = 7 boxsum = 0.000000 ss = 30
 am = 39 pm = 43 maxa = 5 maxb = 7 consum = 1.995762 conmax = 1.995762 condif = 0.665254

 id = 4 m = 41 w = 3 am = 38 pm = 44 seg1 = 0 seg2 = 6 segs = 6
     k = 0 ak = 1 pk = 6 a = 7 b = 6 boxsum = 0.000000 ss = 35
     k = 1 ak = 10 pk = 17 a = 7 b = 8 boxsum = 0.000000 ss = 49
     k = 2 ak = 24 pk = 31 a = 7 b = 8 boxsum = 0.000000 ss = 49
     k = 3 ak = 37 pk = 45 a = 7 b = 9 boxsum = 0.000000 ss = 56
     k = 4 ak = 52 pk = 58 a = 7 b = 7 boxsum = 6.000000 ss = 42
  0  0  0  0  0  0  0
  0  0  0  0  0100  0
  0  0  0  0100  0  0
  0  0  0100  0  0  0
  0  0100  0  0  0  0
  0100  0  0  0  0  0
100  0  0  0  0  0  0

 bias = -2.412160 pack = 0.000000

     k = 5 ak = 60 pk = 66 a = 7 b = 7 boxsum = 0.000000 ss = 42
 am = 38 pm = 44 maxa = 7 maxb = 7 consum = 2.412160 conmax = 2.412160 condif = 2.412160

 id = 4 m = 41 w = 4 am = 37 pm = 45 seg1 = 0 seg2 = 6 segs = 6
     k = 0 ak = 1 pk = 6 a = 9 b = 6 boxsum = 0.000000 ss = 40
     k = 1 ak = 10 pk = 17 a = 9 b = 8 boxsum = 0.000000 ss = 56
     k = 2 ak = 24 pk = 31 a = 9 b = 8 boxsum = 0.000000 ss = 56
     k = 4 ak = 52 pk = 58 a = 9 b = 7 boxsum = 6.000000 ss = 48
  0  0  0  0  0  0  0
  0  0  0  0  0  0  0
  0  0  0  0  0100  0
  0  0  0  0100  0  0
  0  0  0100  0  0  0
  0  0100  0  0  0  0
  0100  0  0  0  0  0
100  0  0  0  0  0  0
  0  0  0  0  0  0  0

 bias = -2.412062 pack = 0.000000

     k = 5 ak = 60 pk = 66 a = 9 b = 7 boxsum = 0.000000 ss = 48
 am = 37 pm = 45 maxa = 9 maxb = 7 consum = 2.412062 conmax = 2.412062 condif = 0.804021

 id = 4 m = 41 w = 5 am = 36 pm = 46 seg1 = 0 seg2 = 6 segs = 6
     k = 0 ak = 1 pk = 6 a = 11 b = 6 boxsum = 0.000000 ss = 40
     k = 1 ak = 10 pk = 17 a = 11 b = 8 boxsum = 0.000000 ss = 56
     k = 2 ak = 24 pk = 31 a = 11 b = 8 boxsum = 0.000000 ss = 56
     k = 4 ak = 52 pk = 58 a = 11 b = 7 boxsum = 6.000000 ss = 48
  0  0  0  0  0  0  0
  0  0  0  0  0  0  0
  0  0  0  0  0  0  0
  0  0  0  0  0100  0
  0  0  0  0100  0  0
  0  0  0100  0  0  0
  0  0100  0  0  0  0
  0100  0  0  0  0  0
100  0  0  0  0  0  0
  0  0  0  0  0  0  0
  0  0  0  0  0  0  0

 bias = -2.412160 pack = 0.000000

     k = 5 ak = 60 pk = 66 a = 11 b = 7 boxsum = 0.000000 ss = 48
 am = 36 pm = 46 maxa = 11 maxb = 7 consum = 2.412160 conmax = 2.412160 condif = 0.482432

 id = 4 m = 41 w = 6 am = 35 pm = 47 seg1 = 0 seg2 = 6 segs = 6
     k = 0 ak = 1 pk = 6 a = 13 b = 6 boxsum = 0.000000 ss = 40
     k = 1 ak = 10 pk = 17 a = 13 b = 8 boxsum = 0.000000 ss = 56
     k = 2 ak = 24 pk = 31 a = 13 b = 8 boxsum = 0.000000 ss = 56
     k = 4 ak = 52 pk = 58 a = 13 b = 7 boxsum = 6.000000 ss = 48
  0  0  0  0  0  0  0
  0  0  0  0  0  0  0
  0  0  0  0  0  0  0
  0  0  0  0  0  0  0
  0  0  0  0  0100  0
  0  0  0  0100  0  0
  0  0  0100  0  0  0
  0  0100  0  0  0  0
  0100  0  0  0  0  0
100  0  0  0  0  0  0
  0  0  0  0  0  0  0
  0  0  0  0  0  0  0
  0  0  0  0  0  0  0

 bias = -2.412160 pack = 0.000000

     k = 5 ak = 60 pk = 66 a = 13 b = 7 boxsum = 0.000000 ss = 48
 am = 35 pm = 47 maxa = 13 maxb = 7 consum = 2.412160 conmax = 2.412160 condif = 0.344594

 id = 4 m = 41 w = 7 am = 34 pm = 48 seg1 = 0 seg2 = 6 segs = 6
     k = 0 ak = 1 pk = 6 a = 15 b = 6 boxsum = 0.000000 ss = 40
     k = 1 ak = 10 pk = 17 a = 15 b = 8 boxsum = 0.000000 ss = 56
     k = 2 ak = 24 pk = 31 a = 15 b = 8 boxsum = 0.000000 ss = 56
     k = 4 ak = 52 pk = 58 a = 15 b = 7 boxsum = 6.000000 ss = 48
  0  0  0  0  0  0  0
  0  0  0  0  0  0  0
  0  0  0  0  0  0  0
  0  0  0  0  0  0  0
  0  0  0  0  0  0  0
  0  0  0  0  0100  0
  0  0  0  0100  0  0
  0  0  0100  0  0  0
  0  0100  0  0  0  0
  0100  0  0  0  0  0
100  0  0  0  0  0  0
  0  0  0  0  0  0  0
  0  0  0  0  0  0  0
  0  0  0  0  0  0  0
  0  0  0  0  0  0  0

 bias = -2.412062 pack = 0.000000

     k = 5 ak = 60 pk = 66 a = 15 b = 7 boxsum = 0.000000 ss = 48
 am = 34 pm = 48 maxa = 15 maxb = 7 consum = 2.412062 conmax = 2.412062 condif = 0.268007

 id = 4 m = 41 w = 8 am = 33 pm = 49 seg1 = 0 seg2 = 6 segs = 6
     k = 0 ak = 1 pk = 6 a = 17 b = 6 boxsum = 0.000000 ss = 40
     k = 1 ak = 10 pk = 17 a = 17 b = 8 boxsum = 0.000000 ss = 56
     k = 2 ak = 24 pk = 31 a = 17 b = 8 boxsum = 0.000000 ss = 56
     k = 4 ak = 52 pk = 58 a = 17 b = 7 boxsum = 6.000000 ss = 48
  0  0  0  0  0  0  0
  0  0  0  0  0  0  0
  0  0  0  0  0  0  0
  0  0  0  0  0  0  0
  0  0  0  0  0  0  0
  0  0  0  0  0  0  0
  0  0  0  0  0100  0
  0  0  0  0100  0  0
  0  0  0100  0  0  0
  0  0100  0  0  0  0
  0100  0  0  0  0  0
100  0  0  0  0  0  0
  0  0  0  0  0  0  0
  0  0  0  0  0  0  0
  0  0  0  0  0  0  0
  0  0  0  0  0  0  0
  0  0  0  0  0  0  0

 bias = -2.412160 pack = 0.000000

     k = 5 ak = 60 pk = 66 a = 17 b = 7 boxsum = 0.000000 ss = 48
 am = 33 pm = 49 maxa = 17 maxb = 7 consum = 2.412160 conmax = 2.412160 condif = 0.219287

 id = 4 m = 41 w = 9 am = 32 pm = 50 seg1 = 0 seg2 = 6 segs = 6
     k = 0 ak = 1 pk = 6 a = 19 b = 6 boxsum = 0.000000 ss = 40
     k = 1 ak = 10 pk = 17 a = 19 b = 8 boxsum = 0.000000 ss = 56
     k = 2 ak = 24 pk = 31 a = 19 b = 8 boxsum = 0.000000 ss = 56
     k = 4 ak = 52 pk = 58 a = 19 b = 7 boxsum = 6.000000 ss = 48
  0  0  0  0  0  0  0
  0  0  0  0  0  0  0
  0  0  0  0  0  0  0
  0  0  0  0  0  0  0
  0  0  0  0  0  0  0
  0  0  0  0  0  0  0
  0  0  0  0  0  0  0
  0  0  0  0  0100  0
  0  0  0  0100  0  0
  0  0  0100  0  0  0
  0  0100  0  0  0  0
  0100  0  0  0  0  0
100  0  0  0  0  0  0
  0  0  0  0  0  0  0
  0  0  0  0  0  0  0
  0  0  0  0  0  0  0
  0  0  0  0  0  0  0
  0  0  0  0  0  0  0
  0  0  0  0  0  0  0

 bias = -2.412160 pack = 0.000000

     k = 5 ak = 60 pk = 66 a = 19 b = 7 boxsum = 0.000000 ss = 48
 am = 32 pm = 50 maxa = 19 maxb = 7 consum = 2.412160 conmax = 2.412160 condif = 0.185551

 id = 4 m = 42 w = 3 am = 39 pm = 45 seg1 = 0 seg2 = 6 segs = 6
     k = 0 ak = 1 pk = 6 a = 7 b = 6 boxsum = 0.000000 ss = 35
     k = 1 ak = 10 pk = 17 a = 7 b = 8 boxsum = 0.000000 ss = 49
     k = 2 ak = 24 pk = 31 a = 7 b = 8 boxsum = 0.000000 ss = 49
     k = 4 ak = 52 pk = 58 a = 7 b = 7 boxsum = 6.000000 ss = 42
  0  0  0  0  0100  0
  0  0  0  0100  0  0
  0  0  0100  0  0  0
  0  0100  0  0  0  0
  0100  0  0  0  0  0
100  0  0  0  0  0  0
  0  0  0  0  0  0  0

 bias = -2.410824 pack = 0.000000

     k = 5 ak = 60 pk = 66 a = 7 b = 7 boxsum = 0.000000 ss = 42
 am = 39 pm = 45 maxa = 7 maxb = 7 consum = 2.410824 conmax = 2.410824 condif = 2.410824

 id = 4 m = 42 w = 4 am = 38 pm = 46 seg1 = 0 seg2 = 6 segs = 6
     k = 0 ak = 1 pk = 6 a = 9 b = 6 boxsum = 0.000000 ss = 40
     k = 1 ak = 10 pk = 17 a = 9 b = 8 boxsum = 0.000000 ss = 56
     k = 2 ak = 24 pk = 31 a = 9 b = 8 boxsum = 0.000000 ss = 56
     k = 4 ak = 52 pk = 58 a = 9 b = 7 boxsum = 6.000000 ss = 48
  0  0  0  0  0  0  0
  0  0  0  0  0100  0
  0  0  0  0100  0  0
  0  0  0100  0  0  0
  0  0100  0  0  0  0
  0100  0  0  0  0  0
100  0  0  0  0  0  0
  0  0  0  0  0  0  0
  0  0  0  0  0  0  0

 bias = -2.410824 pack = 0.000000

     k = 5 ak = 60 pk = 66 a = 9 b = 7 boxsum = 0.000000 ss = 48
 am = 38 pm = 46 maxa = 9 maxb = 7 consum = 2.410824 conmax = 2.410824 condif = 0.803608

 id = 4 m = 42 w = 5 am = 37 pm = 47 seg1 = 0 seg2 = 6 segs = 6
     k = 0 ak = 1 pk = 6 a = 11 b = 6 boxsum = 0.000000 ss = 40
     k = 1 ak = 10 pk = 17 a = 11 b = 8 boxsum = 0.000000 ss = 56
     k = 2 ak = 24 pk = 31 a = 11 b = 8 boxsum = 0.000000 ss = 56
     k = 4 ak = 52 pk = 58 a = 11 b = 7 boxsum = 6.000000 ss = 48
  0  0  0  0  0  0  0
  0  0  0  0  0  0  0
  0  0  0  0  0100  0
  0  0  0  0100  0  0
  0  0  0100  0  0  0
  0  0100  0  0  0  0
  0100  0  0  0  0  0
100  0  0  0  0  0  0
  0  0  0  0  0  0  0
  0  0  0  0  0  0  0
  0  0  0  0  0  0  0

 bias = -2.410824 pack = 0.000000

     k = 5 ak = 60 pk = 66 a = 11 b = 7 boxsum = 0.000000 ss = 48
 am = 37 pm = 47 maxa = 11 maxb = 7 consum = 2.410824 conmax = 2.410824 condif = 0.482165

 id = 4 m = 42 w = 6 am = 36 pm = 48 seg1 = 0 seg2 = 6 segs = 6
     k = 0 ak = 1 pk = 6 a = 13 b = 6 boxsum = 0.000000 ss = 40
     k = 1 ak = 10 pk = 17 a = 13 b = 8 boxsum = 0.000000 ss = 56
     k = 2 ak = 24 pk = 31 a = 13 b = 8 boxsum = 0.000000 ss = 56
     k = 4 ak = 52 pk = 58 a = 13 b = 7 boxsum = 6.000000 ss = 48
  0  0  0  0  0  0  0
  0  0  0  0  0  0  0
  0  0  0  0  0  0  0
  0  0  0  0  0100  0
  0  0  0  0100  0  0
  0  0  0100  0  0  0
  0  0100  0  0  0  0
  0100  0  0  0  0  0
100  0  0  0  0  0  0
  0  0  0  0  0  0  0
  0  0  0  0  0  0  0
  0  0  0  0  0  0  0
  0  0  0  0  0  0  0

 bias = -2.410824 pack = 0.000000

     k = 5 ak = 60 pk = 66 a = 13 b = 7 boxsum = 0.000000 ss = 48
 am = 36 pm = 48 maxa = 13 maxb = 7 consum = 2.410824 conmax = 2.410824 condif = 0.344403

 id = 4 m = 42 w = 7 am = 35 pm = 49 seg1 = 0 seg2 = 6 segs = 6
     k = 0 ak = 1 pk = 6 a = 15 b = 6 boxsum = 0.000000 ss = 40
     k = 1 ak = 10 pk = 17 a = 15 b = 8 boxsum = 0.000000 ss = 56
     k = 2 ak = 24 pk = 31 a = 15 b = 8 boxsum = 0.000000 ss = 56
     k = 4 ak = 52 pk = 58 a = 15 b = 7 boxsum = 6.000000 ss = 48
  0  0  0  0  0  0  0
  0  0  0  0  0  0  0
  0  0  0  0  0  0  0
  0  0  0  0  0  0  0
  0  0  0  0  0100  0
  0  0  0  0100  0  0
  0  0  0100  0  0  0
  0  0100  0  0  0  0
  0100  0  0  0  0  0
100  0  0  0  0  0  0
  0  0  0  0  0  0  0
  0  0  0  0  0  0  0
  0  0  0  0  0  0  0
  0  0  0  0  0  0  0
  0  0  0  0  0  0  0

 bias = -2.410824 pack = 0.000000

     k = 5 ak = 60 pk = 66 a = 15 b = 7 boxsum = 0.000000 ss = 48
 am = 35 pm = 49 maxa = 15 maxb = 7 consum = 2.410824 conmax = 2.410824 condif = 0.267869

 id = 4 m = 42 w = 8 am = 34 pm = 50 seg1 = 0 seg2 = 6 segs = 6
     k = 0 ak = 1 pk = 6 a = 17 b = 6 boxsum = 0.000000 ss = 40
     k = 1 ak = 10 pk = 17 a = 17 b = 8 boxsum = 0.000000 ss = 56
     k = 2 ak = 24 pk = 31 a = 17 b = 8 boxsum = 0.000000 ss = 56
     k = 4 ak = 52 pk = 58 a = 17 b = 7 boxsum = 6.000000 ss = 48
  0  0  0  0  0  0  0
  0  0  0  0  0  0  0
  0  0  0  0  0  0  0
  0  0  0  0  0  0  0
  0  0  0  0  0  0  0
  0  0  0  0  0100  0
  0  0  0  0100  0  0
  0  0  0100  0  0  0
  0  0100  0  0  0  0
  0100  0  0  0  0  0
100  0  0  0  0  0  0
  0  0  0  0  0  0  0
  0  0  0  0  0  0  0
  0  0  0  0  0  0  0
  0  0  0  0  0  0  0
  0  0  0  0  0  0  0
  0  0  0  0  0  0  0

 bias = -2.410824 pack = 0.000000

     k = 5 ak = 60 pk = 66 a = 17 b = 7 boxsum = 0.000000 ss = 48
 am = 34 pm = 50 maxa = 17 maxb = 7 consum = 2.410824 conmax = 2.410824 condif = 0.219166

 id = 4 m = 42 w = 9 am = 33 pm = 51 seg1 = 0 seg2 = 6 segs = 6
     k = 0 ak = 1 pk = 6 a = 19 b = 6 boxsum = 0.000000 ss = 40
     k = 1 ak = 10 pk = 17 a = 19 b = 8 boxsum = 0.000000 ss = 56
     k = 2 ak = 24 pk = 31 a = 19 b = 8 boxsum = 0.000000 ss = 56
     k = 4 ak = 52 pk = 58 a = 19 b = 7 boxsum = 6.000000 ss = 48
  0  0  0  0  0  0  0
  0  0  0  0  0  0  0
  0  0  0  0  0  0  0
  0  0  0  0  0  0  0
  0  0  0  0  0  0  0
  0  0  0  0  0  0  0
  0  0  0  0  0100  0
  0  0  0  0100  0  0
  0  0  0100  0  0  0
  0  0100  0  0  0  0
  0100  0  0  0  0  0
100  0  0  0  0  0  0
  0  0  0  0  0  0  0
  0  0  0  0  0  0  0
  0  0  0  0  0  0  0
  0  0  0  0  0  0  0
  0  0  0  0  0  0  0
  0  0  0  0  0  0  0
  0  0  0  0  0  0  0

 bias = -2.410824 pack = 0.000000

     k = 5 ak = 60 pk = 66 a = 19 b = 7 boxsum = 0.000000 ss = 48
 am = 33 pm = 51 maxa = 19 maxb = 7 consum = 2.410824 conmax = 2.410824 condif = 0.185448

 id = 4 m = 42 w = 10 am = 32 pm = 52 seg1 = 0 seg2 = 6 segs = 6
     k = 0 ak = 1 pk = 6 a = 21 b = 6 boxsum = 0.000000 ss = 40
     k = 1 ak = 10 pk = 17 a = 21 b = 8 boxsum = 0.000000 ss = 56
     k = 2 ak = 24 pk = 31 a = 21 b = 8 boxsum = 0.000000 ss = 56
     k = 5 ak = 60 pk = 66 a = 21 b = 7 boxsum = 0.000000 ss = 48
 am = 32 pm = 52 maxa = -1 maxb = -1 consum = 0.000000 conmax = 0.000000 condif = 0.000000

 id = 4 m = 43 w = 4 am = 39 pm = 47 seg1 = 0 seg2 = 6 segs = 6
     k = 0 ak = 1 pk = 6 a = 9 b = 6 boxsum = 0.000000 ss = 35
     k = 1 ak = 10 pk = 17 a = 9 b = 8 boxsum = 0.000000 ss = 49
     k = 2 ak = 24 pk = 31 a = 9 b = 8 boxsum = 0.000000 ss = 49
     k = 4 ak = 52 pk = 58 a = 9 b = 7 boxsum = 6.000000 ss = 42
  0  0  0  0  0100  0
  0  0  0  0100  0  0
  0  0  0100  0  0  0
  0  0100  0  0  0  0
  0100  0  0  0  0  0
100  0  0  0  0  0  0
  0  0  0  0  0  0  0
  0  0  0  0  0  0  0
  0  0  0  0  0  0  0

 bias = -2.412114 pack = 0.000000

     k = 5 ak = 60 pk = 66 a = 9 b = 7 boxsum = 0.000000 ss = 42
 am = 39 pm = 47 maxa = 9 maxb = 7 consum = 2.412114 conmax = 2.412114 condif = 0.804038

 id = 4 m = 43 w = 5 am = 38 pm = 48 seg1 = 0 seg2 = 6 segs = 6
     k = 0 ak = 1 pk = 6 a = 11 b = 6 boxsum = 0.000000 ss = 40
     k = 1 ak = 10 pk = 17 a = 11 b = 8 boxsum = 0.000000 ss = 56
     k = 2 ak = 24 pk = 31 a = 11 b = 8 boxsum = 0.000000 ss = 56
     k = 4 ak = 52 pk = 58 a = 11 b = 7 boxsum = 6.000000 ss = 48
  0  0  0  0  0  0  0
  0  0  0  0  0100  0
  0  0  0  0100  0  0
  0  0  0100  0  0  0
  0  0100  0  0  0  0
  0100  0  0  0  0  0
100  0  0  0  0  0  0
  0  0  0  0  0  0  0
  0  0  0  0  0  0  0
  0  0  0  0  0  0  0
  0  0  0  0  0  0  0

 bias = -2.412220 pack = 0.000000

     k = 5 ak = 60 pk = 66 a = 11 b = 7 boxsum = 0.000000 ss = 48
 am = 38 pm = 48 maxa = 11 maxb = 7 consum = 2.412220 conmax = 2.412220 condif = 0.482444

 id = 4 m = 43 w = 6 am = 37 pm = 49 seg1 = 0 seg2 = 6 segs = 6
     k = 0 ak = 1 pk = 6 a = 13 b = 6 boxsum = 0.000000 ss = 40
     k = 1 ak = 10 pk = 17 a = 13 b = 8 boxsum = 0.000000 ss = 56
     k = 2 ak = 24 pk = 31 a = 13 b = 8 boxsum = 0.000000 ss = 56
     k = 4 ak = 52 pk = 58 a = 13 b = 7 boxsum = 6.000000 ss = 48
  0  0  0  0  0  0  0
  0  0  0  0  0  0  0
  0  0  0  0  0100  0
  0  0  0  0100  0  0
  0  0  0100  0  0  0
  0  0100  0  0  0  0
  0100  0  0  0  0  0
100  0  0  0  0  0  0
  0  0  0  0  0  0  0
  0  0  0  0  0  0  0
  0  0  0  0  0  0  0
  0  0  0  0  0  0  0
  0  0  0  0  0  0  0

 bias = -2.412114 pack = 0.000000

     k = 5 ak = 60 pk = 66 a = 13 b = 7 boxsum = 0.000000 ss = 48
 am = 37 pm = 49 maxa = 13 maxb = 7 consum = 2.412114 conmax = 2.412114 condif = 0.344588

 id = 4 m = 43 w = 7 am = 36 pm = 50 seg1 = 0 seg2 = 6 segs = 6
     k = 0 ak = 1 pk = 6 a = 15 b = 6 boxsum = 0.000000 ss = 40
     k = 1 ak = 10 pk = 17 a = 15 b = 8 boxsum = 0.000000 ss = 56
     k = 2 ak = 24 pk = 31 a = 15 b = 8 boxsum = 0.000000 ss = 56
     k = 4 ak = 52 pk = 58 a = 15 b = 7 boxsum = 6.000000 ss = 48
  0  0  0  0  0  0  0
  0  0  0  0  0  0  0
  0  0  0  0  0  0  0
  0  0  0  0  0100  0
  0  0  0  0100  0  0
  0  0  0100  0  0  0
  0  0100  0  0  0  0
  0100  0  0  0  0  0
100  0  0  0  0  0  0
  0  0  0  0  0  0  0
  0  0  0  0  0  0  0
  0  0  0  0  0  0  0
  0  0  0  0  0  0  0
  0  0  0  0  0  0  0
  0  0  0  0  0  0  0

 bias = -2.412220 pack = 0.000000

     k = 5 ak = 60 pk = 66 a = 15 b = 7 boxsum = 0.000000 ss = 48
 am = 36 pm = 50 maxa = 15 maxb = 7 consum = 2.412220 conmax = 2.412220 condif = 0.268025

 id = 4 m = 43 w = 8 am = 35 pm = 51 seg1 = 0 seg2 = 6 segs = 6
     k = 0 ak = 1 pk = 6 a = 17 b = 6 boxsum = 0.000000 ss = 40
     k = 1 ak = 10 pk = 17 a = 17 b = 8 boxsum = 0.000000 ss = 56
     k = 2 ak = 24 pk = 31 a = 17 b = 8 boxsum = 0.000000 ss = 56
     k = 4 ak = 52 pk = 58 a = 17 b = 7 boxsum = 6.000000 ss = 48
  0  0  0  0  0  0  0
  0  0  0  0  0  0  0
  0  0  0  0  0  0  0
  0  0  0  0  0  0  0
  0  0  0  0  0100  0
  0  0  0  0100  0  0
  0  0  0100  0  0  0
  0  0100  0  0  0  0
  0100  0  0  0  0  0
100  0  0  0  0  0  0
  0  0  0  0  0  0  0
  0  0  0  0  0  0  0
  0  0  0  0  0  0  0
  0  0  0  0  0  0  0
  0  0  0  0  0  0  0
  0  0  0  0  0  0  0
  0  0  0  0  0  0  0

 bias = -2.412220 pack = 0.000000

     k = 5 ak = 60 pk = 66 a = 17 b = 7 boxsum = 0.000000 ss = 48
 am = 35 pm = 51 maxa = 17 maxb = 7 consum = 2.412220 conmax = 2.412220 condif = 0.219293

 id = 4 m = 43 w = 9 am = 34 pm = 52 seg1 = 0 seg2 = 6 segs = 6
     k = 0 ak = 1 pk = 6 a = 19 b = 6 boxsum = 0.000000 ss = 40
     k = 1 ak = 10 pk = 17 a = 19 b = 8 boxsum = 0.000000 ss = 56
     k = 2 ak = 24 pk = 31 a = 19 b = 8 boxsum = 0.000000 ss = 56
     k = 5 ak = 60 pk = 66 a = 19 b = 7 boxsum = 0.000000 ss = 48
 am = 34 pm = 52 maxa = -1 maxb = -1 consum = 0.000000 conmax = 0.000000 condif = 0.000000

 id = 4 m = 44 w = 5 am = 39 pm = 49 seg1 = 0 seg2 = 6 segs = 6
     k = 0 ak = 1 pk = 6 a = 11 b = 6 boxsum = 0.000000 ss = 35
     k = 1 ak = 10 pk = 17 a = 11 b = 8 boxsum = 0.000000 ss = 49
     k = 2 ak = 24 pk = 31 a = 11 b = 8 boxsum = 0.000000 ss = 49
     k = 4 ak = 52 pk = 58 a = 11 b = 7 boxsum = 6.000000 ss = 42
  0  0  0  0  0100  0
  0  0  0  0100  0  0
  0  0  0100  0  0  0
  0  0100  0  0  0  0
  0100  0  0  0  0  0
100  0  0  0  0  0  0
  0  0  0  0  0  0  0
  0  0  0  0  0  0  0
  0  0  0  0  0  0  0
  0  0  0  0  0  0  0
  0  0  0  0  0  0  0

 bias = -2.415972 pack = 0.000000

     k = 5 ak = 60 pk = 66 a = 11 b = 7 boxsum = 0.000000 ss = 42
 am = 39 pm = 49 maxa = 11 maxb = 7 consum = 2.415972 conmax = 2.415972 condif = 0.483195

 id = 4 m = 44 w = 6 am = 38 pm = 50 seg1 = 0 seg2 = 6 segs = 6
     k = 0 ak = 1 pk = 6 a = 13 b = 6 boxsum = 0.000000 ss = 40
     k = 1 ak = 10 pk = 17 a = 13 b = 8 boxsum = 0.000000 ss = 56
     k = 2 ak = 24 pk = 31 a = 13 b = 8 boxsum = 0.000000 ss = 56
     k = 4 ak = 52 pk = 58 a = 13 b = 7 boxsum = 6.000000 ss = 48
  0  0  0  0  0  0  0
  0  0  0  0  0100  0
  0  0  0  0100  0  0
  0  0  0100  0  0  0
  0  0100  0  0  0  0
  0100  0  0  0  0  0
100  0  0  0  0  0  0
  0  0  0  0  0  0  0
  0  0  0  0  0  0  0
  0  0  0  0  0  0  0
  0  0  0  0  0  0  0
  0  0  0  0  0  0  0
  0  0  0  0  0  0  0

 bias = -2.415972 pack = 0.000000

     k = 5 ak = 60 pk = 66 a = 13 b = 7 boxsum = 0.000000 ss = 48
 am = 38 pm = 50 maxa = 13 maxb = 7 consum = 2.415972 conmax = 2.415972 condif = 0.345139

 id = 4 m = 44 w = 7 am = 37 pm = 51 seg1 = 0 seg2 = 6 segs = 6
     k = 0 ak = 1 pk = 6 a = 15 b = 6 boxsum = 0.000000 ss = 40
     k = 1 ak = 10 pk = 17 a = 15 b = 8 boxsum = 0.000000 ss = 56
     k = 2 ak = 24 pk = 31 a = 15 b = 8 boxsum = 0.000000 ss = 56
     k = 4 ak = 52 pk = 58 a = 15 b = 7 boxsum = 6.000000 ss = 48
  0  0  0  0  0  0  0
  0  0  0  0  0  0  0
  0  0  0  0  0100  0
  0  0  0  0100  0  0
  0  0  0100  0  0  0
  0  0100  0  0  0  0
  0100  0  0  0  0  0
100  0  0  0  0  0  0
  0  0  0  0  0  0  0
  0  0  0  0  0  0  0
  0  0  0  0  0  0  0
  0  0  0  0  0  0  0
  0  0  0  0  0  0  0
  0  0  0  0  0  0  0
  0  0  0  0  0  0  0

 bias = -2.415972 pack = 0.000000

     k = 5 ak = 60 pk = 66 a = 15 b = 7 boxsum = 0.000000 ss = 48
 am = 37 pm = 51 maxa = 15 maxb = 7 consum = 2.415972 conmax = 2.415972 condif = 0.268441

 id = 4 m = 44 w = 8 am = 36 pm = 52 seg1 = 0 seg2 = 6 segs = 6
     k = 0 ak = 1 pk = 6 a = 17 b = 6 boxsum = 0.000000 ss = 40
     k = 1 ak = 10 pk = 17 a = 17 b = 8 boxsum = 0.000000 ss = 56
     k = 2 ak = 24 pk = 31 a = 17 b = 8 boxsum = 0.000000 ss = 56
     k = 5 ak = 60 pk = 66 a = 17 b = 7 boxsum = 0.000000 ss = 48
 am = 36 pm = 52 maxa = -1 maxb = -1 consum = 0.000000 conmax = 0.000000 condif = 0.000000

 id = 4 m = 45 w = 6 am = 39 pm = 51 seg1 = 0 seg2 = 6 segs = 6
     k = 0 ak = 1 pk = 6 a = 13 b = 6 boxsum = 0.000000 ss = 35
     k = 1 ak = 10 pk = 17 a = 13 b = 8 boxsum = 0.000000 ss = 49
     k = 2 ak = 24 pk = 31 a = 13 b = 8 boxsum = 0.000000 ss = 49
     k = 4 ak = 52 pk = 58 a = 13 b = 7 boxsum = 6.000000 ss = 42
  0  0  0  0  0100  0
  0  0  0  0100  0  0
  0  0  0100  0  0  0
  0  0100  0  0  0  0
  0100  0  0  0  0  0
100  0  0  0  0  0  0
  0  0  0  0  0  0  0
  0  0  0  0  0  0  0
  0  0  0  0  0  0  0
  0  0  0  0  0  0  0
  0  0  0  0  0  0  0
  0  0  0  0  0  0  0
  0  0  0  0  0  0  0

 bias = -2.422230 pack = 0.000000

     k = 5 ak = 60 pk = 66 a = 13 b = 7 boxsum = 0.000000 ss = 42
 am = 39 pm = 51 maxa = 13 maxb = 7 consum = 2.422230 conmax = 2.422230 condif = 0.346033

 id = 4 m = 45 w = 7 am = 38 pm = 52 seg1 = 0 seg2 = 6 segs = 6
     k = 0 ak = 1 pk = 6 a = 15 b = 6 boxsum = 0.000000 ss = 40
     k = 1 ak = 10 pk = 17 a = 15 b = 8 boxsum = 0.000000 ss = 56
     k = 2 ak = 24 pk = 31 a = 15 b = 8 boxsum = 0.000000 ss = 56
     k = 5 ak = 60 pk = 66 a = 15 b = 7 boxsum = 0.000000 ss = 48
 am = 38 pm = 52 maxa = -1 maxb = -1 consum = 0.000000 conmax = 0.000000 condif = 0.000000

  1 |        0  0  0  0  0  0  0  0  0  0  0  0  0  0  0  0  0  0  0
  2 |        0  0  0  0  0  0  0  0  0  0  0  0  0  0  0  0  0  0  0
  3 | 63  1  0  0  0  0  0  0  0  0  0  0  0  0  0  0  0  0  0  0  0
  4 | 63  1  0  0  2  0  0  0  0  0  0  0  0  0  0  0  0  0  0  0  0
  5 | 63  1  0  0  2  0  0  0  0  0  0  0  0  0  0  0  0  0  0  0  0
  6 | 63  1  0  0  1  0 -4  0  0  0  0  0  0  0  0  0  0  0  0  0  0
  7 | 63  1  0  0  1  0 -6 -8  0  0  0  0  0  0  0  0  0  0  0  0  0
  8 |        0  0  1 -1 -6 -8 -9  0  0  0  0  0  0  0  0  0  0  0  0
  9 |        0  0 -1 -1 -6 -8 -9-11  0  0  0  0  0  0  0  0  0  0  0
 10 |        0  0 -1 -1 -6 -8 -9-11-12  0  0  0  0  0  0  0  0  0  0
 11 |        0  0  0 -1 -6 -8 -9-11-12-13  0  0  0  0  0  0  0  0  0
 12 | 26  2  0  0  1  1 -6 -8 -9-11-12-13-14  0  0  0  0  0  0  0  0
 13 | 26  2  0  0  1  1 -4 -8 -9-11-12-13-14-15  0  0  0  0  0  0  0
 14 | 26  2  0  0  1  1 -4 -6 -9-11-12-13-14-15-16  0  0  0  0  0  0
 15 | 26  2  0  0  0  1 -4 -6 -8-11-12-13-14-15-16-16  0  0  0  0  0
 16 | 26  2  0  0  0  0 -4 -6 -8 -9-12-13-14-15-16-16-17  0  0  0  0
 17 | 26  2  0  0  0  0 -4 -6 -8-10-12-13-14-15-16-16-17-18  0  0  0
 18 | 26  2  0  0  0  0 -4 -6 -8-11-12-13-14-15-16-16-17-18-19  0  0
 19 |        0  0  0  0 -4 -7 -9-11-12-13-14-15-16-16-17-18-19-19  0
 20 |        0  0  0  0 -5 -8 -9-11-12-13-14-15-16-16-17-18-19-19-20
 21 |        0  0  0  0 -6 -8 -9-11-12-13-14-15-16-16-17-18-19-19-20
 22 |        0  0  0 -1 -6 -8 -9-11-12-13-14-15-16-16-17-18-19-19-20
 23 |        0  0  0  0 -6 -8 -9-11-12-13-14-15-16-16-17-18-19-19-20
 24 |        0  0  0  0 -4 -8 -9-11-12-13-14-15-16-16-17-18-19-19-20
 25 |        0  0  0  0 -4 -6 -9-11-12-13-14-15-16-16-17-18-19-19-20
 26 | 11  3  0  0  0  0 -4 -6 -8-11-12-13-14-15-16-16-17-18-19-19-20
 27 | 11  3  0  0  0  1 -4 -6 -8 -9-12-13-14-15-16-16-17-18-19-19-20
 28 | 11  3  0  0  1  1 -4 -6 -8 -9-10-13-14-15-16-16-17-18-19-19-20
 29 | 11  3  0  0  1  1 -4 -6 -8 -9-10-13-14-15-16-16-17-18-19-19-20
 30 | 11  3  0  0  1  1 -4 -6 -8 -9-12-13-14-15-16-16-17-18-19-19-20
 31 | 11  3  0  0  0  1 -4 -6 -8-11-12-13-14-15-16-16-17-18-19-19-20
 32 | 11  3  0  0  0  0 -4 -6 -9-11-12-13-14-15-16-16-17-18-19-19-20
 33 |        0  0  0  0 -4 -8 -9-11-12-13-14-15-16-16-17-18-19-19-20
 34 |        0  0  0  0 -6 -8 -9-11-12-13-14-15-16-16-17-18-19-19-20
 35 |        0  0  0 -1 -6 -8 -9-11-12-13-14-15-16-16-17-18-19-19-20
 36 |        0  0  0 -1 -6 -8 -9-11-12-13-14-15-16-16-17-18-19-19-20
 37 |        0  0  0  0 -6 -8 -9-11-12-13-14-15-16-16-17-18-19-19-20
 38 |        0  0  0  0 -4 -8 -9-11-12-13-14-15-16-16-17-18-19-19-20
 39 | 44  4  0  0  1  0 -4 -6 -9-11-12-13-14-15-16-16-17-18-19-19-20
 40 | 44  4  0  0  1  0 -4 -6 -8-11-12-13-14-15-16-16-17-18-19-19-20
 41 | 44  4  0  0  1  0 -4 -6 -8 -9-12-13-14-15-16-16-17-18-19-19-20
 42 | 44  4  0  0  2  0 -4 -6 -8 -9-10-13-14-15-16-16-17-18-19-19-20
 43 | 44  4  0  0  2  0 -4 -6 -8 -9-10-12-14-15-16-16-17-18-19-19-20
 44 | 44  4  0  0  1  0 -4 -6 -8 -9-11-13-14-15-16-16-17-18-19-19-20
 45 | 44  4  0  0  1  0 -4 -6 -8-10-12-13-14-15-16-16-17-18-19-19-20
 46 | 44  4  0  0  1  0 -4 -6 -8-11-12-13-14-15-16-16-17-18-19-19-20
 47 |        0  0  0  0 -4 -7 -9-11-12-13-14-15-16-16-17-18-19-19-20
 48 |        0  0  0  0 -5 -8 -9-11-12-13-14-15-16-16-17-18-19-19-20
 49 |        0  0  0  0 -6 -8 -9-11-12-13-14-15-16-16-17-18-19-19-20
 50 |        0  0  0 -1 -6 -8 -9-11-12-13-14-15-16-16-17-18-19-19  0
 51 |        0  0  0  1 -6 -8 -9-11-12-13-14-15-16-16-17-18-19  0  0
 52 |        0  0  0  1 -4 -8 -9-11-12-13-14-15-16-16-17-18  0  0  0
 53 |        0  0  0  1 -4 -6 -9-11-12-13-14-15-16-16-17  0  0  0  0
 54 | 41  5  0  0  0  2 -4 -6 -8-11-12-13-14-15-16-16  0  0  0  0  0
 55 | 41  5  0  0  0  2 -4 -6 -9-11-12-13-14-15-16  0  0  0  0  0  0
 56 | 41  5  0  0  0  2 -4 -8 -9-11-12-13-14-15  0  0  0  0  0  0  0
 57 | 41  5  0  0  0  2 -6 -8 -9-11-12-13-14  0  0  0  0  0  0  0  0
 58 | 41  5  0  0  0 -1 -6 -8 -9-11-12-13  0  0  0  0  0  0  0  0  0
 59 | 41  5  0  0 -1 -1 -6 -8 -9-11-12  0  0  0  0  0  0  0  0  0  0
 60 |        0 -1 -1 -1 -6 -8 -9-11  0  0  0  0  0  0  0  0  0  0  0
 61 |        0 -1 -1 -1 -6 -8 -9  0  0  0  0  0  0  0  0  0  0  0  0
 62 |  3  6  0  0 -1 -1 -6 -8  0  0  0  0  0  0  0  0  0  0  0  0  0
 63 |  3  6  0  0  1 -1 -6  0  0  0  0  0  0  0  0  0  0  0  0  0  0
 64 |  3  6  0  0  1  0  0  0  0  0  0  0  0  0  0  0  0  0  0  0  0
 65 |  3  6  0  0  0  0  0  0  0  0  0  0  0  0  0  0  0  0  0  0  0
 66 |  3  6  0  0  0  0  0  0  0  0  0  0  0  0  0  0  0  0  0  0  0
 67 |  3  6  0  0  0  0  0  0  0  0  0  0  0  0  0  0  0  0  0  0  0
 68 |        0  0  0  0  0  0  0  0  0  0  0  0  0  0  0  0  0  0  0


  1 |                                                                                  
  2 |                                                                                  
  3 | 63  1       0                                                                    
  4 | 63  1       0   4                                                                
  5 | 63  1       0   4  10                                                            
  6 | 63  1       0   3   9  10                                                        
  7 | 63  1       0   2   7   3                                                        
  8 |             0   1   1                                                            
  9 |                                                                                  
 10 |                                                                                  
 11 |             0   1   1                                                            
 12 | 26  2       0   2   6   1                                                        
 13 | 26  2       0   2   7   7                                                        
 14 | 26  2       0   2   7   8                                                        
 15 | 26  2       0   2   6   7                                                        
 16 | 26  2       0   2   5   6                                                        
 17 | 26  2       0   1   4   3                                                        
 18 | 26  2       0   1   3   1                                                        
 19 |                 0   1                                                            
 20 |                     0                                                            
 21 |                                                                                  
 22 |                                                                                  
 23 |                 0   1                                                            
 24 |             0   1   3   1                                                        
 25 |             0   1   4   3                                                        
 26 | 11  3       0   2   5   6                                                        
 27 | 11  3       0   2   6   7                                                        
 28 | 11  3       0   2   7   8                                                        
 29 | 11  3       0   2   7   7                                                        
 30 | 11  3       0   2   6   6                                                        
 31 | 11  3       0   1   4   4                                                        
 32 | 11  3           1   3   2                                                        
 33 |                     1                                                            
 34 |                                                                                  
 35 |                                                                                  
 36 |                                                                                  
 37 |                     1                                                            
 38 |                 0   2   1                                                        
 39 | 44  4       0   1   5   4                                                        
 40 | 44  4       0   2   7   7                                                        
 41 | 44  4       0   3   9  10                                                        
 42 | 44  4       0   4  10  11   0                                                    
 43 | 44  4       0   4  10  11   0                                                    
 44 | 44  4       0   3   9  10                                                        
 45 | 44  4       0   2   7   7                                                        
 46 | 44  4       0   1   5   4                                                        
 47 |                 0   2   1                                                        
 48 |                     1                                                            
 49 |                                                                                  
 50 |                                                                                  
 51 |                 0   2                                                            
 52 |             0   0   3   3                                                        
 53 |             0   1   4   5                                                        
 54 | 41  5       0   1   5   7                                                        
 55 | 41  5       0   1   6   8                                                        
 56 | 41  5       0   1   6   8                                                        
 57 | 41  5       0   1   5   0                                                        
 58 | 41  5       0   1                                                                
 59 | 41  5       0                                                                    
 60 |                                                                                  
 61 |                                                                                  
 62 |  3  6       0                                                                    
 63 |  3  6       0   3   2                                                            
 64 |  3  6       0   3   8                                                            
 65 |  3  6       0   3                                                                
 66 |  3  6       0                                                                    
 67 |  3  6                                                                            
 68 |                                                                                  


 i = 63 j = 4 sum[i][j] = 53.820900
 i = 53 j = 5 sum[i][j] = 45.660423
 i = 41 j = 5 sum[i][j] = 38.054466
 i = 27 j = 5 sum[i][j] = 26.382473
 i = 14 j = 5 sum[i][j] = 17.971838
 i = 4 j = 4 sum[i][j] = 10.388258

   1-9   10-20   23-33   37-47   49-59   60-68 tops = 53.820900
 i = 0 s = 53.820900


	1-9	 m = 4 w = 4
	10-20	 m = 14 w = 5
	23-33	 m = 27 w = 5
	37-47	 m = 41 w = 5
 id = 4 m = 41 w = 5 am = 36 pm = 46 seg1 = 0 seg2 = 1 segs = 6
     k = 0 ak = 0 pk = 8 a = 11 b = 9 boxsum = 1.000000 ss = 40
  0  0  0  0  0  0  0  0  0
  0  0  0  0  0  0  0100  0
  0  0  0  0  0  0  0  0  0
  0  0  0  0  0  0  0  0  0
  0  0  0  0  0  0  0  0  0
  0  0  0  0  0  0  0  0  0
  0  0  0  0  0  0  0  0  0
  0  0  0  0  0  0  0  0  0
  0  0  0  0  0  0  0  0  0
  0  0  0  0  0  0  0  0  0
  0  0  0  0  0  0  0  0  0

 bias = 0.000000 pack = 1.000000

 id = 4 m = 41 w = 5 am = 36 pm = 46 seg1 = 1 seg2 = 2 segs = 6
     k = 1 ak = 9 pk = 19 a = 11 b = 11 boxsum = 0.000000 ss = 56
 id = 4 m = 41 w = 5 am = 36 pm = 46 seg1 = 2 seg2 = 3 segs = 6
     k = 2 ak = 22 pk = 32 a = 11 b = 11 boxsum = 0.000000 ss = 56
	49-59	 m = 53 w = 5
	60-68	 m = 63 w = 4
