using 24 pairs and 10 models


move = 0
Running with 20 true pairs
Running with 18 pred pairs
Running with 24 grem pairs
Unsmoothed
  0.599
  4.135
  2.820
Smoothed1x
  0.516
  3.662
  2.256
Smoothed2x
  0.488
  3.498
  2.066

move = 2
Running with 20 true pairs
Running with 18 pred pairs
Running with 24 grem pairs
Unsmoothed
  6.527
  7.156
  4.234
Smoothed1x
  5.982
  6.600
  3.550
Smoothed2x
  5.727
  6.335
  3.277

move = 4
Running with 20 true pairs
Running with 18 pred pairs
Running with 24 grem pairs
Unsmoothed
  7.672
  8.107
  5.540
Smoothed1x
  7.131
  7.551
  4.859
Smoothed2x
  6.874
  7.275
  4.534

move = 6
Running with 20 true pairs
Running with 18 pred pairs
Running with 24 grem pairs
Unsmoothed
  9.051
 10.358
  5.959
Smoothed1x
  8.424
  9.775
  5.272
Smoothed2x
  8.069
  9.464
  4.931

move = 8
Running with 20 true pairs
Running with 18 pred pairs
Running with 24 grem pairs
Unsmoothed
 11.462
 11.578
  6.720
Smoothed1x
 10.872
 11.038
  6.030
Smoothed2x
 10.520
 10.742
  5.668

move = 10
Running with 20 true pairs
Running with 18 pred pairs
Running with 24 grem pairs
Unsmoothed
 12.022
 12.544
  6.597
Smoothed1x
 11.461
 11.921
  5.916
Smoothed2x
 11.127
 11.551
  5.552
