 len = 129 cut = 1.000000 gap = 6.000000 inbox = 0
 i = 0 ends[0][i] = 2 ends[1][i] = 7
 i = 1 ends[0][i] = 9 ends[1][i] = 10
 i = 2 ends[0][i] = 13 ends[1][i] = 17
 i = 3 ends[0][i] = 20 ends[1][i] = 21
 i = 4 ends[0][i] = 24 ends[1][i] = 28
 i = 5 ends[0][i] = 30 ends[1][i] = 36
 i = 6 ends[0][i] = 40 ends[1][i] = 46
 i = 7 ends[0][i] = 48 ends[1][i] = 52
 i = 8 ends[0][i] = 55 ends[1][i] = 58
 i = 9 ends[0][i] = 64 ends[1][i] = 71
 i = 10 ends[0][i] = 76 ends[1][i] = 80
 i = 11 ends[0][i] = 84 ends[1][i] = 87
 i = 12 ends[0][i] = 91 ends[1][i] = 94
 i = 13 ends[0][i] = 98 ends[1][i] = 102
 i = 14 ends[0][i] = 105 ends[1][i] = 110
 i = 15 ends[0][i] = 112 ends[1][i] = 116
 i = 16 ends[0][i] = 119 ends[1][i] = 120
 i = 17 ends[0][i] = 123 ends[1][i] = 128
 n = 36
 id = 7 m = 39 w = 2 am = 37 pm = 41 seg1 = 0 seg2 = 18 segs = 18
     k = 0 ak = 1 pk = 6 a = 5 b = 6 boxsum = 0.000000 ss = 10
     k = 1 ak = 8 pk = 9 a = 5 b = 2 boxsum = 0.000000 ss = 2
     k = 2 ak = 12 pk = 16 a = 5 b = 5 boxsum = 0.000000 ss = 8
     k = 3 ak = 19 pk = 20 a = 5 b = 2 boxsum = 0.000000 ss = 2
     k = 4 ak = 23 pk = 27 a = 5 b = 5 boxsum = 0.000000 ss = 8
     k = 5 ak = 29 pk = 35 a = 5 b = 7 boxsum = 3.000000 ss = 12
  0  0  0  0  0
  0  0  0  0  0
  0  0  0  0  0
  0  0  0  0100
  0  0  0100  0
  0  0100  0  0
  0  0  0  0  0

 bias = -1.150773 pack = 0.000000

     k = 7 ak = 47 pk = 51 a = 5 b = 5 boxsum = 0.000000 ss = 8
     k = 8 ak = 54 pk = 57 a = 5 b = 4 boxsum = 0.000000 ss = 6
     k = 9 ak = 63 pk = 70 a = 5 b = 8 boxsum = 0.000000 ss = 14
     k = 10 ak = 75 pk = 79 a = 5 b = 5 boxsum = 0.000000 ss = 8
     k = 11 ak = 83 pk = 86 a = 5 b = 4 boxsum = 0.000000 ss = 6
     k = 12 ak = 90 pk = 93 a = 5 b = 4 boxsum = 0.000000 ss = 6
     k = 13 ak = 97 pk = 101 a = 5 b = 5 boxsum = 0.000000 ss = 8
     k = 14 ak = 104 pk = 109 a = 5 b = 6 boxsum = 0.000000 ss = 10
     k = 15 ak = 111 pk = 115 a = 5 b = 5 boxsum = 0.000000 ss = 8
     k = 16 ak = 118 pk = 119 a = 5 b = 2 boxsum = 0.000000 ss = 2
     k = 17 ak = 122 pk = 127 a = 5 b = 6 boxsum = 0.000000 ss = 10
 am = 37 pm = 41 maxa = 5 maxb = 7 consum = 1.150773 conmax = 1.150773 condif = 0.383591

 id = 7 m = 39 w = 3 am = 36 pm = 42 seg1 = 0 seg2 = 18 segs = 18
     k = 0 ak = 1 pk = 6 a = 7 b = 6 boxsum = 0.000000 ss = 15
     k = 1 ak = 8 pk = 9 a = 7 b = 2 boxsum = 0.000000 ss = 3
     k = 2 ak = 12 pk = 16 a = 7 b = 5 boxsum = 0.000000 ss = 12
     k = 3 ak = 19 pk = 20 a = 7 b = 2 boxsum = 0.000000 ss = 3
     k = 4 ak = 23 pk = 27 a = 7 b = 5 boxsum = 0.000000 ss = 12
     k = 5 ak = 29 pk = 35 a = 7 b = 7 boxsum = 4.000000 ss = 18
  0  0  0  0  0  0  0
  0  0  0  0  0  0  0
  0  0  0  0  0  0  0
  0  0  0  0  0100  0
  0  0  0  0100  0  0
  0  0  0100  0  0  0
  0  0100  0  0  0  0

 bias = -1.577445 pack = 0.000000

     k = 7 ak = 47 pk = 51 a = 7 b = 5 boxsum = 0.000000 ss = 12
     k = 8 ak = 54 pk = 57 a = 7 b = 4 boxsum = 0.000000 ss = 9
     k = 9 ak = 63 pk = 70 a = 7 b = 8 boxsum = 0.000000 ss = 21
     k = 10 ak = 75 pk = 79 a = 7 b = 5 boxsum = 0.000000 ss = 12
     k = 11 ak = 83 pk = 86 a = 7 b = 4 boxsum = 0.000000 ss = 9
     k = 12 ak = 90 pk = 93 a = 7 b = 4 boxsum = 0.000000 ss = 9
     k = 13 ak = 97 pk = 101 a = 7 b = 5 boxsum = 0.000000 ss = 12
     k = 14 ak = 104 pk = 109 a = 7 b = 6 boxsum = 0.000000 ss = 15
     k = 15 ak = 111 pk = 115 a = 7 b = 5 boxsum = 0.000000 ss = 12
     k = 16 ak = 118 pk = 119 a = 7 b = 2 boxsum = 0.000000 ss = 3
     k = 17 ak = 122 pk = 127 a = 7 b = 6 boxsum = 0.000000 ss = 15
 am = 36 pm = 42 maxa = 7 maxb = 7 consum = 1.577445 conmax = 1.577445 condif = 1.577445

 id = 7 m = 40 w = 2 am = 38 pm = 42 seg1 = 0 seg2 = 18 segs = 18
     k = 0 ak = 1 pk = 6 a = 5 b = 6 boxsum = 0.000000 ss = 15
     k = 1 ak = 8 pk = 9 a = 5 b = 2 boxsum = 0.000000 ss = 3
     k = 2 ak = 12 pk = 16 a = 5 b = 5 boxsum = 0.000000 ss = 12
     k = 3 ak = 19 pk = 20 a = 5 b = 2 boxsum = 0.000000 ss = 3
     k = 4 ak = 23 pk = 27 a = 5 b = 5 boxsum = 0.000000 ss = 12
     k = 5 ak = 29 pk = 35 a = 5 b = 7 boxsum = 4.000000 ss = 18
  0  0  0  0  0
  0  0  0  0  0
  0  0  0  0100
  0  0  0100  0
  0  0100  0  0
  0100  0  0  0
  0  0  0  0  0

 bias = -1.577063 pack = 0.000000

     k = 7 ak = 47 pk = 51 a = 5 b = 5 boxsum = 0.000000 ss = 12
     k = 8 ak = 54 pk = 57 a = 5 b = 4 boxsum = 0.000000 ss = 9
     k = 9 ak = 63 pk = 70 a = 5 b = 8 boxsum = 0.000000 ss = 21
     k = 10 ak = 75 pk = 79 a = 5 b = 5 boxsum = 0.000000 ss = 12
     k = 11 ak = 83 pk = 86 a = 5 b = 4 boxsum = 0.000000 ss = 9
     k = 12 ak = 90 pk = 93 a = 5 b = 4 boxsum = 0.000000 ss = 9
     k = 13 ak = 97 pk = 101 a = 5 b = 5 boxsum = 0.000000 ss = 12
     k = 14 ak = 104 pk = 109 a = 5 b = 6 boxsum = 0.000000 ss = 15
     k = 15 ak = 111 pk = 115 a = 5 b = 5 boxsum = 0.000000 ss = 12
     k = 16 ak = 118 pk = 119 a = 5 b = 2 boxsum = 0.000000 ss = 3
     k = 17 ak = 122 pk = 127 a = 5 b = 6 boxsum = 0.000000 ss = 15
 am = 38 pm = 42 maxa = 5 maxb = 7 consum = 1.577063 conmax = 1.577063 condif = 0.525688

 id = 7 m = 40 w = 3 am = 37 pm = 43 seg1 = 0 seg2 = 18 segs = 18
     k = 0 ak = 1 pk = 6 a = 7 b = 6 boxsum = 0.000000 ss = 20
     k = 1 ak = 8 pk = 9 a = 7 b = 2 boxsum = 0.000000 ss = 4
     k = 2 ak = 12 pk = 16 a = 7 b = 5 boxsum = 0.000000 ss = 16
     k = 3 ak = 19 pk = 20 a = 7 b = 2 boxsum = 0.000000 ss = 4
     k = 4 ak = 23 pk = 27 a = 7 b = 5 boxsum = 0.000000 ss = 16
     k = 5 ak = 29 pk = 35 a = 7 b = 7 boxsum = 5.000000 ss = 24
  0  0  0  0  0  0  0
  0  0  0  0  0  0  0
  0  0  0  0  0100  0
  0  0  0  0100  0  0
  0  0  0100  0  0  0
  0  0100  0  0  0  0
  0100  0  0  0  0  0

 bias = -1.996516 pack = 0.000000

     k = 7 ak = 47 pk = 51 a = 7 b = 5 boxsum = 0.000000 ss = 16
     k = 8 ak = 54 pk = 57 a = 7 b = 4 boxsum = 0.000000 ss = 12
     k = 9 ak = 63 pk = 70 a = 7 b = 8 boxsum = 0.000000 ss = 28
     k = 10 ak = 75 pk = 79 a = 7 b = 5 boxsum = 0.000000 ss = 16
     k = 11 ak = 83 pk = 86 a = 7 b = 4 boxsum = 0.000000 ss = 12
     k = 12 ak = 90 pk = 93 a = 7 b = 4 boxsum = 0.000000 ss = 12
     k = 13 ak = 97 pk = 101 a = 7 b = 5 boxsum = 0.000000 ss = 16
     k = 14 ak = 104 pk = 109 a = 7 b = 6 boxsum = 0.000000 ss = 20
     k = 15 ak = 111 pk = 115 a = 7 b = 5 boxsum = 0.000000 ss = 16
     k = 16 ak = 118 pk = 119 a = 7 b = 2 boxsum = 0.000000 ss = 4
     k = 17 ak = 122 pk = 127 a = 7 b = 6 boxsum = 0.000000 ss = 20
 am = 37 pm = 43 maxa = 7 maxb = 7 consum = 1.996516 conmax = 1.996516 condif = 1.996516

 id = 7 m = 40 w = 4 am = 36 pm = 44 seg1 = 0 seg2 = 18 segs = 18
     k = 0 ak = 1 pk = 6 a = 9 b = 6 boxsum = 0.000000 ss = 25
     k = 1 ak = 8 pk = 9 a = 9 b = 2 boxsum = 0.000000 ss = 5
     k = 2 ak = 12 pk = 16 a = 9 b = 5 boxsum = 0.000000 ss = 20
     k = 3 ak = 19 pk = 20 a = 9 b = 2 boxsum = 0.000000 ss = 5
     k = 4 ak = 23 pk = 27 a = 9 b = 5 boxsum = 0.000000 ss = 20
     k = 5 ak = 29 pk = 35 a = 9 b = 7 boxsum = 6.000000 ss = 30
  0  0  0  0  0  0  0
  0  0  0  0  0  0  0
  0  0  0  0  0  0  0
  0  0  0  0  0100  0
  0  0  0  0100  0  0
  0  0  0100  0  0  0
  0  0100  0  0  0  0
  0100  0  0  0  0  0
100  0  0  0  0  0  0

 bias = -2.415894 pack = 0.000000

     k = 7 ak = 47 pk = 51 a = 9 b = 5 boxsum = 0.000000 ss = 20
     k = 8 ak = 54 pk = 57 a = 9 b = 4 boxsum = 0.000000 ss = 15
     k = 9 ak = 63 pk = 70 a = 9 b = 8 boxsum = 0.000000 ss = 35
     k = 10 ak = 75 pk = 79 a = 9 b = 5 boxsum = 0.000000 ss = 20
     k = 11 ak = 83 pk = 86 a = 9 b = 4 boxsum = 0.000000 ss = 15
     k = 12 ak = 90 pk = 93 a = 9 b = 4 boxsum = 0.000000 ss = 15
     k = 13 ak = 97 pk = 101 a = 9 b = 5 boxsum = 0.000000 ss = 20
     k = 14 ak = 104 pk = 109 a = 9 b = 6 boxsum = 0.000000 ss = 25
     k = 15 ak = 111 pk = 115 a = 9 b = 5 boxsum = 0.000000 ss = 20
     k = 16 ak = 118 pk = 119 a = 9 b = 2 boxsum = 0.000000 ss = 5
     k = 17 ak = 122 pk = 127 a = 9 b = 6 boxsum = 0.000000 ss = 25
 am = 36 pm = 44 maxa = 9 maxb = 7 consum = 2.415894 conmax = 2.415894 condif = 0.805298

 id = 7 m = 41 w = 2 am = 39 pm = 43 seg1 = 0 seg2 = 18 segs = 18
     k = 0 ak = 1 pk = 6 a = 5 b = 6 boxsum = 0.000000 ss = 20
     k = 1 ak = 8 pk = 9 a = 5 b = 2 boxsum = 0.000000 ss = 4
     k = 2 ak = 12 pk = 16 a = 5 b = 5 boxsum = 0.000000 ss = 16
     k = 3 ak = 19 pk = 20 a = 5 b = 2 boxsum = 0.000000 ss = 4
     k = 4 ak = 23 pk = 27 a = 5 b = 5 boxsum = 0.000000 ss = 16
     k = 5 ak = 29 pk = 35 a = 5 b = 7 boxsum = 5.000000 ss = 24
  0  0  0  0  0
  0  0  0  0100
  0  0  0100  0
  0  0100  0  0
  0100  0  0  0
100  0  0  0  0
  0  0  0  0  0

 bias = -1.995762 pack = 0.000000

     k = 7 ak = 47 pk = 51 a = 5 b = 5 boxsum = 0.000000 ss = 16
     k = 8 ak = 54 pk = 57 a = 5 b = 4 boxsum = 0.000000 ss = 12
     k = 9 ak = 63 pk = 70 a = 5 b = 8 boxsum = 0.000000 ss = 28
     k = 10 ak = 75 pk = 79 a = 5 b = 5 boxsum = 0.000000 ss = 16
     k = 11 ak = 83 pk = 86 a = 5 b = 4 boxsum = 0.000000 ss = 12
     k = 12 ak = 90 pk = 93 a = 5 b = 4 boxsum = 0.000000 ss = 12
     k = 13 ak = 97 pk = 101 a = 5 b = 5 boxsum = 0.000000 ss = 16
     k = 14 ak = 104 pk = 109 a = 5 b = 6 boxsum = 0.000000 ss = 20
     k = 15 ak = 111 pk = 115 a = 5 b = 5 boxsum = 0.000000 ss = 16
     k = 16 ak = 118 pk = 119 a = 5 b = 2 boxsum = 0.000000 ss = 4
     k = 17 ak = 122 pk = 127 a = 5 b = 6 boxsum = 0.000000 ss = 20
 am = 39 pm = 43 maxa = 5 maxb = 7 consum = 1.995762 conmax = 1.995762 condif = 0.665254

 id = 7 m = 41 w = 3 am = 38 pm = 44 seg1 = 0 seg2 = 18 segs = 18
     k = 0 ak = 1 pk = 6 a = 7 b = 6 boxsum = 0.000000 ss = 25
     k = 1 ak = 8 pk = 9 a = 7 b = 2 boxsum = 0.000000 ss = 5
     k = 2 ak = 12 pk = 16 a = 7 b = 5 boxsum = 0.000000 ss = 20
     k = 3 ak = 19 pk = 20 a = 7 b = 2 boxsum = 0.000000 ss = 5
     k = 4 ak = 23 pk = 27 a = 7 b = 5 boxsum = 0.000000 ss = 20
     k = 5 ak = 29 pk = 35 a = 7 b = 7 boxsum = 6.000000 ss = 30
  0  0  0  0  0  0  0
  0  0  0  0  0100  0
  0  0  0  0100  0  0
  0  0  0100  0  0  0
  0  0100  0  0  0  0
  0100  0  0  0  0  0
100  0  0  0  0  0  0

 bias = -2.412160 pack = 0.000000

     k = 7 ak = 47 pk = 51 a = 7 b = 5 boxsum = 0.000000 ss = 20
     k = 8 ak = 54 pk = 57 a = 7 b = 4 boxsum = 0.000000 ss = 15
     k = 9 ak = 63 pk = 70 a = 7 b = 8 boxsum = 0.000000 ss = 35
     k = 10 ak = 75 pk = 79 a = 7 b = 5 boxsum = 0.000000 ss = 20
     k = 11 ak = 83 pk = 86 a = 7 b = 4 boxsum = 0.000000 ss = 15
     k = 12 ak = 90 pk = 93 a = 7 b = 4 boxsum = 0.000000 ss = 15
     k = 13 ak = 97 pk = 101 a = 7 b = 5 boxsum = 0.000000 ss = 20
     k = 14 ak = 104 pk = 109 a = 7 b = 6 boxsum = 0.000000 ss = 25
     k = 15 ak = 111 pk = 115 a = 7 b = 5 boxsum = 0.000000 ss = 20
     k = 16 ak = 118 pk = 119 a = 7 b = 2 boxsum = 0.000000 ss = 5
     k = 17 ak = 122 pk = 127 a = 7 b = 6 boxsum = 0.000000 ss = 25
 am = 38 pm = 44 maxa = 7 maxb = 7 consum = 2.412160 conmax = 2.412160 condif = 2.412160

 id = 7 m = 41 w = 4 am = 37 pm = 45 seg1 = 0 seg2 = 18 segs = 18
     k = 0 ak = 1 pk = 6 a = 9 b = 6 boxsum = 0.000000 ss = 30
     k = 1 ak = 8 pk = 9 a = 9 b = 2 boxsum = 0.000000 ss = 6
     k = 2 ak = 12 pk = 16 a = 9 b = 5 boxsum = 0.000000 ss = 24
     k = 3 ak = 19 pk = 20 a = 9 b = 2 boxsum = 0.000000 ss = 6
     k = 4 ak = 23 pk = 27 a = 9 b = 5 boxsum = 0.000000 ss = 24
     k = 5 ak = 29 pk = 35 a = 9 b = 7 boxsum = 6.000000 ss = 36
  0  0  0  0  0  0  0
  0  0  0  0  0  0  0
  0  0  0  0  0100  0
  0  0  0  0100  0  0
  0  0  0100  0  0  0
  0  0100  0  0  0  0
  0100  0  0  0  0  0
100  0  0  0  0  0  0
  0  0  0  0  0  0  0

 bias = -2.412062 pack = 0.000000

     k = 7 ak = 47 pk = 51 a = 9 b = 5 boxsum = 0.000000 ss = 24
     k = 8 ak = 54 pk = 57 a = 9 b = 4 boxsum = 0.000000 ss = 18
     k = 9 ak = 63 pk = 70 a = 9 b = 8 boxsum = 0.000000 ss = 42
     k = 10 ak = 75 pk = 79 a = 9 b = 5 boxsum = 0.000000 ss = 24
     k = 11 ak = 83 pk = 86 a = 9 b = 4 boxsum = 0.000000 ss = 18
     k = 12 ak = 90 pk = 93 a = 9 b = 4 boxsum = 0.000000 ss = 18
     k = 13 ak = 97 pk = 101 a = 9 b = 5 boxsum = 0.000000 ss = 24
     k = 14 ak = 104 pk = 109 a = 9 b = 6 boxsum = 0.000000 ss = 30
     k = 15 ak = 111 pk = 115 a = 9 b = 5 boxsum = 0.000000 ss = 24
     k = 16 ak = 118 pk = 119 a = 9 b = 2 boxsum = 0.000000 ss = 6
     k = 17 ak = 122 pk = 127 a = 9 b = 6 boxsum = 0.000000 ss = 30
 am = 37 pm = 45 maxa = 9 maxb = 7 consum = 2.412062 conmax = 2.412062 condif = 0.804021

 id = 7 m = 41 w = 5 am = 36 pm = 46 seg1 = 0 seg2 = 18 segs = 18
     k = 0 ak = 1 pk = 6 a = 11 b = 6 boxsum = 0.000000 ss = 30
     k = 1 ak = 8 pk = 9 a = 11 b = 2 boxsum = 0.000000 ss = 6
     k = 2 ak = 12 pk = 16 a = 11 b = 5 boxsum = 0.000000 ss = 24
     k = 3 ak = 19 pk = 20 a = 11 b = 2 boxsum = 0.000000 ss = 6
     k = 4 ak = 23 pk = 27 a = 11 b = 5 boxsum = 0.000000 ss = 24
     k = 5 ak = 29 pk = 35 a = 11 b = 7 boxsum = 6.000000 ss = 36
  0  0  0  0  0  0  0
  0  0  0  0  0  0  0
  0  0  0  0  0  0  0
  0  0  0  0  0100  0
  0  0  0  0100  0  0
  0  0  0100  0  0  0
  0  0100  0  0  0  0
  0100  0  0  0  0  0
100  0  0  0  0  0  0
  0  0  0  0  0  0  0
  0  0  0  0  0  0  0

 bias = -2.412160 pack = 0.000000

     k = 7 ak = 47 pk = 51 a = 11 b = 5 boxsum = 0.000000 ss = 24
     k = 8 ak = 54 pk = 57 a = 11 b = 4 boxsum = 0.000000 ss = 18
     k = 9 ak = 63 pk = 70 a = 11 b = 8 boxsum = 0.000000 ss = 42
     k = 10 ak = 75 pk = 79 a = 11 b = 5 boxsum = 0.000000 ss = 24
     k = 11 ak = 83 pk = 86 a = 11 b = 4 boxsum = 0.000000 ss = 18
     k = 12 ak = 90 pk = 93 a = 11 b = 4 boxsum = 0.000000 ss = 18
     k = 13 ak = 97 pk = 101 a = 11 b = 5 boxsum = 0.000000 ss = 24
     k = 14 ak = 104 pk = 109 a = 11 b = 6 boxsum = 0.000000 ss = 30
     k = 15 ak = 111 pk = 115 a = 11 b = 5 boxsum = 0.000000 ss = 24
     k = 16 ak = 118 pk = 119 a = 11 b = 2 boxsum = 0.000000 ss = 6
     k = 17 ak = 122 pk = 127 a = 11 b = 6 boxsum = 0.000000 ss = 30
 am = 36 pm = 46 maxa = 11 maxb = 7 consum = 2.412160 conmax = 2.412160 condif = 0.482432

 id = 7 m = 42 w = 3 am = 39 pm = 45 seg1 = 0 seg2 = 18 segs = 18
     k = 0 ak = 1 pk = 6 a = 7 b = 6 boxsum = 0.000000 ss = 30
     k = 1 ak = 8 pk = 9 a = 7 b = 2 boxsum = 0.000000 ss = 6
     k = 2 ak = 12 pk = 16 a = 7 b = 5 boxsum = 0.000000 ss = 24
     k = 3 ak = 19 pk = 20 a = 7 b = 2 boxsum = 0.000000 ss = 6
     k = 4 ak = 23 pk = 27 a = 7 b = 5 boxsum = 0.000000 ss = 24
     k = 5 ak = 29 pk = 35 a = 7 b = 7 boxsum = 6.000000 ss = 36
  0  0  0  0  0100  0
  0  0  0  0100  0  0
  0  0  0100  0  0  0
  0  0100  0  0  0  0
  0100  0  0  0  0  0
100  0  0  0  0  0  0
  0  0  0  0  0  0  0

 bias = -2.410824 pack = 0.000000

     k = 7 ak = 47 pk = 51 a = 7 b = 5 boxsum = 0.000000 ss = 24
     k = 8 ak = 54 pk = 57 a = 7 b = 4 boxsum = 0.000000 ss = 18
     k = 9 ak = 63 pk = 70 a = 7 b = 8 boxsum = 0.000000 ss = 42
     k = 10 ak = 75 pk = 79 a = 7 b = 5 boxsum = 0.000000 ss = 24
     k = 11 ak = 83 pk = 86 a = 7 b = 4 boxsum = 0.000000 ss = 18
     k = 12 ak = 90 pk = 93 a = 7 b = 4 boxsum = 0.000000 ss = 18
     k = 13 ak = 97 pk = 101 a = 7 b = 5 boxsum = 0.000000 ss = 24
     k = 14 ak = 104 pk = 109 a = 7 b = 6 boxsum = 0.000000 ss = 30
     k = 15 ak = 111 pk = 115 a = 7 b = 5 boxsum = 0.000000 ss = 24
     k = 16 ak = 118 pk = 119 a = 7 b = 2 boxsum = 0.000000 ss = 6
     k = 17 ak = 122 pk = 127 a = 7 b = 6 boxsum = 0.000000 ss = 30
 am = 39 pm = 45 maxa = 7 maxb = 7 consum = 2.410824 conmax = 2.410824 condif = 2.410824

 id = 7 m = 42 w = 4 am = 38 pm = 46 seg1 = 0 seg2 = 18 segs = 18
     k = 0 ak = 1 pk = 6 a = 9 b = 6 boxsum = 0.000000 ss = 30
     k = 1 ak = 8 pk = 9 a = 9 b = 2 boxsum = 0.000000 ss = 6
     k = 2 ak = 12 pk = 16 a = 9 b = 5 boxsum = 0.000000 ss = 24
     k = 3 ak = 19 pk = 20 a = 9 b = 2 boxsum = 0.000000 ss = 6
     k = 4 ak = 23 pk = 27 a = 9 b = 5 boxsum = 0.000000 ss = 24
     k = 5 ak = 29 pk = 35 a = 9 b = 7 boxsum = 6.000000 ss = 36
  0  0  0  0  0  0  0
  0  0  0  0  0100  0
  0  0  0  0100  0  0
  0  0  0100  0  0  0
  0  0100  0  0  0  0
  0100  0  0  0  0  0
100  0  0  0  0  0  0
  0  0  0  0  0  0  0
  0  0  0  0  0  0  0

 bias = -2.410824 pack = 0.000000

     k = 7 ak = 47 pk = 51 a = 9 b = 5 boxsum = 0.000000 ss = 24
     k = 8 ak = 54 pk = 57 a = 9 b = 4 boxsum = 0.000000 ss = 18
     k = 9 ak = 63 pk = 70 a = 9 b = 8 boxsum = 0.000000 ss = 42
     k = 10 ak = 75 pk = 79 a = 9 b = 5 boxsum = 0.000000 ss = 24
     k = 11 ak = 83 pk = 86 a = 9 b = 4 boxsum = 0.000000 ss = 18
     k = 12 ak = 90 pk = 93 a = 9 b = 4 boxsum = 0.000000 ss = 18
     k = 13 ak = 97 pk = 101 a = 9 b = 5 boxsum = 0.000000 ss = 24
     k = 14 ak = 104 pk = 109 a = 9 b = 6 boxsum = 0.000000 ss = 30
     k = 15 ak = 111 pk = 115 a = 9 b = 5 boxsum = 0.000000 ss = 24
     k = 16 ak = 118 pk = 119 a = 9 b = 2 boxsum = 0.000000 ss = 6
     k = 17 ak = 122 pk = 127 a = 9 b = 6 boxsum = 0.000000 ss = 30
 am = 38 pm = 46 maxa = 9 maxb = 7 consum = 2.410824 conmax = 2.410824 condif = 0.803608

 id = 7 m = 42 w = 5 am = 37 pm = 47 seg1 = 0 seg2 = 18 segs = 18
     k = 0 ak = 1 pk = 6 a = 11 b = 6 boxsum = 0.000000 ss = 30
     k = 1 ak = 8 pk = 9 a = 11 b = 2 boxsum = 0.000000 ss = 6
     k = 2 ak = 12 pk = 16 a = 11 b = 5 boxsum = 0.000000 ss = 24
     k = 3 ak = 19 pk = 20 a = 11 b = 2 boxsum = 0.000000 ss = 6
     k = 4 ak = 23 pk = 27 a = 11 b = 5 boxsum = 1.000000 ss = 24
  0  0  0  0  0
  0  0  0  0  0
  0  0  0  0  0
  0  0  0  0  0
  0  0  0  0  0
  0  0  0  0  0
  0  0  0  0  0
  0  0  0  0  0
  0  0  0  0  0
  0  0  0  0  0
  0  0  0100  0

 bias = 0.000000 pack = 0.000000

     k = 5 ak = 29 pk = 35 a = 11 b = 7 boxsum = 6.000000 ss = 36
  0  0  0  0  0  0  0
  0  0  0  0  0  0  0
  0  0  0  0  0100  0
  0  0  0  0100  0  0
  0  0  0100  0  0  0
  0  0100  0  0  0  0
  0100  0  0  0  0  0
100  0  0  0  0  0  0
  0  0  0  0  0  0  0
  0  0  0  0  0  0  0
  0  0  0  0  0  0  0

 bias = -2.410824 pack = 0.000000

     k = 8 ak = 54 pk = 57 a = 11 b = 4 boxsum = 0.000000 ss = 18
     k = 9 ak = 63 pk = 70 a = 11 b = 8 boxsum = 0.000000 ss = 42
     k = 10 ak = 75 pk = 79 a = 11 b = 5 boxsum = 0.000000 ss = 24
     k = 11 ak = 83 pk = 86 a = 11 b = 4 boxsum = 0.000000 ss = 18
     k = 12 ak = 90 pk = 93 a = 11 b = 4 boxsum = 0.000000 ss = 18
     k = 13 ak = 97 pk = 101 a = 11 b = 5 boxsum = 0.000000 ss = 24
     k = 14 ak = 104 pk = 109 a = 11 b = 6 boxsum = 0.000000 ss = 30
     k = 15 ak = 111 pk = 115 a = 11 b = 5 boxsum = 0.000000 ss = 24
     k = 16 ak = 118 pk = 119 a = 11 b = 2 boxsum = 0.000000 ss = 6
     k = 17 ak = 122 pk = 127 a = 11 b = 6 boxsum = 0.000000 ss = 30
 am = 37 pm = 47 maxa = 11 maxb = 7 consum = 2.410824 conmax = 2.410824 condif = 0.482165

 id = 7 m = 43 w = 4 am = 39 pm = 47 seg1 = 0 seg2 = 18 segs = 18
     k = 0 ak = 1 pk = 6 a = 9 b = 6 boxsum = 0.000000 ss = 30
     k = 1 ak = 8 pk = 9 a = 9 b = 2 boxsum = 0.000000 ss = 6
     k = 2 ak = 12 pk = 16 a = 9 b = 5 boxsum = 0.000000 ss = 24
     k = 3 ak = 19 pk = 20 a = 9 b = 2 boxsum = 0.000000 ss = 6
     k = 4 ak = 23 pk = 27 a = 9 b = 5 boxsum = 1.000000 ss = 24
  0  0  0  0  0
  0  0  0  0  0
  0  0  0  0  0
  0  0  0  0  0
  0  0  0  0  0
  0  0  0  0  0
  0  0  0  0  0
  0  0  0  0  0
  0  0  0100  0

 bias = 0.000000 pack = 0.000000

     k = 5 ak = 29 pk = 35 a = 9 b = 7 boxsum = 6.000000 ss = 36
  0  0  0  0  0100  0
  0  0  0  0100  0  0
  0  0  0100  0  0  0
  0  0100  0  0  0  0
  0100  0  0  0  0  0
100  0  0  0  0  0  0
  0  0  0  0  0  0  0
  0  0  0  0  0  0  0
  0  0  0  0  0  0  0

 bias = -2.412114 pack = 0.000000

     k = 8 ak = 54 pk = 57 a = 9 b = 4 boxsum = 0.000000 ss = 18
     k = 9 ak = 63 pk = 70 a = 9 b = 8 boxsum = 0.000000 ss = 42
     k = 10 ak = 75 pk = 79 a = 9 b = 5 boxsum = 0.000000 ss = 24
     k = 11 ak = 83 pk = 86 a = 9 b = 4 boxsum = 0.000000 ss = 18
     k = 12 ak = 90 pk = 93 a = 9 b = 4 boxsum = 0.000000 ss = 18
     k = 13 ak = 97 pk = 101 a = 9 b = 5 boxsum = 0.000000 ss = 24
     k = 14 ak = 104 pk = 109 a = 9 b = 6 boxsum = 0.000000 ss = 30
     k = 15 ak = 111 pk = 115 a = 9 b = 5 boxsum = 0.000000 ss = 24
     k = 16 ak = 118 pk = 119 a = 9 b = 2 boxsum = 0.000000 ss = 6
     k = 17 ak = 122 pk = 127 a = 9 b = 6 boxsum = 0.000000 ss = 30
 am = 39 pm = 47 maxa = 9 maxb = 7 consum = 2.412114 conmax = 2.412114 condif = 0.804038

  1 |        0  0  0  0  0  0  0  0  0  0  0  0  0  0  0  0  0  0  0
  2 |        0  0  0  0  0  0  0  0  0  0  0  0  0  0  0  0  0  0  0
  3 | 124  1  0  0  0  0  0  0  0  0  0  0  0  0  0  0  0  0  0  0  0
  4 | 124  1  0  0  0  0  0  0  0  0  0  0  0  0  0  0  0  0  0  0  0
  5 | 124  1  0  0  0  0  0  0  0  0  0  0  0  0  0  0  0  0  0  0  0
  6 | 124  1  0  0  0 -1 -7  0  0  0  0  0  0  0  0  0  0  0  0  0  0
  7 | 124  1  0  0 -1 -1 -7 -9  0  0  0  0  0  0  0  0  0  0  0  0  0
  8 |        0 -1 -1 -1 -7 -9-11  0  0  0  0  0  0  0  0  0  0  0  0
  9 |        0 -1 -1 -1 -7 -9-11-13  0  0  0  0  0  0  0  0  0  0  0
 10 | 119  2  0  0 -1 -1 -7 -9-11-13-14  0  0  0  0  0  0  0  0  0  0
 11 |        0  0 -1 -1 -7 -9-11-13-14-15  0  0  0  0  0  0  0  0  0
 12 |        0 -1 -1 -1 -7 -9-11-13-14-15-16  0  0  0  0  0  0  0  0
 13 |        0  1 -1 -1 -7 -9-11-13-14-15-16-17  0  0  0  0  0  0  0
 14 | 113  3  0  1  0 -1 -7 -9-11-13-14-15-16-17-19  0  0  0  0  0  0
 15 | 113  3  0  1  0  0 -7 -9-11-13-14-15-16-17-19-19  0  0  0  0  0
 16 | 113  3  0  1  0  0 -7 -9-11-13-14-15-16-17-19-19-20  0  0  0  0
 17 | 113  3  0  0  0 -1 -7 -9-11-13-14-15-16-17-19-19-20-21  0  0  0
 18 |        0  0 -1 -1 -7 -9-11-13-14-15-16-17-19-19-20-21-22  0  0
 19 |        0 -1 -1 -1 -7 -9-11-13-14-15-16-17-19-19-20-21-22-23  0
 20 |        0  0 -1 -1 -7 -9-11-13-14-15-16-17-19-19-20-21-22-23-24
 21 | 55  4  0  0  0 -1 -7 -9-11-13-14-15-16-17-19-19-20-21-22-23-24
 22 |        0  0 -1 -1 -7 -9-11-13-14-15-16-17-19-19-20-21-22-23-24
 23 |        0 -1 -1 -1 -7 -9-11-13-14-15-16-17-19-19-20-21-22-23-24
 24 |        0  1 -1 -1 -7 -9-11-13-14-15-16-17-19-19-20-21-22-23-24
 25 | 49  5  0  1  0 -1 -7 -9-11-13-14-15-16-17-19-19-20-21-22-23-24
 26 | 49  5  0  1  0  0 -7 -9-11-13-14-15-16-17-19-19-20-21-22-23-24
 27 | 49  5  0  1  0 -1 -7 -9-11-13-14-15-16-17-19-19-20-21-22-23-24
 28 | 49  5  0  0 -1 -1 -7 -9-11-13-14-15-16-17-19-19-20-21-22-23-24
 29 |        0 -1 -1 -1 -7 -9-11-13-14-15-16-17-19-19-20-21-22-23-24
 30 |        0 -1 -1 -1 -7 -9-11-13-14-15-16-17-19-19-20-21-22-23-24
 31 | 41  6  0  0 -1 -1 -7 -9-11-13-14-15-16-17-19-19-20-21-22-23-24
 32 | 41  6  0  0  2 -1 -7 -9-11-13-14-15-16-17-19-19-20-21-22-23-24
 33 | 41  6  0  0  2  0 -7 -9-11-13-14-15-16-17-19-19-20-21-22-23-24
 34 | 41  6  0  0  1  0 -5 -9-11-13-14-15-16-17-19-19-20-21-22-23-24
 35 | 41  6  0  0  1  0 -6 -9-11-13-14-15-16-17-19-19-20-21-22-23-24
 36 | 41  6  0  0  1  0 -7 -9-11-13-14-15-16-17-19-19-20-21-22-23-24
 37 |        0  0  0 -1 -7 -9-11-13-14-15-16-17-19-19-20-21-22-23-24
 38 |        0  0 -1 -1 -7 -9-11-13-14-15-16-17-19-19-20-21-22-23-24
 39 |        0  0 -1 -1 -7 -9-11-13-14-15-16-17-19-19-20-21-22-23-24
 40 |        0  0  1 -1 -7 -9-11-13-14-15-16-17-19-19-20-21-22-23-24
 41 | 31  7  0  0  1  0 -7 -9-11-13-14-15-16-17-19-19-20-21-22-23-24
 42 | 31  7  0  0  2  0 -5 -9-11-13-14-15-16-17-19-19-20-21-22-23-24
 43 | 31  7  0  0  2  0 -5 -9-11-13-14-15-16-17-19-19-20-21-22-23-24
 44 | 31  7  0  0  1  0 -7 -9-11-13-14-15-16-17-19-19-20-21-22-23-24
 45 | 31  7  0  0  1 -1 -7 -9-11-13-14-15-16-17-19-19-20-21-22-23-24
 46 | 31  7  0  0 -1 -1 -7 -9-11-13-14-15-16-17-19-19-20-21-22-23-24
 47 |        0 -1 -1 -1 -7 -9-11-13-14-15-16-17-19-19-20-21-22-23-24
 48 |        0 -1 -1 -1 -7 -9-11-13-14-15-16-17-19-19-20-21-22-23-24
 49 | 25  8  0  1 -1 -1 -7 -9-11-13-14-15-16-17-19-19-20-21-22-23-24
 50 | 25  8  0  1  0 -1 -7 -9-11-13-14-15-16-17-19-19-20-21-22-23-24
 51 | 25  8  0  1  0  0 -7 -9-11-13-14-15-16-17-19-19-20-21-22-23-24
 52 | 25  8  0  0  0 -1 -7 -9-11-13-14-15-16-17-19-19-20-21-22-23-24
 53 |        0  0 -1 -1 -7 -9-11-13-14-15-16-17-19-19-20-21-22-23-24
 54 |        0 -1 -1 -1 -7 -9-11-13-14-15-16-17-19-19-20-21-22-23-24
 55 |        0  0 -1 -1 -7 -9-11-13-14-15-16-17-19-19-20-21-22-23-24
 56 | 19  9  0  0  0 -1 -7 -9-11-13-14-15-16-17-19-19-20-21-22-23-24
 57 | 19  9  0  0  0  0 -7 -9-11-13-14-15-16-17-19-19-20-21-22-23-24
 58 | 19  9  0  0  0  0 -6 -9-11-13-14-15-16-17-19-19-20-21-22-23-24
 59 |        0  0  0  0 -6 -9-11-13-14-15-16-17-19-19-20-21-22-23-24
 60 |        0  0  0  0 -7 -9-11-13-14-15-16-17-19-19-20-21-22-23-24
 61 |        0  0  0 -1 -7 -9-11-13-14-15-16-17-19-19-20-21-22-23-24
 62 |        0  0  0 -1 -7 -9-11-13-14-15-16-17-19-19-20-21-22-23-24
 63 |        0  0  0  0 -7 -9-11-13-14-15-16-17-19-19-20-21-22-23-24
 64 |        0  0  0  0 -5 -9-11-13-14-15-16-17-19-19-20-21-22-23-24
 65 | 106 10  0  0  0  0 -5 -8-11-13-14-15-16-17-19-19-20-21-22-23-24
 66 | 106 10  0  0  0  0 -5 -8-10-13-14-15-16-17-19-19-20-21-22-23-24
 67 | 106 10  0  0  0  0 -5 -8-10-11-14-15-16-17-19-19-20-21-22-23-24
 68 | 106 10  0  0  0  0 -5 -8-10-11-14-15-16-17-19-19-20-21-22-23-24
 69 | 106 10  0  0  0  0 -5 -8-10-13-14-15-16-17-19-19-20-21-22-23-24
 70 | 106 10  0  0  0  0 -5 -8-11-13-14-15-16-17-19-19-20-21-22-23-24
 71 | 106 10  0  0  0  0 -5 -9-11-13-14-15-16-17-19-19-20-21-22-23-24
 72 |        0  0  0  0 -7 -9-11-13-14-15-16-17-19-19-20-21-22-23-24
 73 |        0  0  0 -1 -7 -9-11-13-14-15-16-17-19-19-20-21-22-23-24
 74 |        0  0 -1 -1 -7 -9-11-13-14-15-16-17-19-19-20-21-22-23-24
 75 |        0  0  0 -1 -7 -9-11-13-14-15-16-17-19-19-20-21-22-23-24
 76 |        0  1  0  0 -7 -9-11-13-14-15-16-17-19-19-20-21-22-23-24
 77 | 99 11  0  1  0  0 -5 -9-11-13-14-15-16-17-19-19-20-21-22-23-24
 78 | 99 11  0  1  0  0 -5 -8-11-13-14-15-16-17-19-19-20-21-22-23-24
 79 | 99 11  0  1  0  0 -5 -9-11-13-14-15-16-17-19-19-20-21-22-23-24
 80 | 99 11  0  0  0  0 -7 -9-11-13-14-15-16-17-19-19-20-21-22-23-24
 81 |        0  0  0 -1 -7 -9-11-13-14-15-16-17-19-19-20-21-22-23-24
 82 |        0  0 -1 -1 -7 -9-11-13-14-15-16-17-19-19-20-21-22-23-24
 83 |        0  0 -1 -1 -7 -9-11-13-14-15-16-17-19-19-20-21-22-23-24
 84 |        0  0  0 -1 -7 -9-11-13-14-15-16-17-19-19-20-21-22-23-24
 85 | 92 12  0  0  0  0 -7 -9-11-13-14-15-16-17-19-19-20-21-22-23-24
 86 | 92 12  0  0  0  0 -6 -9-11-13-14-15-16-17-19-19-20-21-22-23-24
 87 | 92 12  0  0  0  0 -7 -9-11-13-14-15-16-17-19-19-20-21-22-23-24
 88 |        0  0  0 -1 -7 -9-11-13-14-15-16-17-19-19-20-21-22-23-24
 89 |        0  0 -1 -1 -7 -9-11-13-14-15-16-17-19-19-20-21-22-23-24
 90 |        0  0 -1 -1 -7 -9-11-13-14-15-16-17-19-19-20-21-22-23-24
 91 |        0  0  0 -1 -7 -9-11-13-14-15-16-17-19-19-20-21-22-23-24
 92 | 85 13  0  0  0  0 -7 -9-11-13-14-15-16-17-19-19-20-21-22-23-24
 93 | 85 13  0  0  0  0 -5 -9-11-13-14-15-16-17-19-19-20-21-22-23-24
 94 | 85 13  0  0  0  0 -7 -9-11-13-14-15-16-17-19-19-20-21-22-23-24
 95 |        0  0  0 -1 -7 -9-11-13-14-15-16-17-19-19-20-21-22-23-24
 96 |        0  0 -1 -1 -7 -9-11-13-14-15-16-17-19-19-20-21-22-23-24
 97 |        0  0 -1 -1 -7 -9-11-13-14-15-16-17-19-19-20-21-22-23-24
 98 |        0  1  0 -1 -7 -9-11-13-14-15-16-17-19-19-20-21-22-23-24
 99 | 77 14  0  1  0  0 -7 -9-11-13-14-15-16-17-19-19-20-21-22-23-24
100 | 77 14  0  1  0  0 -5 -9-11-13-14-15-16-17-19-19-20-21-22-23-24
101 | 77 14  0  1  0  0 -7 -9-11-13-14-15-16-17-19-19-20-21-22-23-24
102 | 77 14  0  0  0 -1 -7 -9-11-13-14-15-16-17-19-19-20-21-22-23-24
103 |        0  0 -1 -1 -7 -9-11-13-14-15-16-17-19-19-20-21-22-23-24
104 |        0 -1 -1 -1 -7 -9-11-13-14-15-16-17-19-19-20-21-22-23-24
105 |        0  0 -1 -1 -7 -9-11-13-14-15-16-17-19-19-20-21-22-23-24
106 | 67 15  0  0  0 -1 -7 -9-11-13-14-15-16-17-19-19-20-21-22-23-24
107 | 67 15  0  0  0  0 -7 -9-11-13-14-15-16-17-19-19-20-21-22-23-24
108 | 67 15  0  0  0  0 -7 -9-11-13-14-15-16-17-19-19-20-21-22-23-24
109 | 67 15  0  0  0 -1 -7 -9-11-13-14-15-16-17-19-19-20-21-22-23-24
110 | 67 15  0  0 -1 -1 -7 -9-11-13-14-15-16-17-19-19-20-21-22-23-24
111 |        0 -1 -1 -1 -7 -9-11-13-14-15-16-17-19-19-20-21-22-23  0
112 |        0 -1 -1 -1 -7 -9-11-13-14-15-16-17-19-19-20-21-22  0  0
113 | 14 16  0  1 -1 -1 -7 -9-11-13-14-15-16-17-19-19-20-21  0  0  0
114 | 14 16  0  1  0 -1 -7 -9-11-13-14-15-16-17-19-19-20  0  0  0  0
115 | 14 16  0  1  0  0 -7 -9-11-13-14-15-16-17-19-19  0  0  0  0  0
116 | 14 16  0  0  0 -1 -7 -9-11-13-14-15-16-17-19  0  0  0  0  0  0
117 |        0  0 -1 -1 -7 -9-11-13-14-15-16-17  0  0  0  0  0  0  0
118 |        0 -1 -1 -1 -7 -9-11-13-14-15-16  0  0  0  0  0  0  0  0
119 |        0  0 -1 -1 -7 -9-11-13-14-15  0  0  0  0  0  0  0  0  0
120 |  9 17  0  0  0 -1 -7 -9-11-13-14  0  0  0  0  0  0  0  0  0  0
121 |        0  0 -1 -1 -7 -9-11-13  0  0  0  0  0  0  0  0  0  0  0
122 |        0 -1 -1 -1 -7 -9-11  0  0  0  0  0  0  0  0  0  0  0  0
123 |        0  0 -1 -1 -7 -9  0  0  0  0  0  0  0  0  0  0  0  0  0
124 |  3 18  0  0  0 -1 -7  0  0  0  0  0  0  0  0  0  0  0  0  0  0
125 |  3 18  0  0  0  0  0  0  0  0  0  0  0  0  0  0  0  0  0  0  0
126 |  3 18  0  0  0  0  0  0  0  0  0  0  0  0  0  0  0  0  0  0  0
127 |  3 18  0  0  0  0  0  0  0  0  0  0  0  0  0  0  0  0  0  0  0
128 |  3 18  0  0  0  0  0  0  0  0  0  0  0  0  0  0  0  0  0  0  0
129 |        0  0  0  0  0  0  0  0  0  0  0  0  0  0  0  0  0  0  0


  1 |                                                                                  
  2 |                                                                                  
  3 | 124  1       0                                                                    
  4 | 124  1       0   3                                                                
  5 | 124  1       0   3   6                                                            
  6 | 124  1       0   2   1                                                            
  7 | 124  1       0                                                                    
  8 |                                                                                  
  9 |                                                                                  
 10 | 119  2                                                                            
 11 |                                                                                  
 12 |                                                                                  
 13 |             1   0   0                                                            
 14 | 113  3       1   4   3                                                            
 15 | 113  3       1   4   8                                                            
 16 | 113  3       1   3   6                                                            
 17 | 113  3       0   2   1                                                            
 18 |             0                                                                    
 19 |                                                                                  
 20 |             0                                                                    
 21 | 55  4           1                                                                
 22 |                                                                                  
 23 |                                                                                  
 24 |             1   0   0                                                            
 25 | 49  5       1   4   3                                                            
 26 | 49  5       1   4   8                                                            
 27 | 49  5       1   3   3                                                            
 28 | 49  5       0                                                                    
 29 |                                                                                  
 30 |                                                                                  
 31 | 41  6       0                                                                    
 32 | 41  6       0   4   4                                                            
 33 | 41  6       0   4  10   3                                                        
 34 | 41  6       0   3   9   9                                                        
 35 | 41  6       0   2   7   5                                                        
 36 | 41  6       0   1   3                                                            
 37 |                 0   0                                                            
 38 |                                                                                  
 39 |             0                                                                    
 40 |             0   2   3                                                            
 41 | 31  7       0   3   9   4                                                        
 42 | 31  7       0   4  10  10                                                        
 43 | 31  7       0   4  10  10                                                        
 44 | 31  7       0   3   9   3                                                        
 45 | 31  7       0   2   2                                                            
 46 | 31  7       0                                                                    
 47 |                                                                                  
 48 |                                                                                  
 49 | 25  8       1   1                                                                
 50 | 25  8       1   4   3                                                            
 51 | 25  8       1   3   6                                                            
 52 | 25  8       0   2   1                                                            
 53 |                                                                                  
 54 |                                                                                  
 55 |                                                                                  
 56 | 19  9                                                                            
 57 | 19  9                                                                            
 58 | 19  9                                                                            
 59 |                                                                                  
 60 |                                                                                  
 61 |                                                                                  
 62 |                                                                                  
 63 |                 0   1                                                            
 64 |             0   1   2                                                            
 65 | 106 10       0   1   4   1                                                        
 66 | 106 10       0   2   5   3                                                        
 67 | 106 10       0   3   6   4                                                        
 68 | 106 10       0   3   7   4                                                        
 69 | 106 10       0   3   6   4                                                        
 70 | 106 10       0   2   5   2                                                        
 71 | 106 10       0   1   3   0                                                        
 72 |                 0   2                                                            
 73 |                                                                                  
 74 |                     0                                                            
 75 |             0   2   2                                                            
 76 |             1   3   6                                                            
 77 | 99 11       1   4   8   4                                                        
 78 | 99 11       1   4   8   4                                                        
 79 | 99 11       1   3   6   3                                                        
 80 | 99 11       0   2   4                                                            
 81 |                 0   0                                                            
 82 |                                                                                  
 83 |             0                                                                    
 84 |             0   1   0                                                            
 85 | 92 12       0   2   3                                                            
 86 | 92 12       0   1   3                                                            
 87 | 92 12       0   1   2                                                            
 88 |                 0                                                                
 89 |                                                                                  
 90 |             0                                                                    
 91 |             0   1   0                                                            
 92 | 85 13       0   2   3                                                            
 93 | 85 13       0   1   3                                                            
 94 | 85 13       0   1   2                                                            
 95 |                 0   0                                                            
 96 |                                                                                  
 97 |             0   0   0                                                            
 98 |             1   3   4                                                            
 99 | 77 14       1   4   8   0                                                        
100 | 77 14       1   4   8   4                                                        
101 | 77 14       1   3   6                                                            
102 | 77 14       0   2   1                                                            
103 |                                                                                  
104 |                                                                                  
105 |             0                                                                    
106 | 67 15       0   2   0                                                            
107 | 67 15       0   2   5                                                            
108 | 67 15       0   2   3                                                            
109 | 67 15       0   0                                                                
110 | 67 15       0                                                                    
111 |                                                                                  
112 |                                                                                  
113 | 14 16       1   1   0                                                            
114 | 14 16       1   5   3                                                            
115 | 14 16       1   3   7                                                            
116 | 14 16       0   2   1                                                            
117 |                                                                                  
118 |                                                                                  
119 |                                                                                  
120 |  9 17                                                                            
121 |                                                                                  
122 |                                                                                  
123 |             0                                                                    
124 |  3 18       0   3   2                                                            
125 |  3 18       0   3   7                                                            
126 |  3 18       0   3                                                                
127 |  3 18       0                                                                    
128 |  3 18                                                                            
129 |                                                                                  


 i = 124 j = 4 sum[i][j] = 90.370674
 i = 114 j = 4 sum[i][j] = 83.151016
 i = 106 j = 3 sum[i][j] = 75.749405
 i = 98 j = 4 sum[i][j] = 73.557846
 i = 85 j = 4 sum[i][j] = 65.505135
 i = 76 j = 4 sum[i][j] = 62.372128
 i = 67 j = 4 sum[i][j] = 54.319412
 i = 60 j = 2 sum[i][j] = 47.206078
 i = 50 j = 4 sum[i][j] = 47.206078
 i = 41 j = 4 sum[i][j] = 40.446865
 i = 32 j = 4 sum[i][j] = 30.057491
 i = 24 j = 3 sum[i][j] = 19.669233
 i = 14 j = 4 sum[i][j] = 14.837986
 i = 4 j = 4 sum[i][j] = 6.785750

   1-9   11-19   22-28   29-37   38-46   47-55   59-63   64-72   73-81   82-90   95-103   104-110   111-119   121-129 tops = 90.370674
 i = 0 s = 90.370674


	1-9	 m = 4 w = 4
	11-19	 m = 14 w = 4
	22-28	 m = 24 w = 3
	29-37	 m = 32 w = 4
	38-46	 m = 41 w = 4
 id = 5 m = 41 w = 4 am = 37 pm = 45 seg1 = 0 seg2 = 1 segs = 14
     k = 0 ak = 0 pk = 8 a = 9 b = 9 boxsum = 0.000000 ss = 30
 id = 5 m = 41 w = 4 am = 37 pm = 45 seg1 = 1 seg2 = 2 segs = 14
     k = 1 ak = 10 pk = 18 a = 9 b = 9 boxsum = 0.000000 ss = 24
 id = 5 m = 41 w = 4 am = 37 pm = 45 seg1 = 2 seg2 = 3 segs = 14
     k = 2 ak = 21 pk = 27 a = 9 b = 7 boxsum = 0.000000 ss = 24
 id = 5 m = 41 w = 4 am = 37 pm = 45 seg1 = 3 seg2 = 4 segs = 14
     k = 3 ak = 28 pk = 36 a = 9 b = 9 boxsum = 6.000000 ss = 36
  0  0  0  0  0  0  0  0  0
  0  0  0  0  0  0  0  0  0
  0  0  0  0  0  0100  0  0
  0  0  0  0  0100  0  0  0
  0  0  0  0100  0  0  0  0
  0  0  0100  0  0  0  0  0
  0  0100  0  0  0  0  0  0
  0100  0  0  0  0  0  0  0
  0  0  0  0  0  0  0  0  0

 bias = -2.412062 pack = 1.000000

	47-55	 m = 50 w = 4
	59-63	 m = 60 w = 2
	64-72	 m = 67 w = 4
	73-81	 m = 76 w = 4
	82-90	 m = 85 w = 4
	95-103	 m = 98 w = 4
	104-110	 m = 106 w = 3
	111-119	 m = 114 w = 4
	121-129	 m = 124 w = 4
