 len = 129 cut = 1.000000 gap = 6.000000 inbox = 0
 i = 0 ends[0][i] = 2 ends[1][i] = 4
 i = 1 ends[0][i] = 7 ends[1][i] = 9
 i = 2 ends[0][i] = 15 ends[1][i] = 18
 i = 3 ends[0][i] = 25 ends[1][i] = 32
 i = 4 ends[0][i] = 34 ends[1][i] = 37
 i = 5 ends[0][i] = 43 ends[1][i] = 47
 i = 6 ends[0][i] = 50 ends[1][i] = 57
 i = 7 ends[0][i] = 61 ends[1][i] = 66
 i = 8 ends[0][i] = 73 ends[1][i] = 78
 i = 9 ends[0][i] = 80 ends[1][i] = 82
 i = 10 ends[0][i] = 90 ends[1][i] = 92
 i = 11 ends[0][i] = 102 ends[1][i] = 104
 i = 12 ends[0][i] = 107 ends[1][i] = 109
 n = 23
 id = 5 m = 37 w = 4 am = 33 pm = 41 seg1 = 0 seg2 = 13 segs = 13
     k = 0 ak = 1 pk = 3 a = 9 b = 3 boxsum = 0.000000 ss = 6
     k = 1 ak = 6 pk = 8 a = 9 b = 3 boxsum = 0.000000 ss = 6
     k = 2 ak = 14 pk = 17 a = 9 b = 4 boxsum = 0.000000 ss = 9
     k = 3 ak = 24 pk = 31 a = 9 b = 8 boxsum = 0.000000 ss = 21
     k = 5 ak = 42 pk = 46 a = 9 b = 5 boxsum = 3.000000 ss = 12
  0  0100  0  0
  0100  0  0  0
100  0  0  0  0
  0  0  0  0  0
  0  0  0  0  0
  0  0  0  0  0
  0  0  0  0  0
  0  0  0  0  0
  0  0  0  0  0

 bias = -1.151380 pack = 0.000000

     k = 6 ak = 49 pk = 56 a = 9 b = 8 boxsum = 0.000000 ss = 21
     k = 7 ak = 60 pk = 65 a = 9 b = 6 boxsum = 0.000000 ss = 15
     k = 8 ak = 72 pk = 77 a = 9 b = 6 boxsum = 0.000000 ss = 15
     k = 9 ak = 79 pk = 81 a = 9 b = 3 boxsum = 0.000000 ss = 6
     k = 10 ak = 89 pk = 91 a = 9 b = 3 boxsum = 0.000000 ss = 6
     k = 11 ak = 101 pk = 103 a = 9 b = 3 boxsum = 0.000000 ss = 6
     k = 12 ak = 106 pk = 108 a = 9 b = 3 boxsum = 0.000000 ss = 6
 am = 33 pm = 41 maxa = 9 maxb = 5 consum = 1.151380 conmax = 1.151380 condif = 0.230276

 id = 5 m = 37 w = 5 am = 32 pm = 42 seg1 = 0 seg2 = 13 segs = 13
     k = 0 ak = 1 pk = 3 a = 11 b = 3 boxsum = 0.000000 ss = 6
     k = 1 ak = 6 pk = 8 a = 11 b = 3 boxsum = 0.000000 ss = 6
     k = 2 ak = 14 pk = 17 a = 11 b = 4 boxsum = 0.000000 ss = 9
     k = 3 ak = 24 pk = 31 a = 11 b = 8 boxsum = 0.000000 ss = 21
     k = 6 ak = 49 pk = 56 a = 11 b = 8 boxsum = 0.000000 ss = 21
     k = 7 ak = 60 pk = 65 a = 11 b = 6 boxsum = 0.000000 ss = 15
     k = 8 ak = 72 pk = 77 a = 11 b = 6 boxsum = 0.000000 ss = 15
     k = 9 ak = 79 pk = 81 a = 11 b = 3 boxsum = 0.000000 ss = 6
     k = 10 ak = 89 pk = 91 a = 11 b = 3 boxsum = 0.000000 ss = 6
     k = 11 ak = 101 pk = 103 a = 11 b = 3 boxsum = 0.000000 ss = 6
     k = 12 ak = 106 pk = 108 a = 11 b = 3 boxsum = 0.000000 ss = 6
 am = 32 pm = 42 maxa = -1 maxb = -1 consum = 0.000000 conmax = 0.000000 condif = 0.000000

 id = 5 m = 38 w = 3 am = 35 pm = 41 seg1 = 0 seg2 = 13 segs = 13
     k = 0 ak = 1 pk = 3 a = 7 b = 3 boxsum = 0.000000 ss = 4
     k = 1 ak = 6 pk = 8 a = 7 b = 3 boxsum = 0.000000 ss = 4
     k = 2 ak = 14 pk = 17 a = 7 b = 4 boxsum = 0.000000 ss = 6
     k = 3 ak = 24 pk = 31 a = 7 b = 8 boxsum = 0.000000 ss = 14
     k = 5 ak = 42 pk = 46 a = 7 b = 5 boxsum = 1.000000 ss = 8
100  0  0  0  0
  0  0  0  0  0
  0  0  0  0  0
  0  0  0  0  0
  0  0  0  0  0
  0  0  0  0  0
  0  0  0  0  0

 bias = 0.000000 pack = 0.000000

     k = 6 ak = 49 pk = 56 a = 7 b = 8 boxsum = 0.000000 ss = 14
     k = 7 ak = 60 pk = 65 a = 7 b = 6 boxsum = 0.000000 ss = 10
     k = 8 ak = 72 pk = 77 a = 7 b = 6 boxsum = 0.000000 ss = 10
     k = 9 ak = 79 pk = 81 a = 7 b = 3 boxsum = 0.000000 ss = 4
     k = 10 ak = 89 pk = 91 a = 7 b = 3 boxsum = 0.000000 ss = 4
     k = 11 ak = 101 pk = 103 a = 7 b = 3 boxsum = 0.000000 ss = 4
     k = 12 ak = 106 pk = 108 a = 7 b = 3 boxsum = 0.000000 ss = 4
 am = 35 pm = 41 maxa = -1 maxb = -1 consum = 0.000000 conmax = 0.000000 condif = 0.000000

 id = 5 m = 38 w = 4 am = 34 pm = 42 seg1 = 0 seg2 = 13 segs = 13
     k = 0 ak = 1 pk = 3 a = 9 b = 3 boxsum = 0.000000 ss = 6
     k = 1 ak = 6 pk = 8 a = 9 b = 3 boxsum = 0.000000 ss = 6
     k = 2 ak = 14 pk = 17 a = 9 b = 4 boxsum = 0.000000 ss = 9
     k = 3 ak = 24 pk = 31 a = 9 b = 8 boxsum = 0.000000 ss = 21
     k = 6 ak = 49 pk = 56 a = 9 b = 8 boxsum = 0.000000 ss = 21
     k = 7 ak = 60 pk = 65 a = 9 b = 6 boxsum = 0.000000 ss = 15
     k = 8 ak = 72 pk = 77 a = 9 b = 6 boxsum = 0.000000 ss = 15
     k = 9 ak = 79 pk = 81 a = 9 b = 3 boxsum = 0.000000 ss = 6
     k = 10 ak = 89 pk = 91 a = 9 b = 3 boxsum = 0.000000 ss = 6
     k = 11 ak = 101 pk = 103 a = 9 b = 3 boxsum = 0.000000 ss = 6
     k = 12 ak = 106 pk = 108 a = 9 b = 3 boxsum = 0.000000 ss = 6
 am = 34 pm = 42 maxa = -1 maxb = -1 consum = 0.000000 conmax = 0.000000 condif = 0.000000

 id = 0 m = 39 w = 2 am = 37 pm = 41 seg1 = 0 seg2 = 13 segs = 13
     k = 0 ak = 1 pk = 3 a = 5 b = 3 boxsum = 0.000000 ss = 0
     k = 1 ak = 6 pk = 8 a = 5 b = 3 boxsum = 0.000000 ss = 0
     k = 2 ak = 14 pk = 17 a = 5 b = 4 boxsum = 0.000000 ss = 0
     k = 3 ak = 24 pk = 31 a = 5 b = 8 boxsum = 0.000000 ss = 0
     k = 4 ak = 33 pk = 36 a = 5 b = 4 boxsum = 0.000000 ss = 0
     k = 5 ak = 42 pk = 46 a = 5 b = 5 boxsum = 0.000000 ss = 0
     k = 6 ak = 49 pk = 56 a = 5 b = 8 boxsum = 0.000000 ss = 0
     k = 7 ak = 60 pk = 65 a = 5 b = 6 boxsum = 0.000000 ss = 0
     k = 8 ak = 72 pk = 77 a = 5 b = 6 boxsum = 0.000000 ss = 0
     k = 9 ak = 79 pk = 81 a = 5 b = 3 boxsum = 0.000000 ss = 0
     k = 10 ak = 89 pk = 91 a = 5 b = 3 boxsum = 0.000000 ss = 0
     k = 11 ak = 101 pk = 103 a = 5 b = 3 boxsum = 0.000000 ss = 0
     k = 12 ak = 106 pk = 108 a = 5 b = 3 boxsum = 0.000000 ss = 0
 am = 37 pm = 41 maxa = -1 maxb = -1 consum = 0.000000 conmax = 0.000000 condif = 0.000000

 id = 5 m = 39 w = 3 am = 36 pm = 42 seg1 = 0 seg2 = 13 segs = 13
     k = 0 ak = 1 pk = 3 a = 7 b = 3 boxsum = 0.000000 ss = 2
     k = 1 ak = 6 pk = 8 a = 7 b = 3 boxsum = 0.000000 ss = 2
     k = 2 ak = 14 pk = 17 a = 7 b = 4 boxsum = 0.000000 ss = 3
     k = 3 ak = 24 pk = 31 a = 7 b = 8 boxsum = 0.000000 ss = 7
     k = 6 ak = 49 pk = 56 a = 7 b = 8 boxsum = 0.000000 ss = 7
     k = 7 ak = 60 pk = 65 a = 7 b = 6 boxsum = 0.000000 ss = 5
     k = 8 ak = 72 pk = 77 a = 7 b = 6 boxsum = 0.000000 ss = 5
     k = 9 ak = 79 pk = 81 a = 7 b = 3 boxsum = 0.000000 ss = 2
     k = 10 ak = 89 pk = 91 a = 7 b = 3 boxsum = 0.000000 ss = 2
     k = 11 ak = 101 pk = 103 a = 7 b = 3 boxsum = 0.000000 ss = 2
     k = 12 ak = 106 pk = 108 a = 7 b = 3 boxsum = 0.000000 ss = 2
 am = 36 pm = 42 maxa = -1 maxb = -1 consum = 0.000000 conmax = 0.000000 condif = 0.000000

 id = 0 m = 40 w = 2 am = 38 pm = 42 seg1 = 0 seg2 = 13 segs = 13
     k = 0 ak = 1 pk = 3 a = 5 b = 3 boxsum = 0.000000 ss = 0
     k = 1 ak = 6 pk = 8 a = 5 b = 3 boxsum = 0.000000 ss = 0
     k = 2 ak = 14 pk = 17 a = 5 b = 4 boxsum = 0.000000 ss = 0
     k = 3 ak = 24 pk = 31 a = 5 b = 8 boxsum = 0.000000 ss = 0
     k = 4 ak = 33 pk = 36 a = 5 b = 4 boxsum = 1.000000 ss = 0
     k = 6 ak = 49 pk = 56 a = 5 b = 8 boxsum = 0.000000 ss = 0
     k = 7 ak = 60 pk = 65 a = 5 b = 6 boxsum = 0.000000 ss = 0
     k = 8 ak = 72 pk = 77 a = 5 b = 6 boxsum = 0.000000 ss = 0
     k = 9 ak = 79 pk = 81 a = 5 b = 3 boxsum = 0.000000 ss = 0
     k = 10 ak = 89 pk = 91 a = 5 b = 3 boxsum = 0.000000 ss = 0
     k = 11 ak = 101 pk = 103 a = 5 b = 3 boxsum = 0.000000 ss = 0
     k = 12 ak = 106 pk = 108 a = 5 b = 3 boxsum = 0.000000 ss = 0
 am = 38 pm = 42 maxa = -1 maxb = -1 consum = 0.000000 conmax = 0.000000 condif = 0.000000

 id = 6 m = 40 w = 3 am = 37 pm = 43 seg1 = 0 seg2 = 13 segs = 13
     k = 0 ak = 1 pk = 3 a = 7 b = 3 boxsum = 0.000000 ss = 2
     k = 1 ak = 6 pk = 8 a = 7 b = 3 boxsum = 0.000000 ss = 2
     k = 2 ak = 14 pk = 17 a = 7 b = 4 boxsum = 0.000000 ss = 3
     k = 3 ak = 24 pk = 31 a = 7 b = 8 boxsum = 0.000000 ss = 7
     k = 4 ak = 33 pk = 36 a = 7 b = 4 boxsum = 2.000000 ss = 3
  0  0  0  0
  0  0  0  0
  0  0  0  0
  0  0  0  0
  0  0  0  0
  0  0100  0
  0100  0  0

 bias = -0.703520 pack = 0.000000

     k = 6 ak = 49 pk = 56 a = 7 b = 8 boxsum = 0.000000 ss = 7
     k = 7 ak = 60 pk = 65 a = 7 b = 6 boxsum = 0.000000 ss = 5
     k = 8 ak = 72 pk = 77 a = 7 b = 6 boxsum = 0.000000 ss = 5
     k = 9 ak = 79 pk = 81 a = 7 b = 3 boxsum = 0.000000 ss = 2
     k = 10 ak = 89 pk = 91 a = 7 b = 3 boxsum = 0.000000 ss = 2
     k = 11 ak = 101 pk = 103 a = 7 b = 3 boxsum = 0.000000 ss = 2
     k = 12 ak = 106 pk = 108 a = 7 b = 3 boxsum = 0.000000 ss = 2
 am = 37 pm = 43 maxa = 7 maxb = 4 consum = 0.703520 conmax = 0.703520 condif = 0.175880

 id = 6 m = 41 w = 2 am = 39 pm = 43 seg1 = 0 seg2 = 13 segs = 13
     k = 0 ak = 1 pk = 3 a = 5 b = 3 boxsum = 0.000000 ss = 2
     k = 1 ak = 6 pk = 8 a = 5 b = 3 boxsum = 0.000000 ss = 2
     k = 2 ak = 14 pk = 17 a = 5 b = 4 boxsum = 0.000000 ss = 3
     k = 3 ak = 24 pk = 31 a = 5 b = 8 boxsum = 0.000000 ss = 7
     k = 4 ak = 33 pk = 36 a = 5 b = 4 boxsum = 2.000000 ss = 3
  0  0  0  0
  0  0  0  0
  0  0  0  0
  0  0100  0
  0100  0  0

 bias = -0.703379 pack = 0.000000

     k = 6 ak = 49 pk = 56 a = 5 b = 8 boxsum = 0.000000 ss = 7
     k = 7 ak = 60 pk = 65 a = 5 b = 6 boxsum = 0.000000 ss = 5
     k = 8 ak = 72 pk = 77 a = 5 b = 6 boxsum = 0.000000 ss = 5
     k = 9 ak = 79 pk = 81 a = 5 b = 3 boxsum = 0.000000 ss = 2
     k = 10 ak = 89 pk = 91 a = 5 b = 3 boxsum = 0.000000 ss = 2
     k = 11 ak = 101 pk = 103 a = 5 b = 3 boxsum = 0.000000 ss = 2
     k = 12 ak = 106 pk = 108 a = 5 b = 3 boxsum = 0.000000 ss = 2
 am = 39 pm = 43 maxa = 5 maxb = 4 consum = 0.703379 conmax = 0.703379 condif = 0.351690

 id = 6 m = 41 w = 3 am = 38 pm = 44 seg1 = 0 seg2 = 13 segs = 13
     k = 0 ak = 1 pk = 3 a = 7 b = 3 boxsum = 0.000000 ss = 4
     k = 1 ak = 6 pk = 8 a = 7 b = 3 boxsum = 0.000000 ss = 4
     k = 2 ak = 14 pk = 17 a = 7 b = 4 boxsum = 0.000000 ss = 6
     k = 3 ak = 24 pk = 31 a = 7 b = 8 boxsum = 0.000000 ss = 14
     k = 4 ak = 33 pk = 36 a = 7 b = 4 boxsum = 3.000000 ss = 6
  0  0  0  0
  0  0  0  0
  0  0  0  0
  0  0  0  0
  0  0100  0
  0100  0  0
100  0  0  0

 bias = -1.151720 pack = 0.000000

     k = 6 ak = 49 pk = 56 a = 7 b = 8 boxsum = 0.000000 ss = 14
     k = 7 ak = 60 pk = 65 a = 7 b = 6 boxsum = 0.000000 ss = 10
     k = 8 ak = 72 pk = 77 a = 7 b = 6 boxsum = 0.000000 ss = 10
     k = 9 ak = 79 pk = 81 a = 7 b = 3 boxsum = 0.000000 ss = 4
     k = 10 ak = 89 pk = 91 a = 7 b = 3 boxsum = 0.000000 ss = 4
     k = 11 ak = 101 pk = 103 a = 7 b = 3 boxsum = 0.000000 ss = 4
     k = 12 ak = 106 pk = 108 a = 7 b = 3 boxsum = 0.000000 ss = 4
 am = 38 pm = 44 maxa = 7 maxb = 4 consum = 1.151720 conmax = 1.151720 condif = 0.287930

 id = 6 m = 41 w = 4 am = 37 pm = 45 seg1 = 0 seg2 = 13 segs = 13
     k = 0 ak = 1 pk = 3 a = 9 b = 3 boxsum = 0.000000 ss = 6
     k = 1 ak = 6 pk = 8 a = 9 b = 3 boxsum = 0.000000 ss = 6
     k = 2 ak = 14 pk = 17 a = 9 b = 4 boxsum = 0.000000 ss = 9
     k = 3 ak = 24 pk = 31 a = 9 b = 8 boxsum = 0.000000 ss = 21
     k = 4 ak = 33 pk = 36 a = 9 b = 4 boxsum = 3.000000 ss = 9
  0  0  0  0
  0  0  0  0
  0  0  0  0
  0  0  0  0
  0  0  0  0
  0  0100  0
  0100  0  0
100  0  0  0
  0  0  0  0

 bias = -1.151720 pack = 0.000000

     k = 6 ak = 49 pk = 56 a = 9 b = 8 boxsum = 0.000000 ss = 21
     k = 7 ak = 60 pk = 65 a = 9 b = 6 boxsum = 0.000000 ss = 15
     k = 8 ak = 72 pk = 77 a = 9 b = 6 boxsum = 0.000000 ss = 15
     k = 9 ak = 79 pk = 81 a = 9 b = 3 boxsum = 0.000000 ss = 6
     k = 10 ak = 89 pk = 91 a = 9 b = 3 boxsum = 0.000000 ss = 6
     k = 11 ak = 101 pk = 103 a = 9 b = 3 boxsum = 0.000000 ss = 6
     k = 12 ak = 106 pk = 108 a = 9 b = 3 boxsum = 0.000000 ss = 6
 am = 37 pm = 45 maxa = 9 maxb = 4 consum = 1.151720 conmax = 1.151720 condif = 0.191953

 id = 6 m = 42 w = 3 am = 39 pm = 45 seg1 = 0 seg2 = 13 segs = 13
     k = 0 ak = 1 pk = 3 a = 7 b = 3 boxsum = 0.000000 ss = 6
     k = 1 ak = 6 pk = 8 a = 7 b = 3 boxsum = 0.000000 ss = 6
     k = 2 ak = 14 pk = 17 a = 7 b = 4 boxsum = 0.000000 ss = 9
     k = 3 ak = 24 pk = 31 a = 7 b = 8 boxsum = 0.000000 ss = 21
     k = 4 ak = 33 pk = 36 a = 7 b = 4 boxsum = 3.000000 ss = 9
  0  0  0  0
  0  0  0  0
  0  0  0  0
  0  0100  0
  0100  0  0
100  0  0  0
  0  0  0  0

 bias = -1.151103 pack = 0.000000

     k = 6 ak = 49 pk = 56 a = 7 b = 8 boxsum = 0.000000 ss = 21
     k = 7 ak = 60 pk = 65 a = 7 b = 6 boxsum = 0.000000 ss = 15
     k = 8 ak = 72 pk = 77 a = 7 b = 6 boxsum = 0.000000 ss = 15
     k = 9 ak = 79 pk = 81 a = 7 b = 3 boxsum = 0.000000 ss = 6
     k = 10 ak = 89 pk = 91 a = 7 b = 3 boxsum = 0.000000 ss = 6
     k = 11 ak = 101 pk = 103 a = 7 b = 3 boxsum = 0.000000 ss = 6
     k = 12 ak = 106 pk = 108 a = 7 b = 3 boxsum = 0.000000 ss = 6
 am = 39 pm = 45 maxa = 7 maxb = 4 consum = 1.151103 conmax = 1.151103 condif = 0.287776

 id = 6 m = 42 w = 4 am = 38 pm = 46 seg1 = 0 seg2 = 13 segs = 13
     k = 0 ak = 1 pk = 3 a = 9 b = 3 boxsum = 0.000000 ss = 8
     k = 1 ak = 6 pk = 8 a = 9 b = 3 boxsum = 0.000000 ss = 8
     k = 2 ak = 14 pk = 17 a = 9 b = 4 boxsum = 0.000000 ss = 12
     k = 3 ak = 24 pk = 31 a = 9 b = 8 boxsum = 0.000000 ss = 28
     k = 4 ak = 33 pk = 36 a = 9 b = 4 boxsum = 3.000000 ss = 12
  0  0  0  0
  0  0  0  0
  0  0  0  0
  0  0  0  0
  0  0100  0
  0100  0  0
100  0  0  0
  0  0  0  0
  0  0  0  0

 bias = -1.151114 pack = 0.000000

     k = 6 ak = 49 pk = 56 a = 9 b = 8 boxsum = 0.000000 ss = 28
     k = 7 ak = 60 pk = 65 a = 9 b = 6 boxsum = 0.000000 ss = 20
     k = 8 ak = 72 pk = 77 a = 9 b = 6 boxsum = 0.000000 ss = 20
     k = 9 ak = 79 pk = 81 a = 9 b = 3 boxsum = 0.000000 ss = 8
     k = 10 ak = 89 pk = 91 a = 9 b = 3 boxsum = 0.000000 ss = 8
     k = 11 ak = 101 pk = 103 a = 9 b = 3 boxsum = 0.000000 ss = 8
     k = 12 ak = 106 pk = 108 a = 9 b = 3 boxsum = 0.000000 ss = 8
 am = 38 pm = 46 maxa = 9 maxb = 4 consum = 1.151114 conmax = 1.151114 condif = 0.191852

 id = 6 m = 42 w = 5 am = 37 pm = 47 seg1 = 0 seg2 = 13 segs = 13
     k = 0 ak = 1 pk = 3 a = 11 b = 3 boxsum = 0.000000 ss = 8
     k = 1 ak = 6 pk = 8 a = 11 b = 3 boxsum = 0.000000 ss = 8
     k = 2 ak = 14 pk = 17 a = 11 b = 4 boxsum = 0.000000 ss = 12
     k = 3 ak = 24 pk = 31 a = 11 b = 8 boxsum = 0.000000 ss = 28
     k = 4 ak = 33 pk = 36 a = 11 b = 4 boxsum = 3.000000 ss = 12
  0  0  0  0
  0  0  0  0
  0  0  0  0
  0  0  0  0
  0  0  0  0
  0  0100  0
  0100  0  0
100  0  0  0
  0  0  0  0
  0  0  0  0
  0  0  0  0

 bias = -1.151114 pack = 0.000000

     k = 6 ak = 49 pk = 56 a = 11 b = 8 boxsum = 0.000000 ss = 28
     k = 7 ak = 60 pk = 65 a = 11 b = 6 boxsum = 0.000000 ss = 20
     k = 8 ak = 72 pk = 77 a = 11 b = 6 boxsum = 0.000000 ss = 20
     k = 9 ak = 79 pk = 81 a = 11 b = 3 boxsum = 0.000000 ss = 8
     k = 10 ak = 89 pk = 91 a = 11 b = 3 boxsum = 0.000000 ss = 8
     k = 11 ak = 101 pk = 103 a = 11 b = 3 boxsum = 0.000000 ss = 8
     k = 12 ak = 106 pk = 108 a = 11 b = 3 boxsum = 0.000000 ss = 8
 am = 37 pm = 47 maxa = 11 maxb = 4 consum = 1.151114 conmax = 1.151114 condif = 0.143889

 id = 6 m = 43 w = 4 am = 39 pm = 47 seg1 = 0 seg2 = 13 segs = 13
     k = 0 ak = 1 pk = 3 a = 9 b = 3 boxsum = 0.000000 ss = 8
     k = 1 ak = 6 pk = 8 a = 9 b = 3 boxsum = 0.000000 ss = 8
     k = 2 ak = 14 pk = 17 a = 9 b = 4 boxsum = 0.000000 ss = 12
     k = 3 ak = 24 pk = 31 a = 9 b = 8 boxsum = 0.000000 ss = 28
     k = 4 ak = 33 pk = 36 a = 9 b = 4 boxsum = 3.000000 ss = 12
  0  0  0  0
  0  0  0  0
  0  0  0  0
  0  0100  0
  0100  0  0
100  0  0  0
  0  0  0  0
  0  0  0  0
  0  0  0  0

 bias = -1.150811 pack = 0.000000

     k = 6 ak = 49 pk = 56 a = 9 b = 8 boxsum = 0.000000 ss = 28
     k = 7 ak = 60 pk = 65 a = 9 b = 6 boxsum = 0.000000 ss = 20
     k = 8 ak = 72 pk = 77 a = 9 b = 6 boxsum = 0.000000 ss = 20
     k = 9 ak = 79 pk = 81 a = 9 b = 3 boxsum = 0.000000 ss = 8
     k = 10 ak = 89 pk = 91 a = 9 b = 3 boxsum = 0.000000 ss = 8
     k = 11 ak = 101 pk = 103 a = 9 b = 3 boxsum = 0.000000 ss = 8
     k = 12 ak = 106 pk = 108 a = 9 b = 3 boxsum = 0.000000 ss = 8
 am = 39 pm = 47 maxa = 9 maxb = 4 consum = 1.150811 conmax = 1.150811 condif = 0.191802

 id = 6 m = 43 w = 5 am = 38 pm = 48 seg1 = 0 seg2 = 13 segs = 13
     k = 0 ak = 1 pk = 3 a = 11 b = 3 boxsum = 0.000000 ss = 8
     k = 1 ak = 6 pk = 8 a = 11 b = 3 boxsum = 0.000000 ss = 8
     k = 2 ak = 14 pk = 17 a = 11 b = 4 boxsum = 0.000000 ss = 12
     k = 3 ak = 24 pk = 31 a = 11 b = 8 boxsum = 0.000000 ss = 28
     k = 4 ak = 33 pk = 36 a = 11 b = 4 boxsum = 3.000000 ss = 12
  0  0  0  0
  0  0  0  0
  0  0  0  0
  0  0  0  0
  0  0100  0
  0100  0  0
100  0  0  0
  0  0  0  0
  0  0  0  0
  0  0  0  0
  0  0  0  0

 bias = -1.150811 pack = 0.000000

     k = 6 ak = 49 pk = 56 a = 11 b = 8 boxsum = 0.000000 ss = 28
     k = 7 ak = 60 pk = 65 a = 11 b = 6 boxsum = 0.000000 ss = 20
     k = 8 ak = 72 pk = 77 a = 11 b = 6 boxsum = 0.000000 ss = 20
     k = 9 ak = 79 pk = 81 a = 11 b = 3 boxsum = 0.000000 ss = 8
     k = 10 ak = 89 pk = 91 a = 11 b = 3 boxsum = 0.000000 ss = 8
     k = 11 ak = 101 pk = 103 a = 11 b = 3 boxsum = 0.000000 ss = 8
     k = 12 ak = 106 pk = 108 a = 11 b = 3 boxsum = 0.000000 ss = 8
 am = 38 pm = 48 maxa = 11 maxb = 4 consum = 1.150811 conmax = 1.150811 condif = 0.143851

 id = 6 m = 43 w = 6 am = 37 pm = 49 seg1 = 0 seg2 = 13 segs = 13
     k = 0 ak = 1 pk = 3 a = 13 b = 3 boxsum = 0.000000 ss = 8
     k = 1 ak = 6 pk = 8 a = 13 b = 3 boxsum = 0.000000 ss = 8
     k = 2 ak = 14 pk = 17 a = 13 b = 4 boxsum = 0.000000 ss = 12
     k = 3 ak = 24 pk = 31 a = 13 b = 8 boxsum = 0.000000 ss = 28
     k = 4 ak = 33 pk = 36 a = 13 b = 4 boxsum = 3.000000 ss = 12
  0  0  0  0
  0  0  0  0
  0  0  0  0
  0  0  0  0
  0  0  0  0
  0  0100  0
  0100  0  0
100  0  0  0
  0  0  0  0
  0  0  0  0
  0  0  0  0
  0  0  0  0
  0  0  0  0

 bias = -1.150811 pack = 0.000000

     k = 7 ak = 60 pk = 65 a = 13 b = 6 boxsum = 0.000000 ss = 20
     k = 8 ak = 72 pk = 77 a = 13 b = 6 boxsum = 0.000000 ss = 20
     k = 9 ak = 79 pk = 81 a = 13 b = 3 boxsum = 0.000000 ss = 8
     k = 10 ak = 89 pk = 91 a = 13 b = 3 boxsum = 0.000000 ss = 8
     k = 11 ak = 101 pk = 103 a = 13 b = 3 boxsum = 0.000000 ss = 8
     k = 12 ak = 106 pk = 108 a = 13 b = 3 boxsum = 0.000000 ss = 8
 am = 37 pm = 49 maxa = 13 maxb = 4 consum = 1.150811 conmax = 1.150811 condif = 0.115081

 id = 6 m = 44 w = 5 am = 39 pm = 49 seg1 = 0 seg2 = 13 segs = 13
     k = 0 ak = 1 pk = 3 a = 11 b = 3 boxsum = 0.000000 ss = 8
     k = 1 ak = 6 pk = 8 a = 11 b = 3 boxsum = 0.000000 ss = 8
     k = 2 ak = 14 pk = 17 a = 11 b = 4 boxsum = 0.000000 ss = 12
     k = 3 ak = 24 pk = 31 a = 11 b = 8 boxsum = 0.000000 ss = 28
     k = 4 ak = 33 pk = 36 a = 11 b = 4 boxsum = 3.000000 ss = 12
  0  0  0  0
  0  0  0  0
  0  0  0  0
  0  0100  0
  0100  0  0
100  0  0  0
  0  0  0  0
  0  0  0  0
  0  0  0  0
  0  0  0  0
  0  0  0  0

 bias = -1.150811 pack = 0.000000

     k = 7 ak = 60 pk = 65 a = 11 b = 6 boxsum = 0.000000 ss = 20
     k = 8 ak = 72 pk = 77 a = 11 b = 6 boxsum = 0.000000 ss = 20
     k = 9 ak = 79 pk = 81 a = 11 b = 3 boxsum = 0.000000 ss = 8
     k = 10 ak = 89 pk = 91 a = 11 b = 3 boxsum = 0.000000 ss = 8
     k = 11 ak = 101 pk = 103 a = 11 b = 3 boxsum = 0.000000 ss = 8
     k = 12 ak = 106 pk = 108 a = 11 b = 3 boxsum = 0.000000 ss = 8
 am = 39 pm = 49 maxa = 11 maxb = 4 consum = 1.150811 conmax = 1.150811 condif = 0.143851

  1 |        0  0  0  0  0  0  0  0  0  0  0  0  0  0  0  0  0  0  0
  2 |        0  0  0  0  0  0  0  0  0  0  0  0  0  0  0  0  0  0  0
  3 | 107  1  0  0  0  0  0  0  0  0  0  0  0  0  0  0  0  0  0  0  0
  4 | 107  1  0  0  0  0  0  0  0  0  0  0  0  0  0  0  0  0  0  0  0
  5 |        0  0 -1 -1  0  0  0  0  0  0  0  0  0  0  0  0  0  0  0
  6 |        0 -1 -1 -1 -7  0  0  0  0  0  0  0  0  0  0  0  0  0  0
  7 |        0  0 -1 -1 -7 -9  0  0  0  0  0  0  0  0  0  0  0  0  0
  8 | 102  2  0  0  0 -1 -7 -9-11  0  0  0  0  0  0  0  0  0  0  0  0
  9 | 102  2  0  0  0  0 -7 -9-11-13  0  0  0  0  0  0  0  0  0  0  0
 10 |        0  0  0  0 -5 -9-11-13-14  0  0  0  0  0  0  0  0  0  0
 11 |        0  0  0  0 -7 -9-11-13-14-15  0  0  0  0  0  0  0  0  0
 12 |        0  0  0 -1 -7 -9-11-13-14-15-16  0  0  0  0  0  0  0  0
 13 |        0  0  0 -1 -7 -9-11-13-14-15-16-17  0  0  0  0  0  0  0
 14 |        0  0  0  0 -7 -9-11-13-14-15-16-17-19  0  0  0  0  0  0
 15 |        0  0  0  0 -5 -9-11-13-14-15-16-17-19-19  0  0  0  0  0
 16 | 26  3  0  0  0  0 -5 -8-11-13-14-15-16-17-19-19-20  0  0  0  0
 17 | 26  3  0  0  0  0 -5 -8-10-13-14-15-16-17-19-19-20-21  0  0  0
 18 | 26  3  0  0  0  0 -5 -8-10-13-14-15-16-17-19-19-20-21-22  0  0
 19 |        0  0  0  0 -5 -8-11-13-14-15-16-17-19-19-20-21-22-23  0
 20 |        0  0  0  0 -6 -9-11-13-14-15-16-17-19-19-20-21-22-23-24
 21 |        0  0  0  0 -7 -9-11-13-14-15-16-17-19-19-20-21-22-23-24
 22 |        0  0  0 -1 -7 -9-11-13-14-15-16-17-19-19-20-21-22-23-24
 23 |        0  0  0  0 -7 -9-11-13-14-15-16-17-19-19-20-21-22-23-24
 24 |        0  0  0  0 -5 -9-11-13-14-15-16-17-19-19-20-21-22-23-24
 25 |        0  0  0  0 -5 -8-11-13-14-15-16-17-19-19-20-21-22-23-24
 26 | 50  4  0  0  0  0 -5 -8-10-13-14-15-16-17-19-19-20-21-22-23-24
 27 | 50  4  0  0  0  0 -5 -8-10-13-14-15-16-17-19-19-20-21-22-23-24
 28 | 50  4  0  0  0  0 -5 -8-11-13-14-15-16-17-19-19-20-21-22-23-24
 29 | 50  4  0  0  0  0 -5 -9-11-13-14-15-16-17-19-19-20-21-22-23-24
 30 | 50  4  0  0  0  0 -7 -9-11-13-14-15-16-17-19-19-20-21-22-23-24
 31 | 50  4  0  0  0 -1 -7 -9-11-13-14-15-16-17-19-19-20-21-22-23-24
 32 | 50  4  0  0 -1 -1 -7 -9-11-13-14-15-16-17-19-19-20-21-22-23-24
 33 |        0 -1 -1 -1 -7 -9-11-13-14-15-16-17-19-19-20-21-22-23-24
 34 |        0 -1 -1 -1 -7 -9-11-13-14-15-16-17-19-19-20-21-22-23-24
 35 | 44  5  0  1 -1 -1 -7 -9-11-13-14-15-16-17-19-19-20-21-22-23-24
 36 | 44  5  0  1  0 -1 -7 -9-11-13-14-15-16-17-19-19-20-21-22-23-24
 37 | 44  5  0  0  0  0 -7 -9-11-13-14-15-16-17-19-19-20-21-22-23-24
 38 |        0  0  0  0 -6 -9-11-13-14-15-16-17-19-19-20-21-22-23-24
 39 |        0  0  0  0 -7 -9-11-13-14-15-16-17-19-19-20-21-22-23-24
 40 |        0  0  0 -1 -7 -9-11-13-14-15-16-17-19-19-20-21-22-23-24
 41 |        0  0  0 -1 -7 -9-11-13-14-15-16-17-19-19-20-21-22-23-24
 42 |        0  0  0  0 -7 -9-11-13-14-15-16-17-19-19-20-21-22-23-24
 43 |        0  0  0  0 -5 -9-11-13-14-15-16-17-19-19-20-21-22-23-24
 44 | 34  6  0  0  0  0 -5 -8-11-13-14-15-16-17-19-19-20-21-22-23-24
 45 | 34  6  0  0  0  0 -5 -9-11-13-14-15-16-17-19-19-20-21-22-23-24
 46 | 34  6  0  0  0  0 -7 -9-11-13-14-15-16-17-19-19-20-21-22-23-24
 47 | 34  6  0  0  0 -1 -7 -9-11-13-14-15-16-17-19-19-20-21-22-23-24
 48 |        0  0 -1 -1 -7 -9-11-13-14-15-16-17-19-19-20-21-22-23-24
 49 |        0 -1 -1 -1 -7 -9-11-13-14-15-16-17-19-19-20-21-22-23-24
 50 |        0  0 -1 -1 -7 -9-11-13-14-15-16-17-19-19-20-21-22-23-24
 51 | 50  7  0  0  0 -1 -7 -9-11-13-14-15-16-17-19-19-20-21-22-23-24
 52 | 50  7  0  0  0  0 -7 -9-11-13-14-15-16-17-19-19-20-21-22-23-24
 53 | 50  7  0  0  0  0 -6 -9-11-13-14-15-16-17-19-19-20-21-22-23-24
 54 | 50  7  0  0  0  0 -6 -8-11-13-14-15-16-17-19-19-20-21-22-23-24
 55 | 50  7  0  0  0  0 -6 -8-11-13-14-15-16-17-19-19-20-21-22-23-24
 56 | 50  7  0  0  0  0 -6 -9-11-13-14-15-16-17-19-19-20-21-22-23-24
 57 | 50  7  0  0  0  0 -7 -9-11-13-14-15-16-17-19-19-20-21-22-23-24
 58 |        0  0  0 -1 -7 -9-11-13-14-15-16-17-19-19-20-21-22-23-24
 59 |        0  0 -1 -1 -7 -9-11-13-14-15-16-17-19-19-20-21-22-23-24
 60 |        0  0 -1 -1 -7 -9-11-13-14-15-16-17-19-19-20-21-22-23-24
 61 |        0  0  0 -1 -7 -9-11-13-14-15-16-17-19-19-20-21-22-23-24
 62 | 74  8  0  0  0  0 -7 -9-11-13-14-15-16-17-19-19-20-21-22-23-24
 63 | 74  8  0  0  0  0 -5 -9-11-13-14-15-16-17-19-19-20-21-22-23-24
 64 | 74  8  0  0  0  0 -5 -8-11-13-14-15-16-17-19-19-20-21-22-23-24
 65 | 74  8  0  0  0  0 -5 -8-10-13-14-15-16-17-19-19-20-21-22-23-24
 66 | 74  8  0  0  0  0 -5 -8-10-13-14-15-16-17-19-19-20-21-22-23-24
 67 |        0  0  0  0 -5 -8-11-13-14-15-16-17-19-19-20-21-22-23-24
 68 |        0  0  0  0 -6 -9-11-13-14-15-16-17-19-19-20-21-22-23-24
 69 |        0  0  0  0 -7 -9-11-13-14-15-16-17-19-19-20-21-22-23-24
 70 |        0  0  0 -1 -7 -9-11-13-14-15-16-17-19-19-20-21-22-23-24
 71 |        0  0  0  0 -7 -9-11-13-14-15-16-17-19-19-20-21-22-23-24
 72 |        0  0  0  0 -5 -9-11-13-14-15-16-17-19-19-20-21-22-23-24
 73 |        0  0  0  0 -5 -8-11-13-14-15-16-17-19-19-20-21-22-23-24
 74 | 62  9  0  0  0  0 -5 -8-11-13-14-15-16-17-19-19-20-21-22-23-24
 75 | 62  9  0  0  0  0 -5 -9-11-13-14-15-16-17-19-19-20-21-22-23-24
 76 | 62  9  0  0  0  0 -7 -9-11-13-14-15-16-17-19-19-20-21-22-23-24
 77 | 62  9  0  0  0 -1 -7 -9-11-13-14-15-16-17-19-19-20-21-22-23-24
 78 | 62  9  0  0 -1 -1 -7 -9-11-13-14-15-16-17-19-19-20-21-22-23-24
 79 |        0 -1 -1 -1 -7 -9-11-13-14-15-16-17-19-19-20-21-22-23-24
 80 |        0 -1 -1 -1 -7 -9-11-13-14-15-16-17-19-19-20-21-22-23-24
 81 | 31 10  0  0 -1 -1 -7 -9-11-13-14-15-16-17-19-19-20-21-22-23-24
 82 | 31 10  0  0  0 -1 -7 -9-11-13-14-15-16-17-19-19-20-21-22-23-24
 83 |        0  0  0  0 -7 -9-11-13-14-15-16-17-19-19-20-21-22-23-24
 84 |        0  0  0  0 -5 -9-11-13-14-15-16-17-19-19-20-21-22-23-24
 85 |        0  0  0  0 -5 -9-11-13-14-15-16-17-19-19-20-21-22-23-24
 86 |        0  0  0  0 -7 -9-11-13-14-15-16-17-19-19-20-21-22-23-24
 87 |        0  0  0  0 -7 -9-11-13-14-15-16-17-19-19-20-21-22-23-24
 88 |        0  0  0  0 -5 -9-11-13-14-15-16-17-19-19-20-21-22-23-24
 89 |        0  0  0  0 -5 -8-11-13-14-15-16-17-19-19-20-21-22-23-24
 90 |        0  0  0  0 -5 -8-10-13-14-15-16-17-19-19-20-21-22-23-24
 91 | 29 11  0  0  0  0 -5 -8-10-11-14-15-16-17-19-19-20-21-22-23-24
 92 | 29 11  0  0  0  0 -5 -8-10-11-13-15-16-17-19-19-20-21-22-23-24
 93 |        0  0  0  0 -5 -8-10-11-13-15-16-17-19-19-20-21-22-23-24
 94 |        0  0  0  0 -5 -8-10-11-14-15-16-17-19-19-20-21-22-23-24
 95 |        0  0  0  0 -5 -8-10-13-14-15-16-17-19-19-20-21-22-23-24
 96 |        0  0  0  0 -6 -8-11-13-14-15-16-17-19-19-20-21-22-23-24
 97 |        0  0  0  0 -6 -9-11-13-14-15-16-17-19-19-20-21-22-23-24
 98 |        0  0  0  0 -5 -9-11-13-14-15-16-17-19-19-20-21-22-23-24
 99 |        0  0  0  0 -5 -8-11-13-14-15-16-17-19-19-20-21-22-23-24
100 |        0  0  0  0 -5 -8-10-13-14-15-16-17-19-19-20-21-22-23-24
101 |        0  0  0  0 -5 -8-11-13-14-15-16-17-19-19-20-21-22-23-24
102 |        0  0  0  0 -5 -9-11-13-14-15-16-17-19-19-20-21-22-23-24
103 |  7 12  0  0  0  0 -7 -9-11-13-14-15-16-17-19-19-20-21-22-23-24
104 |  7 12  0  0  0 -1 -7 -9-11-13-14-15-16-17-19-19-20-21-22-23-24
105 |        0  0 -1 -1 -7 -9-11-13-14-15-16-17-19-19-20-21-22-23-24
106 |        0 -1 -1 -1 -7 -9-11-13-14-15-16-17-19-19-20-21-22-23-24
107 |        0  0 -1 -1 -7 -9-11-13-14-15-16-17-19-19-20-21-22-23-24
108 |  2 13  0  0  0 -1 -7 -9-11-13-14-15-16-17-19-19-20-21-22-23-24
109 |  2 13  0  0  0  0 -7 -9-11-13-14-15-16-17-19-19-20-21-22-23-24
110 |        0  0  0  0 -5 -9-11-13-14-15-16-17-19-19-20-21-22-23-24
111 |        0  0  0  0 -5 -8-11-13-14-15-16-17-19-19-20-21-22-23  0
112 |        0  0  0  0 -5 -8-10-13-14-15-16-17-19-19-20-21-22  0  0
113 |        0  0  0  0 -6 -8-10-11-14-15-16-17-19-19-20-21  0  0  0
114 |        0  0  0  0 -6 -8-10-11-13-15-16-17-19-19-20  0  0  0  0
115 |        0  0  0  0 -6 -8-10-11-13-14-16-17-19-19  0  0  0  0  0
116 |        0  0  0  0 -6 -8-10-12-13-14-15-17-19  0  0  0  0  0  0
117 |        0  0  0  0 -6 -8-10-12-13-14-15-16  0  0  0  0  0  0  0
118 |        0  0  0  0 -6 -8-10-12-13-14-15  0  0  0  0  0  0  0  0
119 |        0  0  0  0 -6 -8-10-12-13-14  0  0  0  0  0  0  0  0  0
120 |        0  0  0  0 -6 -8-10-12-13  0  0  0  0  0  0  0  0  0  0
121 |        0  0  0  0 -6 -8-10-12  0  0  0  0  0  0  0  0  0  0  0
122 |        0  0  0  0 -6 -8-10  0  0  0  0  0  0  0  0  0  0  0  0
123 |        0  0  0  0 -6 -8  0  0  0  0  0  0  0  0  0  0  0  0  0
124 |        0  0  0  0 -6  0  0  0  0  0  0  0  0  0  0  0  0  0  0
125 |        0  0  0  0  0  0  0  0  0  0  0  0  0  0  0  0  0  0  0
126 |        0  0  0  0  0  0  0  0  0  0  0  0  0  0  0  0  0  0  0
127 |        0  0  0  0  0  0  0  0  0  0  0  0  0  0  0  0  0  0  0
128 |        0  0  0  0  0  0  0  0  0  0  0  0  0  0  0  0  0  0  0
129 |        0  0  0  0  0  0  0  0  0  0  0  0  0  0  0  0  0  0  0


  1 |                                                                                  
  2 |                                                                                  
  3 | 107  1       0                                                                    
  4 | 107  1       0   0                                                                
  5 |                                                                                  
  6 |                                                                                  
  7 |             0                                                                    
  8 | 102  2       0   0                                                                
  9 | 102  2       0   0   1                                                            
 10 |                 0   0                                                            
 11 |                     0                                                            
 12 |                                                                                  
 13 |                 0   0                                                            
 14 |             0   1   2                                                            
 15 |             0   1   3                                                            
 16 | 26  3       0   1   3   0                                                        
 17 | 26  3       0   1   3                                                            
 18 | 26  3       0   1   2                                                            
 19 |                 0   1                                                            
 20 |                     0                                                            
 21 |                                                                                  
 22 |                                                                                  
 23 |                 0   1                                                            
 24 |             0   1   2                                                            
 25 |             0   1   3                                                            
 26 | 50  4       0   2   2                                                            
 27 | 50  4       0   1   2                                                            
 28 | 50  4       0   0   1                                                            
 29 | 50  4       0   0   0                                                            
 30 | 50  4       0   0   0                                                            
 31 | 50  4       0   0                                                                
 32 | 50  4       0                                                                    
 33 |                                                                                  
 34 |                                                                                  
 35 | 44  5       1   0                                                                
 36 | 44  5       1   3   1                                                            
 37 | 44  5       0   2   4                                                            
 38 |                 0   2                                                            
 39 |                     0                                                            
 40 |                                                                                  
 41 |                 0   0                                                            
 42 |             0   1   2                                                            
 43 |             0   1   3                                                            
 44 | 34  6       0   2   3                                                            
 45 | 34  6       0   1   3                                                            
 46 | 34  6       0   1   2                                                            
 47 | 34  6           0                                                                
 48 |                                                                                  
 49 |                                                                                  
 50 |                                                                                  
 51 | 50  7                                                                            
 52 | 50  7           0   1                                                            
 53 | 50  7       0   1   1                                                            
 54 | 50  7       0   1   1                                                            
 55 | 50  7           0   1                                                            
 56 | 50  7               0                                                            
 57 | 50  7                                                                            
 58 |                                                                                  
 59 |                                                                                  
 60 |             0                                                                    
 61 |             0   2   2                                                            
 62 | 74  8       0   3   6                                                            
 63 | 74  8       0   3   7   4                                                        
 64 | 74  8       0   3   6   4                                                        
 65 | 74  8       0   2   5   2                                                        
 66 | 74  8       0   1   3   0                                                        
 67 |                 0   2                                                            
 68 |                     0                                                            
 69 |                                                                                  
 70 |                                                                                  
 71 |                 0   2                                                            
 72 |             0   1   3   0                                                        
 73 |             0   2   5   2                                                        
 74 | 62  9       0   3   6   4                                                        
 75 | 62  9       0   3   7   4                                                        
 76 | 62  9       0   3   6                                                            
 77 | 62  9       0   2   1                                                            
 78 | 62  9       0                                                                    
 79 |                                                                                  
 80 |                                                                                  
 81 | 31 10       0                                                                    
 82 | 31 10       0   0                                                                
 83 |                 0   1                                                            
 84 |                     0                                                            
 85 |                                                                                  
 86 |                                                                                  
 87 |                     0                                                            
 88 |                 0   1                                                            
 89 |             0   0   1                                                            
 90 |             0   0   2                                                            
 91 | 29 11       0   0   2                                                            
 92 | 29 11       0   0   1                                                            
 93 |                 0   1                                                            
 94 |                     0                                                            
 95 |                                                                                  
 96 |                                                                                  
 97 |                                                                                  
 98 |                                                                                  
 99 |                     0                                                            
100 |                 0   0                                                            
101 |             0   0   1                                                            
102 |             0   0   1                                                            
103 |  7 12       0   0   1                                                            
104 |  7 12       0   0                                                                
105 |                                                                                  
106 |                                                                                  
107 |             0                                                                    
108 |  2 13       0   0                                                                
109 |  2 13       0   0   1                                                            
110 |                 0   0                                                            
111 |                     0                                                            
112 |                                                                                  
113 |                                                                                  
114 |                                                                                  
115 |                                                                                  
116 |                                                                                  
117 |                                                                                  
118 |                                                                                  
119 |                                                                                  
120 |                                                                                  
121 |                                                                                  
122 |                                                                                  
123 |                                                                                  
124 |                                                                                  
125 |                                                                                  
126 |                                                                                  
127 |                                                                                  
128 |                                                                                  
129 |                                                                                  


 i = 109 j = 4 sum[i][j] = 35.444584
 i = 100 j = 4 sum[i][j] = 34.593857
 i = 91 j = 4 sum[i][j] = 33.367928
 i = 82 j = 4 sum[i][j] = 31.433300
 i = 73 j = 4 sum[i][j] = 30.024994
 i = 62 j = 4 sum[i][j] = 23.237728
 i = 53 j = 4 sum[i][j] = 16.018074
 i = 43 j = 4 sum[i][j] = 14.938173
 i = 35 j = 3 sum[i][j] = 11.453478
 i = 24 j = 4 sum[i][j] = 7.496527
 i = 15 j = 4 sum[i][j] = 4.363208
 i = 7 j = 3 sum[i][j] = 0.843983

   5-11   12-20   21-29   33-39   40-48   50-58   59-67   70-78   79-87   88-96   97-105   106-114 tops = 35.444584
 i = 0 s = 35.444584


	5-11	 m = 7 w = 3
	12-20	 m = 15 w = 4
	21-29	 m = 24 w = 4
	33-39	 m = 35 w = 3
	40-48	 m = 43 w = 4
 id = 5 m = 43 w = 4 am = 39 pm = 47 seg1 = 0 seg2 = 1 segs = 12
     k = 0 ak = 4 pk = 10 a = 9 b = 7 boxsum = 0.000000 ss = 8
 id = 5 m = 43 w = 4 am = 39 pm = 47 seg1 = 1 seg2 = 2 segs = 12
     k = 1 ak = 11 pk = 19 a = 9 b = 9 boxsum = 0.000000 ss = 12
 id = 5 m = 43 w = 4 am = 39 pm = 47 seg1 = 2 seg2 = 3 segs = 12
     k = 2 ak = 20 pk = 28 a = 9 b = 9 boxsum = 0.000000 ss = 16
 id = 5 m = 43 w = 4 am = 39 pm = 47 seg1 = 3 seg2 = 4 segs = 12
     k = 3 ak = 32 pk = 38 a = 9 b = 7 boxsum = 4.000000 ss = 12
  0  0  0  0  0  0  0
  0  0  0  0  0  0  0
  0  0  0  0  0  0  0
  0  0  0100  0  0  0
  0  0100  0  0  0  0
  0100  0  0  0  0  0
100  0  0  0  0  0  0
  0  0  0  0  0  0  0
  0  0  0  0  0  0  0

 bias = -1.578589 pack = 1.000000

	50-58	 m = 53 w = 4
	59-67	 m = 62 w = 4
	70-78	 m = 73 w = 4
	79-87	 m = 82 w = 4
	88-96	 m = 91 w = 4
	97-105	 m = 100 w = 4
	106-114	 m = 109 w = 4
