
 SimRNA (c) 2009-2014 Genesilico, ver. 3.20

 program compiled as SimRNA3: 3 atoms per base

.reading parameteres
class RNAStructure: SimRNA3 flag is set

reading input pdb file: full.pdb
number of recognized chains: 1
number of read nucleotides: 92
number of read atoms: 1975
chains:
chain A contains 92 nucleotides
(in case of error messages nucleotide numbering starts from 1)
loading histrogram: ./data/dist_PC.data.new_hist   assigned_name: dist_PC.data.new_hist  DONE
loading histrogram: ./data/dist_CP.data.new_hist   assigned_name: dist_CP.data.new_hist  DONE
loading histrogram: ./data/angle_PCP.data.new_hist   assigned_name: angle_PCP.data.new_hist  DONE
loading histrogram: ./data/angle_CPC.data.new_hist   assigned_name: angle_CPC.data.new_hist  DONE
loading histrogram: ./data/eta_theta.data.new_hist   assigned_name: eta_theta.data.new_hist  DONE
reading conformers file: ./data/A_conformers
n_lines: 4766
   16    15    69    34    27 
   46    26   156    83    35 
   93   127  1269    89    50 
  187   157  1927    88    75 
   51    22    67    25    32 
DONE
reading conformers file: ./data/C_conformers
n_lines: 5164
    7     8    61    17     4 
   14    12   143    49    12 
   23   140  2110    21    24 
   88   101  2101    19    36 
   25    21   108     8    12 
DONE
reading conformers file: ./data/G_conformers
n_lines: 6375
   11     7    79    21    50 
   20    17   175    54    39 
   42   102  2774    90    34 
   61    94  2314    71   100 
   20    22   142    15    21 
DONE
reading conformers file: ./data/U_conformers
n_lines: 3617
    6     6    43    33    24 
   20    20   131    50    28 
   30    58  1412    30    24 
   64    82  1197    31    32 
   71    36   132    13    44 
DONE
loading histrogram: ./data/AA3.hist   assigned_name: AA3.hist  DONE
loading histrogram: ./data/AC3.hist   assigned_name: AC3.hist  DONE
loading histrogram: ./data/AG3.hist   assigned_name: AG3.hist  DONE
loading histrogram: ./data/AU3.hist   assigned_name: AU3.hist  DONE
loading histrogram: ./data/CA3.hist   assigned_name: CA3.hist  DONE
loading histrogram: ./data/CC3.hist   assigned_name: CC3.hist  DONE
loading histrogram: ./data/CG3.hist   assigned_name: CG3.hist  DONE
loading histrogram: ./data/CU3.hist   assigned_name: CU3.hist  DONE
loading histrogram: ./data/GA3.hist   assigned_name: GA3.hist  DONE
loading histrogram: ./data/GC3.hist   assigned_name: GC3.hist  DONE
loading histrogram: ./data/GG3.hist   assigned_name: GG3.hist  DONE
loading histrogram: ./data/GU3.hist   assigned_name: GU3.hist  DONE
loading histrogram: ./data/UA3.hist   assigned_name: UA3.hist  DONE
loading histrogram: ./data/UC3.hist   assigned_name: UC3.hist  DONE
loading histrogram: ./data/UG3.hist   assigned_name: UG3.hist  DONE
loading histrogram: ./data/UU3.hist   assigned_name: UU3.hist  DONE
loading histrogram: ./data/A-C4_3.hist   assigned_name: A-C4_3.hist  DONE
loading histrogram: ./data/C-C4_3.hist   assigned_name: C-C4_3.hist  DONE
loading histrogram: ./data/G-C4_3.hist   assigned_name: G-C4_3.hist  DONE
loading histrogram: ./data/U-C4_3.hist   assigned_name: U-C4_3.hist  DONE
loading histrogram: ./data/A-P_3.hist   assigned_name: A-P_3.hist  DONE
loading histrogram: ./data/C-P_3.hist   assigned_name: C-P_3.hist  DONE
loading histrogram: ./data/G-P_3.hist   assigned_name: G-P_3.hist  DONE
loading histrogram: ./data/U-P_3.hist   assigned_name: U-P_3.hist  DONE
loading histrogram: ./data/A_3_exvol.hist   assigned_name: A_3_exvol.hist  DONE
scaling: histogram A_3_exvol.hist was multiplied by 0.100000
loading histrogram: ./data/C_3_exvol.hist   assigned_name: C_3_exvol.hist  DONE
scaling: histogram C_3_exvol.hist was multiplied by 0.100000
loading histrogram: ./data/G_3_exvol.hist   assigned_name: G_3_exvol.hist  DONE
scaling: histogram G_3_exvol.hist was multiplied by 0.100000
loading histrogram: ./data/U_3_exvol.hist   assigned_name: U_3_exvol.hist  DONE
scaling: histogram U_3_exvol.hist was multiplied by 0.100000
DONE
reading distance restraints...
distance restraint added:
chain A atom MB nucl 21 and chain A atom MB nucl 32, unrestricted dist. range: 5.000 10.000, weight 1.000
distance restraint added:
chain A atom MB nucl 21 and chain A atom MB nucl 32, unrestricted dist. range: 5.000 10.000, weight 5.000
distance restraint added:
chain A atom MB nucl 22 and chain A atom MB nucl 31, unrestricted dist. range: 5.000 10.000, weight 1.000
distance restraint added:
chain A atom MB nucl 22 and chain A atom MB nucl 31, unrestricted dist. range: 5.000 10.000, weight 5.000
distance restraint added:
chain A atom MB nucl 51 and chain A atom MB nucl 74, unrestricted dist. range: 5.000 10.000, weight 1.000
distance restraint added:
chain A atom MB nucl 51 and chain A atom MB nucl 74, unrestricted dist. range: 5.000 10.000, weight 5.000
distance restraint added:
chain A atom MB nucl 23 and chain A atom MB nucl 30, unrestricted dist. range: 5.000 10.000, weight 1.000
distance restraint added:
chain A atom MB nucl 23 and chain A atom MB nucl 30, unrestricted dist. range: 5.000 10.000, weight 5.000
distance restraint added:
chain A atom MB nucl 57 and chain A atom MB nucl 69, unrestricted dist. range: 5.000 10.000, weight 1.000
distance restraint added:
chain A atom MB nucl 57 and chain A atom MB nucl 69, unrestricted dist. range: 5.000 10.000, weight 5.000
distance restraint added:
chain A atom MB nucl 24 and chain A atom MB nucl 29, unrestricted dist. range: 5.000 10.000, weight 1.000
distance restraint added:
chain A atom MB nucl 24 and chain A atom MB nucl 29, unrestricted dist. range: 5.000 10.000, weight 5.000
distance restraint added:
chain A atom MB nucl 19 and chain A atom MB nucl 34, unrestricted dist. range: 5.000 10.000, weight 1.000
distance restraint added:
chain A atom MB nucl 19 and chain A atom MB nucl 34, unrestricted dist. range: 5.000 10.000, weight 5.000
distance restraint added:
chain A atom MB nucl 48 and chain A atom MB nucl 79, unrestricted dist. range: 5.000 10.000, weight 1.000
distance restraint added:
chain A atom MB nucl 48 and chain A atom MB nucl 79, unrestricted dist. range: 5.000 10.000, weight 5.000
distance restraint added:
chain A atom MB nucl 47 and chain A atom MB nucl 80, unrestricted dist. range: 5.000 10.000, weight 1.000
distance restraint added:
chain A atom MB nucl 47 and chain A atom MB nucl 80, unrestricted dist. range: 5.000 10.000, weight 5.000
distance restraint added:
chain A atom MB nucl 20 and chain A atom MB nucl 33, unrestricted dist. range: 5.000 10.000, weight 1.000
distance restraint added:
chain A atom MB nucl 20 and chain A atom MB nucl 33, unrestricted dist. range: 5.000 10.000, weight 5.000
distance restraint added:
chain A atom MB nucl 44 and chain A atom MB nucl 82, unrestricted dist. range: 5.000 10.000, weight 1.000
distance restraint added:
chain A atom MB nucl 44 and chain A atom MB nucl 82, unrestricted dist. range: 5.000 10.000, weight 5.000
distance restraint added:
chain A atom MB nucl 49 and chain A atom MB nucl 78, unrestricted dist. range: 5.000 10.000, weight 1.000
distance restraint added:
chain A atom MB nucl 49 and chain A atom MB nucl 78, unrestricted dist. range: 5.000 10.000, weight 5.000
distance restraint added:
chain A atom MB nucl 17 and chain A atom MB nucl 36, unrestricted dist. range: 5.000 10.000, weight 1.000
distance restraint added:
chain A atom MB nucl 17 and chain A atom MB nucl 36, unrestricted dist. range: 5.000 10.000, weight 5.000
distance restraint added:
chain A atom MB nucl 15 and chain A atom MB nucl 38, unrestricted dist. range: 5.000 10.000, weight 1.000
distance restraint added:
chain A atom MB nucl 15 and chain A atom MB nucl 38, unrestricted dist. range: 5.000 10.000, weight 5.000
distance restraint added:
chain A atom MB nucl 14 and chain A atom MB nucl 39, unrestricted dist. range: 5.000 10.000, weight 1.000
distance restraint added:
chain A atom MB nucl 14 and chain A atom MB nucl 39, unrestricted dist. range: 5.000 10.000, weight 5.000
distance restraint added:
chain A atom MB nucl 45 and chain A atom MB nucl 81, unrestricted dist. range: 5.000 10.000, weight 1.000
distance restraint added:
chain A atom MB nucl 45 and chain A atom MB nucl 81, unrestricted dist. range: 5.000 10.000, weight 5.000
distance restraint added:
chain A atom MB nucl 56 and chain A atom MB nucl 70, unrestricted dist. range: 5.000 10.000, weight 1.000
distance restraint added:
chain A atom MB nucl 56 and chain A atom MB nucl 70, unrestricted dist. range: 5.000 10.000, weight 5.000
distance restraint added:
chain A atom MB nucl 18 and chain A atom MB nucl 35, unrestricted dist. range: 5.000 10.000, weight 1.000
distance restraint added:
chain A atom MB nucl 18 and chain A atom MB nucl 35, unrestricted dist. range: 5.000 10.000, weight 5.000
distance restraint added:
chain A atom MB nucl 6 and chain A atom MB nucl 88, unrestricted dist. range: 5.000 10.000, weight 1.000
distance restraint added:
chain A atom MB nucl 6 and chain A atom MB nucl 88, unrestricted dist. range: 5.000 10.000, weight 5.000
distance restraint added:
chain A atom MB nucl 53 and chain A atom MB nucl 72, unrestricted dist. range: 5.000 10.000, weight 1.000
distance restraint added:
chain A atom MB nucl 53 and chain A atom MB nucl 72, unrestricted dist. range: 5.000 10.000, weight 5.000
distance restraint added:
chain A atom MB nucl 47 and chain A atom MB nucl 76, unrestricted dist. range: 5.000 10.000, weight 1.000
distance restraint added:
chain A atom MB nucl 47 and chain A atom MB nucl 76, unrestricted dist. range: 5.000 10.000, weight 5.000
distance restraint added:
chain A atom MB nucl 5 and chain A atom MB nucl 89, unrestricted dist. range: 5.000 10.000, weight 1.000
distance restraint added:
chain A atom MB nucl 5 and chain A atom MB nucl 89, unrestricted dist. range: 5.000 10.000, weight 5.000
distance restraint added:
chain A atom MB nucl 7 and chain A atom MB nucl 87, unrestricted dist. range: 5.000 10.000, weight 1.000
distance restraint added:
chain A atom MB nucl 7 and chain A atom MB nucl 87, unrestricted dist. range: 5.000 10.000, weight 5.000
distance restraint added:
chain A atom MB nucl 43 and chain A atom MB nucl 83, unrestricted dist. range: 5.000 10.000, weight 1.000
distance restraint added:
chain A atom MB nucl 43 and chain A atom MB nucl 83, unrestricted dist. range: 5.000 10.000, weight 5.000
distance restraint added:
chain A atom MB nucl 50 and chain A atom MB nucl 75, unrestricted dist. range: 5.000 10.000, weight 1.000
distance restraint added:
chain A atom MB nucl 50 and chain A atom MB nucl 75, unrestricted dist. range: 5.000 10.000, weight 5.000
distance restraint added:
chain A atom MB nucl 54 and chain A atom MB nucl 70, unrestricted dist. range: 5.000 10.000, weight 1.000
distance restraint added:
chain A atom MB nucl 54 and chain A atom MB nucl 70, unrestricted dist. range: 5.000 10.000, weight 5.000
distance restraint added:
chain A atom MB nucl 53 and chain A atom MB nucl 71, unrestricted dist. range: 5.000 10.000, weight 1.000
distance restraint added:
chain A atom MB nucl 53 and chain A atom MB nucl 71, unrestricted dist. range: 5.000 10.000, weight 5.000
distance restraint added:
chain A atom MB nucl 27 and chain A atom MB nucl 54, unrestricted dist. range: 5.000 10.000, weight 1.000
distance restraint added:
chain A atom MB nucl 27 and chain A atom MB nucl 54, unrestricted dist. range: 5.000 10.000, weight 5.000
DONE

begin: void RNAStructureWithRestraints::initSecondStrcRestraints(const char* path)
RNAStructureWithRestraints::secondStrcWeight = 1.000000
chain: 1: _...(.((......((...((((((....))))))...))...(((.((((((((..(()))))))..))))))...))...).........._
nucl1: 23, chain1: 0, <--->  nucl2: 28, chain2: 0
secondary structure restraint added:
chainIndex_1: 0, nuclIndex_1: 23, chainIndex_2: 0, nuclIndex_2: 28
nucl1: 22, chain1: 0, <--->  nucl2: 29, chain2: 0
secondary structure restraint added:
chainIndex_1: 0, nuclIndex_1: 22, chainIndex_2: 0, nuclIndex_2: 29
nucl1: 21, chain1: 0, <--->  nucl2: 30, chain2: 0
secondary structure restraint added:
chainIndex_1: 0, nuclIndex_1: 21, chainIndex_2: 0, nuclIndex_2: 30
nucl1: 20, chain1: 0, <--->  nucl2: 31, chain2: 0
secondary structure restraint added:
chainIndex_1: 0, nuclIndex_1: 20, chainIndex_2: 0, nuclIndex_2: 31
nucl1: 19, chain1: 0, <--->  nucl2: 32, chain2: 0
secondary structure restraint added:
chainIndex_1: 0, nuclIndex_1: 19, chainIndex_2: 0, nuclIndex_2: 32
nucl1: 18, chain1: 0, <--->  nucl2: 33, chain2: 0
secondary structure restraint added:
chainIndex_1: 0, nuclIndex_1: 18, chainIndex_2: 0, nuclIndex_2: 33
nucl1: 14, chain1: 0, <--->  nucl2: 37, chain2: 0
secondary structure restraint added:
chainIndex_1: 0, nuclIndex_1: 14, chainIndex_2: 0, nuclIndex_2: 37
nucl1: 13, chain1: 0, <--->  nucl2: 38, chain2: 0
secondary structure restraint added:
chainIndex_1: 0, nuclIndex_1: 13, chainIndex_2: 0, nuclIndex_2: 38
nucl1: 57, chain1: 0, <--->  nucl2: 58, chain2: 0
secondary structure restraint added:
chainIndex_1: 0, nuclIndex_1: 57, chainIndex_2: 0, nuclIndex_2: 58
nucl1: 56, chain1: 0, <--->  nucl2: 59, chain2: 0
secondary structure restraint added:
chainIndex_1: 0, nuclIndex_1: 56, chainIndex_2: 0, nuclIndex_2: 59
nucl1: 53, chain1: 0, <--->  nucl2: 60, chain2: 0
secondary structure restraint added:
chainIndex_1: 0, nuclIndex_1: 53, chainIndex_2: 0, nuclIndex_2: 60
nucl1: 52, chain1: 0, <--->  nucl2: 61, chain2: 0
secondary structure restraint added:
chainIndex_1: 0, nuclIndex_1: 52, chainIndex_2: 0, nuclIndex_2: 61
nucl1: 51, chain1: 0, <--->  nucl2: 62, chain2: 0
secondary structure restraint added:
chainIndex_1: 0, nuclIndex_1: 51, chainIndex_2: 0, nuclIndex_2: 62
nucl1: 50, chain1: 0, <--->  nucl2: 63, chain2: 0
secondary structure restraint added:
chainIndex_1: 0, nuclIndex_1: 50, chainIndex_2: 0, nuclIndex_2: 63
nucl1: 49, chain1: 0, <--->  nucl2: 64, chain2: 0
secondary structure restraint added:
chainIndex_1: 0, nuclIndex_1: 49, chainIndex_2: 0, nuclIndex_2: 64
nucl1: 48, chain1: 0, <--->  nucl2: 67, chain2: 0
secondary structure restraint added:
chainIndex_1: 0, nuclIndex_1: 48, chainIndex_2: 0, nuclIndex_2: 67
nucl1: 47, chain1: 0, <--->  nucl2: 68, chain2: 0
secondary structure restraint added:
chainIndex_1: 0, nuclIndex_1: 47, chainIndex_2: 0, nuclIndex_2: 68
nucl1: 46, chain1: 0, <--->  nucl2: 69, chain2: 0
secondary structure restraint added:
chainIndex_1: 0, nuclIndex_1: 46, chainIndex_2: 0, nuclIndex_2: 69
nucl1: 44, chain1: 0, <--->  nucl2: 70, chain2: 0
secondary structure restraint added:
chainIndex_1: 0, nuclIndex_1: 44, chainIndex_2: 0, nuclIndex_2: 70
nucl1: 43, chain1: 0, <--->  nucl2: 71, chain2: 0
secondary structure restraint added:
chainIndex_1: 0, nuclIndex_1: 43, chainIndex_2: 0, nuclIndex_2: 71
nucl1: 42, chain1: 0, <--->  nucl2: 72, chain2: 0
secondary structure restraint added:
chainIndex_1: 0, nuclIndex_1: 42, chainIndex_2: 0, nuclIndex_2: 72
nucl1: 6, chain1: 0, <--->  nucl2: 76, chain2: 0
secondary structure restraint added:
chainIndex_1: 0, nuclIndex_1: 6, chainIndex_2: 0, nuclIndex_2: 76
nucl1: 5, chain1: 0, <--->  nucl2: 77, chain2: 0
secondary structure restraint added:
chainIndex_1: 0, nuclIndex_1: 5, chainIndex_2: 0, nuclIndex_2: 77
nucl1: 3, chain1: 0, <--->  nucl2: 81, chain2: 0
secondary structure restraint added:
chainIndex_1: 0, nuclIndex_1: 3, chainIndex_2: 0, nuclIndex_2: 81
 end: void RNAStructureWithRestraints::initSecondStrcRestraints(const char* path)
---------SecondStrcRestraint----------
first  atom: chain: A, nucl:   4
second atom: chain: A, nucl:  82
current score: 7.299
--------------------------------------
---------DistanceRestraint, restrsMode: SLOPE --------
first  atom: chain: A, nucl: 5 atom: MB
second atom: chain: A, nucl: 89 atom: MB
desired distance should be from 5.000 to 10.000, weight: 1.000
current distance is: 11.677, current score: 1.677
----------------------------
---------DistanceRestraint, restrsMode: WELL --------
first  atom: chain: A, nucl: 5 atom: MB
second atom: chain: A, nucl: 89 atom: MB
desired distance should be from 5.000 to 10.000, weight: 5.000
current distance is: 11.677, current score: 0.000
----------------------------
---------DistanceRestraint, restrsMode: SLOPE --------
first  atom: chain: A, nucl: 6 atom: MB
second atom: chain: A, nucl: 88 atom: MB
desired distance should be from 5.000 to 10.000, weight: 1.000
current distance is: 6.541, current score: 0.000
----------------------------
---------DistanceRestraint, restrsMode: WELL --------
first  atom: chain: A, nucl: 6 atom: MB
second atom: chain: A, nucl: 88 atom: MB
desired distance should be from 5.000 to 10.000, weight: 5.000
current distance is: 6.541, current score: -5.000
----------------------------
---------SecondStrcRestraint----------
first  atom: chain: A, nucl:   6
second atom: chain: A, nucl:  78
current score: 12.908
--------------------------------------
---------DistanceRestraint, restrsMode: SLOPE --------
first  atom: chain: A, nucl: 7 atom: MB
second atom: chain: A, nucl: 87 atom: MB
desired distance should be from 5.000 to 10.000, weight: 1.000
current distance is: 6.835, current score: 0.000
----------------------------
---------DistanceRestraint, restrsMode: WELL --------
first  atom: chain: A, nucl: 7 atom: MB
second atom: chain: A, nucl: 87 atom: MB
desired distance should be from 5.000 to 10.000, weight: 5.000
current distance is: 6.835, current score: -5.000
----------------------------
---------SecondStrcRestraint----------
first  atom: chain: A, nucl:   7
second atom: chain: A, nucl:  77
current score: 9.582
--------------------------------------
---------DistanceRestraint, restrsMode: SLOPE --------
first  atom: chain: A, nucl: 14 atom: MB
second atom: chain: A, nucl: 39 atom: MB
desired distance should be from 5.000 to 10.000, weight: 1.000
current distance is: 6.601, current score: 0.000
----------------------------
---------DistanceRestraint, restrsMode: WELL --------
first  atom: chain: A, nucl: 14 atom: MB
second atom: chain: A, nucl: 39 atom: MB
desired distance should be from 5.000 to 10.000, weight: 5.000
current distance is: 6.601, current score: -5.000
----------------------------
---------SecondStrcRestraint----------
first  atom: chain: A, nucl:  14
second atom: chain: A, nucl:  39
current score: 0.000
--------------------------------------
---------DistanceRestraint, restrsMode: SLOPE --------
first  atom: chain: A, nucl: 15 atom: MB
second atom: chain: A, nucl: 38 atom: MB
desired distance should be from 5.000 to 10.000, weight: 1.000
current distance is: 6.653, current score: 0.000
----------------------------
---------DistanceRestraint, restrsMode: WELL --------
first  atom: chain: A, nucl: 15 atom: MB
second atom: chain: A, nucl: 38 atom: MB
desired distance should be from 5.000 to 10.000, weight: 5.000
current distance is: 6.653, current score: -5.000
----------------------------
---------SecondStrcRestraint----------
first  atom: chain: A, nucl:  15
second atom: chain: A, nucl:  38
current score: 0.000
--------------------------------------
---------DistanceRestraint, restrsMode: SLOPE --------
first  atom: chain: A, nucl: 17 atom: MB
second atom: chain: A, nucl: 36 atom: MB
desired distance should be from 5.000 to 10.000, weight: 1.000
current distance is: 6.835, current score: 0.000
----------------------------
---------DistanceRestraint, restrsMode: WELL --------
first  atom: chain: A, nucl: 17 atom: MB
second atom: chain: A, nucl: 36 atom: MB
desired distance should be from 5.000 to 10.000, weight: 5.000
current distance is: 6.835, current score: -5.000
----------------------------
---------DistanceRestraint, restrsMode: SLOPE --------
first  atom: chain: A, nucl: 18 atom: MB
second atom: chain: A, nucl: 35 atom: MB
desired distance should be from 5.000 to 10.000, weight: 1.000
current distance is: 6.996, current score: 0.000
----------------------------
---------DistanceRestraint, restrsMode: WELL --------
first  atom: chain: A, nucl: 18 atom: MB
second atom: chain: A, nucl: 35 atom: MB
desired distance should be from 5.000 to 10.000, weight: 5.000
current distance is: 6.996, current score: -5.000
----------------------------
---------DistanceRestraint, restrsMode: SLOPE --------
first  atom: chain: A, nucl: 19 atom: MB
second atom: chain: A, nucl: 34 atom: MB
desired distance should be from 5.000 to 10.000, weight: 1.000
current distance is: 6.599, current score: 0.000
----------------------------
---------DistanceRestraint, restrsMode: WELL --------
first  atom: chain: A, nucl: 19 atom: MB
second atom: chain: A, nucl: 34 atom: MB
desired distance should be from 5.000 to 10.000, weight: 5.000
current distance is: 6.599, current score: -5.000
----------------------------
---------SecondStrcRestraint----------
first  atom: chain: A, nucl:  19
second atom: chain: A, nucl:  34
current score: 0.000
--------------------------------------
---------DistanceRestraint, restrsMode: SLOPE --------
first  atom: chain: A, nucl: 20 atom: MB
second atom: chain: A, nucl: 33 atom: MB
desired distance should be from 5.000 to 10.000, weight: 1.000
current distance is: 6.571, current score: 0.000
----------------------------
---------DistanceRestraint, restrsMode: WELL --------
first  atom: chain: A, nucl: 20 atom: MB
second atom: chain: A, nucl: 33 atom: MB
desired distance should be from 5.000 to 10.000, weight: 5.000
current distance is: 6.571, current score: -5.000
----------------------------
---------SecondStrcRestraint----------
first  atom: chain: A, nucl:  20
second atom: chain: A, nucl:  33
current score: 0.000
--------------------------------------
---------DistanceRestraint, restrsMode: SLOPE --------
first  atom: chain: A, nucl: 21 atom: MB
second atom: chain: A, nucl: 32 atom: MB
desired distance should be from 5.000 to 10.000, weight: 1.000
current distance is: 6.423, current score: 0.000
----------------------------
---------DistanceRestraint, restrsMode: WELL --------
first  atom: chain: A, nucl: 21 atom: MB
second atom: chain: A, nucl: 32 atom: MB
desired distance should be from 5.000 to 10.000, weight: 5.000
current distance is: 6.423, current score: -5.000
----------------------------
---------SecondStrcRestraint----------
first  atom: chain: A, nucl:  21
second atom: chain: A, nucl:  32
current score: 0.000
--------------------------------------
---------DistanceRestraint, restrsMode: SLOPE --------
first  atom: chain: A, nucl: 22 atom: MB
second atom: chain: A, nucl: 31 atom: MB
desired distance should be from 5.000 to 10.000, weight: 1.000
current distance is: 6.706, current score: 0.000
----------------------------
---------DistanceRestraint, restrsMode: WELL --------
first  atom: chain: A, nucl: 22 atom: MB
second atom: chain: A, nucl: 31 atom: MB
desired distance should be from 5.000 to 10.000, weight: 5.000
current distance is: 6.706, current score: -5.000
----------------------------
---------SecondStrcRestraint----------
first  atom: chain: A, nucl:  22
second atom: chain: A, nucl:  31
current score: 0.000
--------------------------------------
---------DistanceRestraint, restrsMode: SLOPE --------
first  atom: chain: A, nucl: 23 atom: MB
second atom: chain: A, nucl: 30 atom: MB
desired distance should be from 5.000 to 10.000, weight: 1.000
current distance is: 6.512, current score: 0.000
----------------------------
---------DistanceRestraint, restrsMode: WELL --------
first  atom: chain: A, nucl: 23 atom: MB
second atom: chain: A, nucl: 30 atom: MB
desired distance should be from 5.000 to 10.000, weight: 5.000
current distance is: 6.512, current score: -5.000
----------------------------
---------SecondStrcRestraint----------
first  atom: chain: A, nucl:  23
second atom: chain: A, nucl:  30
current score: 0.000
--------------------------------------
---------DistanceRestraint, restrsMode: SLOPE --------
first  atom: chain: A, nucl: 24 atom: MB
second atom: chain: A, nucl: 29 atom: MB
desired distance should be from 5.000 to 10.000, weight: 1.000
current distance is: 6.459, current score: 0.000
----------------------------
---------DistanceRestraint, restrsMode: WELL --------
first  atom: chain: A, nucl: 24 atom: MB
second atom: chain: A, nucl: 29 atom: MB
desired distance should be from 5.000 to 10.000, weight: 5.000
current distance is: 6.459, current score: -5.000
----------------------------
---------SecondStrcRestraint----------
first  atom: chain: A, nucl:  24
second atom: chain: A, nucl:  29
current score: 0.000
--------------------------------------
---------DistanceRestraint, restrsMode: SLOPE --------
first  atom: chain: A, nucl: 27 atom: MB
second atom: chain: A, nucl: 54 atom: MB
desired distance should be from 5.000 to 10.000, weight: 1.000
current distance is: 9.065, current score: 0.000
----------------------------
---------DistanceRestraint, restrsMode: WELL --------
first  atom: chain: A, nucl: 27 atom: MB
second atom: chain: A, nucl: 54 atom: MB
desired distance should be from 5.000 to 10.000, weight: 5.000
current distance is: 9.065, current score: -5.000
----------------------------
---------DistanceRestraint, restrsMode: SLOPE --------
first  atom: chain: A, nucl: 43 atom: MB
second atom: chain: A, nucl: 83 atom: MB
desired distance should be from 5.000 to 10.000, weight: 1.000
current distance is: 6.805, current score: 0.000
----------------------------
---------DistanceRestraint, restrsMode: WELL --------
first  atom: chain: A, nucl: 43 atom: MB
second atom: chain: A, nucl: 83 atom: MB
desired distance should be from 5.000 to 10.000, weight: 5.000
current distance is: 6.805, current score: -5.000
----------------------------
---------SecondStrcRestraint----------
first  atom: chain: A, nucl:  43
second atom: chain: A, nucl:  73
current score: 11.895
--------------------------------------
---------DistanceRestraint, restrsMode: SLOPE --------
first  atom: chain: A, nucl: 44 atom: MB
second atom: chain: A, nucl: 82 atom: MB
desired distance should be from 5.000 to 10.000, weight: 1.000
current distance is: 6.466, current score: 0.000
----------------------------
---------DistanceRestraint, restrsMode: WELL --------
first  atom: chain: A, nucl: 44 atom: MB
second atom: chain: A, nucl: 82 atom: MB
desired distance should be from 5.000 to 10.000, weight: 5.000
current distance is: 6.466, current score: -5.000
----------------------------
---------SecondStrcRestraint----------
first  atom: chain: A, nucl:  44
second atom: chain: A, nucl:  72
current score: 11.900
--------------------------------------
---------DistanceRestraint, restrsMode: SLOPE --------
first  atom: chain: A, nucl: 45 atom: MB
second atom: chain: A, nucl: 81 atom: MB
desired distance should be from 5.000 to 10.000, weight: 1.000
current distance is: 6.519, current score: 0.000
----------------------------
---------DistanceRestraint, restrsMode: WELL --------
first  atom: chain: A, nucl: 45 atom: MB
second atom: chain: A, nucl: 81 atom: MB
desired distance should be from 5.000 to 10.000, weight: 5.000
current distance is: 6.519, current score: -5.000
----------------------------
---------SecondStrcRestraint----------
first  atom: chain: A, nucl:  45
second atom: chain: A, nucl:  71
current score: 11.088
--------------------------------------
---------DistanceRestraint, restrsMode: SLOPE --------
first  atom: chain: A, nucl: 47 atom: MB
second atom: chain: A, nucl: 80 atom: MB
desired distance should be from 5.000 to 10.000, weight: 1.000
current distance is: 6.749, current score: 0.000
----------------------------
---------DistanceRestraint, restrsMode: WELL --------
first  atom: chain: A, nucl: 47 atom: MB
second atom: chain: A, nucl: 80 atom: MB
desired distance should be from 5.000 to 10.000, weight: 5.000
current distance is: 6.749, current score: -5.000
----------------------------
---------DistanceRestraint, restrsMode: SLOPE --------
first  atom: chain: A, nucl: 47 atom: MB
second atom: chain: A, nucl: 76 atom: MB
desired distance should be from 5.000 to 10.000, weight: 1.000
current distance is: 7.855, current score: 0.000
----------------------------
---------DistanceRestraint, restrsMode: WELL --------
first  atom: chain: A, nucl: 47 atom: MB
second atom: chain: A, nucl: 76 atom: MB
desired distance should be from 5.000 to 10.000, weight: 5.000
current distance is: 7.855, current score: -5.000
----------------------------
---------SecondStrcRestraint----------
first  atom: chain: A, nucl:  47
second atom: chain: A, nucl:  70
current score: 10.037
--------------------------------------
---------DistanceRestraint, restrsMode: SLOPE --------
first  atom: chain: A, nucl: 48 atom: MB
second atom: chain: A, nucl: 79 atom: MB
desired distance should be from 5.000 to 10.000, weight: 1.000
current distance is: 6.562, current score: 0.000
----------------------------
---------DistanceRestraint, restrsMode: WELL --------
first  atom: chain: A, nucl: 48 atom: MB
second atom: chain: A, nucl: 79 atom: MB
desired distance should be from 5.000 to 10.000, weight: 5.000
current distance is: 6.562, current score: -5.000
----------------------------
---------SecondStrcRestraint----------
first  atom: chain: A, nucl:  48
second atom: chain: A, nucl:  69
current score: 10.294
--------------------------------------
---------DistanceRestraint, restrsMode: SLOPE --------
first  atom: chain: A, nucl: 49 atom: MB
second atom: chain: A, nucl: 78 atom: MB
desired distance should be from 5.000 to 10.000, weight: 1.000
current distance is: 6.452, current score: 0.000
----------------------------
---------DistanceRestraint, restrsMode: WELL --------
first  atom: chain: A, nucl: 49 atom: MB
second atom: chain: A, nucl: 78 atom: MB
desired distance should be from 5.000 to 10.000, weight: 5.000
current distance is: 6.452, current score: -5.000
----------------------------
---------SecondStrcRestraint----------
first  atom: chain: A, nucl:  49
second atom: chain: A, nucl:  68
current score: 6.786
--------------------------------------
---------DistanceRestraint, restrsMode: SLOPE --------
first  atom: chain: A, nucl: 50 atom: MB
second atom: chain: A, nucl: 75 atom: MB
desired distance should be from 5.000 to 10.000, weight: 1.000
current distance is: 6.682, current score: 0.000
----------------------------
---------DistanceRestraint, restrsMode: WELL --------
first  atom: chain: A, nucl: 50 atom: MB
second atom: chain: A, nucl: 75 atom: MB
desired distance should be from 5.000 to 10.000, weight: 5.000
current distance is: 6.682, current score: -5.000
----------------------------
---------SecondStrcRestraint----------
first  atom: chain: A, nucl:  50
second atom: chain: A, nucl:  65
current score: 13.197
--------------------------------------
---------DistanceRestraint, restrsMode: SLOPE --------
first  atom: chain: A, nucl: 51 atom: MB
second atom: chain: A, nucl: 74 atom: MB
desired distance should be from 5.000 to 10.000, weight: 1.000
current distance is: 6.516, current score: 0.000
----------------------------
---------DistanceRestraint, restrsMode: WELL --------
first  atom: chain: A, nucl: 51 atom: MB
second atom: chain: A, nucl: 74 atom: MB
desired distance should be from 5.000 to 10.000, weight: 5.000
current distance is: 6.516, current score: -5.000
----------------------------
---------SecondStrcRestraint----------
first  atom: chain: A, nucl:  51
second atom: chain: A, nucl:  64
current score: 12.666
--------------------------------------
---------SecondStrcRestraint----------
first  atom: chain: A, nucl:  52
second atom: chain: A, nucl:  63
current score: 15.408
--------------------------------------
---------DistanceRestraint, restrsMode: SLOPE --------
first  atom: chain: A, nucl: 53 atom: MB
second atom: chain: A, nucl: 72 atom: MB
desired distance should be from 5.000 to 10.000, weight: 1.000
current distance is: 6.526, current score: 0.000
----------------------------
---------DistanceRestraint, restrsMode: WELL --------
first  atom: chain: A, nucl: 53 atom: MB
second atom: chain: A, nucl: 72 atom: MB
desired distance should be from 5.000 to 10.000, weight: 5.000
current distance is: 6.526, current score: -5.000
----------------------------
---------DistanceRestraint, restrsMode: SLOPE --------
first  atom: chain: A, nucl: 53 atom: MB
second atom: chain: A, nucl: 71 atom: MB
desired distance should be from 5.000 to 10.000, weight: 1.000
current distance is: 8.774, current score: 0.000
----------------------------
---------DistanceRestraint, restrsMode: WELL --------
first  atom: chain: A, nucl: 53 atom: MB
second atom: chain: A, nucl: 71 atom: MB
desired distance should be from 5.000 to 10.000, weight: 5.000
current distance is: 8.774, current score: -5.000
----------------------------
---------SecondStrcRestraint----------
first  atom: chain: A, nucl:  53
second atom: chain: A, nucl:  62
current score: 10.873
--------------------------------------
---------DistanceRestraint, restrsMode: SLOPE --------
first  atom: chain: A, nucl: 54 atom: MB
second atom: chain: A, nucl: 70 atom: MB
desired distance should be from 5.000 to 10.000, weight: 1.000
current distance is: 8.154, current score: 0.000
----------------------------
---------DistanceRestraint, restrsMode: WELL --------
first  atom: chain: A, nucl: 54 atom: MB
second atom: chain: A, nucl: 70 atom: MB
desired distance should be from 5.000 to 10.000, weight: 5.000
current distance is: 8.154, current score: -5.000
----------------------------
---------SecondStrcRestraint----------
first  atom: chain: A, nucl:  54
second atom: chain: A, nucl:  61
current score: 9.796
--------------------------------------
---------DistanceRestraint, restrsMode: SLOPE --------
first  atom: chain: A, nucl: 56 atom: MB
second atom: chain: A, nucl: 70 atom: MB
desired distance should be from 5.000 to 10.000, weight: 1.000
current distance is: 8.168, current score: 0.000
----------------------------
---------DistanceRestraint, restrsMode: WELL --------
first  atom: chain: A, nucl: 56 atom: MB
second atom: chain: A, nucl: 70 atom: MB
desired distance should be from 5.000 to 10.000, weight: 5.000
current distance is: 8.168, current score: -5.000
----------------------------
---------DistanceRestraint, restrsMode: SLOPE --------
first  atom: chain: A, nucl: 57 atom: MB
second atom: chain: A, nucl: 69 atom: MB
desired distance should be from 5.000 to 10.000, weight: 1.000
current distance is: 8.962, current score: 0.000
----------------------------
---------DistanceRestraint, restrsMode: WELL --------
first  atom: chain: A, nucl: 57 atom: MB
second atom: chain: A, nucl: 69 atom: MB
desired distance should be from 5.000 to 10.000, weight: 5.000
current distance is: 8.962, current score: -5.000
----------------------------
---------SecondStrcRestraint----------
first  atom: chain: A, nucl:  57
second atom: chain: A, nucl:  60
current score: 3.191
--------------------------------------
---------SecondStrcRestraint----------
first  atom: chain: A, nucl:  58
second atom: chain: A, nucl:  59
current score: 2.607
--------------------------------------

random seed = 1466610048
number of iterations = 11001
trajectory write in every 1000 iterations
initTemp  = 2.000
finalTemp = 1.000
tempStep = -9.090083e-05
DONE

.calculating
==================================
Write number: 1

Temperature: 2.000000

Total energy of system -1024.837901
where:
	Base-Base interactions energy -624.511
	where:  short stacking energy -257.817 

	Base-Backbone interact. energy   -6.483

	Local geometry energy -420.048020
	where:
		bonds (distance)  C4'-P  energy:  -72.003
		bonds (distance)  P-C4'  energy:  -71.190
		flat angles   C4'-P-C4'  energy:  -61.904
		flat angles    P-C4'-P   energy:  -45.513
		tors. eta vs tors. theta energy: -169.439
	dist. restrs. and SS energy:   26.204
==================================
.    1000 current Temp. =  1.909
==================================
Write number: 2

Temperature: 1.909190

Total energy of system -591.634513
where:
	Base-Base interactions energy -332.956
	where:  short stacking energy -136.340 

	Base-Backbone interact. energy   -0.809

	Local geometry energy -213.029613
	where:
		bonds (distance)  C4'-P  energy:  -24.170
		bonds (distance)  P-C4'  energy:  -19.557
		flat angles   C4'-P-C4'  energy:  -38.058
		flat angles    P-C4'-P   energy:    1.964
		tors. eta vs tors. theta energy: -133.209
	dist. restrs. and SS energy:  -44.840
==================================
.    2000 current Temp. =  1.818
==================================
Write number: 3

Temperature: 1.818289

Total energy of system -621.641727
where:
	Base-Base interactions energy -335.262
	where:  short stacking energy -151.478 

	Base-Backbone interact. energy   -1.773

	Local geometry energy -269.172242
	where:
		bonds (distance)  C4'-P  energy:  -22.162
		bonds (distance)  P-C4'  energy:  -33.184
		flat angles   C4'-P-C4'  energy:  -39.117
		flat angles    P-C4'-P   energy:   -4.938
		tors. eta vs tors. theta energy: -169.771
	dist. restrs. and SS energy:  -15.435
==================================
.    3000 current Temp. =  1.727
==================================
Write number: 4

Temperature: 1.727388

Total energy of system -524.926091
where:
	Base-Base interactions energy -296.562
	where:  short stacking energy -122.389 

	Base-Backbone interact. energy    7.549

	Local geometry energy -200.031052
	where:
		bonds (distance)  C4'-P  energy:  -17.135
		bonds (distance)  P-C4'  energy:  -18.998
		flat angles   C4'-P-C4'  energy:  -34.191
		flat angles    P-C4'-P   energy:    6.475
		tors. eta vs tors. theta energy: -136.182
	dist. restrs. and SS energy:  -35.882
==================================
.    4000 current Temp. =  1.636
==================================
Write number: 5

Temperature: 1.636488

Total energy of system -642.649413
where:
	Base-Base interactions energy -338.690
	where:  short stacking energy -143.053 

	Base-Backbone interact. energy    2.420

	Local geometry energy -265.926561
	where:
		bonds (distance)  C4'-P  energy:  -33.047
		bonds (distance)  P-C4'  energy:  -18.802
		flat angles   C4'-P-C4'  energy:  -24.759
		flat angles    P-C4'-P   energy:  -17.214
		tors. eta vs tors. theta energy: -172.105
	dist. restrs. and SS energy:  -40.453
==================================
.    5000 current Temp. =  1.546
==================================
Write number: 6

Temperature: 1.545587

Total energy of system -704.721964
where:
	Base-Base interactions energy -375.873
	where:  short stacking energy -168.913 

	Base-Backbone interact. energy   -1.939

	Local geometry energy -264.790899
	where:
		bonds (distance)  C4'-P  energy:  -27.007
		bonds (distance)  P-C4'  energy:  -32.400
		flat angles   C4'-P-C4'  energy:  -27.940
		flat angles    P-C4'-P   energy:   -8.072
		tors. eta vs tors. theta energy: -169.372
	dist. restrs. and SS energy:  -62.119
==================================
.    6000 current Temp. =  1.455
==================================
Write number: 7

Temperature: 1.454686

Total energy of system -835.651892
where:
	Base-Base interactions energy -447.570
	where:  short stacking energy -195.840 

	Base-Backbone interact. energy    0.809

	Local geometry energy -331.865377
	where:
		bonds (distance)  C4'-P  energy:  -46.986
		bonds (distance)  P-C4'  energy:  -14.905
		flat angles   C4'-P-C4'  energy:  -51.981
		flat angles    P-C4'-P   energy:  -24.304
		tors. eta vs tors. theta energy: -193.689
	dist. restrs. and SS energy:  -57.026
==================================
.    7000 current Temp. =  1.364
==================================
Write number: 8

Temperature: 1.363785

Total energy of system -800.094813
where:
	Base-Base interactions energy -418.047
	where:  short stacking energy -199.578 

	Base-Backbone interact. energy    1.861

	Local geometry energy -338.195835
	where:
		bonds (distance)  C4'-P  energy:  -39.598
		bonds (distance)  P-C4'  energy:  -42.661
		flat angles   C4'-P-C4'  energy:  -35.607
		flat angles    P-C4'-P   energy:  -19.227
		tors. eta vs tors. theta energy: -201.103
	dist. restrs. and SS energy:  -45.713
==================================
.    8000 current Temp. =  1.273
==================================
Write number: 9

Temperature: 1.272884

Total energy of system -865.298480
where:
	Base-Base interactions energy -471.808
	where:  short stacking energy -216.904 

	Base-Backbone interact. energy   -0.227

	Local geometry energy -341.266613
	where:
		bonds (distance)  C4'-P  energy:  -44.697
		bonds (distance)  P-C4'  energy:  -28.867
		flat angles   C4'-P-C4'  energy:  -48.324
		flat angles    P-C4'-P   energy:  -23.053
		tors. eta vs tors. theta energy: -196.327
	dist. restrs. and SS energy:  -51.997
==================================
.    9000 current Temp. =  1.182
==================================
Write number: 10

Temperature: 1.181983

Total energy of system -930.895375
where:
	Base-Base interactions energy -495.801
	where:  short stacking energy -249.104 

	Base-Backbone interact. energy    0.092

	Local geometry energy -385.304485
	where:
		bonds (distance)  C4'-P  energy:  -34.077
		bonds (distance)  P-C4'  energy:  -50.743
		flat angles   C4'-P-C4'  energy:  -55.420
		flat angles    P-C4'-P   energy:  -30.317
		tors. eta vs tors. theta energy: -214.748
	dist. restrs. and SS energy:  -49.882
==================================
.   10000 current Temp. =  1.091
==================================
Write number: 11

Temperature: 1.091083

Total energy of system -971.650256
where:
	Base-Base interactions energy -537.968
	where:  short stacking energy -256.676 

	Base-Backbone interact. energy   -2.470

	Local geometry energy -383.409584
	where:
		bonds (distance)  C4'-P  energy:  -36.315
		bonds (distance)  P-C4'  energy:  -40.435
		flat angles   C4'-P-C4'  energy:  -50.547
		flat angles    P-C4'-P   energy:  -31.288
		tors. eta vs tors. theta energy: -224.825
	dist. restrs. and SS energy:  -47.803
==================================
.   11000 current Temp. =  1.000
==================================
Write number: 12

Temperature: 1.000182

Total energy of system -1044.183516
where:
	Base-Base interactions energy -568.284
	where:  short stacking energy -266.202 

	Base-Backbone interact. energy   -1.287

	Local geometry energy -427.406692
	where:
		bonds (distance)  C4'-P  energy:  -47.416
		bonds (distance)  P-C4'  energy:  -50.203
		flat angles   C4'-P-C4'  energy:  -61.076
		flat angles    P-C4'-P   energy:  -41.748
		tors. eta vs tors. theta energy: -226.964
	dist. restrs. and SS energy:  -47.205


.writing output

current chain energy: -1049.996918
recalc. chain energy: -1049.996918
---------SecondStrcRestraint----------
first  atom: chain: A, nucl:   4
second atom: chain: A, nucl:  82
current score: 9.270
--------------------------------------
---------DistanceRestraint, restrsMode: SLOPE --------
first  atom: chain: A, nucl: 5 atom: MB
second atom: chain: A, nucl: 89 atom: MB
desired distance should be from 5.000 to 10.000, weight: 1.000
current distance is: 5.880, current score: 0.000
----------------------------
---------DistanceRestraint, restrsMode: WELL --------
first  atom: chain: A, nucl: 5 atom: MB
second atom: chain: A, nucl: 89 atom: MB
desired distance should be from 5.000 to 10.000, weight: 5.000
current distance is: 5.880, current score: -5.000
----------------------------
---------DistanceRestraint, restrsMode: SLOPE --------
first  atom: chain: A, nucl: 6 atom: MB
second atom: chain: A, nucl: 88 atom: MB
desired distance should be from 5.000 to 10.000, weight: 1.000
current distance is: 6.227, current score: 0.000
----------------------------
---------DistanceRestraint, restrsMode: WELL --------
first  atom: chain: A, nucl: 6 atom: MB
second atom: chain: A, nucl: 88 atom: MB
desired distance should be from 5.000 to 10.000, weight: 5.000
current distance is: 6.227, current score: -5.000
----------------------------
---------SecondStrcRestraint----------
first  atom: chain: A, nucl:   6
second atom: chain: A, nucl:  78
current score: 8.299
--------------------------------------
---------DistanceRestraint, restrsMode: SLOPE --------
first  atom: chain: A, nucl: 7 atom: MB
second atom: chain: A, nucl: 87 atom: MB
desired distance should be from 5.000 to 10.000, weight: 1.000
current distance is: 6.528, current score: 0.000
----------------------------
---------DistanceRestraint, restrsMode: WELL --------
first  atom: chain: A, nucl: 7 atom: MB
second atom: chain: A, nucl: 87 atom: MB
desired distance should be from 5.000 to 10.000, weight: 5.000
current distance is: 6.528, current score: -5.000
----------------------------
---------SecondStrcRestraint----------
first  atom: chain: A, nucl:   7
second atom: chain: A, nucl:  77
current score: 10.927
--------------------------------------
---------DistanceRestraint, restrsMode: SLOPE --------
first  atom: chain: A, nucl: 14 atom: MB
second atom: chain: A, nucl: 39 atom: MB
desired distance should be from 5.000 to 10.000, weight: 1.000
current distance is: 6.817, current score: 0.000
----------------------------
---------DistanceRestraint, restrsMode: WELL --------
first  atom: chain: A, nucl: 14 atom: MB
second atom: chain: A, nucl: 39 atom: MB
desired distance should be from 5.000 to 10.000, weight: 5.000
current distance is: 6.817, current score: -5.000
----------------------------
---------SecondStrcRestraint----------
first  atom: chain: A, nucl:  14
second atom: chain: A, nucl:  39
current score: 0.000
--------------------------------------
---------DistanceRestraint, restrsMode: SLOPE --------
first  atom: chain: A, nucl: 15 atom: MB
second atom: chain: A, nucl: 38 atom: MB
desired distance should be from 5.000 to 10.000, weight: 1.000
current distance is: 6.936, current score: 0.000
----------------------------
---------DistanceRestraint, restrsMode: WELL --------
first  atom: chain: A, nucl: 15 atom: MB
second atom: chain: A, nucl: 38 atom: MB
desired distance should be from 5.000 to 10.000, weight: 5.000
current distance is: 6.936, current score: -5.000
----------------------------
---------SecondStrcRestraint----------
first  atom: chain: A, nucl:  15
second atom: chain: A, nucl:  38
current score: 0.030
--------------------------------------
---------DistanceRestraint, restrsMode: SLOPE --------
first  atom: chain: A, nucl: 17 atom: MB
second atom: chain: A, nucl: 36 atom: MB
desired distance should be from 5.000 to 10.000, weight: 1.000
current distance is: 6.874, current score: 0.000
----------------------------
---------DistanceRestraint, restrsMode: WELL --------
first  atom: chain: A, nucl: 17 atom: MB
second atom: chain: A, nucl: 36 atom: MB
desired distance should be from 5.000 to 10.000, weight: 5.000
current distance is: 6.874, current score: -5.000
----------------------------
---------DistanceRestraint, restrsMode: SLOPE --------
first  atom: chain: A, nucl: 18 atom: MB
second atom: chain: A, nucl: 35 atom: MB
desired distance should be from 5.000 to 10.000, weight: 1.000
current distance is: 6.908, current score: 0.000
----------------------------
---------DistanceRestraint, restrsMode: WELL --------
first  atom: chain: A, nucl: 18 atom: MB
second atom: chain: A, nucl: 35 atom: MB
desired distance should be from 5.000 to 10.000, weight: 5.000
current distance is: 6.908, current score: -5.000
----------------------------
---------DistanceRestraint, restrsMode: SLOPE --------
first  atom: chain: A, nucl: 19 atom: MB
second atom: chain: A, nucl: 34 atom: MB
desired distance should be from 5.000 to 10.000, weight: 1.000
current distance is: 6.957, current score: 0.000
----------------------------
---------DistanceRestraint, restrsMode: WELL --------
first  atom: chain: A, nucl: 19 atom: MB
second atom: chain: A, nucl: 34 atom: MB
desired distance should be from 5.000 to 10.000, weight: 5.000
current distance is: 6.957, current score: -5.000
----------------------------
---------SecondStrcRestraint----------
first  atom: chain: A, nucl:  19
second atom: chain: A, nucl:  34
current score: 0.012
--------------------------------------
---------DistanceRestraint, restrsMode: SLOPE --------
first  atom: chain: A, nucl: 20 atom: MB
second atom: chain: A, nucl: 33 atom: MB
desired distance should be from 5.000 to 10.000, weight: 1.000
current distance is: 6.841, current score: 0.000
----------------------------
---------DistanceRestraint, restrsMode: WELL --------
first  atom: chain: A, nucl: 20 atom: MB
second atom: chain: A, nucl: 33 atom: MB
desired distance should be from 5.000 to 10.000, weight: 5.000
current distance is: 6.841, current score: -5.000
----------------------------
---------SecondStrcRestraint----------
first  atom: chain: A, nucl:  20
second atom: chain: A, nucl:  33
current score: 0.000
--------------------------------------
---------DistanceRestraint, restrsMode: SLOPE --------
first  atom: chain: A, nucl: 21 atom: MB
second atom: chain: A, nucl: 32 atom: MB
desired distance should be from 5.000 to 10.000, weight: 1.000
current distance is: 6.147, current score: 0.000
----------------------------
---------DistanceRestraint, restrsMode: WELL --------
first  atom: chain: A, nucl: 21 atom: MB
second atom: chain: A, nucl: 32 atom: MB
desired distance should be from 5.000 to 10.000, weight: 5.000
current distance is: 6.147, current score: -5.000
----------------------------
---------SecondStrcRestraint----------
first  atom: chain: A, nucl:  21
second atom: chain: A, nucl:  32
current score: 0.093
--------------------------------------
---------DistanceRestraint, restrsMode: SLOPE --------
first  atom: chain: A, nucl: 22 atom: MB
second atom: chain: A, nucl: 31 atom: MB
desired distance should be from 5.000 to 10.000, weight: 1.000
current distance is: 6.533, current score: 0.000
----------------------------
---------DistanceRestraint, restrsMode: WELL --------
first  atom: chain: A, nucl: 22 atom: MB
second atom: chain: A, nucl: 31 atom: MB
desired distance should be from 5.000 to 10.000, weight: 5.000
current distance is: 6.533, current score: -5.000
----------------------------
---------SecondStrcRestraint----------
first  atom: chain: A, nucl:  22
second atom: chain: A, nucl:  31
current score: 0.000
--------------------------------------
---------DistanceRestraint, restrsMode: SLOPE --------
first  atom: chain: A, nucl: 23 atom: MB
second atom: chain: A, nucl: 30 atom: MB
desired distance should be from 5.000 to 10.000, weight: 1.000
current distance is: 6.886, current score: 0.000
----------------------------
---------DistanceRestraint, restrsMode: WELL --------
first  atom: chain: A, nucl: 23 atom: MB
second atom: chain: A, nucl: 30 atom: MB
desired distance should be from 5.000 to 10.000, weight: 5.000
current distance is: 6.886, current score: -5.000
----------------------------
---------SecondStrcRestraint----------
first  atom: chain: A, nucl:  23
second atom: chain: A, nucl:  30
current score: 0.003
--------------------------------------
---------DistanceRestraint, restrsMode: SLOPE --------
first  atom: chain: A, nucl: 24 atom: MB
second atom: chain: A, nucl: 29 atom: MB
desired distance should be from 5.000 to 10.000, weight: 1.000
current distance is: 6.477, current score: 0.000
----------------------------
---------DistanceRestraint, restrsMode: WELL --------
first  atom: chain: A, nucl: 24 atom: MB
second atom: chain: A, nucl: 29 atom: MB
desired distance should be from 5.000 to 10.000, weight: 5.000
current distance is: 6.477, current score: -5.000
----------------------------
---------SecondStrcRestraint----------
first  atom: chain: A, nucl:  24
second atom: chain: A, nucl:  29
current score: 0.000
--------------------------------------
---------DistanceRestraint, restrsMode: SLOPE --------
first  atom: chain: A, nucl: 27 atom: MB
second atom: chain: A, nucl: 54 atom: MB
desired distance should be from 5.000 to 10.000, weight: 1.000
current distance is: 9.493, current score: 0.000
----------------------------
---------DistanceRestraint, restrsMode: WELL --------
first  atom: chain: A, nucl: 27 atom: MB
second atom: chain: A, nucl: 54 atom: MB
desired distance should be from 5.000 to 10.000, weight: 5.000
current distance is: 9.493, current score: -5.000
----------------------------
---------DistanceRestraint, restrsMode: SLOPE --------
first  atom: chain: A, nucl: 43 atom: MB
second atom: chain: A, nucl: 83 atom: MB
desired distance should be from 5.000 to 10.000, weight: 1.000
current distance is: 7.345, current score: 0.000
----------------------------
---------DistanceRestraint, restrsMode: WELL --------
first  atom: chain: A, nucl: 43 atom: MB
second atom: chain: A, nucl: 83 atom: MB
desired distance should be from 5.000 to 10.000, weight: 5.000
current distance is: 7.345, current score: -5.000
----------------------------
---------SecondStrcRestraint----------
first  atom: chain: A, nucl:  43
second atom: chain: A, nucl:  73
current score: 8.113
--------------------------------------
---------DistanceRestraint, restrsMode: SLOPE --------
first  atom: chain: A, nucl: 44 atom: MB
second atom: chain: A, nucl: 82 atom: MB
desired distance should be from 5.000 to 10.000, weight: 1.000
current distance is: 6.996, current score: 0.000
----------------------------
---------DistanceRestraint, restrsMode: WELL --------
first  atom: chain: A, nucl: 44 atom: MB
second atom: chain: A, nucl: 82 atom: MB
desired distance should be from 5.000 to 10.000, weight: 5.000
current distance is: 6.996, current score: -5.000
----------------------------
---------SecondStrcRestraint----------
first  atom: chain: A, nucl:  44
second atom: chain: A, nucl:  72
current score: 7.835
--------------------------------------
---------DistanceRestraint, restrsMode: SLOPE --------
first  atom: chain: A, nucl: 45 atom: MB
second atom: chain: A, nucl: 81 atom: MB
desired distance should be from 5.000 to 10.000, weight: 1.000
current distance is: 7.083, current score: 0.000
----------------------------
---------DistanceRestraint, restrsMode: WELL --------
first  atom: chain: A, nucl: 45 atom: MB
second atom: chain: A, nucl: 81 atom: MB
desired distance should be from 5.000 to 10.000, weight: 5.000
current distance is: 7.083, current score: -5.000
----------------------------
---------SecondStrcRestraint----------
first  atom: chain: A, nucl:  45
second atom: chain: A, nucl:  71
current score: 8.040
--------------------------------------
---------DistanceRestraint, restrsMode: SLOPE --------
first  atom: chain: A, nucl: 47 atom: MB
second atom: chain: A, nucl: 80 atom: MB
desired distance should be from 5.000 to 10.000, weight: 1.000
current distance is: 6.105, current score: 0.000
----------------------------
---------DistanceRestraint, restrsMode: WELL --------
first  atom: chain: A, nucl: 47 atom: MB
second atom: chain: A, nucl: 80 atom: MB
desired distance should be from 5.000 to 10.000, weight: 5.000
current distance is: 6.105, current score: -5.000
----------------------------
---------DistanceRestraint, restrsMode: SLOPE --------
first  atom: chain: A, nucl: 47 atom: MB
second atom: chain: A, nucl: 76 atom: MB
desired distance should be from 5.000 to 10.000, weight: 1.000
current distance is: 9.915, current score: 0.000
----------------------------
---------DistanceRestraint, restrsMode: WELL --------
first  atom: chain: A, nucl: 47 atom: MB
second atom: chain: A, nucl: 76 atom: MB
desired distance should be from 5.000 to 10.000, weight: 5.000
current distance is: 9.915, current score: -5.000
----------------------------
---------SecondStrcRestraint----------
first  atom: chain: A, nucl:  47
second atom: chain: A, nucl:  70
current score: 7.786
--------------------------------------
---------DistanceRestraint, restrsMode: SLOPE --------
first  atom: chain: A, nucl: 48 atom: MB
second atom: chain: A, nucl: 79 atom: MB
desired distance should be from 5.000 to 10.000, weight: 1.000
current distance is: 5.868, current score: 0.000
----------------------------
---------DistanceRestraint, restrsMode: WELL --------
first  atom: chain: A, nucl: 48 atom: MB
second atom: chain: A, nucl: 79 atom: MB
desired distance should be from 5.000 to 10.000, weight: 5.000
current distance is: 5.868, current score: -5.000
----------------------------
---------SecondStrcRestraint----------
first  atom: chain: A, nucl:  48
second atom: chain: A, nucl:  69
current score: 9.030
--------------------------------------
---------DistanceRestraint, restrsMode: SLOPE --------
first  atom: chain: A, nucl: 49 atom: MB
second atom: chain: A, nucl: 78 atom: MB
desired distance should be from 5.000 to 10.000, weight: 1.000
current distance is: 6.361, current score: 0.000
----------------------------
---------DistanceRestraint, restrsMode: WELL --------
first  atom: chain: A, nucl: 49 atom: MB
second atom: chain: A, nucl: 78 atom: MB
desired distance should be from 5.000 to 10.000, weight: 5.000
current distance is: 6.361, current score: -5.000
----------------------------
---------SecondStrcRestraint----------
first  atom: chain: A, nucl:  49
second atom: chain: A, nucl:  68
current score: 6.789
--------------------------------------
---------DistanceRestraint, restrsMode: SLOPE --------
first  atom: chain: A, nucl: 50 atom: MB
second atom: chain: A, nucl: 75 atom: MB
desired distance should be from 5.000 to 10.000, weight: 1.000
current distance is: 6.923, current score: 0.000
----------------------------
---------DistanceRestraint, restrsMode: WELL --------
first  atom: chain: A, nucl: 50 atom: MB
second atom: chain: A, nucl: 75 atom: MB
desired distance should be from 5.000 to 10.000, weight: 5.000
current distance is: 6.923, current score: -5.000
----------------------------
---------SecondStrcRestraint----------
first  atom: chain: A, nucl:  50
second atom: chain: A, nucl:  65
current score: 2.748
--------------------------------------
---------DistanceRestraint, restrsMode: SLOPE --------
first  atom: chain: A, nucl: 51 atom: MB
second atom: chain: A, nucl: 74 atom: MB
desired distance should be from 5.000 to 10.000, weight: 1.000
current distance is: 7.129, current score: 0.000
----------------------------
---------DistanceRestraint, restrsMode: WELL --------
first  atom: chain: A, nucl: 51 atom: MB
second atom: chain: A, nucl: 74 atom: MB
desired distance should be from 5.000 to 10.000, weight: 5.000
current distance is: 7.129, current score: -5.000
----------------------------
---------SecondStrcRestraint----------
first  atom: chain: A, nucl:  51
second atom: chain: A, nucl:  64
current score: 2.853
--------------------------------------
---------SecondStrcRestraint----------
first  atom: chain: A, nucl:  52
second atom: chain: A, nucl:  63
current score: 3.540
--------------------------------------
---------DistanceRestraint, restrsMode: SLOPE --------
first  atom: chain: A, nucl: 53 atom: MB
second atom: chain: A, nucl: 72 atom: MB
desired distance should be from 5.000 to 10.000, weight: 1.000
current distance is: 7.399, current score: 0.000
----------------------------
---------DistanceRestraint, restrsMode: WELL --------
first  atom: chain: A, nucl: 53 atom: MB
second atom: chain: A, nucl: 72 atom: MB
desired distance should be from 5.000 to 10.000, weight: 5.000
current distance is: 7.399, current score: -5.000
----------------------------
---------DistanceRestraint, restrsMode: SLOPE --------
first  atom: chain: A, nucl: 53 atom: MB
second atom: chain: A, nucl: 71 atom: MB
desired distance should be from 5.000 to 10.000, weight: 1.000
current distance is: 9.922, current score: 0.000
----------------------------
---------DistanceRestraint, restrsMode: WELL --------
first  atom: chain: A, nucl: 53 atom: MB
second atom: chain: A, nucl: 71 atom: MB
desired distance should be from 5.000 to 10.000, weight: 5.000
current distance is: 9.922, current score: -5.000
----------------------------
---------SecondStrcRestraint----------
first  atom: chain: A, nucl:  53
second atom: chain: A, nucl:  62
current score: 1.773
--------------------------------------
---------DistanceRestraint, restrsMode: SLOPE --------
first  atom: chain: A, nucl: 54 atom: MB
second atom: chain: A, nucl: 70 atom: MB
desired distance should be from 5.000 to 10.000, weight: 1.000
current distance is: 8.318, current score: 0.000
----------------------------
---------DistanceRestraint, restrsMode: WELL --------
first  atom: chain: A, nucl: 54 atom: MB
second atom: chain: A, nucl: 70 atom: MB
desired distance should be from 5.000 to 10.000, weight: 5.000
current distance is: 8.318, current score: -5.000
----------------------------
---------SecondStrcRestraint----------
first  atom: chain: A, nucl:  54
second atom: chain: A, nucl:  61
current score: 1.502
--------------------------------------
---------DistanceRestraint, restrsMode: SLOPE --------
first  atom: chain: A, nucl: 56 atom: MB
second atom: chain: A, nucl: 70 atom: MB
desired distance should be from 5.000 to 10.000, weight: 1.000
current distance is: 7.958, current score: 0.000
----------------------------
---------DistanceRestraint, restrsMode: WELL --------
first  atom: chain: A, nucl: 56 atom: MB
second atom: chain: A, nucl: 70 atom: MB
desired distance should be from 5.000 to 10.000, weight: 5.000
current distance is: 7.958, current score: -5.000
----------------------------
---------DistanceRestraint, restrsMode: SLOPE --------
first  atom: chain: A, nucl: 57 atom: MB
second atom: chain: A, nucl: 69 atom: MB
desired distance should be from 5.000 to 10.000, weight: 1.000
current distance is: 8.404, current score: 0.000
----------------------------
---------DistanceRestraint, restrsMode: WELL --------
first  atom: chain: A, nucl: 57 atom: MB
second atom: chain: A, nucl: 69 atom: MB
desired distance should be from 5.000 to 10.000, weight: 5.000
current distance is: 8.404, current score: -5.000
----------------------------
---------SecondStrcRestraint----------
first  atom: chain: A, nucl:  57
second atom: chain: A, nucl:  60
current score: 1.539
--------------------------------------
---------SecondStrcRestraint----------
first  atom: chain: A, nucl:  58
second atom: chain: A, nucl:  59
current score: 2.679
--------------------------------------
numberOfNucleotides: 92
initial temperature kT: 2.000000
moves confirmed at first:  72899
moves confirmed later: 79079
all moves confirmed: 151978
percent of confirmed moves: 13.814926

 Time of doing 11001 iterations:  20.917 seconds

