 len = 93 cut = 1.000000 gap = 5.000000 inbox = 0
 i = 0 ends[0][i] = 4 ends[1][i] = 8
 i = 1 ends[0][i] = 14 ends[1][i] = 16
 i = 2 ends[0][i] = 19 ends[1][i] = 25
 i = 3 ends[0][i] = 29 ends[1][i] = 35
 i = 4 ends[0][i] = 38 ends[1][i] = 40
 i = 5 ends[0][i] = 43 ends[1][i] = 55
 i = 6 ends[0][i] = 57 ends[1][i] = 66
 i = 7 ends[0][i] = 68 ends[1][i] = 74
 i = 8 ends[0][i] = 77 ends[1][i] = 79
 i = 9 ends[0][i] = 82 ends[1][i] = 83
 n = 24
 id = 5 m = 38 w = 3 am = 35 pm = 41 seg1 = 0 seg2 = 10 segs = 10
     k = 0 ak = 3 pk = 7 a = 7 b = 5 boxsum = 0.000000 ss = 8
     k = 1 ak = 13 pk = 15 a = 7 b = 3 boxsum = 2.000000 ss = 4
  0  0  0
  0  0  0
  0100  0
100  0  0
  0  0  0
  0  0  0
  0  0  0

 bias = -0.703300 pack = 0.000000

     k = 2 ak = 18 pk = 24 a = 7 b = 7 boxsum = 0.000000 ss = 12
     k = 3 ak = 28 pk = 34 a = 7 b = 7 boxsum = 0.000000 ss = 12
     k = 5 ak = 42 pk = 54 a = 7 b = 13 boxsum = 0.000000 ss = 24
     k = 6 ak = 56 pk = 65 a = 7 b = 10 boxsum = 0.000000 ss = 18
     k = 7 ak = 67 pk = 73 a = 7 b = 7 boxsum = 0.000000 ss = 12
     k = 8 ak = 76 pk = 78 a = 7 b = 3 boxsum = 0.000000 ss = 4
     k = 9 ak = 81 pk = 82 a = 7 b = 2 boxsum = 0.000000 ss = 2
 am = 35 pm = 41 maxa = 7 maxb = 3 consum = 0.703300 conmax = 0.703300 condif = 0.140660

 id = 5 m = 39 w = 2 am = 37 pm = 41 seg1 = 0 seg2 = 10 segs = 10
     k = 0 ak = 3 pk = 7 a = 5 b = 5 boxsum = 0.000000 ss = 8
     k = 1 ak = 13 pk = 15 a = 5 b = 3 boxsum = 2.000000 ss = 4
  0100  0
100  0  0
  0  0  0
  0  0  0
  0  0  0

 bias = -0.703335 pack = 0.000000

     k = 2 ak = 18 pk = 24 a = 5 b = 7 boxsum = 0.000000 ss = 12
     k = 3 ak = 28 pk = 34 a = 5 b = 7 boxsum = 0.000000 ss = 12
     k = 5 ak = 42 pk = 54 a = 5 b = 13 boxsum = 0.000000 ss = 24
     k = 6 ak = 56 pk = 65 a = 5 b = 10 boxsum = 0.000000 ss = 18
     k = 7 ak = 67 pk = 73 a = 5 b = 7 boxsum = 0.000000 ss = 12
     k = 8 ak = 76 pk = 78 a = 5 b = 3 boxsum = 0.000000 ss = 4
     k = 9 ak = 81 pk = 82 a = 5 b = 2 boxsum = 0.000000 ss = 2
 am = 37 pm = 41 maxa = 5 maxb = 3 consum = 0.703335 conmax = 0.703335 condif = 0.234445

 id = 5 m = 39 w = 3 am = 36 pm = 42 seg1 = 0 seg2 = 10 segs = 10
     k = 0 ak = 3 pk = 7 a = 7 b = 5 boxsum = 0.000000 ss = 8
     k = 1 ak = 13 pk = 15 a = 7 b = 3 boxsum = 2.000000 ss = 4
  0  0  0
  0100  0
100  0  0
  0  0  0
  0  0  0
  0  0  0
  0  0  0

 bias = -0.703335 pack = 0.000000

     k = 2 ak = 18 pk = 24 a = 7 b = 7 boxsum = 0.000000 ss = 12
     k = 3 ak = 28 pk = 34 a = 7 b = 7 boxsum = 0.000000 ss = 12
     k = 6 ak = 56 pk = 65 a = 7 b = 10 boxsum = 0.000000 ss = 18
     k = 7 ak = 67 pk = 73 a = 7 b = 7 boxsum = 1.000000 ss = 12
  0  0  0  0  0  0  0
  0  0  0  0  0  0  0
  0  0  0  0  0  0  0
  0  0  0  0  0  0  0
  0  0  0  0  0  0  0
  0  0  0  0  0  0  0
  0  0  0  0  0100  0

 bias = 0.000000 pack = 0.000000

     k = 8 ak = 76 pk = 78 a = 7 b = 3 boxsum = 0.000000 ss = 4
     k = 9 ak = 81 pk = 82 a = 7 b = 2 boxsum = 0.000000 ss = 2
 am = 36 pm = 42 maxa = 7 maxb = 3 consum = 0.703335 conmax = 0.703335 condif = 0.140667

 id = 5 m = 40 w = 2 am = 38 pm = 42 seg1 = 0 seg2 = 10 segs = 10
     k = 0 ak = 3 pk = 7 a = 5 b = 5 boxsum = 0.000000 ss = 8
     k = 1 ak = 13 pk = 15 a = 5 b = 3 boxsum = 1.000000 ss = 4
100  0  0
  0  0  0
  0  0  0
  0  0  0
  0  0  0

 bias = 0.000000 pack = 0.000000

     k = 2 ak = 18 pk = 24 a = 5 b = 7 boxsum = 0.000000 ss = 12
     k = 3 ak = 28 pk = 34 a = 5 b = 7 boxsum = 0.000000 ss = 12
     k = 6 ak = 56 pk = 65 a = 5 b = 10 boxsum = 0.000000 ss = 18
     k = 7 ak = 67 pk = 73 a = 5 b = 7 boxsum = 1.000000 ss = 12
  0  0  0  0  0
  0  0  0  0  0
  0  0  0  0  0
  0  0  0  0  0
  0  0  0  0  0
  0  0  0  0100
  0  0  0  0  0

 bias = 0.000000 pack = 0.000000

     k = 8 ak = 76 pk = 78 a = 5 b = 3 boxsum = 0.000000 ss = 4
     k = 9 ak = 81 pk = 82 a = 5 b = 2 boxsum = 0.000000 ss = 2
 am = 38 pm = 42 maxa = -1 maxb = -1 consum = 0.000000 conmax = 0.000000 condif = 0.000000

  1 |        0  0  0  0  0  0  0  0  0  0  0  0  0  0  0  0  0  0  0
  2 |        0  0  0  0  0  0  0  0  0  0  0  0  0  0  0  0  0  0  0
  3 |        0  0  0  0  0  0  0  0  0  0  0  0  0  0  0  0  0  0  0
  4 |        0  0  0  0  0  0  0  0  0  0  0  0  0  0  0  0  0  0  0
  5 | 78  1  0  0  0  0  0  0  0  0  0  0  0  0  0  0  0  0  0  0  0
  6 | 78  1  0  0  0  0 -4  0  0  0  0  0  0  0  0  0  0  0  0  0  0
  7 | 78  1  0  0  0  0 -4 -7  0  0  0  0  0  0  0  0  0  0  0  0  0
  8 | 78  1  0  0  0  0 -4 -7 -9  0  0  0  0  0  0  0  0  0  0  0  0
  9 |        0  0  0  0 -4 -8 -9-11  0  0  0  0  0  0  0  0  0  0  0
 10 |        0  0  0  0 -6 -8 -9-11-12  0  0  0  0  0  0  0  0  0  0
 11 |        0  0  0 -1 -6 -8 -9-11-12-13  0  0  0  0  0  0  0  0  0
 12 |        0  0  0 -1 -6 -8 -9-11-12-13-14  0  0  0  0  0  0  0  0
 13 |        0  0  0  0 -6 -8 -9-11-12-13-14-15  0  0  0  0  0  0  0
 14 |        0  0  0  0 -4 -8 -9-11-12-13-14-15-16  0  0  0  0  0  0
 15 | 38  2  0  0  0  0 -6 -8 -9-11-12-13-14-15-16-16  0  0  0  0  0
 16 | 38  2  0  0  0 -1 -6 -8 -9-11-12-13-14-15-16-16-17  0  0  0  0
 17 |        0  0 -1 -1 -6 -8 -9-11-12-13-14-15-16-16-17-18  0  0  0
 18 |        0 -1 -1 -1 -6 -8 -9-11-12-13-14-15-16-16-17-18-19  0  0
 19 |        0  0 -1 -1 -6 -8 -9-11-12-13-14-15-16-16-17-18-19-19  0
 20 | 30  3  0  0  1 -1 -6 -8 -9-11-12-13-14-15-16-16-17-18-19-19-20
 21 | 30  3  0  0  2  0 -6 -8 -9-11-12-13-14-15-16-16-17-18-19-19-20
 22 | 30  3  0  0  2  0 -4 -8 -9-11-12-13-14-15-16-16-17-18-19-19-20
 23 | 30  3  0  0  1  0 -4 -7 -9-11-12-13-14-15-16-16-17-18-19-19-20
 24 | 30  3  0  0  1  0 -5 -8 -9-11-12-13-14-15-16-16-17-18-19-19-20
 25 | 30  3  0  0  1  0 -6 -8 -9-11-12-13-14-15-16-16-17-18-19-19-20
 26 |        0  0  0 -1 -6 -8 -9-11-12-13-14-15-16-16-17-18-19-19-20
 27 |        0  0 -1 -1 -6 -8 -9-11-12-13-14-15-16-16-17-18-19-19-20
 28 |        0  0 -1 -1 -6 -8 -9-11-12-13-14-15-16-16-17-18-19-19-20
 29 |        0  0  1 -1 -6 -8 -9-11-12-13-14-15-16-16-17-18-19-19-20
 30 | 20  4  0  0  1  0 -6 -8 -9-11-12-13-14-15-16-16-17-18-19-19-20
 31 | 20  4  0  0  2  0 -4 -8 -9-11-12-13-14-15-16-16-17-18-19-19-20
 32 | 20  4  0  0  2  0 -4 -6 -9-11-12-13-14-15-16-16-17-18-19-19-20
 33 | 20  4  0  0  1  0 -4 -8 -9-11-12-13-14-15-16-16-17-18-19-19-20
 34 | 20  4  0  0  1  0 -6 -8 -9-11-12-13-14-15-16-16-17-18-19-19-20
 35 | 20  4  0  0  1 -1 -6 -8 -9-11-12-13-14-15-16-16-17-18-19-19-20
 36 |        0  0 -1 -1 -6 -8 -9-11-12-13-14-15-16-16-17-18-19-19-20
 37 |        0 -1 -1 -1 -6 -8 -9-11-12-13-14-15-16-16-17-18-19-19-20
 38 |        0  0 -1 -1 -6 -8 -9-11-12-13-14-15-16-16-17-18-19-19-20
 39 | 14  5  0  0  0 -1 -6 -8 -9-11-12-13-14-15-16-16-17-18-19-19-20
 40 | 14  5  0  0  0 -1 -6 -8 -9-11-12-13-14-15-16-16-17-18-19-19-20
 41 |        0  0 -1 -1 -6 -8 -9-11-12-13-14-15-16-16-17-18-19-19-20
 42 |        0 -1 -1 -1 -6 -8 -9-11-12-13-14-15-16-16-17-18-19-19-20
 43 |        0  0 -1 -1 -6 -8 -9-11-12-13-14-15-16-16-17-18-19-19-20
 44 | 62  6  0  0  1 -1 -6 -8 -9-11-12-13-14-15-16-16-17-18-19-19-20
 45 | 62  6  0  0  1  0 -6 -8 -9-11-12-13-14-15-16-16-17-18-19-19-20
 46 | 62  6  0  0  1  0 -4 -8 -9-11-12-13-14-15-16-16-17-18-19-19-20
 47 | 62  6  0  0  1  0 -4 -7 -9-11-12-13-14-15-16-16-17-18-19-19-20
 48 | 62  6  0  0  0  0 -4 -7 -8-11-12-13-14-15-16-16-17-18-19-19-20
 49 | 62  6  0  0  0  0 -4 -7 -8 -9-12-13-14-15-16-16-17-18-19-19-20
 50 | 62  6  0  0  0  0 -4 -7 -8-11-12-13-14-15-16-16-17-18-19-19-20
 51 | 62  6  0  0  0  0 -4 -6 -9-11-12-13-14-15-16-16-17-18-19-19-20
 52 | 62  6  0  0  0  0 -4 -8 -9-11-12-13-14-15-16-16-17-18-19-19-20
 53 | 62  6  0  0  0  0 -6 -8 -9-11-12-13-14-15-16-16-17-18-19-19-20
 54 | 62  6  0  0  0 -1 -6 -8 -9-11-12-13-14-15-16-16-17-18-19-19-20
 55 | 62  6  0  0 -1 -1 -6 -8 -9-11-12-13-14-15-16-16-17-18-19-19-20
 56 |        0 -1 -1 -1 -6 -8 -9-11-12-13-14-15-16-16-17-18-19-19-20
 57 |        0 -1 -1 -1 -6 -8 -9-11-12-13-14-15-16-16-17-18-19-19-20
 58 | 51  7  0  0 -1 -1 -6 -8 -9-11-12-13-14-15-16-16-17-18-19-19-20
 59 | 51  7  0  0  0 -1 -6 -8 -9-11-12-13-14-15-16-16-17-18-19-19-20
 60 | 51  7  0  0  0  0 -6 -8 -9-11-12-13-14-15-16-16-17-18-19-19-20
 61 | 51  7  0  0  0  0 -4 -8 -9-11-12-13-14-15-16-16-17-18-19-19-20
 62 | 51  7  0  0  0  0 -4 -5 -9-11-12-13-14-15-16-16-17-18-19-19-20
 63 | 51  7  0  0  0  0 -4 -8 -9-11-12-13-14-15-16-16-17-18-19-19-20
 64 | 51  7  0  0  0  0 -6 -8 -9-11-12-13-14-15-16-16-17-18-19-19-20
 65 | 51  7  0  0  0 -1 -6 -8 -9-11-12-13-14-15-16-16-17-18-19-19-20
 66 | 51  7  0  0 -1 -1 -6 -8 -9-11-12-13-14-15-16-16-17-18-19-19-20
 67 |        0 -1 -1 -1 -6 -8 -9-11-12-13-14-15-16-16-17-18-19-19-20
 68 |        0 -1 -1 -1 -6 -8 -9-11-12-13-14-15-16-16-17-18-19-19-20
 69 | 44  8  0  0 -1 -1 -6 -8 -9-11-12-13-14-15-16-16-17-18-19-19-20
 70 | 44  8  0  0  0 -1 -6 -8 -9-11-12-13-14-15-16-16-17-18-19-19-20
 71 | 44  8  0  0  0  0 -6 -8 -9-11-12-13-14-15-16-16-17-18-19-19-20
 72 | 44  8  0  0  0  0 -4 -8 -9-11-12-13-14-15-16-16-17-18-19-19-20
 73 | 44  8  0  0  0  0 -6 -8 -9-11-12-13-14-15-16-16-17-18-19-19-20
 74 | 44  8  0  0  0 -1 -6 -8 -9-11-12-13-14-15-16-16-17-18-19-19-20
 75 |        0  0 -1 -1 -6 -8 -9-11-12-13-14-15-16-16-17-18-19-19  0
 76 |        0 -1 -1 -1 -6 -8 -9-11-12-13-14-15-16-16-17-18-19  0  0
 77 |        0  0 -1 -1 -6 -8 -9-11-12-13-14-15-16-16-17-18  0  0  0
 78 |  6  9  0  0  0 -1 -6 -8 -9-11-12-13-14-15-16-16-17  0  0  0  0
 79 |  6  9  0  0  0 -1 -6 -8 -9-11-12-13-14-15-16-16  0  0  0  0  0
 80 |        0  0 -1 -1 -6 -8 -9-11-12-13-14-15-16  0  0  0  0  0  0
 81 |        0 -1 -1 -1 -6 -8 -9-11-12-13-14-15  0  0  0  0  0  0  0
 82 |        0  0 -1 -1 -6 -8 -9-11-12-13-14  0  0  0  0  0  0  0  0
 83 |  4 10  0  0  0 -1 -6 -8 -9-11-12-13  0  0  0  0  0  0  0  0  0
 84 |        0  0  0  0 -6 -8 -9-11-12  0  0  0  0  0  0  0  0  0  0
 85 |        0  0  0  0 -5 -8 -9-11  0  0  0  0  0  0  0  0  0  0  0
 86 |        0  0  0  0 -5 -7 -9  0  0  0  0  0  0  0  0  0  0  0  0
 87 |        0  0  0  0 -5 -7  0  0  0  0  0  0  0  0  0  0  0  0  0
 88 |        0  0  0  0 -5  0  0  0  0  0  0  0  0  0  0  0  0  0  0
 89 |        0  0  0  0  0  0  0  0  0  0  0  0  0  0  0  0  0  0  0
 90 |        0  0  0  0  0  0  0  0  0  0  0  0  0  0  0  0  0  0  0
 91 |        0  0  0  0  0  0  0  0  0  0  0  0  0  0  0  0  0  0  0
 92 |        0  0  0  0  0  0  0  0  0  0  0  0  0  0  0  0  0  0  0
 93 |        0  0  0  0  0  0  0  0  0  0  0  0  0  0  0  0  0  0  0


  1 |                                                                                  
  2 |                                                                                  
  3 |                                                                                  
  4 |                 0                                                                
  5 | 78  1       0   0   1                                                            
  6 | 78  1       0   0   1                                                            
  7 | 78  1       0   0   1                                                            
  8 | 78  1       0   0   1                                                            
  9 |                 0   0                                                            
 10 |                     0                                                            
 11 |                                                                                  
 12 |                 0                                                                
 13 |             0   0   1                                                            
 14 |             0   0   1                                                            
 15 | 38  2       0   0   1                                                            
 16 | 38  2       0   0                                                                
 17 |                                                                                  
 18 |                                                                                  
 19 |             0                                                                    
 20 | 30  3       0   3   3                                                            
 21 | 30  3       0   4  10   4                                                        
 22 | 30  3       0   4  10  11                                                        
 23 | 30  3       0   3   9  10                                                        
 24 | 30  3       0   2   7   6                                                        
 25 | 30  3       0   1   3                                                            
 26 |                 0   0                                                            
 27 |                                                                                  
 28 |             0                                                                    
 29 |             0   2   3                                                            
 30 | 20  4       0   3   9   5                                                        
 31 | 20  4       0   4  10  11                                                        
 32 | 20  4       0   4  10  11   0                                                    
 33 | 20  4       0   3   9  10                                                        
 34 | 20  4       0   2   7   2                                                        
 35 | 20  4       0   1   0                                                            
 36 |                                                                                  
 37 |                                                                                  
 38 |             0                                                                    
 39 | 14  5       0   0                                                                
 40 | 14  5       0   0                                                                
 41 |                                                                                  
 42 |                                                                                  
 43 |             0                                                                    
 44 | 62  6       0   2   1                                                            
 45 | 62  6       0   2   6   0                                                        
 46 | 62  6       0   2   7   4                                                        
 47 | 62  6       0   2   5   2                                                        
 48 | 62  6       0   0   2   0                                                        
 49 | 62  6       0   0   1                                                            
 50 | 62  6       0   0   1                                                            
 51 | 62  6       0   0   1                                                            
 52 | 62  6       0   1   2                                                            
 53 | 62  6       0   1   2                                                            
 54 | 62  6       0   0                                                                
 55 | 62  6                                                                            
 56 |                                                                                  
 57 |                                                                                  
 58 | 51  7                                                                            
 59 | 51  7           0                                                                
 60 | 51  7       0   0   0                                                            
 61 | 51  7       0   0   1                                                            
 62 | 51  7       0   0   1                                                            
 63 | 51  7       0   0   1                                                            
 64 | 51  7       0   0   1                                                            
 65 | 51  7       0   0                                                                
 66 | 51  7       0                                                                    
 67 |                                                                                  
 68 |                                                                                  
 69 | 44  8       0                                                                    
 70 | 44  8       0   0                                                                
 71 | 44  8       0   0   1                                                            
 72 | 44  8       0   0   1                                                            
 73 | 44  8       0   0   1                                                            
 74 | 44  8       0   0                                                                
 75 |                                                                                  
 76 |                                                                                  
 77 |             0                                                                    
 78 |  6  9       0   2   0                                                            
 79 |  6  9       0   2   0                                                            
 80 |             0                                                                    
 81 |                                                                                  
 82 |                                                                                  
 83 |  4 10                                                                            
 84 |                                                                                  
 85 |                                                                                  
 86 |                                                                                  
 87 |                                                                                  
 88 |                                                                                  
 89 |                                                                                  
 90 |                                                                                  
 91 |                                                                                  
 92 |                                                                                  
 93 |                                                                                  


 i = 78 j = 3 sum[i][j] = 38.256615
 i = 70 j = 4 sum[i][j] = 35.673920
 i = 61 j = 4 sum[i][j] = 33.893780
 i = 52 j = 3 sum[i][j] = 32.540848
 i = 44 j = 4 sum[i][j] = 31.252972
 i = 31 j = 5 sum[i][j] = 24.362675
 i = 21 j = 4 sum[i][j] = 12.692579
 i = 13 j = 3 sum[i][j] = 2.304322
 i = 5 j = 4 sum[i][j] = 1.460296

   2-10   11-17   18-26   27-37   41-49   50-56   58-66   67-75   76-82 tops = 38.256615
 i = 0 s = 38.256615


	2-10	 m = 5 w = 4
	11-17	 m = 13 w = 3
	18-26	 m = 21 w = 4
	27-37	 m = 31 w = 5
	41-49	 m = 44 w = 4
	50-56	 m = 52 w = 3
	58-66	 m = 61 w = 4
	67-75	 m = 70 w = 4
	76-82	 m = 78 w = 3
