using 18 pairs and 10 models


move = 0
Running with 18 true pairs
Running with 18 pred pairs
Running with 18 grem pairs
Unsmoothed
  5.612
  4.823
  5.608
Smoothed1x
  5.119
  4.326
  5.199
Smoothed2x
  4.891
  4.126
  4.998

move = 2
Running with 18 true pairs
Running with 18 pred pairs
Running with 18 grem pairs
Unsmoothed
  6.914
  6.030
  6.581
Smoothed1x
  6.426
  5.558
  6.140
Smoothed2x
  6.181
  5.343
  5.912

move = 4
Running with 18 true pairs
Running with 18 pred pairs
Running with 18 grem pairs
Unsmoothed
  8.116
  7.469
  6.636
Smoothed1x
  7.563
  6.926
  6.155
Smoothed2x
  7.262
  6.658
  5.924

move = 6
Running with 18 true pairs
Running with 18 pred pairs
Running with 18 grem pairs
Unsmoothed
  8.991
  7.986
  8.996
Smoothed1x
  8.357
  7.385
  8.448
Smoothed2x
  7.998
  7.074
  8.144

move = 8
Running with 18 true pairs
Running with 18 pred pairs
Running with 18 grem pairs
Unsmoothed
 10.324
 10.705
 10.713
Smoothed1x
  9.672
 10.096
 10.127
Smoothed2x
  9.253
  9.713
  9.755

move = 10
Running with 18 true pairs
Running with 18 pred pairs
Running with 18 grem pairs
Unsmoothed
 13.571
 16.173
 15.815
Smoothed1x
 12.913
 15.445
 15.104
Smoothed2x
 12.483
 14.936
 14.606
