 len = 94 cut = 1.000000 gap = 5.000000 inbox = 0
 i = 0 ends[0][i] = 1 ends[1][i] = 9
 i = 1 ends[0][i] = 12 ends[1][i] = 18
 i = 2 ends[0][i] = 20 ends[1][i] = 24
 i = 3 ends[0][i] = 28 ends[1][i] = 32
 i = 4 ends[0][i] = 36 ends[1][i] = 41
 i = 5 ends[0][i] = 42 ends[1][i] = 50
 i = 6 ends[0][i] = 53 ends[1][i] = 61
 i = 7 ends[0][i] = 63 ends[1][i] = 65
 i = 8 ends[0][i] = 68 ends[1][i] = 74
 i = 9 ends[0][i] = 77 ends[1][i] = 83
 i = 10 ends[0][i] = 86 ends[1][i] = 93
 n = 27
 id = 5 m = 37 w = 4 am = 33 pm = 41 seg1 = 0 seg2 = 11 segs = 11
     k = 0 ak = 0 pk = 8 a = 9 b = 9 boxsum = 0.000000 ss = 40
     k = 1 ak = 11 pk = 17 a = 9 b = 7 boxsum = 4.000000 ss = 30
  0  0  0  0  0  0  0
  0  0  0  0  0  0  0
  0  0  0  0  0  0  0
  0  0  0  0  0  0  0
  0  0  0  0  0100  0
  0  0  0  0100  0  0
  0  0  0100  0  0  0
  0100  0  0  0  0  0
  0  0  0  0  0  0  0

 bias = -1.166007 pack = 0.000000

     k = 2 ak = 19 pk = 23 a = 9 b = 5 boxsum = 0.000000 ss = 20
     k = 3 ak = 27 pk = 31 a = 9 b = 5 boxsum = 0.000000 ss = 20
     k = 6 ak = 52 pk = 60 a = 9 b = 9 boxsum = 1.000000 ss = 40
  0  0  0  0  0  0  0  0  0
  0  0  0  0  0  0  0  0  0
  0  0  0  0  0  0  0  0  0
  0  0  0  0  0  0  0  0  0
  0  0  0  0  0  0  0  0  0
  0  0  0  0  0  0  0  0  0
  0  0  0  0  0  0  0  0  0
  0  0  0  0  0  0  0  0  0
  0  0  0  0  0  0  0100  0

 bias = 0.000000 pack = 0.000000

     k = 7 ak = 62 pk = 64 a = 9 b = 3 boxsum = 0.000000 ss = 10
     k = 8 ak = 67 pk = 73 a = 9 b = 7 boxsum = 0.000000 ss = 30
     k = 9 ak = 76 pk = 82 a = 9 b = 7 boxsum = 0.000000 ss = 30
     k = 10 ak = 85 pk = 92 a = 9 b = 8 boxsum = 0.000000 ss = 35
 am = 33 pm = 41 maxa = 9 maxb = 7 consum = 1.166007 conmax = 1.166007 condif = 0.388669

 id = 5 m = 38 w = 3 am = 35 pm = 41 seg1 = 0 seg2 = 11 segs = 11
     k = 0 ak = 0 pk = 8 a = 7 b = 9 boxsum = 0.000000 ss = 40
     k = 1 ak = 11 pk = 17 a = 7 b = 7 boxsum = 4.000000 ss = 30
  0  0  0  0  0  0  0
  0  0  0  0  0  0  0
  0  0  0  0  0100  0
  0  0  0  0100  0  0
  0  0  0100  0  0  0
  0100  0  0  0  0  0
  0  0  0  0  0  0  0

 bias = -1.165502 pack = 0.000000

     k = 2 ak = 19 pk = 23 a = 7 b = 5 boxsum = 0.000000 ss = 20
     k = 3 ak = 27 pk = 31 a = 7 b = 5 boxsum = 0.000000 ss = 20
     k = 6 ak = 52 pk = 60 a = 7 b = 9 boxsum = 1.000000 ss = 40
  0  0  0  0  0  0  0
  0  0  0  0  0  0  0
  0  0  0  0  0  0  0
  0  0  0  0  0  0  0
  0  0  0  0  0  0  0
  0  0  0  0  0  0  0
  0  0  0  0  0  0  0
  0  0  0  0  0  0100
  0  0  0  0  0  0  0

 bias = 0.000000 pack = 0.000000

     k = 7 ak = 62 pk = 64 a = 7 b = 3 boxsum = 0.000000 ss = 10
     k = 8 ak = 67 pk = 73 a = 7 b = 7 boxsum = 0.000000 ss = 30
     k = 9 ak = 76 pk = 82 a = 7 b = 7 boxsum = 0.000000 ss = 30
     k = 10 ak = 85 pk = 92 a = 7 b = 8 boxsum = 0.000000 ss = 35
 am = 35 pm = 41 maxa = 7 maxb = 7 consum = 1.165502 conmax = 1.165502 condif = 1.165502

 id = 5 m = 39 w = 2 am = 37 pm = 41 seg1 = 0 seg2 = 11 segs = 11
     k = 0 ak = 0 pk = 8 a = 5 b = 9 boxsum = 0.000000 ss = 32
     k = 1 ak = 11 pk = 17 a = 5 b = 7 boxsum = 4.000000 ss = 24
  0  0  0  0  0
  0  0  0100  0
  0  0  0  0  0
  0  0100  0  0
  0100  0  0  0
100  0  0  0  0
  0  0  0  0  0

 bias = -1.165516 pack = 0.000000

     k = 2 ak = 19 pk = 23 a = 5 b = 5 boxsum = 0.000000 ss = 16
     k = 3 ak = 27 pk = 31 a = 5 b = 5 boxsum = 0.000000 ss = 16
     k = 6 ak = 52 pk = 60 a = 5 b = 9 boxsum = 1.000000 ss = 32
  0  0  0  0  0
  0  0  0  0  0
  0  0  0  0  0
  0  0  0  0  0
  0  0  0  0  0
  0  0  0  0  0
  0  0  0  0  0
  0  0  0  0100
  0  0  0  0  0

 bias = 0.000000 pack = 0.000000

     k = 7 ak = 62 pk = 64 a = 5 b = 3 boxsum = 0.000000 ss = 8
     k = 8 ak = 67 pk = 73 a = 5 b = 7 boxsum = 0.000000 ss = 24
     k = 9 ak = 76 pk = 82 a = 5 b = 7 boxsum = 0.000000 ss = 24
     k = 10 ak = 85 pk = 92 a = 5 b = 8 boxsum = 0.000000 ss = 28
 am = 37 pm = 41 maxa = 5 maxb = 7 consum = 1.165516 conmax = 1.165516 condif = 0.388505

  1 |        0  0  0  0  0  0  0  0  0  0  0  0  0  0  0  0  0  0  0
  2 | 87  1  0  0  0  0  0  0  0  0  0  0  0  0  0  0  0  0  0  0  0
  3 | 87  1  0  0  0  0  0  0  0  0  0  0  0  0  0  0  0  0  0  0  0
  4 | 87  1  0  0  1  0  0  0  0  0  0  0  0  0  0  0  0  0  0  0  0
  5 | 87  1  0  0  1  1  0  0  0  0  0  0  0  0  0  0  0  0  0  0  0
  6 | 87  1  0  0  1  1 -4  0  0  0  0  0  0  0  0  0  0  0  0  0  0
  7 | 87  1  0  0  0  1 -4 -8  0  0  0  0  0  0  0  0  0  0  0  0  0
  8 | 87  1  0  0  0  0 -6 -8 -9  0  0  0  0  0  0  0  0  0  0  0  0
  9 | 87  1  0  0  0 -1 -6 -8 -9-11  0  0  0  0  0  0  0  0  0  0  0
 10 |        0  0 -1 -1 -6 -8 -9-11-12  0  0  0  0  0  0  0  0  0  0
 11 |        0 -1 -1 -1 -6 -8 -9-11-12-13  0  0  0  0  0  0  0  0  0
 12 |        0  0 -1 -1 -6 -8 -9-11-12-13-14  0  0  0  0  0  0  0  0
 13 | 39  2  0  0  0 -1 -6 -8 -9-11-12-13-14-15  0  0  0  0  0  0  0
 14 | 39  2  0  0  0  0 -6 -8 -9-11-12-13-14-15-16  0  0  0  0  0  0
 15 | 39  2  0  0  0  0 -4 -8 -9-11-12-13-14-15-16-16  0  0  0  0  0
 16 | 39  2  0  0  0  0 -6 -8 -9-11-12-13-14-15-16-16-17  0  0  0  0
 17 | 39  2  0  0  0 -1 -6 -8 -9-11-12-13-14-15-16-16-17-18  0  0  0
 18 | 39  2  0  0 -1 -1 -6 -8 -9-11-12-13-14-15-16-16-17-18-19  0  0
 19 |        0 -1 -1 -1 -6 -8 -9-11-12-13-14-15-16-16-17-18-19-19  0
 20 |        0 -1 -1 -1 -6 -8 -9-11-12-13-14-15-16-16-17-18-19-19-20
 21 | 30  3  0  1 -1 -1 -6 -8 -9-11-12-13-14-15-16-16-17-18-19-19-20
 22 | 30  3  0  1  0 -1 -6 -8 -9-11-12-13-14-15-16-16-17-18-19-19-20
 23 | 30  3  0  1  0  0 -6 -8 -9-11-12-13-14-15-16-16-17-18-19-19-20
 24 | 30  3  0  0  0  0 -6 -8 -9-11-12-13-14-15-16-16-17-18-19-19-20
 25 |        0  0  0 -1 -6 -8 -9-11-12-13-14-15-16-16-17-18-19-19-20
 26 |        0  0 -1 -1 -6 -8 -9-11-12-13-14-15-16-16-17-18-19-19-20
 27 |        0  0 -1 -1 -6 -8 -9-11-12-13-14-15-16-16-17-18-19-19-20
 28 |        0  0  0 -1 -6 -8 -9-11-12-13-14-15-16-16-17-18-19-19-20
 29 | 22  4  0  1  0  0 -6 -8 -9-11-12-13-14-15-16-16-17-18-19-19-20
 30 | 22  4  0  1  0  0 -4 -8 -9-11-12-13-14-15-16-16-17-18-19-19-20
 31 | 22  4  0  1  0  0 -4 -8 -9-11-12-13-14-15-16-16-17-18-19-19-20
 32 | 22  4  0  0  0  0 -6 -8 -9-11-12-13-14-15-16-16-17-18-19-19-20
 33 |        0  0  0 -1 -6 -8 -9-11-12-13-14-15-16-16-17-18-19-19-20
 34 |        0  0 -1 -1 -6 -8 -9-11-12-13-14-15-16-16-17-18-19-19-20
 35 |        0  0 -1 -1 -6 -8 -9-11-12-13-14-15-16-16-17-18-19-19-20
 36 |        0  0  0 -1 -6 -8 -9-11-12-13-14-15-16-16-17-18-19-19-20
 37 | 17  5  0  0  1  0 -6 -8 -9-11-12-13-14-15-16-16-17-18-19-19-20
 38 | 17  5  0  0  1  0 -6 -8 -9-11-12-13-14-15-16-16-17-18-19-19-20
 39 | 17  5  0  0  1 -1 -6 -8 -9-11-12-13-14-15-16-16-17-18-19-19-20
 40 | 17  5  0  0 -1 -1 -6 -8 -9-11-12-13-14-15-16-16-17-18-19-19-20
 41 | 17  5  0 -1 -1 -1 -6 -8 -9-11-12-13-14-15-16-16-17-18-19-19-20
 42 |        0 -1 -1 -1 -6 -8 -9-11-12-13-14-15-16-16-17-18-19-19-20
 43 | 55  6  0 -1 -1 -1 -6 -8 -9-11-12-13-14-15-16-16-17-18-19-19-20
 44 | 55  6  0  0 -1 -1 -6 -8 -9-11-12-13-14-15-16-16-17-18-19-19-20
 45 | 55  6  0  0  0 -1 -6 -8 -9-11-12-13-14-15-16-16-17-18-19-19-20
 46 | 55  6  0  0  0  2 -6 -8 -9-11-12-13-14-15-16-16-17-18-19-19-20
 47 | 55  6  0  0  0  1 -4 -8 -9-11-12-13-14-15-16-16-17-18-19-19-20
 48 | 55  6  0  0  0  1 -5 -8 -9-11-12-13-14-15-16-16-17-18-19-19-20
 49 | 55  6  0  0  0  0 -6 -8 -9-11-12-13-14-15-16-16-17-18-19-19-20
 50 | 55  6  0  0  0 -1 -6 -8 -9-11-12-13-14-15-16-16-17-18-19-19-20
 51 |        0  0 -1 -1 -6 -8 -9-11-12-13-14-15-16-16-17-18-19-19-20
 52 |        0 -1 -1 -1 -6 -8 -9-11-12-13-14-15-16-16-17-18-19-19-20
 53 |        0  0 -1 -1 -6 -8 -9-11-12-13-14-15-16-16-17-18-19-19-20
 54 | 43  7  0  0  0 -1 -6 -8 -9-11-12-13-14-15-16-16-17-18-19-19-20
 55 | 43  7  0  0  0  1 -6 -8 -9-11-12-13-14-15-16-16-17-18-19-19-20
 56 | 43  7  0  0  0  2 -4 -8 -9-11-12-13-14-15-16-16-17-18-19-19-20
 57 | 43  7  0  0  0  2 -4 -6 -9-11-12-13-14-15-16-16-17-18-19-19-20
 58 | 43  7  0  0  0  2 -4 -8 -9-11-12-13-14-15-16-16-17-18-19-19-20
 59 | 43  7  0  0  0  1 -6 -8 -9-11-12-13-14-15-16-16-17-18-19-19-20
 60 | 43  7  0  0  0 -1 -6 -8 -9-11-12-13-14-15-16-16-17-18-19-19-20
 61 | 43  7  0  0 -1 -1 -6 -8 -9-11-12-13-14-15-16-16-17-18-19-19-20
 62 |        0 -1 -1 -1 -6 -8 -9-11-12-13-14-15-16-16-17-18-19-19-20
 63 |        0 -1 -1 -1 -6 -8 -9-11-12-13-14-15-16-16-17-18-19-19-20
 64 | 85  8  0  0 -1 -1 -6 -8 -9-11-12-13-14-15-16-16-17-18-19-19-20
 65 | 85  8  0  0  0 -1 -6 -8 -9-11-12-13-14-15-16-16-17-18-19-19-20
 66 |        0  0 -1 -1 -6 -8 -9-11-12-13-14-15-16-16-17-18-19-19-20
 67 |        0 -1 -1 -1 -6 -8 -9-11-12-13-14-15-16-16-17-18-19-19-20
 68 |        0  0 -1 -1 -6 -8 -9-11-12-13-14-15-16-16-17-18-19-19-20
 69 | 79  9  0  0  1 -1 -6 -8 -9-11-12-13-14-15-16-16-17-18-19-19-20
 70 | 79  9  0  0  1  0 -6 -8 -9-11-12-13-14-15-16-16-17-18-19-19-20
 71 | 79  9  0  0  1  0 -4 -8 -9-11-12-13-14-15-16-16-17-18-19-19-20
 72 | 79  9  0  0  1  0 -5 -8 -9-11-12-13-14-15-16-16-17-18-19-19-20
 73 | 79  9  0  0  1  0 -6 -8 -9-11-12-13-14-15-16-16-17-18-19-19-20
 74 | 79  9  0  0  0 -1 -6 -8 -9-11-12-13-14-15-16-16-17-18-19-19-20
 75 |        0  0 -1 -1 -6 -8 -9-11-12-13-14-15-16-16-17-18-19-19-20
 76 |        0 -1 -1 -1 -6 -8 -9-11-12-13-14-15-16-16-17-18-19-19  0
 77 |        0  0 -1 -1 -6 -8 -9-11-12-13-14-15-16-16-17-18-19  0  0
 78 | 70 10  0  0  1 -1 -6 -8 -9-11-12-13-14-15-16-16-17-18  0  0  0
 79 | 70 10  0  0  1  0 -6 -8 -9-11-12-13-14-15-16-16-17  0  0  0  0
 80 | 70 10  0  0  1  0 -4 -8 -9-11-12-13-14-15-16-16  0  0  0  0  0
 81 | 70 10  0  0  1  0 -4 -8 -9-11-12-13-14-15-16  0  0  0  0  0  0
 82 | 70 10  0  0  1  0 -6 -8 -9-11-12-13-14-15  0  0  0  0  0  0  0
 83 | 70 10  0  0  1 -1 -6 -8 -9-11-12-13-14  0  0  0  0  0  0  0  0
 84 |        0  0 -1 -1 -6 -8 -9-11-12-13  0  0  0  0  0  0  0  0  0
 85 |        0 -1 -1 -1 -6 -8 -9-11-12  0  0  0  0  0  0  0  0  0  0
 86 |        0  0 -1 -1 -6 -8 -9-11  0  0  0  0  0  0  0  0  0  0  0
 87 |  2 11  0  0  0 -1 -6 -8 -9  0  0  0  0  0  0  0  0  0  0  0  0
 88 |  2 11  0  0  0  2 -6 -8  0  0  0  0  0  0  0  0  0  0  0  0  0
 89 |  2 11  0  0  0  3 -3  0  0  0  0  0  0  0  0  0  0  0  0  0  0
 90 |  2 11  0  0  0  3  0  0  0  0  0  0  0  0  0  0  0  0  0  0  0
 91 |  2 11  0  0  0  0  0  0  0  0  0  0  0  0  0  0  0  0  0  0  0
 92 |  2 11  0  0  0  0  0  0  0  0  0  0  0  0  0  0  0  0  0  0  0
 93 |  2 11  0  0  0  0  0  0  0  0  0  0  0  0  0  0  0  0  0  0  0
 94 |        0  0  0  0  0  0  0  0  0  0  0  0  0  0  0  0  0  0  0


  1 |                                                                                  
  2 | 87  1                                                                            
  3 | 87  1       0                                                                    
  4 | 87  1       0   2                                                                
  5 | 87  1       0   2   8                                                            
  6 | 87  1       0   2   7   8                                                        
  7 | 87  1       0   2   6   6                                                        
  8 | 87  1       0   1   4                                                            
  9 | 87  1       0   1                                                                
 10 |                                                                                  
 11 |                                                                                  
 12 |                                                                                  
 13 | 39  2       0   1                                                                
 14 | 39  2       0   1   3                                                            
 15 | 39  2       0   2   4   1                                                        
 16 | 39  2       0   2   4                                                            
 17 | 39  2       0   2   0                                                            
 18 | 39  2       0                                                                    
 19 |                                                                                  
 20 |                                                                                  
 21 | 30  3       1   0                                                                
 22 | 30  3       1   3   1                                                            
 23 | 30  3       1   3   5                                                            
 24 | 30  3       0   2   3                                                            
 25 |                 0   0                                                            
 26 |                                                                                  
 27 |                                                                                  
 28 |             0   2   1                                                            
 29 | 22  4       1   3   5                                                            
 30 | 22  4       1   3   6   2                                                        
 31 | 22  4       1   3   5   2                                                        
 32 | 22  4       0   2   4                                                            
 33 |                 0   0                                                            
 34 |                                                                                  
 35 |                                                                                  
 36 |                 0   0                                                            
 37 | 17  5       0   1   4                                                            
 38 | 17  5       0   2   5                                                            
 39 | 17  5       0   2   0                                                            
 40 | 17  5       0                                                                    
 41 | 17  5                                                                            
 42 |                                                                                  
 43 | 55  6                                                                            
 44 | 55  6       0                                                                    
 45 | 55  6       0   1                                                                
 46 | 55  6       0   1   5                                                            
 47 | 55  6       0   1   4   5                                                        
 48 | 55  6       0   1   3   1                                                        
 49 | 55  6       0   0   1                                                            
 50 | 55  6       0   0                                                                
 51 |                                                                                  
 52 |                                                                                  
 53 |             0                                                                    
 54 | 43  7       0   0                                                                
 55 | 43  7       0   1   4                                                            
 56 | 43  7       0   1   5   6                                                        
 57 | 43  7       0   1   5   7                                                        
 58 | 43  7       0   1   5   6                                                        
 59 | 43  7       0   1   4                                                            
 60 | 43  7       0   0                                                                
 61 | 43  7       0                                                                    
 62 |                                                                                  
 63 |                                                                                  
 64 | 85  8                                                                            
 65 | 85  8                                                                            
 66 |                                                                                  
 67 |                                                                                  
 68 |             0                                                                    
 69 | 79  9       0   2   2                                                            
 70 | 79  9       0   3   8   2                                                        
 71 | 79  9       0   3   9   9                                                        
 72 | 79  9       0   3   8   6                                                        
 73 | 79  9       0   2   5                                                            
 74 | 79  9       0   0                                                                
 75 |                                                                                  
 76 |                                                                                  
 77 |             0                                                                    
 78 | 70 10       0   2   2                                                            
 79 | 70 10       0   3   8   2                                                        
 80 | 70 10       0   3   9   9                                                        
 81 | 70 10       0   3   8   8                                                        
 82 | 70 10       0   2   7   1                                                        
 83 | 70 10       0   1   0                                                            
 84 |                                                                                  
 85 |                                                                                  
 86 |             0                                                                    
 87 |  2 11       0   1                                                                
 88 |  2 11       0   1   6   2                                                        
 89 |  2 11       0   2   7  11                                                        
 90 |  2 11       0   2   7                                                            
 91 |  2 11       0   1                                                                
 92 |  2 11       0                                                                    
 93 |  2 11                                                                            
 94 |                                                                                  


 i = 88 j = 5 sum[i][j] = 66.255714
 i = 78 j = 4 sum[i][j] = 54.261730
 i = 69 j = 4 sum[i][j] = 45.691849
 i = 56 j = 5 sum[i][j] = 37.121967
 i = 46 j = 4 sum[i][j] = 29.685562
 i = 37 j = 4 sum[i][j] = 24.985800
 i = 29 j = 3 sum[i][j] = 19.719667
 i = 22 j = 3 sum[i][j] = 15.883453
 i = 14 j = 4 sum[i][j] = 12.494778
 i = 4 j = 4 sum[i][j] = 8.039505

   1-9   11-19   20-26   27-33   34-42   43-51   52-62   66-74   75-83   84-94 tops = 66.255714
 i = 0 s = 66.255714


	1-9	 m = 4 w = 4
	11-19	 m = 14 w = 4
	20-26	 m = 22 w = 3
	27-33	 m = 29 w = 3
	34-42	 m = 37 w = 4
 id = 5 m = 37 w = 4 am = 33 pm = 41 seg1 = 0 seg2 = 1 segs = 10
     k = 0 ak = 0 pk = 8 a = 9 b = 9 boxsum = 0.000000 ss = 40
 id = 5 m = 37 w = 4 am = 33 pm = 41 seg1 = 1 seg2 = 2 segs = 10
     k = 1 ak = 10 pk = 18 a = 9 b = 9 boxsum = 4.000000 ss = 30
  0  0  0  0  0  0  0  0  0
  0  0  0  0  0  0  0  0  0
  0  0  0  0  0  0  0  0  0
  0  0  0  0  0  0  0  0  0
  0  0  0  0  0  0100  0  0
  0  0  0  0  0100  0  0  0
  0  0  0  0100  0  0  0  0
  0  0100  0  0  0  0  0  0
  0  0  0  0  0  0  0  0  0

 bias = -1.166007 pack = 1.352891

 id = 5 m = 37 w = 4 am = 33 pm = 41 seg1 = 2 seg2 = 3 segs = 10
     k = 2 ak = 19 pk = 25 a = 9 b = 7 boxsum = 0.000000 ss = 20
 id = 5 m = 37 w = 4 am = 33 pm = 41 seg1 = 3 seg2 = 4 segs = 10
     k = 3 ak = 26 pk = 32 a = 9 b = 7 boxsum = 0.000000 ss = 20
	43-51	 m = 46 w = 4
	52-62	 m = 56 w = 5
	66-74	 m = 69 w = 4
	75-83	 m = 78 w = 4
	84-94	 m = 88 w = 5
