 len = 101 cut = 1.000000 gap = 3.000000 inbox = 0
 i = 0 ends[0][i] = 11 ends[1][i] = 22
 i = 1 ends[0][i] = 27 ends[1][i] = 39
 i = 2 ends[0][i] = 47 ends[1][i] = 59
 i = 3 ends[0][i] = 62 ends[1][i] = 66
 i = 4 ends[0][i] = 70 ends[1][i] = 73
 i = 5 ends[0][i] = 75 ends[1][i] = 88
 n = 27
 id = 2 m = 32 w = 9 am = 23 pm = 41 seg1 = 0 seg2 = 6 segs = 6
     k = 0 ak = 10 pk = 21 a = 19 b = 12 boxsum = 0.000000 ss = 132
     k = 2 ak = 46 pk = 58 a = 19 b = 13 boxsum = 10.000000 ss = 144
  0  0  0  0  0  0  0  0  0  0  0  0  0
  0  0  0  0  0  0  0  0  0  0  0  0  0
  0  0  0  0  0  0  0  0  0  0  0  0  0
  0  0  0  0  0  0  0  0  0  0  0  0  0
  0  0  0  0  0  0  0  0  0  0  0  0  0
  0  0  0  0  0  0  0  0  0  0  0100  0
  0  0  0  0  0  0  0  0  0100  0  0  0
  0  0  0  0  0  0  0  0100  0  0  0  0
  0  0  0  0  0  0  0100  0  0  0  0  0
  0  0  0  0  0  0100  0  0  0  0  0  0
  0  0  0  0  0100  0  0  0  0  0  0  0
  0  0  0  0100  0  0  0  0  0  0  0  0
  0  0  0100  0  0  0  0  0  0  0  0  0
  0  0100  0  0  0  0  0  0  0  0  0  0
100  0  0  0  0  0  0  0  0  0  0  0  0
  0  0  0  0  0  0  0  0  0  0  0  0  0
  0  0  0  0  0  0  0  0  0  0  0  0  0
  0  0  0  0  0  0  0  0  0  0  0  0  0
  0  0  0  0  0  0  0  0  0  0  0  0  0

 bias = -3.022714 pack = 0.000000

     k = 3 ak = 61 pk = 65 a = 19 b = 5 boxsum = 0.000000 ss = 48
     k = 4 ak = 69 pk = 72 a = 19 b = 4 boxsum = 0.000000 ss = 36
     k = 5 ak = 74 pk = 87 a = 19 b = 14 boxsum = 0.000000 ss = 156
 am = 23 pm = 41 maxa = 19 maxb = 13 consum = 3.022714 conmax = 3.022714 condif = 0.431816

 id = 2 m = 32 w = 10 am = 22 pm = 42 seg1 = 0 seg2 = 6 segs = 6
     k = 0 ak = 10 pk = 21 a = 21 b = 12 boxsum = 0.000000 ss = 132
     k = 2 ak = 46 pk = 58 a = 21 b = 13 boxsum = 10.000000 ss = 144
  0  0  0  0  0  0  0  0  0  0  0  0  0
  0  0  0  0  0  0  0  0  0  0  0  0  0
  0  0  0  0  0  0  0  0  0  0  0  0  0
  0  0  0  0  0  0  0  0  0  0  0  0  0
  0  0  0  0  0  0  0  0  0  0  0  0  0
  0  0  0  0  0  0  0  0  0  0  0  0  0
  0  0  0  0  0  0  0  0  0  0  0100  0
  0  0  0  0  0  0  0  0  0100  0  0  0
  0  0  0  0  0  0  0  0100  0  0  0  0
  0  0  0  0  0  0  0100  0  0  0  0  0
  0  0  0  0  0  0100  0  0  0  0  0  0
  0  0  0  0  0100  0  0  0  0  0  0  0
  0  0  0  0100  0  0  0  0  0  0  0  0
  0  0  0100  0  0  0  0  0  0  0  0  0
  0  0100  0  0  0  0  0  0  0  0  0  0
100  0  0  0  0  0  0  0  0  0  0  0  0
  0  0  0  0  0  0  0  0  0  0  0  0  0
  0  0  0  0  0  0  0  0  0  0  0  0  0
  0  0  0  0  0  0  0  0  0  0  0  0  0
  0  0  0  0  0  0  0  0  0  0  0  0  0
  0  0  0  0  0  0  0  0  0  0  0  0  0

 bias = -3.022714 pack = 0.000000

     k = 3 ak = 61 pk = 65 a = 21 b = 5 boxsum = 0.000000 ss = 48
     k = 4 ak = 69 pk = 72 a = 21 b = 4 boxsum = 0.000000 ss = 36
     k = 5 ak = 74 pk = 87 a = 21 b = 14 boxsum = 0.000000 ss = 156
 am = 22 pm = 42 maxa = 21 maxb = 13 consum = 3.022714 conmax = 3.022714 condif = 0.335857

 id = 2 m = 33 w = 8 am = 25 pm = 41 seg1 = 0 seg2 = 6 segs = 6
     k = 0 ak = 10 pk = 21 a = 17 b = 12 boxsum = 0.000000 ss = 132
     k = 2 ak = 46 pk = 58 a = 17 b = 13 boxsum = 10.000000 ss = 144
  0  0  0  0  0  0  0  0  0  0  0  0  0
  0  0  0  0  0  0  0  0  0  0  0  0  0
  0  0  0  0  0  0  0  0  0  0  0  0  0
  0  0  0  0  0  0  0  0  0  0  0100  0
  0  0  0  0  0  0  0  0  0100  0  0  0
  0  0  0  0  0  0  0  0100  0  0  0  0
  0  0  0  0  0  0  0100  0  0  0  0  0
  0  0  0  0  0  0100  0  0  0  0  0  0
  0  0  0  0  0100  0  0  0  0  0  0  0
  0  0  0  0100  0  0  0  0  0  0  0  0
  0  0  0100  0  0  0  0  0  0  0  0  0
  0  0100  0  0  0  0  0  0  0  0  0  0
100  0  0  0  0  0  0  0  0  0  0  0  0
  0  0  0  0  0  0  0  0  0  0  0  0  0
  0  0  0  0  0  0  0  0  0  0  0  0  0
  0  0  0  0  0  0  0  0  0  0  0  0  0
  0  0  0  0  0  0  0  0  0  0  0  0  0

 bias = -3.018709 pack = 0.000000

     k = 3 ak = 61 pk = 65 a = 17 b = 5 boxsum = 0.000000 ss = 48
     k = 4 ak = 69 pk = 72 a = 17 b = 4 boxsum = 0.000000 ss = 36
     k = 5 ak = 74 pk = 87 a = 17 b = 14 boxsum = 0.000000 ss = 156
 am = 25 pm = 41 maxa = 17 maxb = 13 consum = 3.018709 conmax = 3.018709 condif = 0.603742

 id = 2 m = 33 w = 9 am = 24 pm = 42 seg1 = 0 seg2 = 6 segs = 6
     k = 0 ak = 10 pk = 21 a = 19 b = 12 boxsum = 0.000000 ss = 132
     k = 2 ak = 46 pk = 58 a = 19 b = 13 boxsum = 10.000000 ss = 144
  0  0  0  0  0  0  0  0  0  0  0  0  0
  0  0  0  0  0  0  0  0  0  0  0  0  0
  0  0  0  0  0  0  0  0  0  0  0  0  0
  0  0  0  0  0  0  0  0  0  0  0  0  0
  0  0  0  0  0  0  0  0  0  0  0100  0
  0  0  0  0  0  0  0  0  0100  0  0  0
  0  0  0  0  0  0  0  0100  0  0  0  0
  0  0  0  0  0  0  0100  0  0  0  0  0
  0  0  0  0  0  0100  0  0  0  0  0  0
  0  0  0  0  0100  0  0  0  0  0  0  0
  0  0  0  0100  0  0  0  0  0  0  0  0
  0  0  0100  0  0  0  0  0  0  0  0  0
  0  0100  0  0  0  0  0  0  0  0  0  0
100  0  0  0  0  0  0  0  0  0  0  0  0
  0  0  0  0  0  0  0  0  0  0  0  0  0
  0  0  0  0  0  0  0  0  0  0  0  0  0
  0  0  0  0  0  0  0  0  0  0  0  0  0
  0  0  0  0  0  0  0  0  0  0  0  0  0
  0  0  0  0  0  0  0  0  0  0  0  0  0

 bias = -3.018709 pack = 0.000000

     k = 3 ak = 61 pk = 65 a = 19 b = 5 boxsum = 0.000000 ss = 48
     k = 4 ak = 69 pk = 72 a = 19 b = 4 boxsum = 0.000000 ss = 36
     k = 5 ak = 74 pk = 87 a = 19 b = 14 boxsum = 0.000000 ss = 156
 am = 24 pm = 42 maxa = 19 maxb = 13 consum = 3.018709 conmax = 3.018709 condif = 0.431244

 id = 2 m = 33 w = 10 am = 23 pm = 43 seg1 = 0 seg2 = 6 segs = 6
     k = 0 ak = 10 pk = 21 a = 21 b = 12 boxsum = 0.000000 ss = 132
     k = 2 ak = 46 pk = 58 a = 21 b = 13 boxsum = 10.000000 ss = 144
  0  0  0  0  0  0  0  0  0  0  0  0  0
  0  0  0  0  0  0  0  0  0  0  0  0  0
  0  0  0  0  0  0  0  0  0  0  0  0  0
  0  0  0  0  0  0  0  0  0  0  0  0  0
  0  0  0  0  0  0  0  0  0  0  0  0  0
  0  0  0  0  0  0  0  0  0  0  0100  0
  0  0  0  0  0  0  0  0  0100  0  0  0
  0  0  0  0  0  0  0  0100  0  0  0  0
  0  0  0  0  0  0  0100  0  0  0  0  0
  0  0  0  0  0  0100  0  0  0  0  0  0
  0  0  0  0  0100  0  0  0  0  0  0  0
  0  0  0  0100  0  0  0  0  0  0  0  0
  0  0  0100  0  0  0  0  0  0  0  0  0
  0  0100  0  0  0  0  0  0  0  0  0  0
100  0  0  0  0  0  0  0  0  0  0  0  0
  0  0  0  0  0  0  0  0  0  0  0  0  0
  0  0  0  0  0  0  0  0  0  0  0  0  0
  0  0  0  0  0  0  0  0  0  0  0  0  0
  0  0  0  0  0  0  0  0  0  0  0  0  0
  0  0  0  0  0  0  0  0  0  0  0  0  0
  0  0  0  0  0  0  0  0  0  0  0  0  0

 bias = -3.018709 pack = 0.000000

     k = 3 ak = 61 pk = 65 a = 21 b = 5 boxsum = 0.000000 ss = 48
     k = 4 ak = 69 pk = 72 a = 21 b = 4 boxsum = 0.000000 ss = 36
     k = 5 ak = 74 pk = 87 a = 21 b = 14 boxsum = 0.000000 ss = 156
 am = 23 pm = 43 maxa = 21 maxb = 13 consum = 3.018709 conmax = 3.018709 condif = 0.335412

 id = 2 m = 33 w = 11 am = 22 pm = 44 seg1 = 0 seg2 = 6 segs = 6
     k = 0 ak = 10 pk = 21 a = 23 b = 12 boxsum = 0.000000 ss = 132
     k = 2 ak = 46 pk = 58 a = 23 b = 13 boxsum = 10.000000 ss = 144
  0  0  0  0  0  0  0  0  0  0  0  0  0
  0  0  0  0  0  0  0  0  0  0  0  0  0
  0  0  0  0  0  0  0  0  0  0  0  0  0
  0  0  0  0  0  0  0  0  0  0  0  0  0
  0  0  0  0  0  0  0  0  0  0  0  0  0
  0  0  0  0  0  0  0  0  0  0  0  0  0
  0  0  0  0  0  0  0  0  0  0  0100  0
  0  0  0  0  0  0  0  0  0100  0  0  0
  0  0  0  0  0  0  0  0100  0  0  0  0
  0  0  0  0  0  0  0100  0  0  0  0  0
  0  0  0  0  0  0100  0  0  0  0  0  0
  0  0  0  0  0100  0  0  0  0  0  0  0
  0  0  0  0100  0  0  0  0  0  0  0  0
  0  0  0100  0  0  0  0  0  0  0  0  0
  0  0100  0  0  0  0  0  0  0  0  0  0
100  0  0  0  0  0  0  0  0  0  0  0  0
  0  0  0  0  0  0  0  0  0  0  0  0  0
  0  0  0  0  0  0  0  0  0  0  0  0  0
  0  0  0  0  0  0  0  0  0  0  0  0  0
  0  0  0  0  0  0  0  0  0  0  0  0  0
  0  0  0  0  0  0  0  0  0  0  0  0  0
  0  0  0  0  0  0  0  0  0  0  0  0  0
  0  0  0  0  0  0  0  0  0  0  0  0  0

 bias = -3.018709 pack = 0.000000

     k = 3 ak = 61 pk = 65 a = 23 b = 5 boxsum = 0.000000 ss = 48
     k = 4 ak = 69 pk = 72 a = 23 b = 4 boxsum = 0.000000 ss = 36
     k = 5 ak = 74 pk = 87 a = 23 b = 14 boxsum = 0.000000 ss = 156
 am = 22 pm = 44 maxa = 23 maxb = 13 consum = 3.018709 conmax = 3.018709 condif = 0.274428

 id = 2 m = 34 w = 7 am = 27 pm = 41 seg1 = 0 seg2 = 6 segs = 6
     k = 0 ak = 10 pk = 21 a = 15 b = 12 boxsum = 0.000000 ss = 132
     k = 2 ak = 46 pk = 58 a = 15 b = 13 boxsum = 10.000000 ss = 144
  0  0  0  0  0  0  0  0  0  0  0  0  0
  0  0  0  0  0  0  0  0  0  0  0100  0
  0  0  0  0  0  0  0  0  0100  0  0  0
  0  0  0  0  0  0  0  0100  0  0  0  0
  0  0  0  0  0  0  0100  0  0  0  0  0
  0  0  0  0  0  0100  0  0  0  0  0  0
  0  0  0  0  0100  0  0  0  0  0  0  0
  0  0  0  0100  0  0  0  0  0  0  0  0
  0  0  0100  0  0  0  0  0  0  0  0  0
  0  0100  0  0  0  0  0  0  0  0  0  0
100  0  0  0  0  0  0  0  0  0  0  0  0
  0  0  0  0  0  0  0  0  0  0  0  0  0
  0  0  0  0  0  0  0  0  0  0  0  0  0
  0  0  0  0  0  0  0  0  0  0  0  0  0
  0  0  0  0  0  0  0  0  0  0  0  0  0

 bias = -3.021581 pack = 0.000000

     k = 3 ak = 61 pk = 65 a = 15 b = 5 boxsum = 0.000000 ss = 48
     k = 4 ak = 69 pk = 72 a = 15 b = 4 boxsum = 0.000000 ss = 36
     k = 5 ak = 74 pk = 87 a = 15 b = 14 boxsum = 0.000000 ss = 156
 am = 27 pm = 41 maxa = 15 maxb = 13 consum = 3.021581 conmax = 3.021581 condif = 1.007194

 id = 2 m = 34 w = 8 am = 26 pm = 42 seg1 = 0 seg2 = 6 segs = 6
     k = 0 ak = 10 pk = 21 a = 17 b = 12 boxsum = 0.000000 ss = 132
     k = 2 ak = 46 pk = 58 a = 17 b = 13 boxsum = 10.000000 ss = 144
  0  0  0  0  0  0  0  0  0  0  0  0  0
  0  0  0  0  0  0  0  0  0  0  0  0  0
  0  0  0  0  0  0  0  0  0  0  0100  0
  0  0  0  0  0  0  0  0  0100  0  0  0
  0  0  0  0  0  0  0  0100  0  0  0  0
  0  0  0  0  0  0  0100  0  0  0  0  0
  0  0  0  0  0  0100  0  0  0  0  0  0
  0  0  0  0  0100  0  0  0  0  0  0  0
  0  0  0  0100  0  0  0  0  0  0  0  0
  0  0  0100  0  0  0  0  0  0  0  0  0
  0  0100  0  0  0  0  0  0  0  0  0  0
100  0  0  0  0  0  0  0  0  0  0  0  0
  0  0  0  0  0  0  0  0  0  0  0  0  0
  0  0  0  0  0  0  0  0  0  0  0  0  0
  0  0  0  0  0  0  0  0  0  0  0  0  0
  0  0  0  0  0  0  0  0  0  0  0  0  0
  0  0  0  0  0  0  0  0  0  0  0  0  0

 bias = -3.021578 pack = 0.000000

     k = 3 ak = 61 pk = 65 a = 17 b = 5 boxsum = 0.000000 ss = 48
     k = 4 ak = 69 pk = 72 a = 17 b = 4 boxsum = 0.000000 ss = 36
     k = 5 ak = 74 pk = 87 a = 17 b = 14 boxsum = 0.000000 ss = 156
 am = 26 pm = 42 maxa = 17 maxb = 13 consum = 3.021578 conmax = 3.021578 condif = 0.604316

 id = 2 m = 34 w = 9 am = 25 pm = 43 seg1 = 0 seg2 = 6 segs = 6
     k = 0 ak = 10 pk = 21 a = 19 b = 12 boxsum = 0.000000 ss = 132
     k = 2 ak = 46 pk = 58 a = 19 b = 13 boxsum = 10.000000 ss = 144
  0  0  0  0  0  0  0  0  0  0  0  0  0
  0  0  0  0  0  0  0  0  0  0  0  0  0
  0  0  0  0  0  0  0  0  0  0  0  0  0
  0  0  0  0  0  0  0  0  0  0  0100  0
  0  0  0  0  0  0  0  0  0100  0  0  0
  0  0  0  0  0  0  0  0100  0  0  0  0
  0  0  0  0  0  0  0100  0  0  0  0  0
  0  0  0  0  0  0100  0  0  0  0  0  0
  0  0  0  0  0100  0  0  0  0  0  0  0
  0  0  0  0100  0  0  0  0  0  0  0  0
  0  0  0100  0  0  0  0  0  0  0  0  0
  0  0100  0  0  0  0  0  0  0  0  0  0
100  0  0  0  0  0  0  0  0  0  0  0  0
  0  0  0  0  0  0  0  0  0  0  0  0  0
  0  0  0  0  0  0  0  0  0  0  0  0  0
  0  0  0  0  0  0  0  0  0  0  0  0  0
  0  0  0  0  0  0  0  0  0  0  0  0  0
  0  0  0  0  0  0  0  0  0  0  0  0  0
  0  0  0  0  0  0  0  0  0  0  0  0  0

 bias = -3.021579 pack = 0.000000

     k = 3 ak = 61 pk = 65 a = 19 b = 5 boxsum = 0.000000 ss = 48
     k = 4 ak = 69 pk = 72 a = 19 b = 4 boxsum = 0.000000 ss = 36
     k = 5 ak = 74 pk = 87 a = 19 b = 14 boxsum = 0.000000 ss = 156
 am = 25 pm = 43 maxa = 19 maxb = 13 consum = 3.021579 conmax = 3.021579 condif = 0.431654

 id = 2 m = 34 w = 10 am = 24 pm = 44 seg1 = 0 seg2 = 6 segs = 6
     k = 0 ak = 10 pk = 21 a = 21 b = 12 boxsum = 0.000000 ss = 132
     k = 2 ak = 46 pk = 58 a = 21 b = 13 boxsum = 10.000000 ss = 144
  0  0  0  0  0  0  0  0  0  0  0  0  0
  0  0  0  0  0  0  0  0  0  0  0  0  0
  0  0  0  0  0  0  0  0  0  0  0  0  0
  0  0  0  0  0  0  0  0  0  0  0  0  0
  0  0  0  0  0  0  0  0  0  0  0100  0
  0  0  0  0  0  0  0  0  0100  0  0  0
  0  0  0  0  0  0  0  0100  0  0  0  0
  0  0  0  0  0  0  0100  0  0  0  0  0
  0  0  0  0  0  0100  0  0  0  0  0  0
  0  0  0  0  0100  0  0  0  0  0  0  0
  0  0  0  0100  0  0  0  0  0  0  0  0
  0  0  0100  0  0  0  0  0  0  0  0  0
  0  0100  0  0  0  0  0  0  0  0  0  0
100  0  0  0  0  0  0  0  0  0  0  0  0
  0  0  0  0  0  0  0  0  0  0  0  0  0
  0  0  0  0  0  0  0  0  0  0  0  0  0
  0  0  0  0  0  0  0  0  0  0  0  0  0
  0  0  0  0  0  0  0  0  0  0  0  0  0
  0  0  0  0  0  0  0  0  0  0  0  0  0
  0  0  0  0  0  0  0  0  0  0  0  0  0
  0  0  0  0  0  0  0  0  0  0  0  0  0

 bias = -3.021578 pack = 0.000000

     k = 3 ak = 61 pk = 65 a = 21 b = 5 boxsum = 0.000000 ss = 48
     k = 4 ak = 69 pk = 72 a = 21 b = 4 boxsum = 0.000000 ss = 36
     k = 5 ak = 74 pk = 87 a = 21 b = 14 boxsum = 0.000000 ss = 156
 am = 24 pm = 44 maxa = 21 maxb = 13 consum = 3.021578 conmax = 3.021578 condif = 0.335731

 id = 2 m = 34 w = 11 am = 23 pm = 45 seg1 = 0 seg2 = 6 segs = 6
     k = 0 ak = 10 pk = 21 a = 23 b = 12 boxsum = 0.000000 ss = 132
     k = 2 ak = 46 pk = 58 a = 23 b = 13 boxsum = 10.000000 ss = 144
  0  0  0  0  0  0  0  0  0  0  0  0  0
  0  0  0  0  0  0  0  0  0  0  0  0  0
  0  0  0  0  0  0  0  0  0  0  0  0  0
  0  0  0  0  0  0  0  0  0  0  0  0  0
  0  0  0  0  0  0  0  0  0  0  0  0  0
  0  0  0  0  0  0  0  0  0  0  0100  0
  0  0  0  0  0  0  0  0  0100  0  0  0
  0  0  0  0  0  0  0  0100  0  0  0  0
  0  0  0  0  0  0  0100  0  0  0  0  0
  0  0  0  0  0  0100  0  0  0  0  0  0
  0  0  0  0  0100  0  0  0  0  0  0  0
  0  0  0  0100  0  0  0  0  0  0  0  0
  0  0  0100  0  0  0  0  0  0  0  0  0
  0  0100  0  0  0  0  0  0  0  0  0  0
100  0  0  0  0  0  0  0  0  0  0  0  0
  0  0  0  0  0  0  0  0  0  0  0  0  0
  0  0  0  0  0  0  0  0  0  0  0  0  0
  0  0  0  0  0  0  0  0  0  0  0  0  0
  0  0  0  0  0  0  0  0  0  0  0  0  0
  0  0  0  0  0  0  0  0  0  0  0  0  0
  0  0  0  0  0  0  0  0  0  0  0  0  0
  0  0  0  0  0  0  0  0  0  0  0  0  0
  0  0  0  0  0  0  0  0  0  0  0  0  0

 bias = -3.021578 pack = 0.000000

     k = 3 ak = 61 pk = 65 a = 23 b = 5 boxsum = 0.000000 ss = 48
     k = 4 ak = 69 pk = 72 a = 23 b = 4 boxsum = 0.000000 ss = 36
     k = 5 ak = 74 pk = 87 a = 23 b = 14 boxsum = 0.000000 ss = 156
 am = 23 pm = 45 maxa = 23 maxb = 13 consum = 3.021578 conmax = 3.021578 condif = 0.274689

 id = 2 m = 34 w = 12 am = 22 pm = 46 seg1 = 0 seg2 = 6 segs = 6
     k = 0 ak = 10 pk = 21 a = 25 b = 12 boxsum = 0.000000 ss = 132
     k = 3 ak = 61 pk = 65 a = 25 b = 5 boxsum = 0.000000 ss = 48
     k = 4 ak = 69 pk = 72 a = 25 b = 4 boxsum = 0.000000 ss = 36
     k = 5 ak = 74 pk = 87 a = 25 b = 14 boxsum = 0.000000 ss = 156
 am = 22 pm = 46 maxa = -1 maxb = -1 consum = 0.000000 conmax = 0.000000 condif = 0.000000

 id = 2 m = 35 w = 6 am = 29 pm = 41 seg1 = 0 seg2 = 6 segs = 6
     k = 0 ak = 10 pk = 21 a = 13 b = 12 boxsum = 0.000000 ss = 110
     k = 2 ak = 46 pk = 58 a = 13 b = 13 boxsum = 9.000000 ss = 120
  0  0  0  0  0  0  0  0  0100  0  0  0
  0  0  0  0  0  0  0  0100  0  0  0  0
  0  0  0  0  0  0  0100  0  0  0  0  0
  0  0  0  0  0  0100  0  0  0  0  0  0
  0  0  0  0  0100  0  0  0  0  0  0  0
  0  0  0  0100  0  0  0  0  0  0  0  0
  0  0  0100  0  0  0  0  0  0  0  0  0
  0  0100  0  0  0  0  0  0  0  0  0  0
100  0  0  0  0  0  0  0  0  0  0  0  0
  0  0  0  0  0  0  0  0  0  0  0  0  0
  0  0  0  0  0  0  0  0  0  0  0  0  0
  0  0  0  0  0  0  0  0  0  0  0  0  0
  0  0  0  0  0  0  0  0  0  0  0  0  0

 bias = -2.908220 pack = 0.000000

     k = 3 ak = 61 pk = 65 a = 13 b = 5 boxsum = 0.000000 ss = 40
     k = 4 ak = 69 pk = 72 a = 13 b = 4 boxsum = 0.000000 ss = 30
     k = 5 ak = 74 pk = 87 a = 13 b = 14 boxsum = 0.000000 ss = 130
 am = 29 pm = 41 maxa = 13 maxb = 13 consum = 2.908220 conmax = 2.908220 condif = 2.908220

 id = 2 m = 35 w = 7 am = 28 pm = 42 seg1 = 0 seg2 = 6 segs = 6
     k = 0 ak = 10 pk = 21 a = 15 b = 12 boxsum = 0.000000 ss = 121
     k = 2 ak = 46 pk = 58 a = 15 b = 13 boxsum = 10.000000 ss = 132
  0  0  0  0  0  0  0  0  0  0  0100  0
  0  0  0  0  0  0  0  0  0100  0  0  0
  0  0  0  0  0  0  0  0100  0  0  0  0
  0  0  0  0  0  0  0100  0  0  0  0  0
  0  0  0  0  0  0100  0  0  0  0  0  0
  0  0  0  0  0100  0  0  0  0  0  0  0
  0  0  0  0100  0  0  0  0  0  0  0  0
  0  0  0100  0  0  0  0  0  0  0  0  0
  0  0100  0  0  0  0  0  0  0  0  0  0
100  0  0  0  0  0  0  0  0  0  0  0  0
  0  0  0  0  0  0  0  0  0  0  0  0  0
  0  0  0  0  0  0  0  0  0  0  0  0  0
  0  0  0  0  0  0  0  0  0  0  0  0  0
  0  0  0  0  0  0  0  0  0  0  0  0  0
  0  0  0  0  0  0  0  0  0  0  0  0  0

 bias = -3.031263 pack = 0.000000

     k = 3 ak = 61 pk = 65 a = 15 b = 5 boxsum = 0.000000 ss = 44
     k = 4 ak = 69 pk = 72 a = 15 b = 4 boxsum = 0.000000 ss = 33
     k = 5 ak = 74 pk = 87 a = 15 b = 14 boxsum = 0.000000 ss = 143
 am = 28 pm = 42 maxa = 15 maxb = 13 consum = 3.031263 conmax = 3.031263 condif = 1.010421

 id = 2 m = 35 w = 8 am = 27 pm = 43 seg1 = 0 seg2 = 6 segs = 6
     k = 0 ak = 10 pk = 21 a = 17 b = 12 boxsum = 0.000000 ss = 132
     k = 2 ak = 46 pk = 58 a = 17 b = 13 boxsum = 10.000000 ss = 144
  0  0  0  0  0  0  0  0  0  0  0  0  0
  0  0  0  0  0  0  0  0  0  0  0100  0
  0  0  0  0  0  0  0  0  0100  0  0  0
  0  0  0  0  0  0  0  0100  0  0  0  0
  0  0  0  0  0  0  0100  0  0  0  0  0
  0  0  0  0  0  0100  0  0  0  0  0  0
  0  0  0  0  0100  0  0  0  0  0  0  0
  0  0  0  0100  0  0  0  0  0  0  0  0
  0  0  0100  0  0  0  0  0  0  0  0  0
  0  0100  0  0  0  0  0  0  0  0  0  0
100  0  0  0  0  0  0  0  0  0  0  0  0
  0  0  0  0  0  0  0  0  0  0  0  0  0
  0  0  0  0  0  0  0  0  0  0  0  0  0
  0  0  0  0  0  0  0  0  0  0  0  0  0
  0  0  0  0  0  0  0  0  0  0  0  0  0
  0  0  0  0  0  0  0  0  0  0  0  0  0
  0  0  0  0  0  0  0  0  0  0  0  0  0

 bias = -3.031261 pack = 0.000000

     k = 3 ak = 61 pk = 65 a = 17 b = 5 boxsum = 0.000000 ss = 48
     k = 4 ak = 69 pk = 72 a = 17 b = 4 boxsum = 0.000000 ss = 36
     k = 5 ak = 74 pk = 87 a = 17 b = 14 boxsum = 0.000000 ss = 156
 am = 27 pm = 43 maxa = 17 maxb = 13 consum = 3.031261 conmax = 3.031261 condif = 0.606252

 id = 2 m = 35 w = 9 am = 26 pm = 44 seg1 = 0 seg2 = 6 segs = 6
     k = 0 ak = 10 pk = 21 a = 19 b = 12 boxsum = 0.000000 ss = 132
     k = 2 ak = 46 pk = 58 a = 19 b = 13 boxsum = 10.000000 ss = 144
  0  0  0  0  0  0  0  0  0  0  0  0  0
  0  0  0  0  0  0  0  0  0  0  0  0  0
  0  0  0  0  0  0  0  0  0  0  0100  0
  0  0  0  0  0  0  0  0  0100  0  0  0
  0  0  0  0  0  0  0  0100  0  0  0  0
  0  0  0  0  0  0  0100  0  0  0  0  0
  0  0  0  0  0  0100  0  0  0  0  0  0
  0  0  0  0  0100  0  0  0  0  0  0  0
  0  0  0  0100  0  0  0  0  0  0  0  0
  0  0  0100  0  0  0  0  0  0  0  0  0
  0  0100  0  0  0  0  0  0  0  0  0  0
100  0  0  0  0  0  0  0  0  0  0  0  0
  0  0  0  0  0  0  0  0  0  0  0  0  0
  0  0  0  0  0  0  0  0  0  0  0  0  0
  0  0  0  0  0  0  0  0  0  0  0  0  0
  0  0  0  0  0  0  0  0  0  0  0  0  0
  0  0  0  0  0  0  0  0  0  0  0  0  0
  0  0  0  0  0  0  0  0  0  0  0  0  0
  0  0  0  0  0  0  0  0  0  0  0  0  0

 bias = -3.031262 pack = 0.000000

     k = 3 ak = 61 pk = 65 a = 19 b = 5 boxsum = 0.000000 ss = 48
     k = 4 ak = 69 pk = 72 a = 19 b = 4 boxsum = 0.000000 ss = 36
     k = 5 ak = 74 pk = 87 a = 19 b = 14 boxsum = 0.000000 ss = 156
 am = 26 pm = 44 maxa = 19 maxb = 13 consum = 3.031262 conmax = 3.031262 condif = 0.433037

 id = 2 m = 35 w = 10 am = 25 pm = 45 seg1 = 0 seg2 = 6 segs = 6
     k = 0 ak = 10 pk = 21 a = 21 b = 12 boxsum = 0.000000 ss = 132
     k = 2 ak = 46 pk = 58 a = 21 b = 13 boxsum = 10.000000 ss = 144
  0  0  0  0  0  0  0  0  0  0  0  0  0
  0  0  0  0  0  0  0  0  0  0  0  0  0
  0  0  0  0  0  0  0  0  0  0  0  0  0
  0  0  0  0  0  0  0  0  0  0  0100  0
  0  0  0  0  0  0  0  0  0100  0  0  0
  0  0  0  0  0  0  0  0100  0  0  0  0
  0  0  0  0  0  0  0100  0  0  0  0  0
  0  0  0  0  0  0100  0  0  0  0  0  0
  0  0  0  0  0100  0  0  0  0  0  0  0
  0  0  0  0100  0  0  0  0  0  0  0  0
  0  0  0100  0  0  0  0  0  0  0  0  0
  0  0100  0  0  0  0  0  0  0  0  0  0
100  0  0  0  0  0  0  0  0  0  0  0  0
  0  0  0  0  0  0  0  0  0  0  0  0  0
  0  0  0  0  0  0  0  0  0  0  0  0  0
  0  0  0  0  0  0  0  0  0  0  0  0  0
  0  0  0  0  0  0  0  0  0  0  0  0  0
  0  0  0  0  0  0  0  0  0  0  0  0  0
  0  0  0  0  0  0  0  0  0  0  0  0  0
  0  0  0  0  0  0  0  0  0  0  0  0  0
  0  0  0  0  0  0  0  0  0  0  0  0  0

 bias = -3.031263 pack = 0.000000

     k = 3 ak = 61 pk = 65 a = 21 b = 5 boxsum = 0.000000 ss = 48
     k = 4 ak = 69 pk = 72 a = 21 b = 4 boxsum = 0.000000 ss = 36
     k = 5 ak = 74 pk = 87 a = 21 b = 14 boxsum = 0.000000 ss = 156
 am = 25 pm = 45 maxa = 21 maxb = 13 consum = 3.031263 conmax = 3.031263 condif = 0.336807

 id = 2 m = 35 w = 11 am = 24 pm = 46 seg1 = 0 seg2 = 6 segs = 6
     k = 0 ak = 10 pk = 21 a = 23 b = 12 boxsum = 0.000000 ss = 132
     k = 3 ak = 61 pk = 65 a = 23 b = 5 boxsum = 0.000000 ss = 48
     k = 4 ak = 69 pk = 72 a = 23 b = 4 boxsum = 0.000000 ss = 36
     k = 5 ak = 74 pk = 87 a = 23 b = 14 boxsum = 0.000000 ss = 156
 am = 24 pm = 46 maxa = -1 maxb = -1 consum = 0.000000 conmax = 0.000000 condif = 0.000000

 id = 2 m = 36 w = 5 am = 31 pm = 41 seg1 = 0 seg2 = 6 segs = 6
     k = 0 ak = 10 pk = 21 a = 11 b = 12 boxsum = 0.000000 ss = 88
     k = 2 ak = 46 pk = 58 a = 11 b = 13 boxsum = 7.000000 ss = 96
  0  0  0  0  0  0100  0  0  0  0
  0  0  0  0  0  0  0  0  0  0  0
  0  0  0  0  0100  0  0  0  0  0
  0  0  0  0100  0  0  0  0  0  0
  0  0  0100  0  0  0  0  0  0  0
  0  0100  0  0  0  0  0  0  0  0
  0100  0  0  0  0  0  0  0  0  0
100  0  0  0  0  0  0  0  0  0  0
  0  0  0  0  0  0  0  0  0  0  0
  0  0  0  0  0  0  0  0  0  0  0
  0  0  0  0  0  0  0  0  0  0  0
  0  0  0  0  0  0  0  0  0  0  0
  0  0  0  0  0  0  0  0  0  0  0

 bias = -2.194679 pack = 0.000000

     k = 3 ak = 61 pk = 65 a = 11 b = 5 boxsum = 0.000000 ss = 32
     k = 4 ak = 69 pk = 72 a = 11 b = 4 boxsum = 0.000000 ss = 24
     k = 5 ak = 74 pk = 87 a = 11 b = 14 boxsum = 0.000000 ss = 104
 am = 31 pm = 41 maxa = 11 maxb = 13 consum = 2.194679 conmax = 2.194679 condif = 0.731560

 id = 2 m = 36 w = 6 am = 30 pm = 42 seg1 = 0 seg2 = 6 segs = 6
     k = 0 ak = 10 pk = 21 a = 13 b = 12 boxsum = 0.000000 ss = 99
     k = 2 ak = 46 pk = 58 a = 13 b = 13 boxsum = 8.000000 ss = 108
  0  0  0  0  0  0  0  0100  0  0  0  0
  0  0  0  0  0  0  0100  0  0  0  0  0
  0  0  0  0  0  0100  0  0  0  0  0  0
  0  0  0  0  0100  0  0  0  0  0  0  0
  0  0  0  0100  0  0  0  0  0  0  0  0
  0  0  0100  0  0  0  0  0  0  0  0  0
  0  0100  0  0  0  0  0  0  0  0  0  0
100  0  0  0  0  0  0  0  0  0  0  0  0
  0  0  0  0  0  0  0  0  0  0  0  0  0
  0  0  0  0  0  0  0  0  0  0  0  0  0
  0  0  0  0  0  0  0  0  0  0  0  0  0
  0  0  0  0  0  0  0  0  0  0  0  0  0
  0  0  0  0  0  0  0  0  0  0  0  0  0

 bias = -2.549557 pack = 0.000000

     k = 3 ak = 61 pk = 65 a = 13 b = 5 boxsum = 0.000000 ss = 36
     k = 4 ak = 69 pk = 72 a = 13 b = 4 boxsum = 0.000000 ss = 27
     k = 5 ak = 74 pk = 87 a = 13 b = 14 boxsum = 0.000000 ss = 117
 am = 30 pm = 42 maxa = 13 maxb = 13 consum = 2.549557 conmax = 2.549557 condif = 2.549557

 id = 2 m = 36 w = 7 am = 29 pm = 43 seg1 = 0 seg2 = 6 segs = 6
     k = 0 ak = 10 pk = 21 a = 15 b = 12 boxsum = 0.000000 ss = 110
     k = 2 ak = 46 pk = 58 a = 15 b = 13 boxsum = 9.000000 ss = 120
  0  0  0  0  0  0  0  0  0100  0  0  0
  0  0  0  0  0  0  0  0100  0  0  0  0
  0  0  0  0  0  0  0100  0  0  0  0  0
  0  0  0  0  0  0100  0  0  0  0  0  0
  0  0  0  0  0100  0  0  0  0  0  0  0
  0  0  0  0100  0  0  0  0  0  0  0  0
  0  0  0100  0  0  0  0  0  0  0  0  0
  0  0100  0  0  0  0  0  0  0  0  0  0
100  0  0  0  0  0  0  0  0  0  0  0  0
  0  0  0  0  0  0  0  0  0  0  0  0  0
  0  0  0  0  0  0  0  0  0  0  0  0  0
  0  0  0  0  0  0  0  0  0  0  0  0  0
  0  0  0  0  0  0  0  0  0  0  0  0  0
  0  0  0  0  0  0  0  0  0  0  0  0  0
  0  0  0  0  0  0  0  0  0  0  0  0  0

 bias = -2.915761 pack = 0.000000

     k = 3 ak = 61 pk = 65 a = 15 b = 5 boxsum = 0.000000 ss = 40
     k = 4 ak = 69 pk = 72 a = 15 b = 4 boxsum = 0.000000 ss = 30
     k = 5 ak = 74 pk = 87 a = 15 b = 14 boxsum = 0.000000 ss = 130
 am = 29 pm = 43 maxa = 15 maxb = 13 consum = 2.915761 conmax = 2.915761 condif = 0.971920

 id = 2 m = 36 w = 8 am = 28 pm = 44 seg1 = 0 seg2 = 6 segs = 6
     k = 0 ak = 10 pk = 21 a = 17 b = 12 boxsum = 0.000000 ss = 121
     k = 2 ak = 46 pk = 58 a = 17 b = 13 boxsum = 10.000000 ss = 132
  0  0  0  0  0  0  0  0  0  0  0100  0
  0  0  0  0  0  0  0  0  0100  0  0  0
  0  0  0  0  0  0  0  0100  0  0  0  0
  0  0  0  0  0  0  0100  0  0  0  0  0
  0  0  0  0  0  0100  0  0  0  0  0  0
  0  0  0  0  0100  0  0  0  0  0  0  0
  0  0  0  0100  0  0  0  0  0  0  0  0
  0  0  0100  0  0  0  0  0  0  0  0  0
  0  0100  0  0  0  0  0  0  0  0  0  0
100  0  0  0  0  0  0  0  0  0  0  0  0
  0  0  0  0  0  0  0  0  0  0  0  0  0
  0  0  0  0  0  0  0  0  0  0  0  0  0
  0  0  0  0  0  0  0  0  0  0  0  0  0
  0  0  0  0  0  0  0  0  0  0  0  0  0
  0  0  0  0  0  0  0  0  0  0  0  0  0
  0  0  0  0  0  0  0  0  0  0  0  0  0
  0  0  0  0  0  0  0  0  0  0  0  0  0

 bias = -3.047548 pack = 0.000000

     k = 3 ak = 61 pk = 65 a = 17 b = 5 boxsum = 0.000000 ss = 44
     k = 4 ak = 69 pk = 72 a = 17 b = 4 boxsum = 0.000000 ss = 33
     k = 5 ak = 74 pk = 87 a = 17 b = 14 boxsum = 0.000000 ss = 143
 am = 28 pm = 44 maxa = 17 maxb = 13 consum = 3.047548 conmax = 3.047548 condif = 0.609510

 id = 2 m = 36 w = 9 am = 27 pm = 45 seg1 = 0 seg2 = 6 segs = 6
     k = 0 ak = 10 pk = 21 a = 19 b = 12 boxsum = 0.000000 ss = 132
     k = 2 ak = 46 pk = 58 a = 19 b = 13 boxsum = 10.000000 ss = 144
  0  0  0  0  0  0  0  0  0  0  0  0  0
  0  0  0  0  0  0  0  0  0  0  0100  0
  0  0  0  0  0  0  0  0  0100  0  0  0
  0  0  0  0  0  0  0  0100  0  0  0  0
  0  0  0  0  0  0  0100  0  0  0  0  0
  0  0  0  0  0  0100  0  0  0  0  0  0
  0  0  0  0  0100  0  0  0  0  0  0  0
  0  0  0  0100  0  0  0  0  0  0  0  0
  0  0  0100  0  0  0  0  0  0  0  0  0
  0  0100  0  0  0  0  0  0  0  0  0  0
100  0  0  0  0  0  0  0  0  0  0  0  0
  0  0  0  0  0  0  0  0  0  0  0  0  0
  0  0  0  0  0  0  0  0  0  0  0  0  0
  0  0  0  0  0  0  0  0  0  0  0  0  0
  0  0  0  0  0  0  0  0  0  0  0  0  0
  0  0  0  0  0  0  0  0  0  0  0  0  0
  0  0  0  0  0  0  0  0  0  0  0  0  0
  0  0  0  0  0  0  0  0  0  0  0  0  0
  0  0  0  0  0  0  0  0  0  0  0  0  0

 bias = -3.047548 pack = 0.000000

     k = 3 ak = 61 pk = 65 a = 19 b = 5 boxsum = 0.000000 ss = 48
     k = 4 ak = 69 pk = 72 a = 19 b = 4 boxsum = 0.000000 ss = 36
     k = 5 ak = 74 pk = 87 a = 19 b = 14 boxsum = 0.000000 ss = 156
 am = 27 pm = 45 maxa = 19 maxb = 13 consum = 3.047548 conmax = 3.047548 condif = 0.435364

 id = 2 m = 36 w = 10 am = 26 pm = 46 seg1 = 0 seg2 = 6 segs = 6
     k = 0 ak = 10 pk = 21 a = 21 b = 12 boxsum = 0.000000 ss = 132
     k = 3 ak = 61 pk = 65 a = 21 b = 5 boxsum = 0.000000 ss = 48
     k = 4 ak = 69 pk = 72 a = 21 b = 4 boxsum = 0.000000 ss = 36
     k = 5 ak = 74 pk = 87 a = 21 b = 14 boxsum = 0.000000 ss = 156
 am = 26 pm = 46 maxa = -1 maxb = -1 consum = 0.000000 conmax = 0.000000 condif = 0.000000

 id = 2 m = 37 w = 4 am = 33 pm = 41 seg1 = 0 seg2 = 6 segs = 6
     k = 0 ak = 10 pk = 21 a = 9 b = 12 boxsum = 0.000000 ss = 66
     k = 2 ak = 46 pk = 58 a = 9 b = 13 boxsum = 5.000000 ss = 72
  0  0  0  0100  0  0  0  0
  0  0  0  0  0  0  0  0  0
  0  0  0100  0  0  0  0  0
  0  0100  0  0  0  0  0  0
  0100  0  0  0  0  0  0  0
100  0  0  0  0  0  0  0  0
  0  0  0  0  0  0  0  0  0
  0  0  0  0  0  0  0  0  0
  0  0  0  0  0  0  0  0  0
  0  0  0  0  0  0  0  0  0
  0  0  0  0  0  0  0  0  0
  0  0  0  0  0  0  0  0  0
  0  0  0  0  0  0  0  0  0

 bias = -1.503097 pack = 0.000000

     k = 3 ak = 61 pk = 65 a = 9 b = 5 boxsum = 0.000000 ss = 24
     k = 4 ak = 69 pk = 72 a = 9 b = 4 boxsum = 0.000000 ss = 18
     k = 5 ak = 74 pk = 87 a = 9 b = 14 boxsum = 0.000000 ss = 78
 am = 33 pm = 41 maxa = 9 maxb = 13 consum = 1.503097 conmax = 1.503097 condif = 0.300619

 id = 2 m = 37 w = 5 am = 32 pm = 42 seg1 = 0 seg2 = 6 segs = 6
     k = 0 ak = 10 pk = 21 a = 11 b = 12 boxsum = 0.000000 ss = 77
     k = 2 ak = 46 pk = 58 a = 11 b = 13 boxsum = 6.000000 ss = 84
  0  0  0  0  0100  0  0  0  0  0
  0  0  0  0  0  0  0  0  0  0  0
  0  0  0  0100  0  0  0  0  0  0
  0  0  0100  0  0  0  0  0  0  0
  0  0100  0  0  0  0  0  0  0  0
  0100  0  0  0  0  0  0  0  0  0
100  0  0  0  0  0  0  0  0  0  0
  0  0  0  0  0  0  0  0  0  0  0
  0  0  0  0  0  0  0  0  0  0  0
  0  0  0  0  0  0  0  0  0  0  0
  0  0  0  0  0  0  0  0  0  0  0
  0  0  0  0  0  0  0  0  0  0  0
  0  0  0  0  0  0  0  0  0  0  0

 bias = -1.845098 pack = 0.000000

     k = 3 ak = 61 pk = 65 a = 11 b = 5 boxsum = 0.000000 ss = 28
     k = 4 ak = 69 pk = 72 a = 11 b = 4 boxsum = 0.000000 ss = 21
     k = 5 ak = 74 pk = 87 a = 11 b = 14 boxsum = 0.000000 ss = 91
 am = 32 pm = 42 maxa = 11 maxb = 13 consum = 1.845098 conmax = 1.845098 condif = 0.615033

 id = 2 m = 37 w = 6 am = 31 pm = 43 seg1 = 0 seg2 = 6 segs = 6
     k = 0 ak = 10 pk = 21 a = 13 b = 12 boxsum = 0.000000 ss = 88
     k = 2 ak = 46 pk = 58 a = 13 b = 13 boxsum = 7.000000 ss = 96
  0  0  0  0  0  0  0100  0  0  0  0  0
  0  0  0  0  0  0100  0  0  0  0  0  0
  0  0  0  0  0100  0  0  0  0  0  0  0
  0  0  0  0100  0  0  0  0  0  0  0  0
  0  0  0100  0  0  0  0  0  0  0  0  0
  0  0100  0  0  0  0  0  0  0  0  0  0
100  0  0  0  0  0  0  0  0  0  0  0  0
  0  0  0  0  0  0  0  0  0  0  0  0  0
  0  0  0  0  0  0  0  0  0  0  0  0  0
  0  0  0  0  0  0  0  0  0  0  0  0  0
  0  0  0  0  0  0  0  0  0  0  0  0  0
  0  0  0  0  0  0  0  0  0  0  0  0  0
  0  0  0  0  0  0  0  0  0  0  0  0  0

 bias = -2.194746 pack = 0.000000

     k = 3 ak = 61 pk = 65 a = 13 b = 5 boxsum = 0.000000 ss = 32
     k = 4 ak = 69 pk = 72 a = 13 b = 4 boxsum = 0.000000 ss = 24
     k = 5 ak = 74 pk = 87 a = 13 b = 14 boxsum = 0.000000 ss = 104
 am = 31 pm = 43 maxa = 13 maxb = 13 consum = 2.194746 conmax = 2.194746 condif = 2.194746

 id = 2 m = 37 w = 7 am = 30 pm = 44 seg1 = 0 seg2 = 6 segs = 6
     k = 0 ak = 10 pk = 21 a = 15 b = 12 boxsum = 0.000000 ss = 99
     k = 2 ak = 46 pk = 58 a = 15 b = 13 boxsum = 8.000000 ss = 108
  0  0  0  0  0  0  0  0100  0  0  0  0
  0  0  0  0  0  0  0100  0  0  0  0  0
  0  0  0  0  0  0100  0  0  0  0  0  0
  0  0  0  0  0100  0  0  0  0  0  0  0
  0  0  0  0100  0  0  0  0  0  0  0  0
  0  0  0100  0  0  0  0  0  0  0  0  0
  0  0100  0  0  0  0  0  0  0  0  0  0
100  0  0  0  0  0  0  0  0  0  0  0  0
  0  0  0  0  0  0  0  0  0  0  0  0  0
  0  0  0  0  0  0  0  0  0  0  0  0  0
  0  0  0  0  0  0  0  0  0  0  0  0  0
  0  0  0  0  0  0  0  0  0  0  0  0  0
  0  0  0  0  0  0  0  0  0  0  0  0  0
  0  0  0  0  0  0  0  0  0  0  0  0  0
  0  0  0  0  0  0  0  0  0  0  0  0  0

 bias = -2.554589 pack = 0.000000

     k = 3 ak = 61 pk = 65 a = 15 b = 5 boxsum = 0.000000 ss = 36
     k = 4 ak = 69 pk = 72 a = 15 b = 4 boxsum = 0.000000 ss = 27
     k = 5 ak = 74 pk = 87 a = 15 b = 14 boxsum = 0.000000 ss = 117
 am = 30 pm = 44 maxa = 15 maxb = 13 consum = 2.554589 conmax = 2.554589 condif = 0.851530

 id = 2 m = 37 w = 8 am = 29 pm = 45 seg1 = 0 seg2 = 6 segs = 6
     k = 0 ak = 10 pk = 21 a = 17 b = 12 boxsum = 0.000000 ss = 110
     k = 2 ak = 46 pk = 58 a = 17 b = 13 boxsum = 9.000000 ss = 120
  0  0  0  0  0  0  0  0  0100  0  0  0
  0  0  0  0  0  0  0  0100  0  0  0  0
  0  0  0  0  0  0  0100  0  0  0  0  0
  0  0  0  0  0  0100  0  0  0  0  0  0
  0  0  0  0  0100  0  0  0  0  0  0  0
  0  0  0  0100  0  0  0  0  0  0  0  0
  0  0  0100  0  0  0  0  0  0  0  0  0
  0  0100  0  0  0  0  0  0  0  0  0  0
100  0  0  0  0  0  0  0  0  0  0  0  0
  0  0  0  0  0  0  0  0  0  0  0  0  0
  0  0  0  0  0  0  0  0  0  0  0  0  0
  0  0  0  0  0  0  0  0  0  0  0  0  0
  0  0  0  0  0  0  0  0  0  0  0  0  0
  0  0  0  0  0  0  0  0  0  0  0  0  0
  0  0  0  0  0  0  0  0  0  0  0  0  0
  0  0  0  0  0  0  0  0  0  0  0  0  0
  0  0  0  0  0  0  0  0  0  0  0  0  0

 bias = -2.929217 pack = 0.000000

     k = 3 ak = 61 pk = 65 a = 17 b = 5 boxsum = 0.000000 ss = 40
     k = 4 ak = 69 pk = 72 a = 17 b = 4 boxsum = 0.000000 ss = 30
     k = 5 ak = 74 pk = 87 a = 17 b = 14 boxsum = 0.000000 ss = 130
 am = 29 pm = 45 maxa = 17 maxb = 13 consum = 2.929217 conmax = 2.929217 condif = 0.585843

 id = 2 m = 37 w = 9 am = 28 pm = 46 seg1 = 0 seg2 = 6 segs = 6
     k = 0 ak = 10 pk = 21 a = 19 b = 12 boxsum = 0.000000 ss = 121
     k = 3 ak = 61 pk = 65 a = 19 b = 5 boxsum = 0.000000 ss = 44
     k = 4 ak = 69 pk = 72 a = 19 b = 4 boxsum = 0.000000 ss = 33
     k = 5 ak = 74 pk = 87 a = 19 b = 14 boxsum = 0.000000 ss = 143
 am = 28 pm = 46 maxa = -1 maxb = -1 consum = 0.000000 conmax = 0.000000 condif = 0.000000

 id = 2 m = 38 w = 3 am = 35 pm = 41 seg1 = 0 seg2 = 6 segs = 6
     k = 0 ak = 10 pk = 21 a = 7 b = 12 boxsum = 0.000000 ss = 44
     k = 2 ak = 46 pk = 58 a = 7 b = 13 boxsum = 3.000000 ss = 48
  0  0100  0  0  0  0
  0  0  0  0  0  0  0
  0100  0  0  0  0  0
100  0  0  0  0  0  0
  0  0  0  0  0  0  0
  0  0  0  0  0  0  0
  0  0  0  0  0  0  0
  0  0  0  0  0  0  0
  0  0  0  0  0  0  0
  0  0  0  0  0  0  0
  0  0  0  0  0  0  0
  0  0  0  0  0  0  0
  0  0  0  0  0  0  0

 bias = -0.841733 pack = 0.000000

     k = 3 ak = 61 pk = 65 a = 7 b = 5 boxsum = 0.000000 ss = 16
     k = 4 ak = 69 pk = 72 a = 7 b = 4 boxsum = 0.000000 ss = 12
     k = 5 ak = 74 pk = 87 a = 7 b = 14 boxsum = 0.000000 ss = 52
 am = 35 pm = 41 maxa = 7 maxb = 13 consum = 0.841733 conmax = 0.841733 condif = 0.120248

 id = 2 m = 38 w = 4 am = 34 pm = 42 seg1 = 0 seg2 = 6 segs = 6
     k = 0 ak = 10 pk = 21 a = 9 b = 12 boxsum = 0.000000 ss = 55
     k = 2 ak = 46 pk = 58 a = 9 b = 13 boxsum = 4.000000 ss = 60
  0  0  0100  0  0  0  0  0
  0  0  0  0  0  0  0  0  0
  0  0100  0  0  0  0  0  0
  0100  0  0  0  0  0  0  0
100  0  0  0  0  0  0  0  0
  0  0  0  0  0  0  0  0  0
  0  0  0  0  0  0  0  0  0
  0  0  0  0  0  0  0  0  0
  0  0  0  0  0  0  0  0  0
  0  0  0  0  0  0  0  0  0
  0  0  0  0  0  0  0  0  0
  0  0  0  0  0  0  0  0  0
  0  0  0  0  0  0  0  0  0

 bias = -1.166932 pack = 0.000000

     k = 3 ak = 61 pk = 65 a = 9 b = 5 boxsum = 0.000000 ss = 20
     k = 4 ak = 69 pk = 72 a = 9 b = 4 boxsum = 0.000000 ss = 15
     k = 5 ak = 74 pk = 87 a = 9 b = 14 boxsum = 0.000000 ss = 65
 am = 34 pm = 42 maxa = 9 maxb = 13 consum = 1.166932 conmax = 1.166932 condif = 0.233386

 id = 2 m = 38 w = 5 am = 33 pm = 43 seg1 = 0 seg2 = 6 segs = 6
     k = 0 ak = 10 pk = 21 a = 11 b = 12 boxsum = 0.000000 ss = 66
     k = 2 ak = 46 pk = 58 a = 11 b = 13 boxsum = 5.000000 ss = 72
  0  0  0  0100  0  0  0  0  0  0
  0  0  0  0  0  0  0  0  0  0  0
  0  0  0100  0  0  0  0  0  0  0
  0  0100  0  0  0  0  0  0  0  0
  0100  0  0  0  0  0  0  0  0  0
100  0  0  0  0  0  0  0  0  0  0
  0  0  0  0  0  0  0  0  0  0  0
  0  0  0  0  0  0  0  0  0  0  0
  0  0  0  0  0  0  0  0  0  0  0
  0  0  0  0  0  0  0  0  0  0  0
  0  0  0  0  0  0  0  0  0  0  0
  0  0  0  0  0  0  0  0  0  0  0
  0  0  0  0  0  0  0  0  0  0  0

 bias = -1.501530 pack = 0.000000

     k = 3 ak = 61 pk = 65 a = 11 b = 5 boxsum = 0.000000 ss = 24
     k = 4 ak = 69 pk = 72 a = 11 b = 4 boxsum = 0.000000 ss = 18
     k = 5 ak = 74 pk = 87 a = 11 b = 14 boxsum = 0.000000 ss = 78
 am = 33 pm = 43 maxa = 11 maxb = 13 consum = 1.501530 conmax = 1.501530 condif = 0.500510

 id = 2 m = 38 w = 6 am = 32 pm = 44 seg1 = 0 seg2 = 6 segs = 6
     k = 0 ak = 10 pk = 21 a = 13 b = 12 boxsum = 0.000000 ss = 77
     k = 2 ak = 46 pk = 58 a = 13 b = 13 boxsum = 6.000000 ss = 84
  0  0  0  0  0  0100  0  0  0  0  0  0
  0  0  0  0  0100  0  0  0  0  0  0  0
  0  0  0  0100  0  0  0  0  0  0  0  0
  0  0  0100  0  0  0  0  0  0  0  0  0
  0  0100  0  0  0  0  0  0  0  0  0  0
100  0  0  0  0  0  0  0  0  0  0  0  0
  0  0  0  0  0  0  0  0  0  0  0  0  0
  0  0  0  0  0  0  0  0  0  0  0  0  0
  0  0  0  0  0  0  0  0  0  0  0  0  0
  0  0  0  0  0  0  0  0  0  0  0  0  0
  0  0  0  0  0  0  0  0  0  0  0  0  0
  0  0  0  0  0  0  0  0  0  0  0  0  0
  0  0  0  0  0  0  0  0  0  0  0  0  0

 bias = -1.844773 pack = 0.000000

     k = 3 ak = 61 pk = 65 a = 13 b = 5 boxsum = 0.000000 ss = 28
     k = 4 ak = 69 pk = 72 a = 13 b = 4 boxsum = 0.000000 ss = 21
     k = 5 ak = 74 pk = 87 a = 13 b = 14 boxsum = 0.000000 ss = 91
 am = 32 pm = 44 maxa = 13 maxb = 13 consum = 1.844773 conmax = 1.844773 condif = 1.844773

 id = 2 m = 38 w = 7 am = 31 pm = 45 seg1 = 0 seg2 = 6 segs = 6
     k = 0 ak = 10 pk = 21 a = 15 b = 12 boxsum = 0.000000 ss = 88
     k = 2 ak = 46 pk = 58 a = 15 b = 13 boxsum = 7.000000 ss = 96
  0  0  0  0  0  0  0100  0  0  0  0  0
  0  0  0  0  0  0100  0  0  0  0  0  0
  0  0  0  0  0100  0  0  0  0  0  0  0
  0  0  0  0100  0  0  0  0  0  0  0  0
  0  0  0100  0  0  0  0  0  0  0  0  0
  0  0100  0  0  0  0  0  0  0  0  0  0
100  0  0  0  0  0  0  0  0  0  0  0  0
  0  0  0  0  0  0  0  0  0  0  0  0  0
  0  0  0  0  0  0  0  0  0  0  0  0  0
  0  0  0  0  0  0  0  0  0  0  0  0  0
  0  0  0  0  0  0  0  0  0  0  0  0  0
  0  0  0  0  0  0  0  0  0  0  0  0  0
  0  0  0  0  0  0  0  0  0  0  0  0  0
  0  0  0  0  0  0  0  0  0  0  0  0  0
  0  0  0  0  0  0  0  0  0  0  0  0  0

 bias = -2.197770 pack = 0.000000

     k = 3 ak = 61 pk = 65 a = 15 b = 5 boxsum = 0.000000 ss = 32
     k = 4 ak = 69 pk = 72 a = 15 b = 4 boxsum = 0.000000 ss = 24
     k = 5 ak = 74 pk = 87 a = 15 b = 14 boxsum = 0.000000 ss = 104
 am = 31 pm = 45 maxa = 15 maxb = 13 consum = 2.197770 conmax = 2.197770 condif = 0.732590

 id = 2 m = 38 w = 8 am = 30 pm = 46 seg1 = 0 seg2 = 6 segs = 6
     k = 0 ak = 10 pk = 21 a = 17 b = 12 boxsum = 0.000000 ss = 99
     k = 3 ak = 61 pk = 65 a = 17 b = 5 boxsum = 0.000000 ss = 36
     k = 4 ak = 69 pk = 72 a = 17 b = 4 boxsum = 0.000000 ss = 27
     k = 5 ak = 74 pk = 87 a = 17 b = 14 boxsum = 0.000000 ss = 117
 am = 30 pm = 46 maxa = -1 maxb = -1 consum = 0.000000 conmax = 0.000000 condif = 0.000000

 id = 2 m = 39 w = 2 am = 37 pm = 41 seg1 = 0 seg2 = 6 segs = 6
     k = 0 ak = 10 pk = 21 a = 5 b = 12 boxsum = 0.000000 ss = 22
     k = 2 ak = 46 pk = 58 a = 5 b = 13 boxsum = 1.000000 ss = 24
100  0  0  0  0
  0  0  0  0  0
  0  0  0  0  0
  0  0  0  0  0
  0  0  0  0  0
  0  0  0  0  0
  0  0  0  0  0
  0  0  0  0  0
  0  0  0  0  0
  0  0  0  0  0
  0  0  0  0  0
  0  0  0  0  0
  0  0  0  0  0

 bias = 0.000000 pack = 0.000000

     k = 3 ak = 61 pk = 65 a = 5 b = 5 boxsum = 0.000000 ss = 8
     k = 4 ak = 69 pk = 72 a = 5 b = 4 boxsum = 0.000000 ss = 6
     k = 5 ak = 74 pk = 87 a = 5 b = 14 boxsum = 0.000000 ss = 26
 am = 37 pm = 41 maxa = -1 maxb = -1 consum = 0.000000 conmax = 0.000000 condif = 0.000000

 id = 2 m = 39 w = 3 am = 36 pm = 42 seg1 = 0 seg2 = 6 segs = 6
     k = 0 ak = 10 pk = 21 a = 7 b = 12 boxsum = 0.000000 ss = 33
     k = 2 ak = 46 pk = 58 a = 7 b = 13 boxsum = 2.000000 ss = 36
  0100  0  0  0  0  0
  0  0  0  0  0  0  0
100  0  0  0  0  0  0
  0  0  0  0  0  0  0
  0  0  0  0  0  0  0
  0  0  0  0  0  0  0
  0  0  0  0  0  0  0
  0  0  0  0  0  0  0
  0  0  0  0  0  0  0
  0  0  0  0  0  0  0
  0  0  0  0  0  0  0
  0  0  0  0  0  0  0
  0  0  0  0  0  0  0

 bias = -0.523627 pack = 0.000000

     k = 3 ak = 61 pk = 65 a = 7 b = 5 boxsum = 0.000000 ss = 12
     k = 4 ak = 69 pk = 72 a = 7 b = 4 boxsum = 0.000000 ss = 9
     k = 5 ak = 74 pk = 87 a = 7 b = 14 boxsum = 0.000000 ss = 39
 am = 36 pm = 42 maxa = 7 maxb = 13 consum = 0.523627 conmax = 0.523627 condif = 0.074804

 id = 2 m = 39 w = 4 am = 35 pm = 43 seg1 = 0 seg2 = 6 segs = 6
     k = 0 ak = 10 pk = 21 a = 9 b = 12 boxsum = 0.000000 ss = 44
     k = 2 ak = 46 pk = 58 a = 9 b = 13 boxsum = 3.000000 ss = 48
  0  0100  0  0  0  0  0  0
  0  0  0  0  0  0  0  0  0
  0100  0  0  0  0  0  0  0
100  0  0  0  0  0  0  0  0
  0  0  0  0  0  0  0  0  0
  0  0  0  0  0  0  0  0  0
  0  0  0  0  0  0  0  0  0
  0  0  0  0  0  0  0  0  0
  0  0  0  0  0  0  0  0  0
  0  0  0  0  0  0  0  0  0
  0  0  0  0  0  0  0  0  0
  0  0  0  0  0  0  0  0  0
  0  0  0  0  0  0  0  0  0

 bias = -0.840946 pack = 0.000000

     k = 3 ak = 61 pk = 65 a = 9 b = 5 boxsum = 0.000000 ss = 16
     k = 4 ak = 69 pk = 72 a = 9 b = 4 boxsum = 0.000000 ss = 12
     k = 5 ak = 74 pk = 87 a = 9 b = 14 boxsum = 0.000000 ss = 52
 am = 35 pm = 43 maxa = 9 maxb = 13 consum = 0.840946 conmax = 0.840946 condif = 0.168189

 id = 2 m = 39 w = 5 am = 34 pm = 44 seg1 = 0 seg2 = 6 segs = 6
     k = 0 ak = 10 pk = 21 a = 11 b = 12 boxsum = 0.000000 ss = 55
     k = 2 ak = 46 pk = 58 a = 11 b = 13 boxsum = 4.000000 ss = 60
  0  0  0100  0  0  0  0  0  0  0
  0  0  0  0  0  0  0  0  0  0  0
  0  0100  0  0  0  0  0  0  0  0
  0100  0  0  0  0  0  0  0  0  0
100  0  0  0  0  0  0  0  0  0  0
  0  0  0  0  0  0  0  0  0  0  0
  0  0  0  0  0  0  0  0  0  0  0
  0  0  0  0  0  0  0  0  0  0  0
  0  0  0  0  0  0  0  0  0  0  0
  0  0  0  0  0  0  0  0  0  0  0
  0  0  0  0  0  0  0  0  0  0  0
  0  0  0  0  0  0  0  0  0  0  0
  0  0  0  0  0  0  0  0  0  0  0

 bias = -1.165889 pack = 0.000000

     k = 3 ak = 61 pk = 65 a = 11 b = 5 boxsum = 0.000000 ss = 20
     k = 4 ak = 69 pk = 72 a = 11 b = 4 boxsum = 0.000000 ss = 15
     k = 5 ak = 74 pk = 87 a = 11 b = 14 boxsum = 0.000000 ss = 65
 am = 34 pm = 44 maxa = 11 maxb = 13 consum = 1.165889 conmax = 1.165889 condif = 0.388630

 id = 2 m = 39 w = 6 am = 33 pm = 45 seg1 = 0 seg2 = 6 segs = 6
     k = 0 ak = 10 pk = 21 a = 13 b = 12 boxsum = 0.000000 ss = 66
     k = 2 ak = 46 pk = 58 a = 13 b = 13 boxsum = 5.000000 ss = 72
  0  0  0  0  0100  0  0  0  0  0  0  0
  0  0  0  0100  0  0  0  0  0  0  0  0
  0  0  0100  0  0  0  0  0  0  0  0  0
  0  0100  0  0  0  0  0  0  0  0  0  0
100  0  0  0  0  0  0  0  0  0  0  0  0
  0  0  0  0  0  0  0  0  0  0  0  0  0
  0  0  0  0  0  0  0  0  0  0  0  0  0
  0  0  0  0  0  0  0  0  0  0  0  0  0
  0  0  0  0  0  0  0  0  0  0  0  0  0
  0  0  0  0  0  0  0  0  0  0  0  0  0
  0  0  0  0  0  0  0  0  0  0  0  0  0
  0  0  0  0  0  0  0  0  0  0  0  0  0
  0  0  0  0  0  0  0  0  0  0  0  0  0

 bias = -1.501011 pack = 0.000000

     k = 3 ak = 61 pk = 65 a = 13 b = 5 boxsum = 0.000000 ss = 24
     k = 4 ak = 69 pk = 72 a = 13 b = 4 boxsum = 0.000000 ss = 18
     k = 5 ak = 74 pk = 87 a = 13 b = 14 boxsum = 0.000000 ss = 78
 am = 33 pm = 45 maxa = 13 maxb = 13 consum = 1.501011 conmax = 1.501011 condif = 1.501011

 id = 2 m = 39 w = 7 am = 32 pm = 46 seg1 = 0 seg2 = 6 segs = 6
     k = 0 ak = 10 pk = 21 a = 15 b = 12 boxsum = 0.000000 ss = 77
     k = 3 ak = 61 pk = 65 a = 15 b = 5 boxsum = 0.000000 ss = 28
     k = 4 ak = 69 pk = 72 a = 15 b = 4 boxsum = 0.000000 ss = 21
     k = 5 ak = 74 pk = 87 a = 15 b = 14 boxsum = 0.000000 ss = 91
 am = 32 pm = 46 maxa = -1 maxb = -1 consum = 0.000000 conmax = 0.000000 condif = 0.000000

 id = 2 m = 40 w = 2 am = 38 pm = 42 seg1 = 0 seg2 = 6 segs = 6
     k = 0 ak = 10 pk = 21 a = 5 b = 12 boxsum = 0.000000 ss = 11
     k = 2 ak = 46 pk = 58 a = 5 b = 13 boxsum = 0.000000 ss = 12
     k = 3 ak = 61 pk = 65 a = 5 b = 5 boxsum = 0.000000 ss = 4
     k = 4 ak = 69 pk = 72 a = 5 b = 4 boxsum = 0.000000 ss = 3
     k = 5 ak = 74 pk = 87 a = 5 b = 14 boxsum = 0.000000 ss = 13
 am = 38 pm = 42 maxa = -1 maxb = -1 consum = 0.000000 conmax = 0.000000 condif = 0.000000

 id = 2 m = 40 w = 3 am = 37 pm = 43 seg1 = 0 seg2 = 6 segs = 6
     k = 0 ak = 10 pk = 21 a = 7 b = 12 boxsum = 0.000000 ss = 22
     k = 2 ak = 46 pk = 58 a = 7 b = 13 boxsum = 1.000000 ss = 24
100  0  0  0  0  0  0
  0  0  0  0  0  0  0
  0  0  0  0  0  0  0
  0  0  0  0  0  0  0
  0  0  0  0  0  0  0
  0  0  0  0  0  0  0
  0  0  0  0  0  0  0
  0  0  0  0  0  0  0
  0  0  0  0  0  0  0
  0  0  0  0  0  0  0
  0  0  0  0  0  0  0
  0  0  0  0  0  0  0
  0  0  0  0  0  0  0

 bias = 0.000000 pack = 0.000000

     k = 3 ak = 61 pk = 65 a = 7 b = 5 boxsum = 0.000000 ss = 8
     k = 4 ak = 69 pk = 72 a = 7 b = 4 boxsum = 0.000000 ss = 6
     k = 5 ak = 74 pk = 87 a = 7 b = 14 boxsum = 0.000000 ss = 26
 am = 37 pm = 43 maxa = -1 maxb = -1 consum = 0.000000 conmax = 0.000000 condif = 0.000000

 id = 2 m = 40 w = 4 am = 36 pm = 44 seg1 = 0 seg2 = 6 segs = 6
     k = 0 ak = 10 pk = 21 a = 9 b = 12 boxsum = 0.000000 ss = 33
     k = 2 ak = 46 pk = 58 a = 9 b = 13 boxsum = 2.000000 ss = 36
  0100  0  0  0  0  0  0  0
  0  0  0  0  0  0  0  0  0
100  0  0  0  0  0  0  0  0
  0  0  0  0  0  0  0  0  0
  0  0  0  0  0  0  0  0  0
  0  0  0  0  0  0  0  0  0
  0  0  0  0  0  0  0  0  0
  0  0  0  0  0  0  0  0  0
  0  0  0  0  0  0  0  0  0
  0  0  0  0  0  0  0  0  0
  0  0  0  0  0  0  0  0  0
  0  0  0  0  0  0  0  0  0
  0  0  0  0  0  0  0  0  0

 bias = -0.523341 pack = 0.000000

     k = 3 ak = 61 pk = 65 a = 9 b = 5 boxsum = 0.000000 ss = 12
     k = 4 ak = 69 pk = 72 a = 9 b = 4 boxsum = 0.000000 ss = 9
     k = 5 ak = 74 pk = 87 a = 9 b = 14 boxsum = 0.000000 ss = 39
 am = 36 pm = 44 maxa = 9 maxb = 13 consum = 0.523341 conmax = 0.523341 condif = 0.104668

 id = 2 m = 40 w = 5 am = 35 pm = 45 seg1 = 0 seg2 = 6 segs = 6
     k = 0 ak = 10 pk = 21 a = 11 b = 12 boxsum = 0.000000 ss = 44
     k = 2 ak = 46 pk = 58 a = 11 b = 13 boxsum = 3.000000 ss = 48
  0  0100  0  0  0  0  0  0  0  0
  0  0  0  0  0  0  0  0  0  0  0
  0100  0  0  0  0  0  0  0  0  0
100  0  0  0  0  0  0  0  0  0  0
  0  0  0  0  0  0  0  0  0  0  0
  0  0  0  0  0  0  0  0  0  0  0
  0  0  0  0  0  0  0  0  0  0  0
  0  0  0  0  0  0  0  0  0  0  0
  0  0  0  0  0  0  0  0  0  0  0
  0  0  0  0  0  0  0  0  0  0  0
  0  0  0  0  0  0  0  0  0  0  0
  0  0  0  0  0  0  0  0  0  0  0
  0  0  0  0  0  0  0  0  0  0  0

 bias = -0.840343 pack = 0.000000

     k = 3 ak = 61 pk = 65 a = 11 b = 5 boxsum = 0.000000 ss = 16
     k = 4 ak = 69 pk = 72 a = 11 b = 4 boxsum = 0.000000 ss = 12
     k = 5 ak = 74 pk = 87 a = 11 b = 14 boxsum = 0.000000 ss = 52
 am = 35 pm = 45 maxa = 11 maxb = 13 consum = 0.840343 conmax = 0.840343 condif = 0.280114

 id = 2 m = 40 w = 6 am = 34 pm = 46 seg1 = 0 seg2 = 6 segs = 6
     k = 0 ak = 10 pk = 21 a = 13 b = 12 boxsum = 0.000000 ss = 55
     k = 3 ak = 61 pk = 65 a = 13 b = 5 boxsum = 0.000000 ss = 20
     k = 4 ak = 69 pk = 72 a = 13 b = 4 boxsum = 0.000000 ss = 15
     k = 5 ak = 74 pk = 87 a = 13 b = 14 boxsum = 0.000000 ss = 65
 am = 34 pm = 46 maxa = -1 maxb = -1 consum = 0.000000 conmax = 0.000000 condif = 0.000000

 id = 0 m = 41 w = 2 am = 39 pm = 43 seg1 = 0 seg2 = 6 segs = 6
     k = 0 ak = 10 pk = 21 a = 5 b = 12 boxsum = 0.000000 ss = 0
     k = 1 ak = 26 pk = 38 a = 5 b = 13 boxsum = 0.000000 ss = 0
     k = 2 ak = 46 pk = 58 a = 5 b = 13 boxsum = 0.000000 ss = 0
     k = 3 ak = 61 pk = 65 a = 5 b = 5 boxsum = 0.000000 ss = 0
     k = 4 ak = 69 pk = 72 a = 5 b = 4 boxsum = 0.000000 ss = 0
     k = 5 ak = 74 pk = 87 a = 5 b = 14 boxsum = 0.000000 ss = 0
 am = 39 pm = 43 maxa = -1 maxb = -1 consum = 0.000000 conmax = 0.000000 condif = 0.000000

 id = 2 m = 41 w = 3 am = 38 pm = 44 seg1 = 0 seg2 = 6 segs = 6
     k = 0 ak = 10 pk = 21 a = 7 b = 12 boxsum = 0.000000 ss = 11
     k = 2 ak = 46 pk = 58 a = 7 b = 13 boxsum = 0.000000 ss = 12
     k = 3 ak = 61 pk = 65 a = 7 b = 5 boxsum = 0.000000 ss = 4
     k = 4 ak = 69 pk = 72 a = 7 b = 4 boxsum = 0.000000 ss = 3
     k = 5 ak = 74 pk = 87 a = 7 b = 14 boxsum = 0.000000 ss = 13
 am = 38 pm = 44 maxa = -1 maxb = -1 consum = 0.000000 conmax = 0.000000 condif = 0.000000

 id = 2 m = 41 w = 4 am = 37 pm = 45 seg1 = 0 seg2 = 6 segs = 6
     k = 0 ak = 10 pk = 21 a = 9 b = 12 boxsum = 0.000000 ss = 22
     k = 2 ak = 46 pk = 58 a = 9 b = 13 boxsum = 1.000000 ss = 24
100  0  0  0  0  0  0  0  0
  0  0  0  0  0  0  0  0  0
  0  0  0  0  0  0  0  0  0
  0  0  0  0  0  0  0  0  0
  0  0  0  0  0  0  0  0  0
  0  0  0  0  0  0  0  0  0
  0  0  0  0  0  0  0  0  0
  0  0  0  0  0  0  0  0  0
  0  0  0  0  0  0  0  0  0
  0  0  0  0  0  0  0  0  0
  0  0  0  0  0  0  0  0  0
  0  0  0  0  0  0  0  0  0
  0  0  0  0  0  0  0  0  0

 bias = 0.000000 pack = 0.000000

     k = 3 ak = 61 pk = 65 a = 9 b = 5 boxsum = 0.000000 ss = 8
     k = 4 ak = 69 pk = 72 a = 9 b = 4 boxsum = 0.000000 ss = 6
     k = 5 ak = 74 pk = 87 a = 9 b = 14 boxsum = 0.000000 ss = 26
 am = 37 pm = 45 maxa = -1 maxb = -1 consum = 0.000000 conmax = 0.000000 condif = 0.000000

 id = 2 m = 41 w = 5 am = 36 pm = 46 seg1 = 0 seg2 = 6 segs = 6
     k = 0 ak = 10 pk = 21 a = 11 b = 12 boxsum = 0.000000 ss = 33
     k = 3 ak = 61 pk = 65 a = 11 b = 5 boxsum = 0.000000 ss = 12
     k = 4 ak = 69 pk = 72 a = 11 b = 4 boxsum = 0.000000 ss = 9
     k = 5 ak = 74 pk = 87 a = 11 b = 14 boxsum = 0.000000 ss = 39
 am = 36 pm = 46 maxa = -1 maxb = -1 consum = 0.000000 conmax = 0.000000 condif = 0.000000

 id = 0 m = 42 w = 3 am = 39 pm = 45 seg1 = 0 seg2 = 6 segs = 6
     k = 0 ak = 10 pk = 21 a = 7 b = 12 boxsum = 0.000000 ss = 0
     k = 1 ak = 26 pk = 38 a = 7 b = 13 boxsum = 0.000000 ss = 0
     k = 2 ak = 46 pk = 58 a = 7 b = 13 boxsum = 0.000000 ss = 0
     k = 3 ak = 61 pk = 65 a = 7 b = 5 boxsum = 0.000000 ss = 0
     k = 4 ak = 69 pk = 72 a = 7 b = 4 boxsum = 0.000000 ss = 0
     k = 5 ak = 74 pk = 87 a = 7 b = 14 boxsum = 0.000000 ss = 0
 am = 39 pm = 45 maxa = -1 maxb = -1 consum = 0.000000 conmax = 0.000000 condif = 0.000000

 id = 2 m = 42 w = 4 am = 38 pm = 46 seg1 = 0 seg2 = 6 segs = 6
     k = 0 ak = 10 pk = 21 a = 9 b = 12 boxsum = 0.000000 ss = 11
     k = 3 ak = 61 pk = 65 a = 9 b = 5 boxsum = 0.000000 ss = 4
     k = 4 ak = 69 pk = 72 a = 9 b = 4 boxsum = 0.000000 ss = 3
     k = 5 ak = 74 pk = 87 a = 9 b = 14 boxsum = 0.000000 ss = 13
 am = 38 pm = 46 maxa = -1 maxb = -1 consum = 0.000000 conmax = 0.000000 condif = 0.000000

 id = 3 m = 43 w = 4 am = 39 pm = 47 seg1 = 0 seg2 = 6 segs = 6
     k = 0 ak = 10 pk = 21 a = 9 b = 12 boxsum = 0.000000 ss = 11
     k = 1 ak = 26 pk = 38 a = 9 b = 13 boxsum = 1.000000 ss = 12
  0  0  0  0  0  0  0  0  0
  0  0  0  0  0  0  0  0  0
  0  0  0  0  0  0  0  0  0
  0  0  0  0  0  0  0  0  0
  0  0  0  0  0  0  0  0  0
  0  0  0  0  0  0  0  0  0
  0  0  0  0  0  0  0  0  0
  0  0  0  0  0  0  0  0  0
  0  0  0  0  0  0  0  0  0
  0  0  0  0  0  0  0  0  0
  0  0  0  0  0  0  0  0  0
  0  0  0  0  0  0  0100  0
  0  0  0  0  0  0  0  0  0

 bias = 0.000000 pack = 0.000000

     k = 3 ak = 61 pk = 65 a = 9 b = 5 boxsum = 0.000000 ss = 4
     k = 4 ak = 69 pk = 72 a = 9 b = 4 boxsum = 0.000000 ss = 3
     k = 5 ak = 74 pk = 87 a = 9 b = 14 boxsum = 0.000000 ss = 13
 am = 39 pm = 47 maxa = -1 maxb = -1 consum = 0.000000 conmax = 0.000000 condif = 0.000000

 id = 3 m = 44 w = 5 am = 39 pm = 49 seg1 = 0 seg2 = 6 segs = 6
     k = 0 ak = 10 pk = 21 a = 11 b = 12 boxsum = 0.000000 ss = 33
     k = 1 ak = 26 pk = 38 a = 11 b = 13 boxsum = 3.000000 ss = 36
  0  0  0  0  0  0  0  0  0  0  0
  0  0  0  0  0  0  0  0  0  0  0
  0  0  0  0  0  0  0  0  0  0  0
  0  0  0  0  0  0  0  0  0  0  0
  0  0  0  0  0  0  0  0  0  0  0
  0  0  0  0  0  0  0  0  0  0  0
  0  0  0  0  0  0  0  0  0  0  0
  0  0  0  0  0  0  0  0  0  0  0
  0  0  0  0  0  0  0  0  0  0  0
  0  0  0  0  0  0  0  0  0  0100
  0  0  0  0  0  0  0  0  0100  0
  0  0  0  0  0  0  0100  0  0  0
  0  0  0  0  0  0  0  0  0  0  0

 bias = -0.839815 pack = 0.000000

     k = 3 ak = 61 pk = 65 a = 11 b = 5 boxsum = 0.000000 ss = 12
     k = 4 ak = 69 pk = 72 a = 11 b = 4 boxsum = 0.000000 ss = 9
     k = 5 ak = 74 pk = 87 a = 11 b = 14 boxsum = 0.000000 ss = 39
 am = 39 pm = 49 maxa = 11 maxb = 13 consum = 0.839815 conmax = 0.839815 condif = 0.279938

 id = 3 m = 45 w = 6 am = 39 pm = 51 seg1 = 0 seg2 = 6 segs = 6
     k = 0 ak = 10 pk = 21 a = 13 b = 12 boxsum = 0.000000 ss = 55
     k = 1 ak = 26 pk = 38 a = 13 b = 13 boxsum = 5.000000 ss = 60
  0  0  0  0  0  0  0  0  0  0  0  0  0
  0  0  0  0  0  0  0  0  0  0  0  0  0
  0  0  0  0  0  0  0  0  0  0  0  0  0
  0  0  0  0  0  0  0  0  0  0  0  0  0
  0  0  0  0  0  0  0  0  0  0  0  0  0
  0  0  0  0  0  0  0  0  0  0  0  0  0
  0  0  0  0  0  0  0  0  0  0  0  0  0
  0  0  0  0  0  0  0  0  0  0  0100  0
  0  0  0  0  0  0  0  0  0  0  0  0  0
  0  0  0  0  0  0  0  0  0  0100  0  0
  0  0  0  0  0  0  0  0  0100  0  0  0
  0  0  0  0  0  0  0  0100  0  0  0  0
  0  0  0  0  0  0  0100  0  0  0  0  0

 bias = -1.502331 pack = 0.000000

     k = 3 ak = 61 pk = 65 a = 13 b = 5 boxsum = 0.000000 ss = 20
     k = 4 ak = 69 pk = 72 a = 13 b = 4 boxsum = 0.000000 ss = 15
     k = 5 ak = 74 pk = 87 a = 13 b = 14 boxsum = 0.000000 ss = 65
 am = 39 pm = 51 maxa = 13 maxb = 13 consum = 1.502331 conmax = 1.502331 condif = 1.502331

 id = 3 m = 46 w = 7 am = 39 pm = 53 seg1 = 0 seg2 = 6 segs = 6
     k = 0 ak = 10 pk = 21 a = 15 b = 12 boxsum = 0.000000 ss = 77
     k = 1 ak = 26 pk = 38 a = 15 b = 13 boxsum = 7.000000 ss = 84
  0  0  0  0  0  0  0  0  0  0  0  0  0
  0  0  0  0  0  0  0  0  0  0  0  0  0
  0  0  0  0  0  0  0  0  0  0  0  0  0
  0  0  0  0  0  0  0  0  0  0  0  0  0
  0  0  0  0  0  0  0  0  0  0  0  0  0
  0  0  0  0  0  0  0  0  0  0  0  0  0
  0  0  0  0  0  0  0  0  0  0  0  0  0
  0  0  0  0  0  0  0  0  0  0  0100  0
  0  0  0  0  0  0  0  0  0  0  0  0  0
  0  0  0  0  0  0  0  0  0  0100  0  0
  0  0  0  0  0  0  0  0  0100  0  0  0
  0  0  0  0  0  0  0  0100  0  0  0  0
  0  0  0  0  0  0  0100  0  0  0  0  0
  0  0  0  0  0  0100  0  0  0  0  0  0
  0  0  0  0  0100  0  0  0  0  0  0  0

 bias = -2.201775 pack = 0.000000

     k = 3 ak = 61 pk = 65 a = 15 b = 5 boxsum = 0.000000 ss = 28
     k = 4 ak = 69 pk = 72 a = 15 b = 4 boxsum = 0.000000 ss = 21
     k = 5 ak = 74 pk = 87 a = 15 b = 14 boxsum = 0.000000 ss = 91
 am = 39 pm = 53 maxa = 15 maxb = 13 consum = 2.201775 conmax = 2.201775 condif = 0.733925

 id = 3 m = 47 w = 8 am = 39 pm = 55 seg1 = 0 seg2 = 6 segs = 6
     k = 0 ak = 10 pk = 21 a = 17 b = 12 boxsum = 0.000000 ss = 99
     k = 1 ak = 26 pk = 38 a = 17 b = 13 boxsum = 9.000000 ss = 108
  0  0  0  0  0  0  0  0  0  0  0  0  0
  0  0  0  0  0  0  0  0  0  0  0  0  0
  0  0  0  0  0  0  0  0  0  0  0  0  0
  0  0  0  0  0  0  0  0  0  0  0  0  0
  0  0  0  0  0  0  0  0  0  0  0  0  0
  0  0  0  0  0  0  0  0  0  0  0  0  0
  0  0  0  0  0  0  0  0  0  0  0  0  0
  0  0  0  0  0  0  0  0  0  0  0100  0
  0  0  0  0  0  0  0  0  0  0  0  0  0
  0  0  0  0  0  0  0  0  0  0100  0  0
  0  0  0  0  0  0  0  0  0100  0  0  0
  0  0  0  0  0  0  0  0100  0  0  0  0
  0  0  0  0  0  0  0100  0  0  0  0  0
  0  0  0  0  0  0100  0  0  0  0  0  0
  0  0  0  0  0100  0  0  0  0  0  0  0
  0  0  0  0100  0  0  0  0  0  0  0  0
  0  0  0100  0  0  0  0  0  0  0  0  0

 bias = -2.935719 pack = 0.000000

     k = 3 ak = 61 pk = 65 a = 17 b = 5 boxsum = 0.000000 ss = 36
     k = 4 ak = 69 pk = 72 a = 17 b = 4 boxsum = 0.000000 ss = 27
     k = 5 ak = 74 pk = 87 a = 17 b = 14 boxsum = 0.000000 ss = 117
 am = 39 pm = 55 maxa = 17 maxb = 13 consum = 2.935719 conmax = 2.935719 condif = 0.587144

 id = 3 m = 48 w = 9 am = 39 pm = 57 seg1 = 0 seg2 = 6 segs = 6
     k = 0 ak = 10 pk = 21 a = 19 b = 12 boxsum = 0.000000 ss = 121
     k = 1 ak = 26 pk = 38 a = 19 b = 13 boxsum = 10.000000 ss = 132
  0  0  0  0  0  0  0  0  0  0  0  0  0
  0  0  0  0  0  0  0  0  0  0  0  0  0
  0  0  0  0  0  0  0  0  0  0  0  0  0
  0  0  0  0  0  0  0  0  0  0  0  0  0
  0  0  0  0  0  0  0  0  0  0  0  0  0
  0  0  0  0  0  0  0  0  0  0  0  0  0
  0  0  0  0  0  0  0  0  0  0  0  0  0
  0  0  0  0  0  0  0  0  0  0  0100  0
  0  0  0  0  0  0  0  0  0  0  0  0  0
  0  0  0  0  0  0  0  0  0  0100  0  0
  0  0  0  0  0  0  0  0  0100  0  0  0
  0  0  0  0  0  0  0  0100  0  0  0  0
  0  0  0  0  0  0  0100  0  0  0  0  0
  0  0  0  0  0  0100  0  0  0  0  0  0
  0  0  0  0  0100  0  0  0  0  0  0  0
  0  0  0  0100  0  0  0  0  0  0  0  0
  0  0  0100  0  0  0  0  0  0  0  0  0
  0  0  0  0  0  0  0  0  0  0  0  0  0
  0  0100  0  0  0  0  0  0  0  0  0  0

 bias = -3.054330 pack = 0.000000

     k = 3 ak = 61 pk = 65 a = 19 b = 5 boxsum = 0.000000 ss = 44
     k = 4 ak = 69 pk = 72 a = 19 b = 4 boxsum = 0.000000 ss = 33
     k = 5 ak = 74 pk = 87 a = 19 b = 14 boxsum = 0.000000 ss = 143
 am = 39 pm = 57 maxa = 19 maxb = 13 consum = 3.054330 conmax = 3.054330 condif = 0.436333

 id = 3 m = 49 w = 10 am = 39 pm = 59 seg1 = 0 seg2 = 6 segs = 6
     k = 0 ak = 10 pk = 21 a = 21 b = 12 boxsum = 0.000000 ss = 132
     k = 1 ak = 26 pk = 38 a = 21 b = 13 boxsum = 10.000000 ss = 144
  0  0  0  0  0  0  0  0  0  0  0  0  0
  0  0  0  0  0  0  0  0  0  0  0  0  0
  0  0  0  0  0  0  0  0  0  0  0  0  0
  0  0  0  0  0  0  0  0  0  0  0  0  0
  0  0  0  0  0  0  0  0  0  0  0  0  0
  0  0  0  0  0  0  0  0  0  0  0  0  0
  0  0  0  0  0  0  0  0  0  0  0  0  0
  0  0  0  0  0  0  0  0  0  0  0100  0
  0  0  0  0  0  0  0  0  0  0  0  0  0
  0  0  0  0  0  0  0  0  0  0100  0  0
  0  0  0  0  0  0  0  0  0100  0  0  0
  0  0  0  0  0  0  0  0100  0  0  0  0
  0  0  0  0  0  0  0100  0  0  0  0  0
  0  0  0  0  0  0100  0  0  0  0  0  0
  0  0  0  0  0100  0  0  0  0  0  0  0
  0  0  0  0100  0  0  0  0  0  0  0  0
  0  0  0100  0  0  0  0  0  0  0  0  0
  0  0  0  0  0  0  0  0  0  0  0  0  0
  0  0100  0  0  0  0  0  0  0  0  0  0
  0  0  0  0  0  0  0  0  0  0  0  0  0
  0  0  0  0  0  0  0  0  0  0  0  0  0

 bias = -3.034683 pack = 0.000000

     k = 3 ak = 61 pk = 65 a = 21 b = 5 boxsum = 0.000000 ss = 48
     k = 4 ak = 69 pk = 72 a = 21 b = 4 boxsum = 0.000000 ss = 36
     k = 5 ak = 74 pk = 87 a = 21 b = 14 boxsum = 0.000000 ss = 156
 am = 39 pm = 59 maxa = 21 maxb = 13 consum = 3.034683 conmax = 3.034683 condif = 0.337187

 id = 3 m = 50 w = 11 am = 39 pm = 61 seg1 = 0 seg2 = 6 segs = 6
     k = 0 ak = 10 pk = 21 a = 23 b = 12 boxsum = 0.000000 ss = 132
     k = 1 ak = 26 pk = 38 a = 23 b = 13 boxsum = 10.000000 ss = 144
  0  0  0  0  0  0  0  0  0  0  0  0  0
  0  0  0  0  0  0  0  0  0  0  0  0  0
  0  0  0  0  0  0  0  0  0  0  0  0  0
  0  0  0  0  0  0  0  0  0  0  0  0  0
  0  0  0  0  0  0  0  0  0  0  0  0  0
  0  0  0  0  0  0  0  0  0  0  0  0  0
  0  0  0  0  0  0  0  0  0  0  0  0  0
  0  0  0  0  0  0  0  0  0  0  0100  0
  0  0  0  0  0  0  0  0  0  0  0  0  0
  0  0  0  0  0  0  0  0  0  0100  0  0
  0  0  0  0  0  0  0  0  0100  0  0  0
  0  0  0  0  0  0  0  0100  0  0  0  0
  0  0  0  0  0  0  0100  0  0  0  0  0
  0  0  0  0  0  0100  0  0  0  0  0  0
  0  0  0  0  0100  0  0  0  0  0  0  0
  0  0  0  0100  0  0  0  0  0  0  0  0
  0  0  0100  0  0  0  0  0  0  0  0  0
  0  0  0  0  0  0  0  0  0  0  0  0  0
  0  0100  0  0  0  0  0  0  0  0  0  0
  0  0  0  0  0  0  0  0  0  0  0  0  0
  0  0  0  0  0  0  0  0  0  0  0  0  0
  0  0  0  0  0  0  0  0  0  0  0  0  0
  0  0  0  0  0  0  0  0  0  0  0  0  0

 bias = -3.022714 pack = 0.000000

     k = 4 ak = 69 pk = 72 a = 23 b = 4 boxsum = 1.000000 ss = 36
  0  0  0  0
  0  0  0  0
  0  0  0  0
  0  0  0  0
  0  0  0  0
  0  0  0  0
  0  0  0  0
  0  0  0  0
  0  0  0  0
  0  0  0  0
  0  0  0  0
  0  0  0  0
  0  0  0  0
  0  0  0  0
  0  0  0  0
  0  0  0  0
  0  0  0  0
  0  0  0  0
  0  0  0  0
  0  0  0  0
  0  0  0  0
  0  0  0  0
  0  0  0100

 bias = 0.000000 pack = 0.000000

     k = 5 ak = 74 pk = 87 a = 23 b = 14 boxsum = 0.000000 ss = 156
 am = 39 pm = 61 maxa = 23 maxb = 13 consum = 3.022714 conmax = 3.022714 condif = 0.274792

  1 |        0  0  0  0  0  0  0  0  0  0  0  0  0  0  0  0  0  0  0
  2 |        0  0  0  0  0  0  0  0  0  0  0  0  0  0  0  0  0  0  0
  3 |        0  0  0  0  0  0  0  0  0  0  0  0  0  0  0  0  0  0  0
  4 |        0  0  0  0  0  0  0  0  0  0  0  0  0  0  0  0  0  0  0
  5 |        0  0  0  0  0  0  0  0  0  0  0  0  0  0  0  0  0  0  0
  6 |        0  0  0  0 -3  0  0  0  0  0  0  0  0  0  0  0  0  0  0
  7 |        0  0  0  0 -2 -3  0  0  0  0  0  0  0  0  0  0  0  0  0
  8 |        0  0  0  0 -2 -3 -4  0  0  0  0  0  0  0  0  0  0  0  0
  9 |        0  0  0  0 -2 -3 -3 -5  0  0  0  0  0  0  0  0  0  0  0
 10 |        0  0  0  0 -2 -3 -3 -5 -6  0  0  0  0  0  0  0  0  0  0
 11 |        0  0  0  0 -2 -2 -3 -5 -6 -6  0  0  0  0  0  0  0  0  0
 12 | 75  1  0  0  0  0 -2 -2 -3 -4 -6 -6 -7  0  0  0  0  0  0  0  0
 13 | 75  1  0  0  0  0 -2 -2 -3 -5 -6 -6 -7 -8  0  0  0  0  0  0  0
 14 | 75  1  0  0  0  0 -2 -2 -3 -5 -6 -6 -7 -8 -8  0  0  0  0  0  0
 15 | 75  1  0  0  0  0 -1 -2 -3 -5 -6 -6 -7 -8-10-10  0  0  0  0  0
 16 | 75  1  0  0  0  0 -2 -2 -3 -5 -6 -6 -7 -9-10-10-10  0  0  0  0
 17 | 75  1  0  0  0  0 -2 -2 -3 -5 -6 -6 -8 -9-10-10-10-11  0  0  0
 18 | 75  1  0  0  0  0 -2 -2 -3 -5 -6 -8 -8 -9-10-10-10-11-11  0  0
 19 | 75  1  0  0  0  0 -2 -2 -3 -5 -7 -8 -8 -9-10-10-10-11-11-12  0
 20 | 75  1  0  0  0  0 -2 -2 -3 -7 -7 -8 -8 -9-10-10-10-11-11-12-12
 21 | 75  1  0  0  0  0 -2 -3 -6 -7 -7 -8 -8 -9-10-10-10-11-11-12-12
 22 | 75  1  0  0  0  0 -2 -5 -6 -7 -7 -8 -8 -9-10-10-10-11-11-12-12
 23 |        0  0  0  0 -4 -5 -6 -7 -7 -8 -8 -9-10-10-10-11-11-12-12
 24 |        0  0  0 -1 -4 -5 -6 -7 -7 -8 -8 -9-10-10-10-11-11-12-12
 25 |        0  0 -1 -1 -4 -5 -6 -7 -7 -8 -8 -9-10-10-10-11-11-12-12
 26 |        0  0  0 -1 -4 -5 -6 -7 -7 -8 -8 -9-10-10-10-11-11-12-12
 27 |        0  0  0  0 -4 -5 -6 -7 -7 -8 -8 -9-10-10-10-11-11-12-12
 28 | 48  2  0  0  0  0 -2 -5 -6 -7 -7 -8 -8 -9-10-10-10-11-11-12-12
 29 | 48  2  0  0  0  0 -2 -2 -6 -7 -7 -8 -8 -9-10-10-10-11-11-12-12
 30 | 48  2  0  0  0  0 -2 -1 -4 -7 -7 -8 -8 -9-10-10-10-11-11-12-12
 31 | 48  2  0  0  0  0 -2 -1 -4 -5 -7 -8 -8 -9-10-10-10-11-11-12-12
 32 | 48  2  0  0  0  0 -2 -1 -4 -5 -6 -8 -8 -9-10-10-10-11-11-12-12
 33 | 48  2  0  0  0  0 -1 -1 -4 -5 -6 -7 -8 -9-10-10-10-11-11-12-12
 34 | 48  2  0  0  0  0 -1 -1 -4 -5 -6 -7 -7 -9-10-10-10-11-11-12-12
 35 | 48  2  0  0  0  0 -2 -1 -4 -5 -6 -7 -7 -8-10-10-10-11-11-12-12
 36 | 48  2  0  0  0  0 -2 -1 -4 -5 -6 -7 -7 -9-10-10-10-11-11-12-12
 37 | 48  2  0  0  0  0 -2 -1 -4 -5 -6 -7 -8 -9-10-10-10-11-11-12-12
 38 | 48  2  0  0  0  0 -2 -2 -4 -5 -6 -8 -8 -9-10-10-10-11-11-12-12
 39 | 48  2  0  0  0  0 -2 -2 -4 -6 -7 -8 -8 -9-10-10-10-11-11-12-12
 40 |        0  0  0  0 -2 -2 -5 -7 -7 -8 -8 -9-10-10-10-11-11-12-12
 41 |        0  0  0  0 -2 -4 -6 -7 -7 -8 -8 -9-10-10-10-11-11-12-12
 42 |        0  0  0  0 -3 -5 -6 -7 -7 -8 -8 -9-10-10-10-11-11-12-12
 43 |        0  0  0  0 -4 -5 -6 -7 -7 -8 -8 -9-10-10-10-11-11-12-12
 44 |        0  0  0  0 -4 -5 -6 -7 -7 -8 -8 -9-10-10-10-11-11-12-12
 45 |        0  0  0  0 -2 -5 -6 -7 -7 -8 -8 -9-10-10-10-11-11-12-12
 46 |        0  0  0  0 -2 -2 -6 -7 -7 -8 -8 -9-10-10-10-11-11-12-12
 47 |        0  0  0  0 -2 -2 -4 -7 -7 -8 -8 -9-10-10-10-11-11-12-12
 48 | 29  3  0  0  0  0 -2 -2 -4 -5 -7 -8 -8 -9-10-10-10-11-11-12-12
 49 | 29  3  0  0  0  0 -2 -1 -4 -5 -6 -8 -8 -9-10-10-10-11-11-12-12
 50 | 29  3  0  0  0  0 -2 -1 -4 -5 -6 -7 -8 -9-10-10-10-11-11-12-12
 51 | 29  3  0  0  0  0 -2 -1 -4 -5 -6 -7 -7 -9-10-10-10-11-11-12-12
 52 | 29  3  0  0  0  0 -2 -1 -4 -5 -6 -7 -8 -9-10-10-10-11-11-12-12
 53 | 29  3  0  0  0  0 -2 -1 -4 -5 -6 -8 -8 -9-10-10-10-11-11-12-12
 54 | 29  3  0  0  0  0 -2 -1 -4 -5 -7 -8 -8 -9-10-10-10-11-11-12-12
 55 | 29  3  0  0  0  0 -2 -1 -4 -7 -7 -8 -8 -9-10-10-10-11-11-12-12
 56 | 29  3  0  0  0  0 -2 -1 -6 -7 -7 -8 -8 -9-10-10-10-11-11-12-12
 57 | 29  3  0  0  0  0 -2 -5 -6 -7 -7 -8 -8 -9-10-10-10-11-11-12-12
 58 | 29  3  0  0  0  0 -4 -5 -6 -7 -7 -8 -8 -9-10-10-10-11-11-12-12
 59 | 29  3  0  0  0 -1 -4 -5 -6 -7 -7 -8 -8 -9-10-10-10-11-11-12-12
 60 |        0  0 -1 -1 -4 -5 -6 -7 -7 -8 -8 -9-10-10-10-11-11-12-12
 61 |        0 -1 -1 -1 -4 -5 -6 -7 -7 -8 -8 -9-10-10-10-11-11-12-12
 62 |        0  0 -1 -1 -4 -5 -6 -7 -7 -8 -8 -9-10-10-10-11-11-12-12
 63 | 71  4  0  0  0 -1 -4 -5 -6 -7 -7 -8 -8 -9-10-10-10-11-11-12-12
 64 | 71  4  0  0  0  0 -4 -5 -6 -7 -7 -8 -8 -9-10-10-10-11-11-12-12
 65 | 71  4  0  0  0  0 -3 -5 -6 -7 -7 -8 -8 -9-10-10-10-11-11-12-12
 66 | 71  4  0  0  0  0 -4 -5 -6 -7 -7 -8 -8 -9-10-10-10-11-11-12-12
 67 |        0  0  0 -1 -4 -5 -6 -7 -7 -8 -8 -9-10-10-10-11-11-12-12
 68 |        0  0 -1 -1 -4 -5 -6 -7 -7 -8 -8 -9-10-10-10-11-11-12-12
 69 |        0  0 -1 -1 -4 -5 -6 -7 -7 -8 -8 -9-10-10-10-11-11-12-12
 70 |        0  1  0 -1 -4 -5 -6 -7 -7 -8 -8 -9-10-10-10-11-11-12-12
 71 | 64  5  0  1  0  0 -4 -5 -6 -7 -7 -8 -8 -9-10-10-10-11-11-12-12
 72 | 64  5  0  1  0 -1 -4 -5 -6 -7 -7 -8 -8 -9-10-10-10-11-11-12-12
 73 | 64  5  0  1 -1 -1 -4 -5 -6 -7 -7 -8 -8 -9-10-10-10-11-11-12-12
 74 |        0 -1 -1 -1 -4 -5 -6 -7 -7 -8 -8 -9-10-10-10-11-11-12-12
 75 |        0 -1 -1 -1 -4 -5 -6 -7 -7 -8 -8 -9-10-10-10-11-11-12-12
 76 | 12  6  0  0 -1 -1 -4 -5 -6 -7 -7 -8 -8 -9-10-10-10-11-11-12-12
 77 | 12  6  0  0  0 -1 -4 -5 -6 -7 -7 -8 -8 -9-10-10-10-11-11-12-12
 78 | 12  6  0  0  0  0 -4 -5 -6 -7 -7 -8 -8 -9-10-10-10-11-11-12-12
 79 | 12  6  0  0  0  0 -1 -5 -6 -7 -7 -8 -8 -9-10-10-10-11-11-12-12
 80 | 12  6  0  0  0  0 -1 -2 -6 -7 -7 -8 -8 -9-10-10-10-11-11-12-12
 81 | 12  6  0  0  0  0 -1 -2 -4 -7 -7 -8 -8 -9-10-10-10-11-11-12-12
 82 | 12  6  0  0  0  0  0 -2 -4 -5 -7 -8 -8 -9-10-10-10-11-11-12-12
 83 | 12  6  0  0  0  0  0 -2 -4 -5 -6 -8 -8 -9-10-10-10-11-11-12  0
 84 | 12  6  0  0  0  0 -1 -2 -4 -5 -6 -6 -8 -9-10-10-10-11-11  0  0
 85 | 12  6  0  0  0  0 -1 -2 -4 -5 -6 -6 -7 -9-10-10-10-11  0  0  0
 86 | 12  6  0  0  0  0 -1 -2 -4 -5 -6 -6 -7 -8-10-10-10  0  0  0  0
 87 | 12  6  0  0  0  0 -1 -2 -4 -5 -6 -6 -7 -8 -8-10  0  0  0  0  0
 88 | 12  6  0  0  0  0 -2 -3 -4 -5 -6 -6 -7 -8 -8  0  0  0  0  0  0
 89 |        0  0  0  0 -2 -3 -4 -5 -6 -6 -7 -8  0  0  0  0  0  0  0
 90 |        0  0  0  0 -2 -3 -4 -5 -6 -7 -7  0  0  0  0  0  0  0  0
 91 |        0  0  0  0 -2 -3 -4 -5 -6 -7  0  0  0  0  0  0  0  0  0
 92 |        0  0  0  0 -3 -3 -4 -5 -6  0  0  0  0  0  0  0  0  0  0
 93 |        0  0  0  0 -3 -4 -5 -5  0  0  0  0  0  0  0  0  0  0  0
 94 |        0  0  0  0 -3 -4 -5  0  0  0  0  0  0  0  0  0  0  0  0
 95 |        0  0  0  0 -3 -4  0  0  0  0  0  0  0  0  0  0  0  0  0
 96 |        0  0  0  0 -3  0  0  0  0  0  0  0  0  0  0  0  0  0  0
 97 |        0  0  0  0  0  0  0  0  0  0  0  0  0  0  0  0  0  0  0
 98 |        0  0  0  0  0  0  0  0  0  0  0  0  0  0  0  0  0  0  0
 99 |        0  0  0  0  0  0  0  0  0  0  0  0  0  0  0  0  0  0  0
100 |        0  0  0  0  0  0  0  0  0  0  0  0  0  0  0  0  0  0  0
101 |        0  0  0  0  0  0  0  0  0  0  0  0  0  0  0  0  0  0  0


  1 |                                                                                  
  2 |                                                                                  
  3 |                                                                                  
  4 |                                                                                  
  5 |                                                                                  
  6 |                                                                                  
  7 |                                                                                  
  8 |                     0                                                            
  9 |                 0   0                                                            
 10 |             0   0   1                                                            
 11 |             0   0   1   0                                                        
 12 | 75  1       0   0   1   1                                                        
 13 | 75  1       0   0   2   1                                                        
 14 | 75  1       0   0   2   2                                                        
 15 | 75  1       0   0   2   2                                                        
 16 | 75  1       0   0   2   2                                                        
 17 | 75  1       0   0   2   2                                                        
 18 | 75  1       0   0   2   1                                                        
 19 | 75  1       0   0   1   1                                                        
 20 | 75  1       0   0   1   0                                                        
 21 | 75  1       0   0   1   0                                                        
 22 | 75  1       0   0   1                                                            
 23 |             0   0   0                                                            
 24 |                 0                                                                
 25 |                                                                                  
 26 |                                                                                  
 27 |                 0   0                                                            
 28 | 48  2       0   0   0                                                            
 29 | 48  2       0   0   1   0                                                        
 30 | 48  2       0   0   1   0                                                        
 31 | 48  2       0   0   2   1                                                        
 32 | 48  2       0   0   2   2                                                        
 33 | 48  2       0   1   2   2                                                        
 34 | 48  2       0   1   2   2                                                        
 35 | 48  2       0   0   2   2                                                        
 36 | 48  2       0   0   2   1                                                        
 37 | 48  2       0   0   1   0                                                        
 38 | 48  2       0   0   1   0                                                        
 39 | 48  2       0   0   0                                                            
 40 |                 0   0                                                            
 41 |                     0                                                            
 42 |                                                                                  
 43 |                                                                                  
 44 |                                                                                  
 45 |                     0                                                            
 46 |                 0   0                                                            
 47 |             0   0   0                                                            
 48 | 29  3       0   0   1   0                                                        
 49 | 29  3       0   0   1   0                                                        
 50 | 29  3       0   0   2   1                                                        
 51 | 29  3       0   0   2   2                                                        
 52 | 29  3       0   1   2   2                                                        
 53 | 29  3       0   1   2   2                                                        
 54 | 29  3       0   0   2   2                                                        
 55 | 29  3       0   0   2   1                                                        
 56 | 29  3       0   0   1   0                                                        
 57 | 29  3       0   0   1   0                                                        
 58 | 29  3       0   0   0                                                            
 59 | 29  3           0                                                                
 60 |                                                                                  
 61 |                                                                                  
 62 |             0                                                                    
 63 | 71  4       0   2   0                                                            
 64 | 71  4       0   2   4                                                            
 65 | 71  4       0   2   3   2                                                        
 66 | 71  4       0   1   2                                                            
 67 |                 0                                                                
 68 |                                                                                  
 69 |             0   0   0                                                            
 70 |             1   3   4   0                                                        
 71 | 64  5       1   4   8                                                            
 72 | 64  5       1   4   3                                                            
 73 | 64  5       1   0                                                                
 74 |                                                                                  
 75 |                                                                                  
 76 | 12  6       0                                                                    
 77 | 12  6       0   0                                                                
 78 | 12  6       0   0   2                                                            
 79 | 12  6       0   0   2   3                                                        
 80 | 12  6       0   1   2   4   1                                                    
 81 | 12  6       0   1   3   4   2                                                    
 82 | 12  6       0   1   3   5   3                                                    
 83 | 12  6       0   1   3   5   3                                                    
 84 | 12  6       0   1   3   4   3                                                    
 85 | 12  6       0   1   3   4   1                                                    
 86 | 12  6       0   0   2   3                                                        
 87 | 12  6       0   0   1   1                                                        
 88 | 12  6       0   0   1   0                                                        
 89 |                 0   0                                                            
 90 |                     0                                                            
 91 |                                                                                  
 92 |                                                                                  
 93 |                                                                                  
 94 |                                                                                  
 95 |                                                                                  
 96 |                                                                                  
 97 |                                                                                  
 98 |                                                                                  
 99 |                                                                                  
100 |                                                                                  
101 |                                                                                  


 i = 81 j = 5 sum[i][j] = 25.260143
 i = 70 j = 4 sum[i][j] = 19.607456
 i = 62 j = 3 sum[i][j] = 11.554741
 i = 51 j = 5 sum[i][j] = 9.007900
 i = 43 j = 2 sum[i][j] = 6.103804
 i = 33 j = 4 sum[i][j] = 6.103804
 i = 21 j = 4 sum[i][j] = 3.344417
 i = 12 j = 4 sum[i][j] = 2.252065

   9-17   18-26   30-38   42-46   47-57   60-66   67-75   77-87 tops = 25.260143
 i = 0 s = 25.260143


	9-17	 m = 12 w = 4
	18-26	 m = 21 w = 4
	30-38	 m = 33 w = 4
	42-46	 m = 43 w = 2
	47-57	 m = 51 w = 5
	60-66	 m = 62 w = 3
	67-75	 m = 70 w = 4
	77-87	 m = 81 w = 5
