using 48 pairs and 10 models


move = 0
Running with 48 true pairs
Running with 48 pred pairs
Running with 48 grem pairs
Unsmoothed
  6.279
  6.812
  6.681
Smoothed1x
  5.803
  6.296
  6.159
Smoothed2x
  5.577
  6.017
  5.896

move = 2
Running with 48 true pairs
Running with 48 pred pairs
Running with 48 grem pairs
Unsmoothed
  8.348
  8.460
  8.260
Smoothed1x
  7.884
  8.000
  7.724
Smoothed2x
  7.644
  7.747
  7.446

move = 4
Running with 48 true pairs
Running with 48 pred pairs
Running with 48 grem pairs
Unsmoothed
 12.012
 11.236
 11.845
Smoothed1x
 11.505
 10.714
 11.214
Smoothed2x
 11.191
 10.396
 10.837

move = 6
Running with 48 true pairs
Running with 48 pred pairs
Running with 48 grem pairs
Unsmoothed
 14.466
 14.009
 14.117
Smoothed1x
 13.932
 13.414
 13.438
Smoothed2x
 13.587
 13.027
 13.000

move = 8
Running with 48 true pairs
Running with 48 pred pairs
Running with 48 grem pairs
Unsmoothed
 19.384
 16.651
 16.665
Smoothed1x
 18.674
 15.942
 15.818
Smoothed2x
 18.165
 15.446
 15.216

move = 10
Running with 48 true pairs
Running with 48 pred pairs
Running with 48 grem pairs
Unsmoothed
 19.542
 20.352
 18.337
Smoothed1x
 18.783
 19.540
 17.454
Smoothed2x
 18.237
 18.950
 16.826
