1 174 1
2 173 1
3 172 1
4 171 1
5 170 1
6 169 1
7 168 1
8 167 1
9 166 1
12 79 1
14 78 1
15 77 1
16 76 1
17 75 1
18 74 1
19 73 1
22 70 1
30 63 1
31 62 1
32 61 1
33 60 1
34 59 1
35 58 1
36 57 1
37 56 1
38 55 1
41 54 1
82 113 1
83 112 1
84 111 1
85 109 1
86 108 1
87 107 1
88 106 1
89 105 1
90 104 1
91 103 1
92 102 1
93 101 1
114 140 1
115 139 1
117 137 1
118 136 1
119 135 1
120 134 1
121 133 1
122 132 1
123 131 1
124 130 1
142 161 1
143 160 1
144 159 1
145 158 1
146 157 1
147 156 1
148 155 1
149 154 1
