 len = 175 cut = 1.000000 gap = 5.000000 inbox = 0
 i = 0 ends[0][i] = 1 ends[1][i] = 10
 i = 1 ends[0][i] = 12 ends[1][i] = 20
 i = 2 ends[0][i] = 22 ends[1][i] = 23
 i = 3 ends[0][i] = 30 ends[1][i] = 39
 i = 4 ends[0][i] = 41 ends[1][i] = 42
 i = 5 ends[0][i] = 54 ends[1][i] = 64
 i = 6 ends[0][i] = 70 ends[1][i] = 71
 i = 7 ends[0][i] = 73 ends[1][i] = 80
 i = 8 ends[0][i] = 82 ends[1][i] = 94
 i = 9 ends[0][i] = 101 ends[1][i] = 113
 i = 10 ends[0][i] = 115 ends[1][i] = 125
 i = 11 ends[0][i] = 130 ends[1][i] = 150
 i = 12 ends[0][i] = 154 ends[1][i] = 162
 i = 13 ends[0][i] = 166 ends[1][i] = 175
 n = 57
 id = 5 m = 41 w = 2 am = 39 pm = 43 seg1 = 0 seg2 = 14 segs = 14
     k = 0 ak = 0 pk = 9 a = 5 b = 10 boxsum = 0.000000 ss = 9
     k = 1 ak = 11 pk = 19 a = 5 b = 9 boxsum = 0.000000 ss = 8
     k = 2 ak = 21 pk = 22 a = 5 b = 2 boxsum = 0.000000 ss = 1
     k = 3 ak = 29 pk = 38 a = 5 b = 10 boxsum = 0.000000 ss = 9
     k = 5 ak = 53 pk = 63 a = 5 b = 11 boxsum = 1.000000 ss = 10
  0100  0  0  0
  0  0  0  0  0
  0  0  0  0  0
  0  0  0  0  0
  0  0  0  0  0
  0  0  0  0  0
  0  0  0  0  0
  0  0  0  0  0
  0  0  0  0  0
  0  0  0  0  0
  0  0  0  0  0

 bias = 0.000000 pack = 0.000000

     k = 6 ak = 69 pk = 70 a = 5 b = 2 boxsum = 0.000000 ss = 1
     k = 7 ak = 72 pk = 79 a = 5 b = 8 boxsum = 0.000000 ss = 7
     k = 8 ak = 81 pk = 93 a = 5 b = 13 boxsum = 0.000000 ss = 12
     k = 9 ak = 100 pk = 112 a = 5 b = 13 boxsum = 0.000000 ss = 12
     k = 10 ak = 114 pk = 124 a = 5 b = 11 boxsum = 0.000000 ss = 10
     k = 11 ak = 129 pk = 149 a = 5 b = 21 boxsum = 0.000000 ss = 20
     k = 12 ak = 153 pk = 161 a = 5 b = 9 boxsum = 0.000000 ss = 8
     k = 13 ak = 165 pk = 174 a = 5 b = 10 boxsum = 0.000000 ss = 9
 am = 39 pm = 43 maxa = -1 maxb = -1 consum = 0.000000 conmax = 0.000000 condif = 0.000000

 id = 5 m = 42 w = 3 am = 39 pm = 45 seg1 = 0 seg2 = 14 segs = 14
     k = 0 ak = 0 pk = 9 a = 7 b = 10 boxsum = 0.000000 ss = 9
     k = 1 ak = 11 pk = 19 a = 7 b = 9 boxsum = 0.000000 ss = 8
     k = 2 ak = 21 pk = 22 a = 7 b = 2 boxsum = 0.000000 ss = 1
     k = 3 ak = 29 pk = 38 a = 7 b = 10 boxsum = 0.000000 ss = 9
     k = 5 ak = 53 pk = 63 a = 7 b = 11 boxsum = 1.000000 ss = 10
  0100  0  0  0  0  0
  0  0  0  0  0  0  0
  0  0  0  0  0  0  0
  0  0  0  0  0  0  0
  0  0  0  0  0  0  0
  0  0  0  0  0  0  0
  0  0  0  0  0  0  0
  0  0  0  0  0  0  0
  0  0  0  0  0  0  0
  0  0  0  0  0  0  0
  0  0  0  0  0  0  0

 bias = 0.000000 pack = 0.000000

     k = 6 ak = 69 pk = 70 a = 7 b = 2 boxsum = 0.000000 ss = 1
     k = 7 ak = 72 pk = 79 a = 7 b = 8 boxsum = 0.000000 ss = 7
     k = 8 ak = 81 pk = 93 a = 7 b = 13 boxsum = 0.000000 ss = 12
     k = 9 ak = 100 pk = 112 a = 7 b = 13 boxsum = 0.000000 ss = 12
     k = 10 ak = 114 pk = 124 a = 7 b = 11 boxsum = 0.000000 ss = 10
     k = 11 ak = 129 pk = 149 a = 7 b = 21 boxsum = 0.000000 ss = 20
     k = 12 ak = 153 pk = 161 a = 7 b = 9 boxsum = 0.000000 ss = 8
     k = 13 ak = 165 pk = 174 a = 7 b = 10 boxsum = 0.000000 ss = 9
 am = 39 pm = 45 maxa = -1 maxb = -1 consum = 0.000000 conmax = 0.000000 condif = 0.000000

 id = 5 m = 43 w = 4 am = 39 pm = 47 seg1 = 0 seg2 = 14 segs = 14
     k = 0 ak = 0 pk = 9 a = 9 b = 10 boxsum = 0.000000 ss = 9
     k = 1 ak = 11 pk = 19 a = 9 b = 9 boxsum = 0.000000 ss = 8
     k = 2 ak = 21 pk = 22 a = 9 b = 2 boxsum = 0.000000 ss = 1
     k = 3 ak = 29 pk = 38 a = 9 b = 10 boxsum = 0.000000 ss = 9
     k = 5 ak = 53 pk = 63 a = 9 b = 11 boxsum = 1.000000 ss = 10
  0100  0  0  0  0  0  0  0
  0  0  0  0  0  0  0  0  0
  0  0  0  0  0  0  0  0  0
  0  0  0  0  0  0  0  0  0
  0  0  0  0  0  0  0  0  0
  0  0  0  0  0  0  0  0  0
  0  0  0  0  0  0  0  0  0
  0  0  0  0  0  0  0  0  0
  0  0  0  0  0  0  0  0  0
  0  0  0  0  0  0  0  0  0
  0  0  0  0  0  0  0  0  0

 bias = 0.000000 pack = 0.000000

     k = 6 ak = 69 pk = 70 a = 9 b = 2 boxsum = 0.000000 ss = 1
     k = 7 ak = 72 pk = 79 a = 9 b = 8 boxsum = 0.000000 ss = 7
     k = 8 ak = 81 pk = 93 a = 9 b = 13 boxsum = 0.000000 ss = 12
     k = 9 ak = 100 pk = 112 a = 9 b = 13 boxsum = 0.000000 ss = 12
     k = 10 ak = 114 pk = 124 a = 9 b = 11 boxsum = 0.000000 ss = 10
     k = 11 ak = 129 pk = 149 a = 9 b = 21 boxsum = 0.000000 ss = 20
     k = 12 ak = 153 pk = 161 a = 9 b = 9 boxsum = 0.000000 ss = 8
     k = 13 ak = 165 pk = 174 a = 9 b = 10 boxsum = 0.000000 ss = 9
 am = 39 pm = 47 maxa = -1 maxb = -1 consum = 0.000000 conmax = 0.000000 condif = 0.000000

 id = 5 m = 44 w = 5 am = 39 pm = 49 seg1 = 0 seg2 = 14 segs = 14
     k = 0 ak = 0 pk = 9 a = 11 b = 10 boxsum = 0.000000 ss = 9
     k = 1 ak = 11 pk = 19 a = 11 b = 9 boxsum = 0.000000 ss = 8
     k = 2 ak = 21 pk = 22 a = 11 b = 2 boxsum = 0.000000 ss = 1
     k = 3 ak = 29 pk = 38 a = 11 b = 10 boxsum = 0.000000 ss = 9
     k = 5 ak = 53 pk = 63 a = 11 b = 11 boxsum = 1.000000 ss = 10
  0  0  0  0  0  0  0  0  0  0  0
100  0  0  0  0  0  0  0  0  0  0
  0  0  0  0  0  0  0  0  0  0  0
  0  0  0  0  0  0  0  0  0  0  0
  0  0  0  0  0  0  0  0  0  0  0
  0  0  0  0  0  0  0  0  0  0  0
  0  0  0  0  0  0  0  0  0  0  0
  0  0  0  0  0  0  0  0  0  0  0
  0  0  0  0  0  0  0  0  0  0  0
  0  0  0  0  0  0  0  0  0  0  0
  0  0  0  0  0  0  0  0  0  0  0

 bias = 0.000000 pack = 0.000000

     k = 6 ak = 69 pk = 70 a = 11 b = 2 boxsum = 0.000000 ss = 1
     k = 7 ak = 72 pk = 79 a = 11 b = 8 boxsum = 0.000000 ss = 7
     k = 8 ak = 81 pk = 93 a = 11 b = 13 boxsum = 0.000000 ss = 12
     k = 9 ak = 100 pk = 112 a = 11 b = 13 boxsum = 0.000000 ss = 12
     k = 10 ak = 114 pk = 124 a = 11 b = 11 boxsum = 0.000000 ss = 10
     k = 11 ak = 129 pk = 149 a = 11 b = 21 boxsum = 0.000000 ss = 20
     k = 12 ak = 153 pk = 161 a = 11 b = 9 boxsum = 0.000000 ss = 8
     k = 13 ak = 165 pk = 174 a = 11 b = 10 boxsum = 0.000000 ss = 9
 am = 39 pm = 49 maxa = -1 maxb = -1 consum = 0.000000 conmax = 0.000000 condif = 0.000000

 id = 5 m = 45 w = 6 am = 39 pm = 51 seg1 = 0 seg2 = 14 segs = 14
     k = 0 ak = 0 pk = 9 a = 13 b = 10 boxsum = 0.000000 ss = 9
     k = 1 ak = 11 pk = 19 a = 13 b = 9 boxsum = 0.000000 ss = 8
     k = 2 ak = 21 pk = 22 a = 13 b = 2 boxsum = 0.000000 ss = 1
     k = 3 ak = 29 pk = 38 a = 13 b = 10 boxsum = 0.000000 ss = 9
     k = 5 ak = 53 pk = 63 a = 13 b = 11 boxsum = 1.000000 ss = 10
  0  0  0  0  0  0  0  0  0  0  0
100  0  0  0  0  0  0  0  0  0  0
  0  0  0  0  0  0  0  0  0  0  0
  0  0  0  0  0  0  0  0  0  0  0
  0  0  0  0  0  0  0  0  0  0  0
  0  0  0  0  0  0  0  0  0  0  0
  0  0  0  0  0  0  0  0  0  0  0
  0  0  0  0  0  0  0  0  0  0  0
  0  0  0  0  0  0  0  0  0  0  0
  0  0  0  0  0  0  0  0  0  0  0
  0  0  0  0  0  0  0  0  0  0  0
  0  0  0  0  0  0  0  0  0  0  0
  0  0  0  0  0  0  0  0  0  0  0

 bias = 0.000000 pack = 0.000000

     k = 6 ak = 69 pk = 70 a = 13 b = 2 boxsum = 0.000000 ss = 1
     k = 7 ak = 72 pk = 79 a = 13 b = 8 boxsum = 0.000000 ss = 7
     k = 8 ak = 81 pk = 93 a = 13 b = 13 boxsum = 0.000000 ss = 12
     k = 9 ak = 100 pk = 112 a = 13 b = 13 boxsum = 0.000000 ss = 12
     k = 10 ak = 114 pk = 124 a = 13 b = 11 boxsum = 0.000000 ss = 10
     k = 11 ak = 129 pk = 149 a = 13 b = 21 boxsum = 0.000000 ss = 20
     k = 12 ak = 153 pk = 161 a = 13 b = 9 boxsum = 0.000000 ss = 8
     k = 13 ak = 165 pk = 174 a = 13 b = 10 boxsum = 0.000000 ss = 9
 am = 39 pm = 51 maxa = -1 maxb = -1 consum = 0.000000 conmax = 0.000000 condif = 0.000000

 id = 5 m = 46 w = 7 am = 39 pm = 53 seg1 = 0 seg2 = 14 segs = 14
     k = 0 ak = 0 pk = 9 a = 15 b = 10 boxsum = 0.000000 ss = 9
     k = 1 ak = 11 pk = 19 a = 15 b = 9 boxsum = 0.000000 ss = 8
     k = 2 ak = 21 pk = 22 a = 15 b = 2 boxsum = 0.000000 ss = 1
     k = 3 ak = 29 pk = 38 a = 15 b = 10 boxsum = 0.000000 ss = 9
     k = 6 ak = 69 pk = 70 a = 15 b = 2 boxsum = 0.000000 ss = 1
     k = 7 ak = 72 pk = 79 a = 15 b = 8 boxsum = 0.000000 ss = 7
     k = 8 ak = 81 pk = 93 a = 15 b = 13 boxsum = 0.000000 ss = 12
     k = 9 ak = 100 pk = 112 a = 15 b = 13 boxsum = 0.000000 ss = 12
     k = 10 ak = 114 pk = 124 a = 15 b = 11 boxsum = 0.000000 ss = 10
     k = 11 ak = 129 pk = 149 a = 15 b = 21 boxsum = 0.000000 ss = 20
     k = 12 ak = 153 pk = 161 a = 15 b = 9 boxsum = 0.000000 ss = 8
     k = 13 ak = 165 pk = 174 a = 15 b = 10 boxsum = 0.000000 ss = 9
 am = 39 pm = 53 maxa = -1 maxb = -1 consum = 0.000000 conmax = 0.000000 condif = 0.000000

  1 |        0  0  0  0  0  0  0  0  0  0  0  0  0  0  0  0  0  0  0
  2 | 167  1  0  0  0  0  0  0  0  0  0  0  0  0  0  0  0  0  0  0  0
  3 | 167  1  0  0  0  0  0  0  0  0  0  0  0  0  0  0  0  0  0  0  0
  4 | 167  1  0  0  0  0  0  0  0  0  0  0  0  0  0  0  0  0  0  0  0
  5 | 167  1  0  0  0  1  0  0  0  0  0  0  0  0  0  0  0  0  0  0  0
  6 | 167  1  0  0  0  1 -3  0  0  0  0  0  0  0  0  0  0  0  0  0  0
  7 | 167  1  0  0  0  1 -3 -8  0  0  0  0  0  0  0  0  0  0  0  0  0
  8 | 167  1  0  0  0  1 -6 -8 -9  0  0  0  0  0  0  0  0  0  0  0  0
  9 | 167  1  0  0  0 -1 -6 -8 -9-11  0  0  0  0  0  0  0  0  0  0  0
 10 | 167  1  0  0 -1 -1 -6 -8 -9-11-12  0  0  0  0  0  0  0  0  0  0
 11 |        0 -1 -1 -1 -6 -8 -9-11-12-13  0  0  0  0  0  0  0  0  0
 12 |        0 -1 -1 -1 -6 -8 -9-11-12-13-14  0  0  0  0  0  0  0  0
 13 | 74  2  0  0 -1 -1 -6 -8 -9-11-12-13-14-15  0  0  0  0  0  0  0
 14 | 74  2  0  0  0 -1 -6 -8 -9-11-12-13-14-15-16  0  0  0  0  0  0
 15 | 74  2  0  0  0  1 -6 -8 -9-11-12-13-14-15-16-16  0  0  0  0  0
 16 | 74  2  0  0  1  1 -4 -8 -9-11-12-13-14-15-16-16-17  0  0  0  0
 17 | 74  2  0  0  1  1 -4 -8 -9-11-12-13-14-15-16-16-17-18  0  0  0
 18 | 74  2  0  0  0  1 -6 -8 -9-11-12-13-14-15-16-16-17-18-19  0  0
 19 | 74  2  0  0  0 -1 -6 -8 -9-11-12-13-14-15-16-16-17-18-19-19  0
 20 | 74  2  0  0 -1 -1 -6 -8 -9-11-12-13-14-15-16-16-17-18-19-19-20
 21 |        0 -1 -1 -1 -6 -8 -9-11-12-13-14-15-16-16-17-18-19-19-20
 22 |        0 -1 -1 -1 -6 -8 -9-11-12-13-14-15-16-16-17-18-19-19-20
 23 | 70  3  0  0 -1 -1 -6 -8 -9-11-12-13-14-15-16-16-17-18-19-19-20
 24 |        0  0  0 -1 -6 -8 -9-11-12-13-14-15-16-16-17-18-19-19-20
 25 |        0  0  0  0 -6 -8 -9-11-12-13-14-15-16-16-17-18-19-19-20
 26 |        0  0  0  0 -6 -8 -9-11-12-13-14-15-16-16-17-18-19-19-20
 27 |        0  0  0 -1 -6 -8 -9-11-12-13-14-15-16-16-17-18-19-19-20
 28 |        0  0  0  0 -6 -8 -9-11-12-13-14-15-16-16-17-18-19-19-20
 29 |        0  0  0  0 -3 -8 -9-11-12-13-14-15-16-16-17-18-19-19-20
 30 |        0  0  0  0 -2 -6 -9-11-12-13-14-15-16-16-17-18-19-19-20
 31 | 56  4  0  0  0  0 -2 -5 -7-11-12-13-14-15-16-16-17-18-19-19-20
 32 | 56  4  0  0  0  0 -1 -5 -7 -9-12-13-14-15-16-16-17-18-19-19-20
 33 | 56  4  0  0  0  1 -1 -5 -7 -9-12-13-14-15-16-16-17-18-19-19-20
 34 | 56  4  0  0  0  1 -1 -5 -8-11-12-13-14-15-16-16-17-18-19-19-20
 35 | 56  4  0  0  0  1 -1 -6 -9-11-12-13-14-15-16-16-17-18-19-19-20
 36 | 56  4  0  0  0  0 -2 -8 -9-11-12-13-14-15-16-16-17-18-19-19-20
 37 | 56  4  0  0  0  0 -6 -8 -9-11-12-13-14-15-16-16-17-18-19-19-20
 38 | 56  4  0  0  0 -1 -6 -8 -9-11-12-13-14-15-16-16-17-18-19-19-20
 39 | 56  4  0  0 -1 -1 -6 -8 -9-11-12-13-14-15-16-16-17-18-19-19-20
 40 |        0 -1 -1 -1 -6 -8 -9-11-12-13-14-15-16-16-17-18-19-19-20
 41 |        0 -1 -1 -1 -6 -8 -9-11-12-13-14-15-16-16-17-18-19-19-20
 42 | 54  5  0  0 -1 -1 -6 -8 -9-11-12-13-14-15-16-16-17-18-19-19-20
 43 |        0  0  0 -1 -6 -8 -9-11-12-13-14-15-16-16-17-18-19-19-20
 44 |        0  0  0  0 -6 -8 -9-11-12-13-14-15-16-16-17-18-19-19-20
 45 |        0  0  0  0 -5 -8 -9-11-12-13-14-15-16-16-17-18-19-19-20
 46 |        0  0  0  0 -5 -7 -9-11-12-13-14-15-16-16-17-18-19-19-20
 47 |        0  0  0  0 -5 -7 -8-11-12-13-14-15-16-16-17-18-19-19-20
 48 |        0  0  0  0 -5 -7 -9-11-12-13-14-15-16-16-17-18-19-19-20
 49 |        0  0  0  0 -5 -7 -9-11-12-13-14-15-16-16-17-18-19-19-20
 50 |        0  0  0  0 -5 -6 -8-11-12-13-14-15-16-16-17-18-19-19-20
 51 |        0  0  0  0 -4 -6 -8 -9-12-13-14-15-16-16-17-18-19-19-20
 52 |        0  0  0  0 -4 -6 -8 -9-10-13-14-15-16-16-17-18-19-19-20
 53 |        0  0  0  0 -4 -6 -8 -9-10-11-14-15-16-16-17-18-19-19-20
 54 |        0  0  0  0 -4 -6 -8 -9-10-11-12-15-16-16-17-18-19-19-20
 55 | 31  6  0  0  0  0 -3 -6 -8 -9-10-11-12-13-16-16-17-18-19-19-20
 56 | 31  6  0  0  0  1 -3 -6 -8 -9-10-11-12-13-14-16-17-18-19-19-20
 57 | 31  6  0  0  0  1 -3 -6 -8 -9-10-11-12-13-14-16-17-18-19-19-20
 58 | 31  6  0  0  0  1 -3 -6 -8 -9-10-11-12-13-16-16-17-18-19-19-20
 59 | 31  6  0  0  0  1 -3 -6 -8 -9-10-11-12-15-16-16-17-18-19-19-20
 60 | 31  6  0  0  0  1 -3 -6 -8 -9-10-11-14-15-16-16-17-18-19-19-20
 61 | 31  6  0  0  0  1 -3 -6 -8 -9-10-13-14-15-16-16-17-18-19-19-20
 62 | 31  6  0  0  0  1 -3 -6 -8 -9-12-13-14-15-16-16-17-18-19-19-20
 63 | 31  6  0  0  0  0 -3 -6 -8-11-12-13-14-15-16-16-17-18-19-19-20
 64 | 31  6  0  0  0  0 -4 -6 -9-11-12-13-14-15-16-16-17-18-19-19-20
 65 |        0  0  0  0 -4 -8 -9-11-12-13-14-15-16-16-17-18-19-19-20
 66 |        0  0  0  0 -6 -8 -9-11-12-13-14-15-16-16-17-18-19-19-20
 67 |        0  0  0 -1 -6 -8 -9-11-12-13-14-15-16-16-17-18-19-19-20
 68 |        0  0  0 -1 -6 -8 -9-11-12-13-14-15-16-16-17-18-19-19-20
 69 |        0  0  0  0 -6 -8 -9-11-12-13-14-15-16-16-17-18-19-19-20
 70 |        0  0  0 -1 -6 -8 -9-11-12-13-14-15-16-16-17-18-19-19-20
 71 | 22  7  0  0 -1 -1 -6 -8 -9-11-12-13-14-15-16-16-17-18-19-19-20
 72 |        0 -1 -1 -1 -6 -8 -9-11-12-13-14-15-16-16-17-18-19-19-20
 73 |        0 -1 -1 -1 -6 -8 -9-11-12-13-14-15-16-16-17-18-19-19-20
 74 | 13  8  0  0 -1 -1 -6 -8 -9-11-12-13-14-15-16-16-17-18-19-19-20
 75 | 13  8  0  0  0 -1 -6 -8 -9-11-12-13-14-15-16-16-17-18-19-19-20
 76 | 13  8  0  0  0  2 -6 -8 -9-11-12-13-14-15-16-16-17-18-19-19-20
 77 | 13  8  0  0  0  2 -4 -8 -9-11-12-13-14-15-16-16-17-18-19-19-20
 78 | 13  8  0  0  0  1 -6 -8 -9-11-12-13-14-15-16-16-17-18-19-19-20
 79 | 13  8  0  0  0 -1 -6 -8 -9-11-12-13-14-15-16-16-17-18-19-19-20
 80 | 13  8  0  0 -1 -1 -6 -8 -9-11-12-13-14-15-16-16-17-18-19-19-20
 81 |        0 -1 -1 -1 -6 -8 -9-11-12-13-14-15-16-16-17-18-19-19-20
 82 |        0 -1 -1 -1 -6 -8 -9-11-12-13-14-15-16-16-17-18-19-19-20
 83 | 102  9  0  0 -1 -1 -6 -8 -9-11-12-13-14-15-16-16-17-18-19-19-20
 84 | 102  9  0  0  0 -1 -6 -8 -9-11-12-13-14-15-16-16-17-18-19-19-20
 85 | 102  9  0  0  0  0 -6 -8 -9-11-12-13-14-15-16-16-17-18-19-19-20
 86 | 102  9  0  0  0  0 -3 -8 -9-11-12-13-14-15-16-16-17-18-19-19-20
 87 | 102  9  0  0  0  0 -3 -3 -9-11-12-13-14-15-16-16-17-18-19-19-20
 88 | 102  9  0  0  0  0 -3 -3 -7-11-12-13-14-15-16-16-17-18-19-19-20
 89 | 102  9  0  0  0  0 -3 -3 -7 -9-12-13-14-15-16-16-17-18-19-19-20
 90 | 102  9  0  0  0  0 -3 -3 -7 -9-10-13-14-15-16-16-17-18-19-19-20
 91 | 102  9  0  0  0  0 -3 -3 -7 -9-10-12-14-15-16-16-17-18-19-19-20
 92 | 102  9  0  0  0  0 -4 -3 -7 -9-11-13-14-15-16-16-17-18-19-19-20
 93 | 102  9  0  0  0  0 -4 -4 -7-10-12-13-14-15-16-16-17-18-19-19-20
 94 | 102  9  0  0  0  0 -4 -4 -8-11-12-13-14-15-16-16-17-18-19-19-20
 95 |        0  0  0  0 -4 -7 -9-11-12-13-14-15-16-16-17-18-19-19-20
 96 |        0  0  0  0 -5 -8 -9-11-12-13-14-15-16-16-17-18-19-19-20
 97 |        0  0  0  0 -6 -8 -9-11-12-13-14-15-16-16-17-18-19-19-20
 98 |        0  0  0 -1 -6 -8 -9-11-12-13-14-15-16-16-17-18-19-19-20
 99 |        0  0  0  0 -6 -8 -9-11-12-13-14-15-16-16-17-18-19-19-20
100 |        0  0  0  0 -4 -8 -9-11-12-13-14-15-16-16-17-18-19-19-20
101 |        0  0  0  0 -4 -4 -9-11-12-13-14-15-16-16-17-18-19-19-20
102 | 83 10  0  0  0  0 -4 -3 -7-11-12-13-14-15-16-16-17-18-19-19-20
103 | 83 10  0  0  0  0 -3 -3 -7 -9-12-13-14-15-16-16-17-18-19-19-20
104 | 83 10  0  0  0  0 -3 -3 -7 -9-10-13-14-15-16-16-17-18-19-19-20
105 | 83 10  0  0  0  0 -3 -3 -7 -9-10-12-14-15-16-16-17-18-19-19-20
106 | 83 10  0  0  0  0 -3 -3 -7 -9-11-13-14-15-16-16-17-18-19-19-20
107 | 83 10  0  0  0  0 -3 -3 -7 -9-12-13-14-15-16-16-17-18-19-19-20
108 | 83 10  0  0  0  0 -3 -3 -8-11-12-13-14-15-16-16-17-18-19-19-20
109 | 83 10  0  0  0  0 -4 -6 -9-11-12-13-14-15-16-16-17-18-19-19-20
110 | 83 10  0  0  0  0 -4 -8 -9-11-12-13-14-15-16-16-17-18-19-19-20
111 | 83 10  0  0  0  0 -6 -8 -9-11-12-13-14-15-16-16-17-18-19-19-20
112 | 83 10  0  0  0 -1 -6 -8 -9-11-12-13-14-15-16-16-17-18-19-19-20
113 | 83 10  0  0 -1 -1 -6 -8 -9-11-12-13-14-15-16-16-17-18-19-19-20
114 |        0 -1 -1 -1 -6 -8 -9-11-12-13-14-15-16-16-17-18-19-19-20
115 |        0 -1 -1 -1 -6 -8 -9-11-12-13-14-15-16-16-17-18-19-19-20
116 | 131 11  0  0 -1 -1 -6 -8 -9-11-12-13-14-15-16-16-17-18-19-19-20
117 | 131 11  0  0  0 -1 -6 -8 -9-11-12-13-14-15-16-16-17-18-19-19-20
118 | 131 11  0  0  0  0 -6 -8 -9-11-12-13-14-15-16-16-17-18-19-19-20
119 | 131 11  0  0  0  0 -4 -8 -9-11-12-13-14-15-16-16-17-18-19-19-20
120 | 131 11  0  0  0  0 -4 -6 -9-11-12-13-14-15-16-16-17-18-19-19-20
121 | 131 11  0  0  0  0 -4 -6 -8-11-12-13-14-15-16-16-17-18-19-19-20
122 | 131 11  0  0  0  0 -4 -6 -8-10-12-13-14-15-16-16-17-18-19-19-20
123 | 131 11  0  0  0  0 -4 -6 -8-11-12-13-14-15-16-16-17-18-19-19-20
124 | 131 11  0  0  0  0 -4 -7 -9-11-12-13-14-15-16-16-17-18-19-19-20
125 | 131 11  0  0  0  0 -5 -8 -9-11-12-13-14-15-16-16-17-18-19-19-20
126 |        0  0  0  0 -6 -8 -9-11-12-13-14-15-16-16-17-18-19-19-20
127 |        0  0  0 -1 -6 -8 -9-11-12-13-14-15-16-16-17-18-19-19-20
128 |        0  0 -1 -1 -6 -8 -9-11-12-13-14-15-16-16-17-18-19-19-20
129 |        0  0  0 -1 -6 -8 -9-11-12-13-14-15-16-16-17-18-19-19-20
130 |        0  0  0  0 -6 -8 -9-11-12-13-14-15-16-16-17-18-19-19-20
131 | 117 12  0  0  0  0 -2 -8 -9-11-12-13-14-15-16-16-17-18-19-19-20
132 | 117 12  0  0  0  0 -1 -5 -9-11-12-13-14-15-16-16-17-18-19-19-20
133 | 117 12  0  0  0  1 -1 -5 -7-11-12-13-14-15-16-16-17-18-19-19-20
134 | 117 12  0  0  0  1 -1 -5 -7 -9-12-13-14-15-16-16-17-18-19-19-20
135 | 117 12  0  0  0  1 -1 -5 -7 -9-11-13-14-15-16-16-17-18-19-19-20
136 | 117 12  0  0  0  1 -1 -5 -8 -9-11-12-14-15-16-16-17-18-19-19-20
137 | 117 12  0  0  0  0 -1 -6 -8 -9-11-12-13-15-16-16-17-18-19-19-20
138 | 117 12  0  0  0  0 -4 -6 -8 -9-11-12-13-14-16-16-17-18-19-19-20
139 | 117 12  0  0  0  0 -4 -7 -8 -9-11-12-13-14-14-16-17-18-19-19-20
140 | 117 12  0  0  0  0 -4 -7 -8 -9-11-12-13-14-14-15-17-18-19-19-20
141 | 117 12  0  0  0  0 -4 -7 -8 -9-11-12-13-14-14-16-17-18-19-19-20
142 | 117 12  0  0  0  1 -4 -7 -8 -9-11-12-13-13-16-16-17-18-19-19-20
143 | 117 12  0  0  0  2 -4 -7 -8 -9-11-12-12-15-16-16-17-18-19-19-20
144 | 117 12  0  0  0  2 -3 -6 -8 -9-11-12-14-15-16-16-17-18-19-19-20
145 | 117 12  0  0  0  3 -3 -6 -8 -9-10-13-14-15-16-16-17-18-19-19-20
146 | 117 12  0  0  0  3 -3 -6 -8-10-12-13-14-15-16-16-17-18-19-19-20
147 | 117 12  0  0  0  2 -3 -6 -8-11-12-13-14-15-16-16-17-18-19-19-20
148 | 117 12  0  0  0  2 -4 -7 -9-11-12-13-14-15-16-16-17-18-19-19-20
149 | 117 12  0  0  0  1 -5 -8 -9-11-12-13-14-15-16-16-17-18-19-19-20
150 | 117 12  0  0  0  0 -6 -8 -9-11-12-13-14-15-16-16-17-18-19-19-20
151 |        0  0  0 -1 -6 -8 -9-11-12-13-14-15-16-16-17-18-19-19-20
152 |        0  0 -1 -1 -6 -8 -9-11-12-13-14-15-16-16-17-18-19-19-20
153 |        0  0 -1 -1 -6 -8 -9-11-12-13-14-15-16-16-17-18-19-19-20
154 |        0  0  0 -1 -6 -8 -9-11-12-13-14-15-16-16-17-18-19-19-20
155 | 143 13  0  0  0  0 -6 -8 -9-11-12-13-14-15-16-16-17-18-19-19-20
156 | 143 13  0  0  0  0 -4 -8 -9-11-12-13-14-15-16-16-17-18-19-19-20
157 | 143 13  0  0  0  0 -4 -6 -9-11-12-13-14-15-16-16-17-18-19-19  0
158 | 143 13  0  0  0  0 -4 -6 -8-11-12-13-14-15-16-16-17-18-19  0  0
159 | 143 13  0  0  0  0 -4 -6 -8-11-12-13-14-15-16-16-17-18  0  0  0
160 | 143 13  0  0  0  0 -4 -6 -9-11-12-13-14-15-16-16-17  0  0  0  0
161 | 143 13  0  0  0  0 -4 -8 -9-11-12-13-14-15-16-16  0  0  0  0  0
162 | 143 13  0  0  0  0 -6 -8 -9-11-12-13-14-15-16  0  0  0  0  0  0
163 |        0  0  0 -1 -6 -8 -9-11-12-13-14-15  0  0  0  0  0  0  0
164 |        0  0 -1 -1 -6 -8 -9-11-12-13-14  0  0  0  0  0  0  0  0
165 |        0  0 -1 -1 -6 -8 -9-11-12-13  0  0  0  0  0  0  0  0  0
166 |        0  0  0 -1 -6 -8 -9-11-12  0  0  0  0  0  0  0  0  0  0
167 |  2 14  0  0  0  1 -6 -8 -9-11  0  0  0  0  0  0  0  0  0  0  0
168 |  2 14  0  0  0  1 -3 -8 -9  0  0  0  0  0  0  0  0  0  0  0  0
169 |  2 14  0  0  0  1 -3 -6  0  0  0  0  0  0  0  0  0  0  0  0  0
170 |  2 14  0  0  0  1 -3  0  0  0  0  0  0  0  0  0  0  0  0  0  0
171 |  2 14  0  0  0  1  0  0  0  0  0  0  0  0  0  0  0  0  0  0  0
172 |  2 14  0  0  0  0  0  0  0  0  0  0  0  0  0  0  0  0  0  0  0
173 |  2 14  0  0  0  0  0  0  0  0  0  0  0  0  0  0  0  0  0  0  0
174 |  2 14  0  0  0  0  0  0  0  0  0  0  0  0  0  0  0  0  0  0  0
175 |  2 14  0  0  0  0  0  0  0  0  0  0  0  0  0  0  0  0  0  0  0


  1 |                                                                                  
  2 | 167  1                                                                            
  3 | 167  1       0                                                                    
  4 | 167  1       0   1                                                                
  5 | 167  1       0   1   5                                                            
  6 | 167  1       0   1   5   7                                                        
  7 | 167  1       0   1   4   5                                                        
  8 | 167  1       0   1   3                                                            
  9 | 167  1       0   0                                                                
 10 | 167  1       0                                                                    
 11 |                                                                                  
 12 |                                                                                  
 13 | 74  2       0                                                                    
 14 | 74  2       0   1   0                                                            
 15 | 74  2       0   2   5                                                            
 16 | 74  2       0   2   6   6                                                        
 17 | 74  2       0   2   6   6                                                        
 18 | 74  2       0   2   6                                                            
 19 | 74  2       0   1   0                                                            
 20 | 74  2       0                                                                    
 21 |                                                                                  
 22 |                                                                                  
 23 | 70  3                                                                            
 24 |                                                                                  
 25 |                                                                                  
 26 |                                                                                  
 27 |                                                                                  
 28 |                 0   1                                                            
 29 |             0   0   1   0                                                        
 30 |             0   0   2   2                                                        
 31 | 56  4       0   1   3   3                                                        
 32 | 56  4       0   1   3   5                                                        
 33 | 56  4       0   1   4   6   0                                                    
 34 | 56  4       0   1   4   6   1                                                    
 35 | 56  4       0   1   4   6                                                        
 36 | 56  4       0   1   3   3                                                        
 37 | 56  4       0   1   2                                                            
 38 | 56  4       0   0                                                                
 39 | 56  4       0                                                                    
 40 |                                                                                  
 41 |                                                                                  
 42 | 54  5                                                                            
 43 |                                                                                  
 44 |                                                                                  
 45 |                                                                                  
 46 |                                                                                  
 47 |                                                                                  
 48 |                                                                                  
 49 |                                                                                  
 50 |                                                                                  
 51 |                                                                                  
 52 |                     0                                                            
 53 |                 0   1                                                            
 54 |             0   0   2   0                                                        
 55 | 31  6       0   0   3   2                                                        
 56 | 31  6       0   1   3   4                                                        
 57 | 31  6       0   1   4   5                                                        
 58 | 31  6       0   1   5   7                                                        
 59 | 31  6       0   1   5   7                                                        
 60 | 31  6       0   1   5   7                                                        
 61 | 31  6       0   1   4   5                                                        
 62 | 31  6       0   1   3   4                                                        
 63 | 31  6       0   0   3   2                                                        
 64 | 31  6       0   0   2   0                                                        
 65 |                 0   1                                                            
 66 |                     0                                                            
 67 |                                                                                  
 68 |                                                                                  
 69 |                                                                                  
 70 |                                                                                  
 71 | 22  7                                                                            
 72 |                                                                                  
 73 |                                                                                  
 74 | 13  8       0                                                                    
 75 | 13  8       0   1                                                                
 76 | 13  8       0   1   5                                                            
 77 | 13  8       0   1   5   6                                                        
 78 | 13  8       0   1   4                                                            
 79 | 13  8       0   0                                                                
 80 | 13  8       0                                                                    
 81 |                                                                                  
 82 |                                                                                  
 83 | 102  9       0                                                                    
 84 | 102  9       0   0                                                                
 85 | 102  9       0   0   2                                                            
 86 | 102  9       0   0   2   0                                                        
 87 | 102  9       0   0   2   0                                                        
 88 | 102  9       0   1   2   1                                                        
 89 | 102  9       0   1   3   1                                                        
 90 | 102  9       0   1   2   1                                                        
 91 | 102  9       0   0   2   0                                                        
 92 | 102  9       0   0   2                                                            
 93 | 102  9       0   0   1                                                            
 94 | 102  9       0   0   1                                                            
 95 |                 0   0                                                            
 96 |                     0                                                            
 97 |                                                                                  
 98 |                                                                                  
 99 |                 0   0                                                            
100 |             0   0   1                                                            
101 |             0   0   1                                                            
102 | 83 10       0   0   2                                                            
103 | 83 10       0   0   2   0                                                        
104 | 83 10       0   1   2   1                                                        
105 | 83 10       0   1   3   1                                                        
106 | 83 10       0   1   2   1                                                        
107 | 83 10       0   0   2   0                                                        
108 | 83 10       0   0   2   0                                                        
109 | 83 10       0   0   2                                                            
110 | 83 10       0   0   1                                                            
111 | 83 10       0   0   1                                                            
112 | 83 10       0   0                                                                
113 | 83 10       0                                                                    
114 |                                                                                  
115 |                                                                                  
116 | 131 11       0                                                                    
117 | 131 11       0   0                                                                
118 | 131 11       0   0   1                                                            
119 | 131 11       0   0   1                                                            
120 | 131 11       0   0   1                                                            
121 | 131 11       0   0   1                                                            
122 | 131 11       0   0   1                                                            
123 | 131 11       0   0   1                                                            
124 | 131 11       0   0   0                                                            
125 | 131 11       0   0   0                                                            
126 |                 0   0                                                            
127 |                                                                                  
128 |                                                                                  
129 |             0   0                                                                
130 |             0   0   2                                                            
131 | 117 12       0   1   3   3                                                        
132 | 117 12       0   1   3   5                                                        
133 | 117 12       0   1   4   5   0                                                    
134 | 117 12       0   1   4   6   1                                                    
135 | 117 12       0   1   4   6   1                                                    
136 | 117 12       0   1   3   6   0                                                    
137 | 117 12       0   1   3   4                                                        
138 | 117 12       0   1   3   0                                                        
139 | 117 12       0   0   1                                                            
140 | 117 12           0   1                                                            
141 | 117 12       0   0   1   0                                                        
142 | 117 12       0   1   4   3                                                        
143 | 117 12       0   1   5   8                                                        
144 | 117 12       0   1   6  10   3                                                    
145 | 117 12       0   2   7  11   4                                                    
146 | 117 12       0   2   7  11   4                                                    
147 | 117 12       0   1   6  10   3                                                    
148 | 117 12       0   1   5   8                                                        
149 | 117 12       0   1   4   3                                                        
150 | 117 12       0   0   1                                                            
151 |                 0                                                                
152 |                                                                                  
153 |             0                                                                    
154 |             0   0                                                                
155 | 143 13       0   0   1                                                            
156 | 143 13       0   0   1                                                            
157 | 143 13       0   0   1                                                            
158 | 143 13       0   0   1                                                            
159 | 143 13       0   0   1                                                            
160 | 143 13       0   0   1                                                            
161 | 143 13       0   0   0                                                            
162 | 143 13       0   0   0                                                            
163 |                 0                                                                
164 |                                                                                  
165 |             0                                                                    
166 |             0   0                                                                
167 |  2 14       0   1   3                                                            
168 |  2 14       0   1   4   5                                                        
169 |  2 14       0   1   5   7                                                        
170 |  2 14       0   1   5   7                                                        
171 |  2 14       0   1   5                                                            
172 |  2 14       0   1                                                                
173 |  2 14       0                                                                    
174 |  2 14                                                                            
175 |  2 14                                                                            


 i = 169 j = 5 sum[i][j] = 70.131889
 i = 157 j = 4 sum[i][j] = 62.731579
 i = 144 j = 5 sum[i][j] = 61.359566
 i = 133 j = 5 sum[i][j] = 49.365585
 i = 125 j = 2 sum[i][j] = 42.577820
 i = 118 j = 4 sum[i][j] = 42.577820
 i = 109 j = 4 sum[i][j] = 41.181465
 i = 100 j = 4 sum[i][j] = 39.362003
 i = 88 j = 4 sum[i][j] = 37.682850
 i = 76 j = 5 sum[i][j] = 34.624908
 i = 68 j = 2 sum[i][j] = 27.698114
 i = 58 j = 5 sum[i][j] = 27.698114
 i = 50 j = 2 sum[i][j] = 20.297804
 i = 45 j = 2 sum[i][j] = 20.297804
 i = 33 j = 5 sum[i][j] = 20.297804
 i = 25 j = 2 sum[i][j] = 13.741026
 i = 16 j = 5 sum[i][j] = 13.741026
 i = 5 j = 5 sum[i][j] = 7.019973

   1-11   12-22   24-28   29-39   44-48   49-53   54-64   67-71   72-82   85-93   97-105   106-114   115-123   124-128   129-139   140-150   154-162   165-175 tops = 70.131889
 i = 0 s = 70.131889


	1-11	 m = 5 w = 5
	12-22	 m = 16 w = 5
	24-28	 m = 25 w = 2
	29-39	 m = 33 w = 5
	44-48	 m = 45 w = 2
	49-53	 m = 50 w = 2
	54-64	 m = 58 w = 5
	67-71	 m = 68 w = 2
	72-82	 m = 76 w = 5
	85-93	 m = 88 w = 4
	97-105	 m = 100 w = 4
	106-114	 m = 109 w = 4
	115-123	 m = 118 w = 4
	124-128	 m = 125 w = 2
	129-139	 m = 133 w = 5
	140-150	 m = 144 w = 5
	154-162	 m = 157 w = 4
	165-175	 m = 169 w = 5
