 len = 85 cut = 1.000000 gap = 5.000000 inbox = 0
 i = 0 ends[0][i] = 1 ends[1][i] = 6
 i = 1 ends[0][i] = 10 ends[1][i] = 16
 i = 2 ends[0][i] = 22 ends[1][i] = 26
 i = 3 ends[0][i] = 28 ends[1][i] = 30
 i = 4 ends[0][i] = 33 ends[1][i] = 37
 i = 5 ends[0][i] = 40 ends[1][i] = 47
 i = 6 ends[0][i] = 53 ends[1][i] = 60
 i = 7 ends[0][i] = 64 ends[1][i] = 73
 i = 8 ends[0][i] = 80 ends[1][i] = 85
 n = 24
 id = 6 m = 39 w = 2 am = 37 pm = 41 seg1 = 0 seg2 = 9 segs = 9
     k = 0 ak = 0 pk = 5 a = 5 b = 6 boxsum = 0.000000 ss = 10
     k = 1 ak = 9 pk = 15 a = 5 b = 7 boxsum = 0.000000 ss = 12
     k = 2 ak = 21 pk = 25 a = 5 b = 5 boxsum = 0.000000 ss = 8
     k = 3 ak = 27 pk = 29 a = 5 b = 3 boxsum = 0.000000 ss = 4
     k = 4 ak = 32 pk = 36 a = 5 b = 5 boxsum = 0.000000 ss = 8
     k = 6 ak = 52 pk = 59 a = 5 b = 8 boxsum = 3.000000 ss = 14
  0  0  0  0  0
  0  0  0  0  0
  0  0  0  0  0
  0  0  0  0  0
  0  0  0  0100
  0  0  0100  0
  0  0100  0  0
  0  0  0  0  0

 bias = -1.150811 pack = 0.000000

     k = 7 ak = 63 pk = 72 a = 5 b = 10 boxsum = 0.000000 ss = 18
     k = 8 ak = 79 pk = 84 a = 5 b = 6 boxsum = 0.000000 ss = 10
 am = 37 pm = 41 maxa = 5 maxb = 8 consum = 1.150811 conmax = 1.150811 condif = 0.287703

 id = 6 m = 40 w = 2 am = 38 pm = 42 seg1 = 0 seg2 = 9 segs = 9
     k = 0 ak = 0 pk = 5 a = 5 b = 6 boxsum = 0.000000 ss = 15
     k = 1 ak = 9 pk = 15 a = 5 b = 7 boxsum = 0.000000 ss = 18
     k = 2 ak = 21 pk = 25 a = 5 b = 5 boxsum = 0.000000 ss = 12
     k = 3 ak = 27 pk = 29 a = 5 b = 3 boxsum = 0.000000 ss = 6
     k = 4 ak = 32 pk = 36 a = 5 b = 5 boxsum = 0.000000 ss = 12
     k = 6 ak = 52 pk = 59 a = 5 b = 8 boxsum = 4.000000 ss = 21
  0  0  0  0  0
  0  0  0  0  0
  0  0  0  0  0
  0  0  0  0100
  0  0  0100  0
  0  0100  0  0
  0100  0  0  0
  0  0  0  0  0

 bias = -1.577158 pack = 0.000000

     k = 7 ak = 63 pk = 72 a = 5 b = 10 boxsum = 0.000000 ss = 27
     k = 8 ak = 79 pk = 84 a = 5 b = 6 boxsum = 0.000000 ss = 15
 am = 38 pm = 42 maxa = 5 maxb = 8 consum = 1.577158 conmax = 1.577158 condif = 0.394290

 id = 6 m = 40 w = 3 am = 37 pm = 43 seg1 = 0 seg2 = 9 segs = 9
     k = 0 ak = 0 pk = 5 a = 7 b = 6 boxsum = 0.000000 ss = 20
     k = 1 ak = 9 pk = 15 a = 7 b = 7 boxsum = 0.000000 ss = 24
     k = 2 ak = 21 pk = 25 a = 7 b = 5 boxsum = 0.000000 ss = 16
     k = 3 ak = 27 pk = 29 a = 7 b = 3 boxsum = 0.000000 ss = 8
     k = 4 ak = 32 pk = 36 a = 7 b = 5 boxsum = 0.000000 ss = 16
     k = 6 ak = 52 pk = 59 a = 7 b = 8 boxsum = 5.000000 ss = 28
  0  0  0  0  0  0  0
  0  0  0  0  0  0  0
  0  0  0  0  0  0100
  0  0  0  0  0100  0
  0  0  0  0100  0  0
  0  0  0100  0  0  0
  0  0100  0  0  0  0
  0  0  0  0  0  0  0

 bias = -1.995951 pack = 0.000000

     k = 7 ak = 63 pk = 72 a = 7 b = 10 boxsum = 0.000000 ss = 36
     k = 8 ak = 79 pk = 84 a = 7 b = 6 boxsum = 0.000000 ss = 20
 am = 37 pm = 43 maxa = 7 maxb = 8 consum = 1.995951 conmax = 1.995951 condif = 0.997975

 id = 6 m = 41 w = 2 am = 39 pm = 43 seg1 = 0 seg2 = 9 segs = 9
     k = 0 ak = 0 pk = 5 a = 5 b = 6 boxsum = 0.000000 ss = 20
     k = 1 ak = 9 pk = 15 a = 5 b = 7 boxsum = 0.000000 ss = 24
     k = 2 ak = 21 pk = 25 a = 5 b = 5 boxsum = 0.000000 ss = 16
     k = 3 ak = 27 pk = 29 a = 5 b = 3 boxsum = 0.000000 ss = 8
     k = 4 ak = 32 pk = 36 a = 5 b = 5 boxsum = 0.000000 ss = 16
     k = 6 ak = 52 pk = 59 a = 5 b = 8 boxsum = 5.000000 ss = 28
  0  0  0  0  0
  0  0  0  0  0
  0  0  0  0100
  0  0  0100  0
  0  0100  0  0
  0100  0  0  0
100  0  0  0  0
  0  0  0  0  0

 bias = -1.995938 pack = 0.000000

     k = 7 ak = 63 pk = 72 a = 5 b = 10 boxsum = 0.000000 ss = 36
     k = 8 ak = 79 pk = 84 a = 5 b = 6 boxsum = 0.000000 ss = 20
 am = 39 pm = 43 maxa = 5 maxb = 8 consum = 1.995938 conmax = 1.995938 condif = 0.498984

 id = 6 m = 41 w = 3 am = 38 pm = 44 seg1 = 0 seg2 = 9 segs = 9
     k = 0 ak = 0 pk = 5 a = 7 b = 6 boxsum = 0.000000 ss = 25
     k = 1 ak = 9 pk = 15 a = 7 b = 7 boxsum = 0.000000 ss = 30
     k = 2 ak = 21 pk = 25 a = 7 b = 5 boxsum = 0.000000 ss = 20
     k = 3 ak = 27 pk = 29 a = 7 b = 3 boxsum = 0.000000 ss = 10
     k = 4 ak = 32 pk = 36 a = 7 b = 5 boxsum = 0.000000 ss = 20
     k = 6 ak = 52 pk = 59 a = 7 b = 8 boxsum = 6.000000 ss = 35
  0  0  0  0  0  0  0
  0  0  0  0  0  0100
  0  0  0  0  0100  0
  0  0  0  0100  0  0
  0  0  0100  0  0  0
  0  0100  0  0  0  0
  0100  0  0  0  0  0
  0  0  0  0  0  0  0

 bias = -2.411092 pack = 0.000000

     k = 7 ak = 63 pk = 72 a = 7 b = 10 boxsum = 0.000000 ss = 45
     k = 8 ak = 79 pk = 84 a = 7 b = 6 boxsum = 0.000000 ss = 25
 am = 38 pm = 44 maxa = 7 maxb = 8 consum = 2.411092 conmax = 2.411092 condif = 1.205546

 id = 6 m = 41 w = 4 am = 37 pm = 45 seg1 = 0 seg2 = 9 segs = 9
     k = 0 ak = 0 pk = 5 a = 9 b = 6 boxsum = 0.000000 ss = 30
     k = 1 ak = 9 pk = 15 a = 9 b = 7 boxsum = 0.000000 ss = 36
     k = 2 ak = 21 pk = 25 a = 9 b = 5 boxsum = 0.000000 ss = 24
     k = 3 ak = 27 pk = 29 a = 9 b = 3 boxsum = 0.000000 ss = 12
     k = 4 ak = 32 pk = 36 a = 9 b = 5 boxsum = 0.000000 ss = 24
     k = 6 ak = 52 pk = 59 a = 9 b = 8 boxsum = 7.000000 ss = 42
  0  0  0  0  0  0  0  0
  0  0  0  0  0  0  0  0
  0  0  0  0  0  0100  0
  0  0  0  0  0100  0  0
  0  0  0  0100  0  0  0
  0  0  0100  0  0  0  0
  0  0100  0  0  0  0  0
  0100  0  0  0  0  0  0
100  0  0  0  0  0  0  0

 bias = -2.828362 pack = 0.000000

     k = 7 ak = 63 pk = 72 a = 9 b = 10 boxsum = 0.000000 ss = 54
     k = 8 ak = 79 pk = 84 a = 9 b = 6 boxsum = 0.000000 ss = 30
 am = 37 pm = 45 maxa = 9 maxb = 8 consum = 2.828362 conmax = 2.828362 condif = 1.414181

 id = 6 m = 42 w = 3 am = 39 pm = 45 seg1 = 0 seg2 = 9 segs = 9
     k = 0 ak = 0 pk = 5 a = 7 b = 6 boxsum = 0.000000 ss = 30
     k = 1 ak = 9 pk = 15 a = 7 b = 7 boxsum = 0.000000 ss = 36
     k = 2 ak = 21 pk = 25 a = 7 b = 5 boxsum = 0.000000 ss = 24
     k = 3 ak = 27 pk = 29 a = 7 b = 3 boxsum = 0.000000 ss = 12
     k = 4 ak = 32 pk = 36 a = 7 b = 5 boxsum = 0.000000 ss = 24
     k = 6 ak = 52 pk = 59 a = 7 b = 8 boxsum = 7.000000 ss = 42
  0  0  0  0  0  0100
  0  0  0  0  0100  0
  0  0  0  0100  0  0
  0  0  0100  0  0  0
  0  0100  0  0  0  0
  0100  0  0  0  0  0
100  0  0  0  0  0  0
  0  0  0  0  0  0  0

 bias = -2.824578 pack = 0.000000

     k = 7 ak = 63 pk = 72 a = 7 b = 10 boxsum = 0.000000 ss = 54
     k = 8 ak = 79 pk = 84 a = 7 b = 6 boxsum = 0.000000 ss = 30
 am = 39 pm = 45 maxa = 7 maxb = 8 consum = 2.824578 conmax = 2.824578 condif = 1.412289

 id = 6 m = 42 w = 4 am = 38 pm = 46 seg1 = 0 seg2 = 9 segs = 9
     k = 0 ak = 0 pk = 5 a = 9 b = 6 boxsum = 0.000000 ss = 35
     k = 1 ak = 9 pk = 15 a = 9 b = 7 boxsum = 0.000000 ss = 42
     k = 2 ak = 21 pk = 25 a = 9 b = 5 boxsum = 0.000000 ss = 28
     k = 3 ak = 27 pk = 29 a = 9 b = 3 boxsum = 0.000000 ss = 14
     k = 4 ak = 32 pk = 36 a = 9 b = 5 boxsum = 0.000000 ss = 28
     k = 6 ak = 52 pk = 59 a = 9 b = 8 boxsum = 7.000000 ss = 49
  0  0  0  0  0  0  0  0
  0  0  0  0  0  0100  0
  0  0  0  0  0100  0  0
  0  0  0  0100  0  0  0
  0  0  0100  0  0  0  0
  0  0100  0  0  0  0  0
  0100  0  0  0  0  0  0
100  0  0  0  0  0  0  0
  0  0  0  0  0  0  0  0

 bias = -2.824578 pack = 0.000000

     k = 7 ak = 63 pk = 72 a = 9 b = 10 boxsum = 0.000000 ss = 63
     k = 8 ak = 79 pk = 84 a = 9 b = 6 boxsum = 0.000000 ss = 35
 am = 38 pm = 46 maxa = 9 maxb = 8 consum = 2.824578 conmax = 2.824578 condif = 1.412289

 id = 6 m = 42 w = 5 am = 37 pm = 47 seg1 = 0 seg2 = 9 segs = 9
     k = 0 ak = 0 pk = 5 a = 11 b = 6 boxsum = 0.000000 ss = 35
     k = 1 ak = 9 pk = 15 a = 11 b = 7 boxsum = 0.000000 ss = 42
     k = 2 ak = 21 pk = 25 a = 11 b = 5 boxsum = 0.000000 ss = 28
     k = 3 ak = 27 pk = 29 a = 11 b = 3 boxsum = 0.000000 ss = 14
     k = 4 ak = 32 pk = 36 a = 11 b = 5 boxsum = 0.000000 ss = 28
     k = 6 ak = 52 pk = 59 a = 11 b = 8 boxsum = 7.000000 ss = 49
  0  0  0  0  0  0  0  0
  0  0  0  0  0  0  0  0
  0  0  0  0  0  0100  0
  0  0  0  0  0100  0  0
  0  0  0  0100  0  0  0
  0  0  0100  0  0  0  0
  0  0100  0  0  0  0  0
  0100  0  0  0  0  0  0
100  0  0  0  0  0  0  0
  0  0  0  0  0  0  0  0
  0  0  0  0  0  0  0  0

 bias = -2.824578 pack = 0.000000

     k = 7 ak = 63 pk = 72 a = 11 b = 10 boxsum = 0.000000 ss = 63
     k = 8 ak = 79 pk = 84 a = 11 b = 6 boxsum = 0.000000 ss = 35
 am = 37 pm = 47 maxa = 11 maxb = 8 consum = 2.824578 conmax = 2.824578 condif = 0.706145

 id = 6 m = 43 w = 4 am = 39 pm = 47 seg1 = 0 seg2 = 9 segs = 9
     k = 0 ak = 0 pk = 5 a = 9 b = 6 boxsum = 0.000000 ss = 35
     k = 1 ak = 9 pk = 15 a = 9 b = 7 boxsum = 0.000000 ss = 42
     k = 2 ak = 21 pk = 25 a = 9 b = 5 boxsum = 0.000000 ss = 28
     k = 3 ak = 27 pk = 29 a = 9 b = 3 boxsum = 0.000000 ss = 14
     k = 4 ak = 32 pk = 36 a = 9 b = 5 boxsum = 0.000000 ss = 28
     k = 6 ak = 52 pk = 59 a = 9 b = 8 boxsum = 7.000000 ss = 49
  0  0  0  0  0  0100  0
  0  0  0  0  0100  0  0
  0  0  0  0100  0  0  0
  0  0  0100  0  0  0  0
  0  0100  0  0  0  0  0
  0100  0  0  0  0  0  0
100  0  0  0  0  0  0  0
  0  0  0  0  0  0  0  0
  0  0  0  0  0  0  0  0

 bias = -2.824301 pack = 0.000000

     k = 7 ak = 63 pk = 72 a = 9 b = 10 boxsum = 0.000000 ss = 63
     k = 8 ak = 79 pk = 84 a = 9 b = 6 boxsum = 0.000000 ss = 35
 am = 39 pm = 47 maxa = 9 maxb = 8 consum = 2.824301 conmax = 2.824301 condif = 1.412150

 id = 6 m = 43 w = 5 am = 38 pm = 48 seg1 = 0 seg2 = 9 segs = 9
     k = 0 ak = 0 pk = 5 a = 11 b = 6 boxsum = 0.000000 ss = 35
     k = 1 ak = 9 pk = 15 a = 11 b = 7 boxsum = 0.000000 ss = 42
     k = 2 ak = 21 pk = 25 a = 11 b = 5 boxsum = 0.000000 ss = 28
     k = 3 ak = 27 pk = 29 a = 11 b = 3 boxsum = 0.000000 ss = 14
     k = 4 ak = 32 pk = 36 a = 11 b = 5 boxsum = 0.000000 ss = 28
     k = 6 ak = 52 pk = 59 a = 11 b = 8 boxsum = 7.000000 ss = 49
  0  0  0  0  0  0  0  0
  0  0  0  0  0  0100  0
  0  0  0  0  0100  0  0
  0  0  0  0100  0  0  0
  0  0  0100  0  0  0  0
  0  0100  0  0  0  0  0
  0100  0  0  0  0  0  0
100  0  0  0  0  0  0  0
  0  0  0  0  0  0  0  0
  0  0  0  0  0  0  0  0
  0  0  0  0  0  0  0  0

 bias = -2.824356 pack = 0.000000

     k = 7 ak = 63 pk = 72 a = 11 b = 10 boxsum = 0.000000 ss = 63
     k = 8 ak = 79 pk = 84 a = 11 b = 6 boxsum = 0.000000 ss = 35
 am = 38 pm = 48 maxa = 11 maxb = 8 consum = 2.824356 conmax = 2.824356 condif = 0.706089

 id = 6 m = 43 w = 6 am = 37 pm = 49 seg1 = 0 seg2 = 9 segs = 9
     k = 0 ak = 0 pk = 5 a = 13 b = 6 boxsum = 0.000000 ss = 35
     k = 1 ak = 9 pk = 15 a = 13 b = 7 boxsum = 0.000000 ss = 42
     k = 2 ak = 21 pk = 25 a = 13 b = 5 boxsum = 0.000000 ss = 28
     k = 3 ak = 27 pk = 29 a = 13 b = 3 boxsum = 0.000000 ss = 14
     k = 4 ak = 32 pk = 36 a = 13 b = 5 boxsum = 0.000000 ss = 28
     k = 6 ak = 52 pk = 59 a = 13 b = 8 boxsum = 7.000000 ss = 49
  0  0  0  0  0  0  0  0
  0  0  0  0  0  0  0  0
  0  0  0  0  0  0100  0
  0  0  0  0  0100  0  0
  0  0  0  0100  0  0  0
  0  0  0100  0  0  0  0
  0  0100  0  0  0  0  0
  0100  0  0  0  0  0  0
100  0  0  0  0  0  0  0
  0  0  0  0  0  0  0  0
  0  0  0  0  0  0  0  0
  0  0  0  0  0  0  0  0
  0  0  0  0  0  0  0  0

 bias = -2.824356 pack = 0.000000

     k = 7 ak = 63 pk = 72 a = 13 b = 10 boxsum = 0.000000 ss = 63
     k = 8 ak = 79 pk = 84 a = 13 b = 6 boxsum = 0.000000 ss = 35
 am = 37 pm = 49 maxa = 13 maxb = 8 consum = 2.824356 conmax = 2.824356 condif = 0.470726

 id = 6 m = 44 w = 5 am = 39 pm = 49 seg1 = 0 seg2 = 9 segs = 9
     k = 0 ak = 0 pk = 5 a = 11 b = 6 boxsum = 0.000000 ss = 35
     k = 1 ak = 9 pk = 15 a = 11 b = 7 boxsum = 0.000000 ss = 42
     k = 2 ak = 21 pk = 25 a = 11 b = 5 boxsum = 0.000000 ss = 28
     k = 3 ak = 27 pk = 29 a = 11 b = 3 boxsum = 0.000000 ss = 14
     k = 4 ak = 32 pk = 36 a = 11 b = 5 boxsum = 0.000000 ss = 28
     k = 6 ak = 52 pk = 59 a = 11 b = 8 boxsum = 7.000000 ss = 49
  0  0  0  0  0  0100  0
  0  0  0  0  0100  0  0
  0  0  0  0100  0  0  0
  0  0  0100  0  0  0  0
  0  0100  0  0  0  0  0
  0100  0  0  0  0  0  0
100  0  0  0  0  0  0  0
  0  0  0  0  0  0  0  0
  0  0  0  0  0  0  0  0
  0  0  0  0  0  0  0  0
  0  0  0  0  0  0  0  0

 bias = -2.828187 pack = 0.000000

     k = 7 ak = 63 pk = 72 a = 11 b = 10 boxsum = 0.000000 ss = 63
     k = 8 ak = 79 pk = 84 a = 11 b = 6 boxsum = 0.000000 ss = 35
 am = 39 pm = 49 maxa = 11 maxb = 8 consum = 2.828187 conmax = 2.828187 condif = 0.707047

 id = 6 m = 44 w = 6 am = 38 pm = 50 seg1 = 0 seg2 = 9 segs = 9
     k = 0 ak = 0 pk = 5 a = 13 b = 6 boxsum = 0.000000 ss = 35
     k = 1 ak = 9 pk = 15 a = 13 b = 7 boxsum = 0.000000 ss = 42
     k = 2 ak = 21 pk = 25 a = 13 b = 5 boxsum = 0.000000 ss = 28
     k = 3 ak = 27 pk = 29 a = 13 b = 3 boxsum = 0.000000 ss = 14
     k = 4 ak = 32 pk = 36 a = 13 b = 5 boxsum = 0.000000 ss = 28
     k = 6 ak = 52 pk = 59 a = 13 b = 8 boxsum = 7.000000 ss = 49
  0  0  0  0  0  0  0  0
  0  0  0  0  0  0100  0
  0  0  0  0  0100  0  0
  0  0  0  0100  0  0  0
  0  0  0100  0  0  0  0
  0  0100  0  0  0  0  0
  0100  0  0  0  0  0  0
100  0  0  0  0  0  0  0
  0  0  0  0  0  0  0  0
  0  0  0  0  0  0  0  0
  0  0  0  0  0  0  0  0
  0  0  0  0  0  0  0  0
  0  0  0  0  0  0  0  0

 bias = -2.828187 pack = 0.000000

     k = 7 ak = 63 pk = 72 a = 13 b = 10 boxsum = 0.000000 ss = 63
     k = 8 ak = 79 pk = 84 a = 13 b = 6 boxsum = 0.000000 ss = 35
 am = 38 pm = 50 maxa = 13 maxb = 8 consum = 2.828187 conmax = 2.828187 condif = 0.471365

 id = 6 m = 44 w = 7 am = 37 pm = 51 seg1 = 0 seg2 = 9 segs = 9
     k = 0 ak = 0 pk = 5 a = 15 b = 6 boxsum = 0.000000 ss = 35
     k = 1 ak = 9 pk = 15 a = 15 b = 7 boxsum = 0.000000 ss = 42
     k = 2 ak = 21 pk = 25 a = 15 b = 5 boxsum = 0.000000 ss = 28
     k = 3 ak = 27 pk = 29 a = 15 b = 3 boxsum = 0.000000 ss = 14
     k = 4 ak = 32 pk = 36 a = 15 b = 5 boxsum = 0.000000 ss = 28
     k = 6 ak = 52 pk = 59 a = 15 b = 8 boxsum = 7.000000 ss = 49
  0  0  0  0  0  0  0  0
  0  0  0  0  0  0  0  0
  0  0  0  0  0  0100  0
  0  0  0  0  0100  0  0
  0  0  0  0100  0  0  0
  0  0  0100  0  0  0  0
  0  0100  0  0  0  0  0
  0100  0  0  0  0  0  0
100  0  0  0  0  0  0  0
  0  0  0  0  0  0  0  0
  0  0  0  0  0  0  0  0
  0  0  0  0  0  0  0  0
  0  0  0  0  0  0  0  0
  0  0  0  0  0  0  0  0
  0  0  0  0  0  0  0  0

 bias = -2.828187 pack = 0.000000

     k = 7 ak = 63 pk = 72 a = 15 b = 10 boxsum = 0.000000 ss = 63
     k = 8 ak = 79 pk = 84 a = 15 b = 6 boxsum = 0.000000 ss = 35
 am = 37 pm = 51 maxa = 15 maxb = 8 consum = 2.828187 conmax = 2.828187 condif = 0.353523

 id = 6 m = 45 w = 6 am = 39 pm = 51 seg1 = 0 seg2 = 9 segs = 9
     k = 0 ak = 0 pk = 5 a = 13 b = 6 boxsum = 0.000000 ss = 35
     k = 1 ak = 9 pk = 15 a = 13 b = 7 boxsum = 0.000000 ss = 42
     k = 2 ak = 21 pk = 25 a = 13 b = 5 boxsum = 0.000000 ss = 28
     k = 3 ak = 27 pk = 29 a = 13 b = 3 boxsum = 0.000000 ss = 14
     k = 4 ak = 32 pk = 36 a = 13 b = 5 boxsum = 0.000000 ss = 28
     k = 6 ak = 52 pk = 59 a = 13 b = 8 boxsum = 7.000000 ss = 49
  0  0  0  0  0  0100  0
  0  0  0  0  0100  0  0
  0  0  0  0100  0  0  0
  0  0  0100  0  0  0  0
  0  0100  0  0  0  0  0
  0100  0  0  0  0  0  0
100  0  0  0  0  0  0  0
  0  0  0  0  0  0  0  0
  0  0  0  0  0  0  0  0
  0  0  0  0  0  0  0  0
  0  0  0  0  0  0  0  0
  0  0  0  0  0  0  0  0
  0  0  0  0  0  0  0  0

 bias = -2.836288 pack = 0.000000

     k = 7 ak = 63 pk = 72 a = 13 b = 10 boxsum = 0.000000 ss = 63
     k = 8 ak = 79 pk = 84 a = 13 b = 6 boxsum = 0.000000 ss = 35
 am = 39 pm = 51 maxa = 13 maxb = 8 consum = 2.836288 conmax = 2.836288 condif = 0.472715

 id = 6 m = 45 w = 7 am = 38 pm = 52 seg1 = 0 seg2 = 9 segs = 9
     k = 0 ak = 0 pk = 5 a = 15 b = 6 boxsum = 0.000000 ss = 35
     k = 1 ak = 9 pk = 15 a = 15 b = 7 boxsum = 0.000000 ss = 42
     k = 2 ak = 21 pk = 25 a = 15 b = 5 boxsum = 0.000000 ss = 28
     k = 3 ak = 27 pk = 29 a = 15 b = 3 boxsum = 0.000000 ss = 14
     k = 4 ak = 32 pk = 36 a = 15 b = 5 boxsum = 0.000000 ss = 28
     k = 7 ak = 63 pk = 72 a = 15 b = 10 boxsum = 0.000000 ss = 63
     k = 8 ak = 79 pk = 84 a = 15 b = 6 boxsum = 0.000000 ss = 35
 am = 38 pm = 52 maxa = -1 maxb = -1 consum = 0.000000 conmax = 0.000000 condif = 0.000000

  1 |        0  0  0  0  0  0  0  0  0  0  0  0  0  0  0  0  0  0  0
  2 | 81  1  0  0  0  0  0  0  0  0  0  0  0  0  0  0  0  0  0  0  0
  3 | 81  1  0  0  0  0  0  0  0  0  0  0  0  0  0  0  0  0  0  0  0
  4 | 81  1  0  0  0  0  0  0  0  0  0  0  0  0  0  0  0  0  0  0  0
  5 | 81  1  0  0  0  0  0  0  0  0  0  0  0  0  0  0  0  0  0  0  0
  6 | 81  1  0  0  0  0 -6  0  0  0  0  0  0  0  0  0  0  0  0  0  0
  7 |        0  0  0 -1 -6 -8  0  0  0  0  0  0  0  0  0  0  0  0  0
  8 |        0  0 -1 -1 -6 -8 -9  0  0  0  0  0  0  0  0  0  0  0  0
  9 |        0  0 -1 -1 -6 -8 -9-11  0  0  0  0  0  0  0  0  0  0  0
 10 |        0  0  0 -1 -6 -8 -9-11-12  0  0  0  0  0  0  0  0  0  0
 11 | 23  2  0  0  0  0 -6 -8 -9-11-12-13  0  0  0  0  0  0  0  0  0
 12 | 23  2  0  1  0  0 -4 -8 -9-11-12-13-14  0  0  0  0  0  0  0  0
 13 | 23  2  0  1  0  0 -4 -6 -9-11-12-13-14-15  0  0  0  0  0  0  0
 14 | 23  2  0  1  0  0 -4 -6 -8-11-12-13-14-15-16  0  0  0  0  0  0
 15 | 23  2  0  1  0  0 -4 -6 -8-11-12-13-14-15-16-16  0  0  0  0  0
 16 | 23  2  0  0  0  0 -4 -7 -9-11-12-13-14-15-16-16-17  0  0  0  0
 17 |        0  0  0  0 -5 -8 -9-11-12-13-14-15-16-16-17-18  0  0  0
 18 |        0  0  0  0 -6 -8 -9-11-12-13-14-15-16-16-17-18-19  0  0
 19 |        0  0  0 -1 -6 -8 -9-11-12-13-14-15-16-16-17-18-19-19  0
 20 |        0  0  0 -1 -6 -8 -9-11-12-13-14-15-16-16-17-18-19-19-20
 21 |        0  0  1  0 -6 -8 -9-11-12-13-14-15-16-16-17-18-19-19-20
 22 |        0  0  1  0 -4 -8 -9-11-12-13-14-15-16-16-17-18-19-19-20
 23 | 13  3  0  0  1  0 -4 -8 -9-11-12-13-14-15-16-16-17-18-19-19-20
 24 | 13  3  0  0  1  0 -6 -8 -9-11-12-13-14-15-16-16-17-18-19-19-20
 25 | 13  3  0  0  0 -1 -6 -8 -9-11-12-13-14-15-16-16-17-18-19-19-20
 26 | 13  3  0  0 -1 -1 -6 -8 -9-11-12-13-14-15-16-16-17-18-19-19-20
 27 |        0 -1 -1 -1 -6 -8 -9-11-12-13-14-15-16-16-17-18-19-19-20
 28 |        0 -1 -1 -1 -6 -8 -9-11-12-13-14-15-16-16-17-18-19-19-20
 29 | 70  4  0  0 -1 -1 -6 -8 -9-11-12-13-14-15-16-16-17-18-19-19-20
 30 | 70  4  0  0  0 -1 -6 -8 -9-11-12-13-14-15-16-16-17-18-19-19-20
 31 |        0  0 -1 -1 -6 -8 -9-11-12-13-14-15-16-16-17-18-19-19-20
 32 |        0 -1 -1 -1 -6 -8 -9-11-12-13-14-15-16-16-17-18-19-19-20
 33 |        0  0 -1 -1 -6 -8 -9-11-12-13-14-15-16-16-17-18-19-19-20
 34 | 65  5  0  0  0 -1 -6 -8 -9-11-12-13-14-15-16-16-17-18-19-19-20
 35 | 65  5  0  0  0  0 -6 -8 -9-11-12-13-14-15-16-16-17-18-19-19-20
 36 | 65  5  0  0  0  0 -6 -8 -9-11-12-13-14-15-16-16-17-18-19-19-20
 37 | 65  5  0  0  0 -1 -6 -8 -9-11-12-13-14-15-16-16-17-18-19-19-20
 38 |        0  0 -1 -1 -6 -8 -9-11-12-13-14-15-16-16-17-18-19-19-20
 39 |        0 -1 -1 -1 -6 -8 -9-11-12-13-14-15-16-16-17-18-19-19-20
 40 |        0  0 -1 -1 -6 -8 -9-11-12-13-14-15-16-16-17-18-19-19-20
 41 | 54  6  0  0  0 -1 -6 -8 -9-11-12-13-14-15-16-16-17-18-19-19-20
 42 | 54  6  0  0  1  1 -6 -8 -9-11-12-13-14-15-16-16-17-18-19-19-20
 43 | 54  6  0  0  1  1 -4 -8 -9-11-12-13-14-15-16-16-17-18-19-19-20
 44 | 54  6  0  0  1  1 -4 -6 -9-11-12-13-14-15-16-16-17-18-19-19-20
 45 | 54  6  0  0  0  1 -4 -6 -8-11-12-13-14-15-16-16-17-18-19-19-20
 46 | 54  6  0  0  0  0 -4 -6 -8-11-12-13-14-15-16-16-17-18-19-19-20
 47 | 54  6  0  0  0  0 -4 -7 -9-11-12-13-14-15-16-16-17-18-19-19-20
 48 |        0  0  0  0 -5 -8 -9-11-12-13-14-15-16-16-17-18-19-19-20
 49 |        0  0  0  0 -6 -8 -9-11-12-13-14-15-16-16-17-18-19-19-20
 50 |        0  0  0 -1 -6 -8 -9-11-12-13-14-15-16-16-17-18-19-19-20
 51 |        0  0  0 -1 -6 -8 -9-11-12-13-14-15-16-16-17-18-19-19-20
 52 |        0  0  0  0 -6 -8 -9-11-12-13-14-15-16-16-17-18-19-19-20
 53 |        0  0  0  0 -4 -8 -9-11-12-13-14-15-16-16-17-18-19-19-20
 54 | 41  7  0  0  0  1 -4 -6 -9-11-12-13-14-15-16-16-17-18-19-19-20
 55 | 41  7  0  0  1  1 -4 -6 -8-11-12-13-14-15-16-16-17-18-19-19-20
 56 | 41  7  0  0  1  1 -4 -6 -8 -9-12-13-14-15-16-16-17-18-19-19-20
 57 | 41  7  0  0  1  1 -4 -6 -8-11-12-13-14-15-16-16-17-18-19-19-20
 58 | 41  7  0  0  0  1 -4 -6 -9-11-12-13-14-15-16-16-17-18-19-19-20
 59 | 41  7  0  0  0  0 -4 -8 -9-11-12-13-14-15-16-16-17-18-19-19-20
 60 | 41  7  0  0  0  0 -6 -8 -9-11-12-13-14-15-16-16-17-18-19-19-20
 61 |        0  0  0 -1 -6 -8 -9-11-12-13-14-15-16-16-17-18-19-19-20
 62 |        0  0 -1 -1 -6 -8 -9-11-12-13-14-15-16-16-17-18-19-19-20
 63 |        0  0 -1 -1 -6 -8 -9-11-12-13-14-15-16-16-17-18-19-19-20
 64 |        0  1  0 -1 -6 -8 -9-11-12-13-14-15-16-16-17-18-19-19-20
 65 | 27  8  0  1  0  0 -6 -8 -9-11-12-13-14-15-16-16-17-18-19-19-20
 66 | 27  8  0  1  0  0 -4 -8 -9-11-12-13-14-15-16-16-17-18-19-19-20
 67 | 27  8  0  0  0  0 -4 -7 -9-11-12-13-14-15-16-16-17-18-19-19  0
 68 | 27  8  0  0  0  0 -4 -7 -8-11-12-13-14-15-16-16-17-18-19  0  0
 69 | 27  8  0  0  0  0 -4 -7 -8 -9-12-13-14-15-16-16-17-18  0  0  0
 70 | 27  8  0  0  0  0 -4 -7 -8 -9-11-13-14-15-16-16-17  0  0  0  0
 71 | 27  8  0  0  0  0 -4 -7 -8 -9-11-13-14-15-16-16  0  0  0  0  0
 72 | 27  8  0  0  0  0 -4 -7 -8 -9-12-13-14-15-16  0  0  0  0  0  0
 73 | 27  8  0  0  0  0 -4 -7 -8-11-12-13-14-15  0  0  0  0  0  0  0
 74 |        0  0  0  0 -4 -7 -9-11-12-13-14  0  0  0  0  0  0  0  0
 75 |        0  0  0  0 -4 -8 -9-11-12-13  0  0  0  0  0  0  0  0  0
 76 |        0  0  0  0 -6 -8 -9-11-12  0  0  0  0  0  0  0  0  0  0
 77 |        0  0  0 -1 -6 -8 -9-11  0  0  0  0  0  0  0  0  0  0  0
 78 |        0  0  0  0 -6 -8 -9  0  0  0  0  0  0  0  0  0  0  0  0
 79 |        0  0  0  0 -4 -8  0  0  0  0  0  0  0  0  0  0  0  0  0
 80 |        0  0  0  0 -4  0  0  0  0  0  0  0  0  0  0  0  0  0  0
 81 |  2  9  0  0  0  0  0  0  0  0  0  0  0  0  0  0  0  0  0  0  0
 82 |  2  9  0  0  0  0  0  0  0  0  0  0  0  0  0  0  0  0  0  0  0
 83 |  2  9  0  0  0  0  0  0  0  0  0  0  0  0  0  0  0  0  0  0  0
 84 |  2  9  0  0  0  0  0  0  0  0  0  0  0  0  0  0  0  0  0  0  0
 85 |  2  9  0  0  0  0  0  0  0  0  0  0  0  0  0  0  0  0  0  0  0


  1 |                                                                                  
  2 | 81  1                                                                            
  3 | 81  1       0                                                                    
  4 | 81  1       0   3                                                                
  5 | 81  1       0   2   5                                                            
  6 | 81  1       0   1   3                                                            
  7 |                 0                                                                
  8 |                                                                                  
  9 |                                                                                  
 10 |             0   1   1                                                            
 11 | 23  2       0   2   5                                                            
 12 | 23  2       1   4   7   5                                                        
 13 | 23  2       1   4   8   6                                                        
 14 | 23  2       1   4   8   5                                                        
 15 | 23  2       1   3   6   4                                                        
 16 | 23  2       0   2   4   2                                                        
 17 |                 0   2   0                                                        
 18 |                     0                                                            
 19 |                                                                                  
 20 |                 0   1                                                            
 21 |             0   1   5   0                                                        
 22 |             0   2   6   5                                                        
 23 | 13  3       0   2   7   4                                                        
 24 | 13  3       0   2   5                                                            
 25 | 13  3       0   1   0                                                            
 26 | 13  3       0                                                                    
 27 |                                                                                  
 28 |                                                                                  
 29 | 70  4       0                                                                    
 30 | 70  4       0   0                                                                
 31 |             0                                                                    
 32 |                                                                                  
 33 |             0                                                                    
 34 | 65  5       0   0                                                                
 35 | 65  5       0   0   2                                                            
 36 | 65  5       0   0   2                                                            
 37 | 65  5       0   0                                                                
 38 |                                                                                  
 39 |                                                                                  
 40 |             0                                                                    
 41 | 54  6       0   2   0                                                            
 42 | 54  6       0   2   7   1                                                        
 43 | 54  6       0   2   7   8                                                        
 44 | 54  6       0   2   7   8                                                        
 45 | 54  6       0   2   6   6                                                        
 46 | 54  6       0   1   4   4                                                        
 47 | 54  6       0   1   3   1                                                        
 48 |                 0   1                                                            
 49 |                     0                                                            
 50 |                                                                                  
 51 |                 0   0                                                            
 52 |             0   1   3                                                            
 53 |             0   1   4   4                                                        
 54 | 41  7       0   2   6   6                                                        
 55 | 41  7       0   2   7   8                                                        
 56 | 41  7       0   2   7   8                                                        
 57 | 41  7       0   2   7   8                                                        
 58 | 41  7       0   2   6   6                                                        
 59 | 41  7       0   1   4   4                                                        
 60 | 41  7       0   1   3                                                            
 61 |                 0   0                                                            
 62 |                                                                                  
 63 |             0   0   0                                                            
 64 |             1   3   2                                                            
 65 | 27  8       1   3   6                                                            
 66 | 27  8       1   3   6   2                                                        
 67 | 27  8       0   2   4   1                                                        
 68 | 27  8       0   1   3   0                                                        
 69 | 27  8       0   1   2                                                            
 70 | 27  8       0   0   1                                                            
 71 | 27  8       0   0   1                                                            
 72 | 27  8       0   0   1                                                            
 73 | 27  8           0   0                                                            
 74 |                     0                                                            
 75 |                                                                                  
 76 |                                                                                  
 77 |                                                                                  
 78 |                 0   2                                                            
 79 |             0   1   3   1                                                        
 80 |             0   2   5   3                                                        
 81 |  2  9       0   3   6                                                            
 82 |  2  9       0   3                                                                
 83 |  2  9       0                                                                    
 84 |  2  9                                                                            
 85 |  2  9                                                                            


 i = 80 j = 4 sum[i][j] = 51.889359
 i = 72 j = 3 sum[i][j] = 45.102093
 i = 64 j = 4 sum[i][j] = 44.726959
 i = 54 j = 5 sum[i][j] = 38.322723
 i = 43 j = 4 sum[i][j] = 30.222729
 i = 34 j = 4 sum[i][j] = 23.015188
 i = 22 j = 4 sum[i][j] = 20.716179
 i = 13 j = 4 sum[i][j] = 13.601500
 i = 4 j = 4 sum[i][j] = 5.574939

   1-9   10-18   19-27   31-39   40-48   50-60   61-69   70-76   77-85 tops = 51.889359
 i = 0 s = 51.889359


	1-9	 m = 4 w = 4
	10-18	 m = 13 w = 4
	19-27	 m = 22 w = 4
	31-39	 m = 34 w = 4
	40-48	 m = 43 w = 4
 id = 5 m = 43 w = 4 am = 39 pm = 47 seg1 = 0 seg2 = 1 segs = 9
     k = 0 ak = 0 pk = 8 a = 9 b = 9 boxsum = 0.000000 ss = 35
 id = 5 m = 43 w = 4 am = 39 pm = 47 seg1 = 1 seg2 = 2 segs = 9
     k = 1 ak = 9 pk = 17 a = 9 b = 9 boxsum = 0.000000 ss = 42
 id = 5 m = 43 w = 4 am = 39 pm = 47 seg1 = 2 seg2 = 3 segs = 9
     k = 2 ak = 18 pk = 26 a = 9 b = 9 boxsum = 0.000000 ss = 28
 id = 5 m = 43 w = 4 am = 39 pm = 47 seg1 = 3 seg2 = 4 segs = 9
     k = 3 ak = 30 pk = 38 a = 9 b = 9 boxsum = 0.000000 ss = 28
	50-60	 m = 54 w = 5
	61-69	 m = 64 w = 4
	70-76	 m = 72 w = 3
	77-85	 m = 80 w = 4
